2018-03-22 02:05:22,543:INFO: Loading the datasets...
2018-03-22 02:05:22,595:INFO: - done.
2018-03-22 02:05:24,885:INFO: Starting training for 100 epoch(s)
2018-03-22 02:05:24,885:INFO: Epoch 1/100
2018-03-22 02:05:54,207:INFO: - Train metrics: accuracy: 0.005 ; loss: 5.727
2018-03-22 02:05:55,700:INFO: - Eval metrics : accuracy: 0.051 ; loss: 5.235
2018-03-22 02:05:55,733:INFO: - Found new best accuracy
2018-03-22 02:05:55,734:INFO: Epoch 2/100
2018-03-22 02:06:24,319:INFO: - Train metrics: accuracy: 0.073 ; loss: 5.046
2018-03-22 02:06:25,840:INFO: - Eval metrics : accuracy: 0.113 ; loss: 4.727
2018-03-22 02:06:25,929:INFO: - Found new best accuracy
2018-03-22 02:06:25,930:INFO: Epoch 3/100
2018-03-22 02:06:54,603:INFO: - Train metrics: accuracy: 0.141 ; loss: 4.633
2018-03-22 02:06:56,137:INFO: - Eval metrics : accuracy: 0.236 ; loss: 3.997
2018-03-22 02:06:56,224:INFO: - Found new best accuracy
2018-03-22 02:06:56,227:INFO: Epoch 4/100
2018-03-22 02:07:24,831:INFO: - Train metrics: accuracy: 0.214 ; loss: 3.841
2018-03-22 02:07:26,357:INFO: - Eval metrics : accuracy: 0.126 ; loss: 4.311
2018-03-22 02:07:26,399:INFO: Epoch 5/100
2018-03-22 02:07:55,070:INFO: - Train metrics: accuracy: 0.193 ; loss: 3.716
2018-03-22 02:07:56,537:INFO: - Eval metrics : accuracy: 0.343 ; loss: 3.148
2018-03-22 02:07:56,610:INFO: - Found new best accuracy
2018-03-22 02:07:56,610:INFO: Epoch 6/100
2018-03-22 02:08:25,240:INFO: - Train metrics: accuracy: 0.328 ; loss: 3.057
2018-03-22 02:08:26,686:INFO: - Eval metrics : accuracy: 0.280 ; loss: 3.527
2018-03-22 02:08:26,743:INFO: Epoch 7/100
2018-03-22 02:08:55,350:INFO: - Train metrics: accuracy: 0.349 ; loss: 3.042
2018-03-22 02:08:56,831:INFO: - Eval metrics : accuracy: 0.420 ; loss: 2.758
2018-03-22 02:08:56,905:INFO: - Found new best accuracy
2018-03-22 02:08:56,906:INFO: Epoch 8/100
2018-03-22 02:09:25,505:INFO: - Train metrics: accuracy: 0.333 ; loss: 2.937
2018-03-22 02:09:26,971:INFO: - Eval metrics : accuracy: 0.473 ; loss: 2.541
2018-03-22 02:09:27,059:INFO: - Found new best accuracy
2018-03-22 02:09:27,060:INFO: Epoch 9/100
2018-03-22 02:09:55,731:INFO: - Train metrics: accuracy: 0.448 ; loss: 2.563
2018-03-22 02:09:57,224:INFO: - Eval metrics : accuracy: 0.470 ; loss: 2.376
2018-03-22 02:09:57,261:INFO: Epoch 10/100
2018-03-22 02:10:25,846:INFO: - Train metrics: accuracy: 0.453 ; loss: 2.348
2018-03-22 02:10:27,354:INFO: - Eval metrics : accuracy: 0.513 ; loss: 2.270
2018-03-22 02:10:27,455:INFO: - Found new best accuracy
2018-03-22 02:10:27,456:INFO: Epoch 11/100
2018-03-22 02:10:55,997:INFO: - Train metrics: accuracy: 0.438 ; loss: 2.426
2018-03-22 02:10:57,494:INFO: - Eval metrics : accuracy: 0.554 ; loss: 2.092
2018-03-22 02:10:57,568:INFO: - Found new best accuracy
2018-03-22 02:10:57,569:INFO: Epoch 12/100
2018-03-22 02:11:26,207:INFO: - Train metrics: accuracy: 0.479 ; loss: 2.181
2018-03-22 02:11:27,721:INFO: - Eval metrics : accuracy: 0.547 ; loss: 2.049
2018-03-22 02:11:27,765:INFO: Epoch 13/100
2018-03-22 02:11:56,358:INFO: - Train metrics: accuracy: 0.495 ; loss: 2.264
2018-03-22 02:11:57,867:INFO: - Eval metrics : accuracy: 0.535 ; loss: 2.081
2018-03-22 02:11:57,920:INFO: Epoch 14/100
2018-03-22 02:12:26,583:INFO: - Train metrics: accuracy: 0.536 ; loss: 1.912
2018-03-22 02:12:28,071:INFO: - Eval metrics : accuracy: 0.432 ; loss: 2.546
2018-03-22 02:12:28,117:INFO: Epoch 15/100
2018-03-22 02:12:56,741:INFO: - Train metrics: accuracy: 0.573 ; loss: 1.991
2018-03-22 02:12:58,215:INFO: - Eval metrics : accuracy: 0.552 ; loss: 1.973
2018-03-22 02:12:58,402:INFO: Epoch 16/100
2018-03-22 02:13:27,068:INFO: - Train metrics: accuracy: 0.578 ; loss: 1.798
2018-03-22 02:13:28,542:INFO: - Eval metrics : accuracy: 0.334 ; loss: 3.097
2018-03-22 02:13:28,583:INFO: Epoch 17/100
2018-03-22 02:13:57,196:INFO: - Train metrics: accuracy: 0.547 ; loss: 2.018
2018-03-22 02:13:58,688:INFO: - Eval metrics : accuracy: 0.561 ; loss: 2.007
2018-03-22 02:13:58,767:INFO: - Found new best accuracy
2018-03-22 02:13:58,768:INFO: Epoch 18/100
2018-03-22 02:14:27,387:INFO: - Train metrics: accuracy: 0.635 ; loss: 1.562
2018-03-22 02:14:28,881:INFO: - Eval metrics : accuracy: 0.540 ; loss: 2.084
2018-03-22 02:14:28,925:INFO: Epoch 19/100
2018-03-22 02:14:57,484:INFO: - Train metrics: accuracy: 0.589 ; loss: 1.840
2018-03-22 02:14:58,993:INFO: - Eval metrics : accuracy: 0.532 ; loss: 2.092
2018-03-22 02:14:59,041:INFO: Epoch 20/100
2018-03-22 02:15:27,535:INFO: - Train metrics: accuracy: 0.547 ; loss: 1.903
2018-03-22 02:15:29,020:INFO: - Eval metrics : accuracy: 0.516 ; loss: 2.071
2018-03-22 02:15:29,063:INFO: Epoch 21/100
2018-03-22 02:15:57,644:INFO: - Train metrics: accuracy: 0.552 ; loss: 1.828
2018-03-22 02:15:59,154:INFO: - Eval metrics : accuracy: 0.462 ; loss: 2.424
2018-03-22 02:15:59,190:INFO: Epoch 22/100
2018-03-22 02:16:27,673:INFO: - Train metrics: accuracy: 0.677 ; loss: 1.397
2018-03-22 02:16:29,180:INFO: - Eval metrics : accuracy: 0.591 ; loss: 1.812
2018-03-22 02:16:29,257:INFO: - Found new best accuracy
2018-03-22 02:16:29,258:INFO: Epoch 23/100
2018-03-22 02:16:57,771:INFO: - Train metrics: accuracy: 0.599 ; loss: 1.695
2018-03-22 02:16:59,264:INFO: - Eval metrics : accuracy: 0.605 ; loss: 1.719
2018-03-22 02:16:59,345:INFO: - Found new best accuracy
2018-03-22 02:16:59,345:INFO: Epoch 24/100
2018-03-22 02:17:27,975:INFO: - Train metrics: accuracy: 0.578 ; loss: 1.616
2018-03-22 02:17:29,450:INFO: - Eval metrics : accuracy: 0.581 ; loss: 1.849
2018-03-22 02:17:29,494:INFO: Epoch 25/100
2018-03-22 02:17:58,040:INFO: - Train metrics: accuracy: 0.609 ; loss: 1.627
2018-03-22 02:17:59,541:INFO: - Eval metrics : accuracy: 0.573 ; loss: 1.868
2018-03-22 02:17:59,584:INFO: Epoch 26/100
2018-03-22 02:18:28,156:INFO: - Train metrics: accuracy: 0.635 ; loss: 1.611
2018-03-22 02:18:29,677:INFO: - Eval metrics : accuracy: 0.381 ; loss: 2.847
2018-03-22 02:18:29,722:INFO: Epoch 27/100
2018-03-22 02:18:58,258:INFO: - Train metrics: accuracy: 0.656 ; loss: 1.475
2018-03-22 02:18:59,766:INFO: - Eval metrics : accuracy: 0.483 ; loss: 2.287
2018-03-22 02:18:59,815:INFO: Epoch 28/100
2018-03-22 02:19:28,312:INFO: - Train metrics: accuracy: 0.635 ; loss: 1.507
2018-03-22 02:19:29,804:INFO: - Eval metrics : accuracy: 0.562 ; loss: 1.898
2018-03-22 02:19:29,847:INFO: Epoch 29/100
2018-03-22 02:19:58,308:INFO: - Train metrics: accuracy: 0.625 ; loss: 1.438
2018-03-22 02:19:59,801:INFO: - Eval metrics : accuracy: 0.552 ; loss: 1.938
2018-03-22 02:19:59,844:INFO: Epoch 30/100
2018-03-22 02:20:28,301:INFO: - Train metrics: accuracy: 0.651 ; loss: 1.408
2018-03-22 02:20:29,783:INFO: - Eval metrics : accuracy: 0.530 ; loss: 2.031
2018-03-22 02:20:29,827:INFO: Epoch 31/100
2018-03-22 02:20:58,263:INFO: - Train metrics: accuracy: 0.677 ; loss: 1.234
2018-03-22 02:20:59,722:INFO: - Eval metrics : accuracy: 0.607 ; loss: 1.649
2018-03-22 02:20:59,800:INFO: - Found new best accuracy
2018-03-22 02:20:59,802:INFO: Epoch 32/100
2018-03-22 02:21:28,340:INFO: - Train metrics: accuracy: 0.677 ; loss: 1.200
2018-03-22 02:21:29,847:INFO: - Eval metrics : accuracy: 0.486 ; loss: 2.285
2018-03-22 02:21:29,892:INFO: Epoch 33/100
2018-03-22 02:21:58,329:INFO: - Train metrics: accuracy: 0.630 ; loss: 1.493
2018-03-22 02:21:59,815:INFO: - Eval metrics : accuracy: 0.582 ; loss: 1.778
2018-03-22 02:21:59,862:INFO: Epoch 34/100
2018-03-22 02:22:28,347:INFO: - Train metrics: accuracy: 0.693 ; loss: 1.258
2018-03-22 02:22:29,823:INFO: - Eval metrics : accuracy: 0.586 ; loss: 1.764
2018-03-22 02:22:29,868:INFO: Epoch 35/100
2018-03-22 02:22:58,275:INFO: - Train metrics: accuracy: 0.667 ; loss: 1.259
2018-03-22 02:22:59,733:INFO: - Eval metrics : accuracy: 0.535 ; loss: 2.018
2018-03-22 02:22:59,776:INFO: Epoch 36/100
2018-03-22 02:23:28,304:INFO: - Train metrics: accuracy: 0.698 ; loss: 1.164
2018-03-22 02:23:29,798:INFO: - Eval metrics : accuracy: 0.557 ; loss: 1.878
2018-03-22 02:23:29,857:INFO: Epoch 37/100
2018-03-22 02:23:58,300:INFO: - Train metrics: accuracy: 0.724 ; loss: 1.137
2018-03-22 02:23:59,778:INFO: - Eval metrics : accuracy: 0.424 ; loss: 2.597
2018-03-22 02:23:59,818:INFO: Epoch 38/100
2018-03-22 02:24:28,310:INFO: - Train metrics: accuracy: 0.708 ; loss: 1.251
2018-03-22 02:24:29,821:INFO: - Eval metrics : accuracy: 0.428 ; loss: 2.575
2018-03-22 02:24:29,864:INFO: Epoch 39/100
2018-03-22 02:24:58,367:INFO: - Train metrics: accuracy: 0.646 ; loss: 1.371
2018-03-22 02:24:59,841:INFO: - Eval metrics : accuracy: 0.558 ; loss: 1.906
2018-03-22 02:24:59,885:INFO: Epoch 40/100
2018-03-22 02:25:28,327:INFO: - Train metrics: accuracy: 0.667 ; loss: 1.230
2018-03-22 02:25:29,816:INFO: - Eval metrics : accuracy: 0.627 ; loss: 1.592
2018-03-22 02:25:29,889:INFO: - Found new best accuracy
2018-03-22 02:25:29,890:INFO: Epoch 41/100
2018-03-22 02:25:58,342:INFO: - Train metrics: accuracy: 0.656 ; loss: 1.235
2018-03-22 02:25:59,821:INFO: - Eval metrics : accuracy: 0.500 ; loss: 2.180
2018-03-22 02:25:59,865:INFO: Epoch 42/100
2018-03-22 02:26:28,263:INFO: - Train metrics: accuracy: 0.703 ; loss: 1.143
2018-03-22 02:26:29,740:INFO: - Eval metrics : accuracy: 0.619 ; loss: 1.607
2018-03-22 02:26:29,784:INFO: Epoch 43/100
2018-03-22 02:26:58,219:INFO: - Train metrics: accuracy: 0.714 ; loss: 1.176
2018-03-22 02:26:59,717:INFO: - Eval metrics : accuracy: 0.583 ; loss: 1.801
2018-03-22 02:26:59,773:INFO: Epoch 44/100
2018-03-22 02:27:28,185:INFO: - Train metrics: accuracy: 0.667 ; loss: 1.218
2018-03-22 02:27:29,662:INFO: - Eval metrics : accuracy: 0.608 ; loss: 1.657
2018-03-22 02:27:29,705:INFO: Epoch 45/100
2018-03-22 02:27:58,108:INFO: - Train metrics: accuracy: 0.755 ; loss: 1.011
2018-03-22 02:27:59,639:INFO: - Eval metrics : accuracy: 0.556 ; loss: 1.946
2018-03-22 02:27:59,693:INFO: Epoch 46/100
2018-03-22 02:28:28,189:INFO: - Train metrics: accuracy: 0.766 ; loss: 1.020
2018-03-22 02:28:29,682:INFO: - Eval metrics : accuracy: 0.462 ; loss: 2.407
2018-03-22 02:28:29,718:INFO: Epoch 47/100
2018-03-22 02:28:58,203:INFO: - Train metrics: accuracy: 0.724 ; loss: 1.090
2018-03-22 02:28:59,692:INFO: - Eval metrics : accuracy: 0.610 ; loss: 1.640
2018-03-22 02:28:59,735:INFO: Epoch 48/100
2018-03-22 02:29:28,094:INFO: - Train metrics: accuracy: 0.740 ; loss: 1.009
2018-03-22 02:29:29,574:INFO: - Eval metrics : accuracy: 0.617 ; loss: 1.638
2018-03-22 02:29:29,617:INFO: Epoch 49/100
2018-03-22 02:29:58,031:INFO: - Train metrics: accuracy: 0.745 ; loss: 1.011
2018-03-22 02:29:59,492:INFO: - Eval metrics : accuracy: 0.631 ; loss: 1.553
2018-03-22 02:29:59,568:INFO: - Found new best accuracy
2018-03-22 02:29:59,568:INFO: Epoch 50/100
2018-03-22 02:30:27,966:INFO: - Train metrics: accuracy: 0.755 ; loss: 0.938
2018-03-22 02:30:29,475:INFO: - Eval metrics : accuracy: 0.643 ; loss: 1.535
2018-03-22 02:30:29,550:INFO: - Found new best accuracy
2018-03-22 02:30:29,551:INFO: Epoch 51/100
2018-03-22 02:30:57,978:INFO: - Train metrics: accuracy: 0.745 ; loss: 1.066
2018-03-22 02:30:59,433:INFO: - Eval metrics : accuracy: 0.582 ; loss: 1.829
2018-03-22 02:30:59,470:INFO: Epoch 52/100
2018-03-22 02:31:27,922:INFO: - Train metrics: accuracy: 0.776 ; loss: 0.972
2018-03-22 02:31:29,408:INFO: - Eval metrics : accuracy: 0.250 ; loss: 3.855
2018-03-22 02:31:29,450:INFO: Epoch 53/100
2018-03-22 02:31:57,803:INFO: - Train metrics: accuracy: 0.740 ; loss: 0.964
2018-03-22 02:31:59,272:INFO: - Eval metrics : accuracy: 0.489 ; loss: 2.287
2018-03-22 02:31:59,315:INFO: Epoch 54/100
2018-03-22 02:32:27,752:INFO: - Train metrics: accuracy: 0.750 ; loss: 0.941
2018-03-22 02:32:29,246:INFO: - Eval metrics : accuracy: 0.598 ; loss: 1.731
2018-03-22 02:32:29,286:INFO: Epoch 55/100
2018-03-22 02:32:57,673:INFO: - Train metrics: accuracy: 0.781 ; loss: 0.977
2018-03-22 02:32:59,179:INFO: - Eval metrics : accuracy: 0.511 ; loss: 2.159
2018-03-22 02:32:59,221:INFO: Epoch 56/100
2018-03-22 02:33:27,597:INFO: - Train metrics: accuracy: 0.719 ; loss: 1.063
2018-03-22 02:33:29,110:INFO: - Eval metrics : accuracy: 0.612 ; loss: 1.653
2018-03-22 02:33:29,153:INFO: Epoch 57/100
2018-03-22 02:33:57,594:INFO: - Train metrics: accuracy: 0.734 ; loss: 1.009
2018-03-22 02:33:59,129:INFO: - Eval metrics : accuracy: 0.495 ; loss: 2.253
2018-03-22 02:33:59,171:INFO: Epoch 58/100
2018-03-22 02:34:27,643:INFO: - Train metrics: accuracy: 0.740 ; loss: 1.013
2018-03-22 02:34:29,121:INFO: - Eval metrics : accuracy: 0.552 ; loss: 1.953
2018-03-22 02:34:29,167:INFO: Epoch 59/100
2018-03-22 02:34:57,542:INFO: - Train metrics: accuracy: 0.760 ; loss: 1.022
2018-03-22 02:34:59,057:INFO: - Eval metrics : accuracy: 0.544 ; loss: 2.023
2018-03-22 02:34:59,111:INFO: Epoch 60/100
2018-03-22 02:35:27,471:INFO: - Train metrics: accuracy: 0.719 ; loss: 1.052
2018-03-22 02:35:28,977:INFO: - Eval metrics : accuracy: 0.449 ; loss: 2.499
2018-03-22 02:35:29,020:INFO: Epoch 61/100
2018-03-22 02:35:57,447:INFO: - Train metrics: accuracy: 0.766 ; loss: 0.970
2018-03-22 02:35:58,962:INFO: - Eval metrics : accuracy: 0.606 ; loss: 1.711
2018-03-22 02:35:59,005:INFO: Epoch 62/100
2018-03-22 02:36:27,416:INFO: - Train metrics: accuracy: 0.760 ; loss: 0.934
2018-03-22 02:36:28,926:INFO: - Eval metrics : accuracy: 0.594 ; loss: 1.762
2018-03-22 02:36:28,991:INFO: Epoch 63/100
2018-03-22 02:36:57,303:INFO: - Train metrics: accuracy: 0.818 ; loss: 0.772
2018-03-22 02:36:58,794:INFO: - Eval metrics : accuracy: 0.611 ; loss: 1.617
2018-03-22 02:36:58,835:INFO: Epoch 64/100
2018-03-22 02:37:27,136:INFO: - Train metrics: accuracy: 0.714 ; loss: 1.046
2018-03-22 02:37:28,646:INFO: - Eval metrics : accuracy: 0.568 ; loss: 1.864
2018-03-22 02:37:28,690:INFO: Epoch 65/100
2018-03-22 02:37:56,998:INFO: - Train metrics: accuracy: 0.719 ; loss: 0.989
2018-03-22 02:37:58,487:INFO: - Eval metrics : accuracy: 0.620 ; loss: 1.605
2018-03-22 02:37:58,530:INFO: Epoch 66/100
2018-03-22 02:38:26,862:INFO: - Train metrics: accuracy: 0.771 ; loss: 0.864
2018-03-22 02:38:28,340:INFO: - Eval metrics : accuracy: 0.573 ; loss: 1.849
2018-03-22 02:38:28,384:INFO: Epoch 67/100
2018-03-22 02:38:56,757:INFO: - Train metrics: accuracy: 0.760 ; loss: 0.949
2018-03-22 02:38:58,280:INFO: - Eval metrics : accuracy: 0.547 ; loss: 2.019
2018-03-22 02:38:58,323:INFO: Epoch 68/100
2018-03-22 02:39:26,709:INFO: - Train metrics: accuracy: 0.797 ; loss: 0.801
2018-03-22 02:39:28,207:INFO: - Eval metrics : accuracy: 0.629 ; loss: 1.603
2018-03-22 02:39:28,248:INFO: Epoch 69/100
2018-03-22 02:39:56,657:INFO: - Train metrics: accuracy: 0.734 ; loss: 0.878
2018-03-22 02:39:58,161:INFO: - Eval metrics : accuracy: 0.623 ; loss: 1.636
2018-03-22 02:39:58,204:INFO: Epoch 70/100
2018-03-22 02:40:26,573:INFO: - Train metrics: accuracy: 0.818 ; loss: 0.844
2018-03-22 02:40:28,022:INFO: - Eval metrics : accuracy: 0.570 ; loss: 1.868
2018-03-22 02:40:28,061:INFO: Epoch 71/100
2018-03-22 02:40:56,464:INFO: - Train metrics: accuracy: 0.781 ; loss: 0.891
2018-03-22 02:40:57,939:INFO: - Eval metrics : accuracy: 0.626 ; loss: 1.611
2018-03-22 02:40:57,983:INFO: Epoch 72/100
2018-03-22 02:41:26,324:INFO: - Train metrics: accuracy: 0.812 ; loss: 0.732
2018-03-22 02:41:27,856:INFO: - Eval metrics : accuracy: 0.632 ; loss: 1.627
2018-03-22 02:41:27,898:INFO: Epoch 73/100
2018-03-22 02:41:56,231:INFO: - Train metrics: accuracy: 0.812 ; loss: 0.773
2018-03-22 02:41:57,698:INFO: - Eval metrics : accuracy: 0.193 ; loss: 4.217
2018-03-22 02:41:57,742:INFO: Epoch 74/100
2018-03-22 02:42:26,070:INFO: - Train metrics: accuracy: 0.792 ; loss: 0.824
2018-03-22 02:42:27,574:INFO: - Eval metrics : accuracy: 0.328 ; loss: 3.402
2018-03-22 02:42:27,615:INFO: Epoch 75/100
2018-03-22 02:42:55,936:INFO: - Train metrics: accuracy: 0.771 ; loss: 0.809
2018-03-22 02:42:57,422:INFO: - Eval metrics : accuracy: 0.605 ; loss: 1.679
2018-03-22 02:42:57,464:INFO: Epoch 76/100
2018-03-22 02:43:25,845:INFO: - Train metrics: accuracy: 0.818 ; loss: 0.752
2018-03-22 02:43:27,356:INFO: - Eval metrics : accuracy: 0.601 ; loss: 1.735
2018-03-22 02:43:27,393:INFO: Epoch 77/100
2018-03-22 02:43:55,751:INFO: - Train metrics: accuracy: 0.786 ; loss: 0.780
2018-03-22 02:43:57,251:INFO: - Eval metrics : accuracy: 0.294 ; loss: 3.470
2018-03-22 02:43:57,303:INFO: Epoch 78/100
2018-03-22 02:44:25,673:INFO: - Train metrics: accuracy: 0.740 ; loss: 0.949
2018-03-22 02:44:27,145:INFO: - Eval metrics : accuracy: 0.597 ; loss: 1.752
2018-03-22 02:44:27,184:INFO: Epoch 79/100
2018-03-22 02:44:55,485:INFO: - Train metrics: accuracy: 0.797 ; loss: 0.781
2018-03-22 02:44:56,980:INFO: - Eval metrics : accuracy: 0.620 ; loss: 1.625
2018-03-22 02:44:57,024:INFO: Epoch 80/100
2018-03-22 02:45:25,411:INFO: - Train metrics: accuracy: 0.688 ; loss: 1.018
2018-03-22 02:45:26,871:INFO: - Eval metrics : accuracy: 0.462 ; loss: 2.410
2018-03-22 02:45:26,913:INFO: Epoch 81/100
2018-03-22 02:45:55,308:INFO: - Train metrics: accuracy: 0.802 ; loss: 0.808
2018-03-22 02:45:56,794:INFO: - Eval metrics : accuracy: 0.611 ; loss: 1.675
2018-03-22 02:45:56,832:INFO: Epoch 82/100
2018-03-22 02:46:25,221:INFO: - Train metrics: accuracy: 0.766 ; loss: 0.869
2018-03-22 02:46:26,719:INFO: - Eval metrics : accuracy: 0.227 ; loss: 4.258
2018-03-22 02:46:26,760:INFO: Epoch 83/100
2018-03-22 02:46:55,128:INFO: - Train metrics: accuracy: 0.792 ; loss: 0.742
2018-03-22 02:46:56,631:INFO: - Eval metrics : accuracy: 0.611 ; loss: 1.672
2018-03-22 02:46:56,668:INFO: Epoch 84/100
2018-03-22 02:47:25,005:INFO: - Train metrics: accuracy: 0.812 ; loss: 0.735
2018-03-22 02:47:26,519:INFO: - Eval metrics : accuracy: 0.611 ; loss: 1.678
2018-03-22 02:47:26,845:INFO: Epoch 85/100
2018-03-22 02:47:55,220:INFO: - Train metrics: accuracy: 0.797 ; loss: 0.780
2018-03-22 02:47:56,695:INFO: - Eval metrics : accuracy: 0.439 ; loss: 2.561
2018-03-22 02:47:56,732:INFO: Epoch 86/100
2018-03-22 02:48:25,121:INFO: - Train metrics: accuracy: 0.854 ; loss: 0.688
2018-03-22 02:48:26,639:INFO: - Eval metrics : accuracy: 0.511 ; loss: 2.224
2018-03-22 02:48:26,686:INFO: Epoch 87/100
2018-03-22 02:48:55,054:INFO: - Train metrics: accuracy: 0.807 ; loss: 0.788
2018-03-22 02:48:56,530:INFO: - Eval metrics : accuracy: 0.622 ; loss: 1.643
2018-03-22 02:48:56,584:INFO: Epoch 88/100
2018-03-22 02:49:24,887:INFO: - Train metrics: accuracy: 0.781 ; loss: 0.822
2018-03-22 02:49:26,399:INFO: - Eval metrics : accuracy: 0.597 ; loss: 1.698
2018-03-22 02:49:26,453:INFO: Epoch 89/100
2018-03-22 02:49:54,767:INFO: - Train metrics: accuracy: 0.839 ; loss: 0.708
2018-03-22 02:49:56,255:INFO: - Eval metrics : accuracy: 0.600 ; loss: 1.749
2018-03-22 02:49:56,297:INFO: Epoch 90/100
2018-03-22 02:50:24,662:INFO: - Train metrics: accuracy: 0.750 ; loss: 0.956
2018-03-22 02:50:26,151:INFO: - Eval metrics : accuracy: 0.604 ; loss: 1.652
2018-03-22 02:50:26,194:INFO: Epoch 91/100
2018-03-22 02:50:54,479:INFO: - Train metrics: accuracy: 0.807 ; loss: 0.701
2018-03-22 02:50:55,971:INFO: - Eval metrics : accuracy: 0.612 ; loss: 1.694
2018-03-22 02:50:56,015:INFO: Epoch 92/100
2018-03-22 02:51:24,330:INFO: - Train metrics: accuracy: 0.859 ; loss: 0.637
2018-03-22 02:51:25,792:INFO: - Eval metrics : accuracy: 0.606 ; loss: 1.688
2018-03-22 02:51:25,838:INFO: Epoch 93/100
2018-03-22 02:51:54,157:INFO: - Train metrics: accuracy: 0.818 ; loss: 0.811
2018-03-22 02:51:55,646:INFO: - Eval metrics : accuracy: 0.505 ; loss: 2.264
2018-03-22 02:51:55,688:INFO: Epoch 94/100
2018-03-22 02:52:23,911:INFO: - Train metrics: accuracy: 0.812 ; loss: 0.745
2018-03-22 02:52:25,393:INFO: - Eval metrics : accuracy: 0.615 ; loss: 1.638
2018-03-22 02:52:25,437:INFO: Epoch 95/100
2018-03-22 02:52:53,751:INFO: - Train metrics: accuracy: 0.807 ; loss: 0.740
2018-03-22 02:52:55,257:INFO: - Eval metrics : accuracy: 0.536 ; loss: 2.079
2018-03-22 02:52:55,299:INFO: Epoch 96/100
2018-03-22 02:53:23,633:INFO: - Train metrics: accuracy: 0.812 ; loss: 0.709
2018-03-22 02:53:25,093:INFO: - Eval metrics : accuracy: 0.614 ; loss: 1.647
2018-03-22 02:53:25,138:INFO: Epoch 97/100
2018-03-22 02:53:53,433:INFO: - Train metrics: accuracy: 0.797 ; loss: 0.698
2018-03-22 02:53:54,908:INFO: - Eval metrics : accuracy: 0.423 ; loss: 2.681
2018-03-22 02:53:54,952:INFO: Epoch 98/100
2018-03-22 02:54:23,285:INFO: - Train metrics: accuracy: 0.854 ; loss: 0.662
2018-03-22 02:54:24,737:INFO: - Eval metrics : accuracy: 0.582 ; loss: 1.890
2018-03-22 02:54:24,783:INFO: Epoch 99/100
2018-03-22 02:54:53,188:INFO: - Train metrics: accuracy: 0.812 ; loss: 0.762
2018-03-22 02:54:54,701:INFO: - Eval metrics : accuracy: 0.623 ; loss: 1.670
2018-03-22 02:54:54,895:INFO: Epoch 100/100
2018-03-22 02:55:23,286:INFO: - Train metrics: accuracy: 0.849 ; loss: 0.620
2018-03-22 02:55:24,797:INFO: - Eval metrics : accuracy: 0.533 ; loss: 2.128
