2018-03-20 12:33:32,919:INFO: Loading the datasets...
2018-03-20 12:33:32,983:INFO: - done.
2018-03-20 12:33:35,189:INFO: Starting training for 50 epoch(s)
2018-03-20 12:33:35,189:INFO: Epoch 1/50
2018-03-20 12:33:49,219:INFO: - Train metrics: accuracy: 0.016 ; loss: 5.466
2018-03-20 12:33:49,936:INFO: - Eval metrics : accuracy: 0.038 ; loss: 5.116
2018-03-20 12:33:49,954:INFO: - Found new lowest loss
2018-03-20 12:33:49,954:INFO: Epoch 2/50
2018-03-20 12:34:03,266:INFO: - Train metrics: accuracy: 0.082 ; loss: 4.646
2018-03-20 12:34:03,991:INFO: - Eval metrics : accuracy: 0.147 ; loss: 4.177
2018-03-20 12:34:04,019:INFO: - Found new lowest loss
2018-03-20 12:34:04,020:INFO: Epoch 3/50
2018-03-20 12:34:17,310:INFO: - Train metrics: accuracy: 0.145 ; loss: 3.977
2018-03-20 12:34:18,017:INFO: - Eval metrics : accuracy: 0.021 ; loss: 5.794
2018-03-20 12:34:18,032:INFO: Epoch 4/50
2018-03-20 12:34:31,450:INFO: - Train metrics: accuracy: 0.246 ; loss: 3.552
2018-03-20 12:34:32,159:INFO: - Eval metrics : accuracy: 0.021 ; loss: 8.183
2018-03-20 12:34:32,184:INFO: Epoch 5/50
2018-03-20 12:34:45,455:INFO: - Train metrics: accuracy: 0.305 ; loss: 3.252
2018-03-20 12:34:46,169:INFO: - Eval metrics : accuracy: 0.047 ; loss: 5.446
2018-03-20 12:34:46,185:INFO: Epoch 6/50
2018-03-20 12:34:59,626:INFO: - Train metrics: accuracy: 0.340 ; loss: 3.036
2018-03-20 12:35:00,338:INFO: - Eval metrics : accuracy: 0.117 ; loss: 4.574
2018-03-20 12:35:00,361:INFO: Epoch 7/50
2018-03-20 12:35:13,721:INFO: - Train metrics: accuracy: 0.309 ; loss: 2.974
2018-03-20 12:35:14,415:INFO: - Eval metrics : accuracy: 0.389 ; loss: 2.831
2018-03-20 12:35:14,442:INFO: - Found new lowest loss
2018-03-20 12:35:14,443:INFO: Epoch 8/50
2018-03-20 12:35:27,775:INFO: - Train metrics: accuracy: 0.410 ; loss: 2.698
2018-03-20 12:35:28,485:INFO: - Eval metrics : accuracy: 0.130 ; loss: 4.580
2018-03-20 12:35:28,512:INFO: Epoch 9/50
2018-03-20 12:35:41,820:INFO: - Train metrics: accuracy: 0.406 ; loss: 2.445
2018-03-20 12:35:42,535:INFO: - Eval metrics : accuracy: 0.191 ; loss: 3.898
2018-03-20 12:35:42,550:INFO: Epoch 10/50
2018-03-20 12:35:55,822:INFO: - Train metrics: accuracy: 0.418 ; loss: 2.403
2018-03-20 12:35:56,543:INFO: - Eval metrics : accuracy: 0.321 ; loss: 3.051
2018-03-20 12:35:56,569:INFO: Epoch 11/50
2018-03-20 12:36:09,839:INFO: - Train metrics: accuracy: 0.512 ; loss: 2.118
2018-03-20 12:36:10,554:INFO: - Eval metrics : accuracy: 0.125 ; loss: 4.684
2018-03-20 12:36:10,577:INFO: Epoch 12/50
2018-03-20 12:36:23,846:INFO: - Train metrics: accuracy: 0.500 ; loss: 2.173
2018-03-20 12:36:24,595:INFO: - Eval metrics : accuracy: 0.218 ; loss: 3.786
2018-03-20 12:36:24,620:INFO: Epoch 13/50
2018-03-20 12:36:37,970:INFO: - Train metrics: accuracy: 0.570 ; loss: 2.092
2018-03-20 12:36:38,705:INFO: - Eval metrics : accuracy: 0.445 ; loss: 2.306
2018-03-20 12:36:38,734:INFO: - Found new lowest loss
2018-03-20 12:36:38,734:INFO: Epoch 14/50
2018-03-20 12:36:52,087:INFO: - Train metrics: accuracy: 0.516 ; loss: 1.918
2018-03-20 12:36:52,807:INFO: - Eval metrics : accuracy: 0.275 ; loss: 3.434
2018-03-20 12:36:52,822:INFO: Epoch 15/50
2018-03-20 12:37:06,159:INFO: - Train metrics: accuracy: 0.520 ; loss: 1.970
2018-03-20 12:37:06,886:INFO: - Eval metrics : accuracy: 0.158 ; loss: 4.848
2018-03-20 12:37:06,905:INFO: Epoch 16/50
2018-03-20 12:37:20,008:INFO: - Train metrics: accuracy: 0.551 ; loss: 1.863
2018-03-20 12:37:20,736:INFO: - Eval metrics : accuracy: 0.310 ; loss: 3.082
2018-03-20 12:37:20,761:INFO: Epoch 17/50
2018-03-20 12:37:34,134:INFO: - Train metrics: accuracy: 0.617 ; loss: 1.699
2018-03-20 12:37:34,834:INFO: - Eval metrics : accuracy: 0.152 ; loss: 4.424
2018-03-20 12:37:34,858:INFO: Epoch 18/50
2018-03-20 12:37:48,169:INFO: - Train metrics: accuracy: 0.559 ; loss: 1.714
2018-03-20 12:37:48,888:INFO: - Eval metrics : accuracy: 0.080 ; loss: 6.082
2018-03-20 12:37:48,904:INFO: Epoch 19/50
2018-03-20 12:38:02,026:INFO: - Train metrics: accuracy: 0.602 ; loss: 1.664
2018-03-20 12:38:02,750:INFO: - Eval metrics : accuracy: 0.169 ; loss: 4.590
2018-03-20 12:38:02,769:INFO: Epoch 20/50
2018-03-20 12:38:15,987:INFO: - Train metrics: accuracy: 0.551 ; loss: 1.809
2018-03-20 12:38:16,719:INFO: - Eval metrics : accuracy: 0.225 ; loss: 3.557
2018-03-20 12:38:16,744:INFO: Epoch 21/50
2018-03-20 12:38:29,911:INFO: - Train metrics: accuracy: 0.633 ; loss: 1.557
2018-03-20 12:38:30,591:INFO: - Eval metrics : accuracy: 0.501 ; loss: 2.095
2018-03-20 12:38:30,618:INFO: - Found new lowest loss
2018-03-20 12:38:30,621:INFO: Epoch 22/50
2018-03-20 12:38:43,916:INFO: - Train metrics: accuracy: 0.562 ; loss: 1.676
2018-03-20 12:38:44,626:INFO: - Eval metrics : accuracy: 0.337 ; loss: 3.078
2018-03-20 12:38:44,649:INFO: Epoch 23/50
2018-03-20 12:38:57,993:INFO: - Train metrics: accuracy: 0.590 ; loss: 1.599
2018-03-20 12:38:58,701:INFO: - Eval metrics : accuracy: 0.149 ; loss: 5.519
2018-03-20 12:38:58,717:INFO: Epoch 24/50
2018-03-20 12:39:12,026:INFO: - Train metrics: accuracy: 0.621 ; loss: 1.530
2018-03-20 12:39:12,729:INFO: - Eval metrics : accuracy: 0.033 ; loss: 10.502
2018-03-20 12:39:12,744:INFO: Epoch 25/50
2018-03-20 12:39:25,925:INFO: - Train metrics: accuracy: 0.605 ; loss: 1.651
2018-03-20 12:39:26,639:INFO: - Eval metrics : accuracy: 0.696 ; loss: 1.175
2018-03-20 12:39:26,666:INFO: - Found new lowest loss
2018-03-20 12:39:26,667:INFO: Epoch 26/50
2018-03-20 12:39:39,815:INFO: - Train metrics: accuracy: 0.633 ; loss: 1.473
2018-03-20 12:39:40,527:INFO: - Eval metrics : accuracy: 0.126 ; loss: 5.280
2018-03-20 12:39:40,549:INFO: Epoch 27/50
2018-03-20 12:39:54,008:INFO: - Train metrics: accuracy: 0.699 ; loss: 1.295
2018-03-20 12:39:54,721:INFO: - Eval metrics : accuracy: 0.483 ; loss: 2.125
2018-03-20 12:39:54,737:INFO: Epoch 28/50
2018-03-20 12:40:08,214:INFO: - Train metrics: accuracy: 0.652 ; loss: 1.429
2018-03-20 12:40:08,945:INFO: - Eval metrics : accuracy: 0.084 ; loss: 6.678
2018-03-20 12:40:08,961:INFO: Epoch 29/50
2018-03-20 12:40:22,120:INFO: - Train metrics: accuracy: 0.648 ; loss: 1.347
2018-03-20 12:40:22,817:INFO: - Eval metrics : accuracy: 0.085 ; loss: 5.873
2018-03-20 12:40:22,833:INFO: Epoch 30/50
2018-03-20 12:40:36,291:INFO: - Train metrics: accuracy: 0.691 ; loss: 1.246
2018-03-20 12:40:37,009:INFO: - Eval metrics : accuracy: 0.267 ; loss: 3.577
2018-03-20 12:40:37,029:INFO: Epoch 31/50
2018-03-20 12:40:50,325:INFO: - Train metrics: accuracy: 0.703 ; loss: 1.195
2018-03-20 12:40:51,040:INFO: - Eval metrics : accuracy: 0.217 ; loss: 4.374
2018-03-20 12:40:51,056:INFO: Epoch 32/50
2018-03-20 12:41:04,389:INFO: - Train metrics: accuracy: 0.645 ; loss: 1.324
2018-03-20 12:41:05,111:INFO: - Eval metrics : accuracy: 0.539 ; loss: 1.801
2018-03-20 12:41:05,127:INFO: Epoch 33/50
2018-03-20 12:41:18,362:INFO: - Train metrics: accuracy: 0.660 ; loss: 1.330
2018-03-20 12:41:19,086:INFO: - Eval metrics : accuracy: 0.137 ; loss: 5.167
2018-03-20 12:41:19,105:INFO: Epoch 34/50
2018-03-20 12:41:32,499:INFO: - Train metrics: accuracy: 0.688 ; loss: 1.220
2018-03-20 12:41:33,207:INFO: - Eval metrics : accuracy: 0.226 ; loss: 4.246
2018-03-20 12:41:33,225:INFO: Epoch 35/50
2018-03-20 12:41:46,484:INFO: - Train metrics: accuracy: 0.680 ; loss: 1.283
2018-03-20 12:41:47,181:INFO: - Eval metrics : accuracy: 0.146 ; loss: 5.445
2018-03-20 12:41:47,197:INFO: Epoch 36/50
2018-03-20 12:42:00,378:INFO: - Train metrics: accuracy: 0.680 ; loss: 1.295
2018-03-20 12:42:01,088:INFO: - Eval metrics : accuracy: 0.141 ; loss: 5.403
2018-03-20 12:42:01,104:INFO: Epoch 37/50
2018-03-20 12:42:14,311:INFO: - Train metrics: accuracy: 0.703 ; loss: 1.133
2018-03-20 12:42:15,018:INFO: - Eval metrics : accuracy: 0.406 ; loss: 2.654
2018-03-20 12:42:15,037:INFO: Epoch 38/50
2018-03-20 12:42:28,437:INFO: - Train metrics: accuracy: 0.691 ; loss: 1.219
2018-03-20 12:42:29,161:INFO: - Eval metrics : accuracy: 0.658 ; loss: 1.349
2018-03-20 12:42:29,173:INFO: Epoch 39/50
2018-03-20 12:42:42,409:INFO: - Train metrics: accuracy: 0.676 ; loss: 1.211
2018-03-20 12:42:43,113:INFO: - Eval metrics : accuracy: 0.300 ; loss: 3.323
2018-03-20 12:42:43,129:INFO: Epoch 40/50
2018-03-20 12:42:56,386:INFO: - Train metrics: accuracy: 0.668 ; loss: 1.166
2018-03-20 12:42:57,075:INFO: - Eval metrics : accuracy: 0.092 ; loss: 7.131
2018-03-20 12:42:57,095:INFO: Epoch 41/50
2018-03-20 12:43:10,594:INFO: - Train metrics: accuracy: 0.723 ; loss: 1.164
2018-03-20 12:43:11,296:INFO: - Eval metrics : accuracy: 0.591 ; loss: 1.631
2018-03-20 12:43:11,311:INFO: Epoch 42/50
2018-03-20 12:43:24,689:INFO: - Train metrics: accuracy: 0.680 ; loss: 1.305
2018-03-20 12:43:25,406:INFO: - Eval metrics : accuracy: 0.483 ; loss: 2.149
2018-03-20 12:43:25,436:INFO: Epoch 43/50
2018-03-20 12:43:38,649:INFO: - Train metrics: accuracy: 0.680 ; loss: 1.158
2018-03-20 12:43:39,368:INFO: - Eval metrics : accuracy: 0.258 ; loss: 3.955
2018-03-20 12:43:39,385:INFO: Epoch 44/50
2018-03-20 12:43:52,970:INFO: - Train metrics: accuracy: 0.723 ; loss: 1.016
2018-03-20 12:43:53,656:INFO: - Eval metrics : accuracy: 0.403 ; loss: 2.586
2018-03-20 12:43:53,672:INFO: Epoch 45/50
2018-03-20 12:44:06,914:INFO: - Train metrics: accuracy: 0.707 ; loss: 1.118
2018-03-20 12:44:07,632:INFO: - Eval metrics : accuracy: 0.327 ; loss: 3.191
2018-03-20 12:44:07,653:INFO: Epoch 46/50
2018-03-20 12:44:21,008:INFO: - Train metrics: accuracy: 0.734 ; loss: 1.025
2018-03-20 12:44:21,722:INFO: - Eval metrics : accuracy: 0.569 ; loss: 1.714
2018-03-20 12:44:21,737:INFO: Epoch 47/50
2018-03-20 12:44:35,018:INFO: - Train metrics: accuracy: 0.715 ; loss: 1.074
2018-03-20 12:44:35,731:INFO: - Eval metrics : accuracy: 0.286 ; loss: 3.553
2018-03-20 12:44:35,752:INFO: Epoch 48/50
2018-03-20 12:44:49,181:INFO: - Train metrics: accuracy: 0.727 ; loss: 1.091
2018-03-20 12:44:49,895:INFO: - Eval metrics : accuracy: 0.126 ; loss: 6.777
2018-03-20 12:44:49,920:INFO: Epoch 49/50
2018-03-20 12:45:03,410:INFO: - Train metrics: accuracy: 0.703 ; loss: 1.058
2018-03-20 12:45:04,131:INFO: - Eval metrics : accuracy: 0.591 ; loss: 1.702
2018-03-20 12:45:04,149:INFO: Epoch 50/50
2018-03-20 12:45:17,361:INFO: - Train metrics: accuracy: 0.746 ; loss: 0.979
2018-03-20 12:45:18,071:INFO: - Eval metrics : accuracy: 0.627 ; loss: 1.472
