2018-03-22 02:55:26,004:INFO: Loading the datasets...
2018-03-22 02:55:26,055:INFO: - done.
2018-03-22 02:55:28,333:INFO: Starting training for 100 epoch(s)
2018-03-22 02:55:28,333:INFO: Epoch 1/100
2018-03-22 02:55:57,667:INFO: - Train metrics: accuracy: 0.016 ; loss: 5.785
2018-03-22 02:55:59,150:INFO: - Eval metrics : accuracy: 0.048 ; loss: 5.352
2018-03-22 02:55:59,183:INFO: - Found new best accuracy
2018-03-22 02:55:59,184:INFO: Epoch 2/100
2018-03-22 02:56:27,862:INFO: - Train metrics: accuracy: 0.042 ; loss: 5.237
2018-03-22 02:56:29,393:INFO: - Eval metrics : accuracy: 0.086 ; loss: 4.843
2018-03-22 02:56:29,606:INFO: - Found new best accuracy
2018-03-22 02:56:29,606:INFO: Epoch 3/100
2018-03-22 02:56:58,226:INFO: - Train metrics: accuracy: 0.151 ; loss: 4.652
2018-03-22 02:56:59,704:INFO: - Eval metrics : accuracy: 0.139 ; loss: 4.421
2018-03-22 02:56:59,791:INFO: - Found new best accuracy
2018-03-22 02:56:59,792:INFO: Epoch 4/100
2018-03-22 02:57:28,446:INFO: - Train metrics: accuracy: 0.167 ; loss: 4.064
2018-03-22 02:57:29,941:INFO: - Eval metrics : accuracy: 0.252 ; loss: 3.738
2018-03-22 02:57:30,021:INFO: - Found new best accuracy
2018-03-22 02:57:30,022:INFO: Epoch 5/100
2018-03-22 02:57:58,668:INFO: - Train metrics: accuracy: 0.151 ; loss: 3.976
2018-03-22 02:58:00,170:INFO: - Eval metrics : accuracy: 0.306 ; loss: 3.539
2018-03-22 02:58:00,241:INFO: - Found new best accuracy
2018-03-22 02:58:00,242:INFO: Epoch 6/100
2018-03-22 02:58:28,814:INFO: - Train metrics: accuracy: 0.333 ; loss: 3.324
2018-03-22 02:58:30,308:INFO: - Eval metrics : accuracy: 0.339 ; loss: 3.240
2018-03-22 02:58:30,386:INFO: - Found new best accuracy
2018-03-22 02:58:30,386:INFO: Epoch 7/100
2018-03-22 02:58:59,060:INFO: - Train metrics: accuracy: 0.318 ; loss: 3.176
2018-03-22 02:59:00,546:INFO: - Eval metrics : accuracy: 0.366 ; loss: 3.085
2018-03-22 02:59:00,621:INFO: - Found new best accuracy
2018-03-22 02:59:00,622:INFO: Epoch 8/100
2018-03-22 02:59:29,188:INFO: - Train metrics: accuracy: 0.307 ; loss: 3.102
2018-03-22 02:59:30,681:INFO: - Eval metrics : accuracy: 0.400 ; loss: 2.868
2018-03-22 02:59:30,757:INFO: - Found new best accuracy
2018-03-22 02:59:30,757:INFO: Epoch 9/100
2018-03-22 02:59:59,382:INFO: - Train metrics: accuracy: 0.406 ; loss: 2.835
2018-03-22 03:00:00,846:INFO: - Eval metrics : accuracy: 0.467 ; loss: 2.484
2018-03-22 03:00:00,926:INFO: - Found new best accuracy
2018-03-22 03:00:00,927:INFO: Epoch 10/100
2018-03-22 03:00:29,592:INFO: - Train metrics: accuracy: 0.411 ; loss: 2.569
2018-03-22 03:00:31,093:INFO: - Eval metrics : accuracy: 0.480 ; loss: 2.403
2018-03-22 03:00:31,180:INFO: - Found new best accuracy
2018-03-22 03:00:31,180:INFO: Epoch 11/100
2018-03-22 03:00:59,850:INFO: - Train metrics: accuracy: 0.365 ; loss: 2.560
2018-03-22 03:01:01,378:INFO: - Eval metrics : accuracy: 0.500 ; loss: 2.309
2018-03-22 03:01:01,468:INFO: - Found new best accuracy
2018-03-22 03:01:01,470:INFO: Epoch 12/100
2018-03-22 03:01:30,077:INFO: - Train metrics: accuracy: 0.443 ; loss: 2.420
2018-03-22 03:01:31,614:INFO: - Eval metrics : accuracy: 0.538 ; loss: 2.157
2018-03-22 03:01:31,688:INFO: - Found new best accuracy
2018-03-22 03:01:31,688:INFO: Epoch 13/100
2018-03-22 03:02:00,229:INFO: - Train metrics: accuracy: 0.464 ; loss: 2.357
2018-03-22 03:02:01,748:INFO: - Eval metrics : accuracy: 0.548 ; loss: 2.048
2018-03-22 03:02:01,832:INFO: - Found new best accuracy
2018-03-22 03:02:01,833:INFO: Epoch 14/100
2018-03-22 03:02:30,431:INFO: - Train metrics: accuracy: 0.594 ; loss: 1.857
2018-03-22 03:02:31,932:INFO: - Eval metrics : accuracy: 0.478 ; loss: 2.373
2018-03-22 03:02:31,974:INFO: Epoch 15/100
2018-03-22 03:03:00,486:INFO: - Train metrics: accuracy: 0.542 ; loss: 1.919
2018-03-22 03:03:02,010:INFO: - Eval metrics : accuracy: 0.525 ; loss: 2.136
2018-03-22 03:03:02,056:INFO: Epoch 16/100
2018-03-22 03:03:30,598:INFO: - Train metrics: accuracy: 0.568 ; loss: 1.982
2018-03-22 03:03:32,101:INFO: - Eval metrics : accuracy: 0.456 ; loss: 2.398
2018-03-22 03:03:32,144:INFO: Epoch 17/100
2018-03-22 03:04:00,788:INFO: - Train metrics: accuracy: 0.484 ; loss: 2.114
2018-03-22 03:04:02,302:INFO: - Eval metrics : accuracy: 0.532 ; loss: 2.078
2018-03-22 03:04:02,345:INFO: Epoch 18/100
2018-03-22 03:04:30,905:INFO: - Train metrics: accuracy: 0.630 ; loss: 1.721
2018-03-22 03:04:32,447:INFO: - Eval metrics : accuracy: 0.540 ; loss: 2.027
2018-03-22 03:04:32,490:INFO: Epoch 19/100
2018-03-22 03:05:01,063:INFO: - Train metrics: accuracy: 0.526 ; loss: 2.059
2018-03-22 03:05:02,595:INFO: - Eval metrics : accuracy: 0.553 ; loss: 1.996
2018-03-22 03:05:02,672:INFO: - Found new best accuracy
2018-03-22 03:05:02,672:INFO: Epoch 20/100
2018-03-22 03:05:31,171:INFO: - Train metrics: accuracy: 0.578 ; loss: 2.111
2018-03-22 03:05:32,681:INFO: - Eval metrics : accuracy: 0.562 ; loss: 1.920
2018-03-22 03:05:32,750:INFO: - Found new best accuracy
2018-03-22 03:05:32,751:INFO: Epoch 21/100
2018-03-22 03:06:01,310:INFO: - Train metrics: accuracy: 0.615 ; loss: 1.726
2018-03-22 03:06:02,792:INFO: - Eval metrics : accuracy: 0.590 ; loss: 1.830
2018-03-22 03:06:02,865:INFO: - Found new best accuracy
2018-03-22 03:06:02,866:INFO: Epoch 22/100
2018-03-22 03:06:31,358:INFO: - Train metrics: accuracy: 0.656 ; loss: 1.434
2018-03-22 03:06:32,848:INFO: - Eval metrics : accuracy: 0.587 ; loss: 1.835
2018-03-22 03:06:32,887:INFO: Epoch 23/100
2018-03-22 03:07:01,381:INFO: - Train metrics: accuracy: 0.599 ; loss: 1.641
2018-03-22 03:07:02,863:INFO: - Eval metrics : accuracy: 0.479 ; loss: 2.327
2018-03-22 03:07:02,905:INFO: Epoch 24/100
2018-03-22 03:07:31,485:INFO: - Train metrics: accuracy: 0.661 ; loss: 1.416
2018-03-22 03:07:32,992:INFO: - Eval metrics : accuracy: 0.528 ; loss: 2.048
2018-03-22 03:07:33,036:INFO: Epoch 25/100
2018-03-22 03:08:01,519:INFO: - Train metrics: accuracy: 0.630 ; loss: 1.565
2018-03-22 03:08:03,000:INFO: - Eval metrics : accuracy: 0.590 ; loss: 1.801
2018-03-22 03:08:03,076:INFO: - Found new best accuracy
2018-03-22 03:08:03,077:INFO: Epoch 26/100
2018-03-22 03:08:31,546:INFO: - Train metrics: accuracy: 0.620 ; loss: 1.513
2018-03-22 03:08:33,038:INFO: - Eval metrics : accuracy: 0.589 ; loss: 1.742
2018-03-22 03:08:33,079:INFO: Epoch 27/100
2018-03-22 03:09:01,646:INFO: - Train metrics: accuracy: 0.630 ; loss: 1.589
2018-03-22 03:09:03,136:INFO: - Eval metrics : accuracy: 0.564 ; loss: 1.873
2018-03-22 03:09:03,178:INFO: Epoch 28/100
2018-03-22 03:09:31,681:INFO: - Train metrics: accuracy: 0.677 ; loss: 1.393
2018-03-22 03:09:33,208:INFO: - Eval metrics : accuracy: 0.565 ; loss: 1.861
2018-03-22 03:09:33,250:INFO: Epoch 29/100
2018-03-22 03:10:01,734:INFO: - Train metrics: accuracy: 0.682 ; loss: 1.313
2018-03-22 03:10:03,252:INFO: - Eval metrics : accuracy: 0.493 ; loss: 2.302
2018-03-22 03:10:03,295:INFO: Epoch 30/100
2018-03-22 03:10:31,767:INFO: - Train metrics: accuracy: 0.724 ; loss: 1.220
2018-03-22 03:10:33,253:INFO: - Eval metrics : accuracy: 0.531 ; loss: 2.063
2018-03-22 03:10:33,297:INFO: Epoch 31/100
2018-03-22 03:11:01,816:INFO: - Train metrics: accuracy: 0.667 ; loss: 1.380
2018-03-22 03:11:03,337:INFO: - Eval metrics : accuracy: 0.503 ; loss: 2.223
2018-03-22 03:11:03,387:INFO: Epoch 32/100
2018-03-22 03:11:31,868:INFO: - Train metrics: accuracy: 0.677 ; loss: 1.224
2018-03-22 03:11:33,380:INFO: - Eval metrics : accuracy: 0.580 ; loss: 1.827
2018-03-22 03:11:33,423:INFO: Epoch 33/100
2018-03-22 03:12:01,860:INFO: - Train metrics: accuracy: 0.635 ; loss: 1.423
2018-03-22 03:12:03,390:INFO: - Eval metrics : accuracy: 0.603 ; loss: 1.695
2018-03-22 03:12:03,459:INFO: - Found new best accuracy
2018-03-22 03:12:03,460:INFO: Epoch 34/100
2018-03-22 03:12:31,961:INFO: - Train metrics: accuracy: 0.651 ; loss: 1.396
2018-03-22 03:12:33,445:INFO: - Eval metrics : accuracy: 0.547 ; loss: 2.030
2018-03-22 03:12:33,483:INFO: Epoch 35/100
2018-03-22 03:13:02,046:INFO: - Train metrics: accuracy: 0.708 ; loss: 1.326
2018-03-22 03:13:03,569:INFO: - Eval metrics : accuracy: 0.609 ; loss: 1.707
2018-03-22 03:13:03,646:INFO: - Found new best accuracy
2018-03-22 03:13:03,647:INFO: Epoch 36/100
2018-03-22 03:13:32,139:INFO: - Train metrics: accuracy: 0.724 ; loss: 1.158
2018-03-22 03:13:33,653:INFO: - Eval metrics : accuracy: 0.567 ; loss: 1.881
2018-03-22 03:13:33,697:INFO: Epoch 37/100
2018-03-22 03:14:02,200:INFO: - Train metrics: accuracy: 0.708 ; loss: 1.173
2018-03-22 03:14:03,710:INFO: - Eval metrics : accuracy: 0.597 ; loss: 1.707
2018-03-22 03:14:03,746:INFO: Epoch 38/100
2018-03-22 03:14:32,297:INFO: - Train metrics: accuracy: 0.714 ; loss: 1.100
2018-03-22 03:14:33,762:INFO: - Eval metrics : accuracy: 0.392 ; loss: 2.856
2018-03-22 03:14:33,804:INFO: Epoch 39/100
2018-03-22 03:15:02,265:INFO: - Train metrics: accuracy: 0.677 ; loss: 1.336
2018-03-22 03:15:03,762:INFO: - Eval metrics : accuracy: 0.608 ; loss: 1.697
2018-03-22 03:15:03,805:INFO: Epoch 40/100
2018-03-22 03:15:32,260:INFO: - Train metrics: accuracy: 0.682 ; loss: 1.255
2018-03-22 03:15:33,737:INFO: - Eval metrics : accuracy: 0.417 ; loss: 2.693
2018-03-22 03:15:33,782:INFO: Epoch 41/100
2018-03-22 03:16:02,271:INFO: - Train metrics: accuracy: 0.750 ; loss: 1.006
2018-03-22 03:16:03,777:INFO: - Eval metrics : accuracy: 0.588 ; loss: 1.779
2018-03-22 03:16:03,821:INFO: Epoch 42/100
2018-03-22 03:16:32,267:INFO: - Train metrics: accuracy: 0.729 ; loss: 1.187
2018-03-22 03:16:33,774:INFO: - Eval metrics : accuracy: 0.595 ; loss: 1.734
2018-03-22 03:16:33,829:INFO: Epoch 43/100
2018-03-22 03:17:02,229:INFO: - Train metrics: accuracy: 0.750 ; loss: 1.033
2018-03-22 03:17:03,744:INFO: - Eval metrics : accuracy: 0.579 ; loss: 1.790
2018-03-22 03:17:03,786:INFO: Epoch 44/100
2018-03-22 03:17:32,302:INFO: - Train metrics: accuracy: 0.708 ; loss: 1.282
2018-03-22 03:17:33,809:INFO: - Eval metrics : accuracy: 0.570 ; loss: 1.870
2018-03-22 03:17:33,853:INFO: Epoch 45/100
2018-03-22 03:18:02,247:INFO: - Train metrics: accuracy: 0.766 ; loss: 1.040
2018-03-22 03:18:03,770:INFO: - Eval metrics : accuracy: 0.603 ; loss: 1.719
2018-03-22 03:18:03,811:INFO: Epoch 46/100
2018-03-22 03:18:32,243:INFO: - Train metrics: accuracy: 0.839 ; loss: 0.847
2018-03-22 03:18:33,748:INFO: - Eval metrics : accuracy: 0.369 ; loss: 3.010
2018-03-22 03:18:33,788:INFO: Epoch 47/100
2018-03-22 03:19:02,189:INFO: - Train metrics: accuracy: 0.729 ; loss: 1.053
2018-03-22 03:19:03,688:INFO: - Eval metrics : accuracy: 0.602 ; loss: 1.693
2018-03-22 03:19:03,732:INFO: Epoch 48/100
2018-03-22 03:19:32,174:INFO: - Train metrics: accuracy: 0.792 ; loss: 0.937
2018-03-22 03:19:33,679:INFO: - Eval metrics : accuracy: 0.595 ; loss: 1.732
2018-03-22 03:19:33,725:INFO: Epoch 49/100
2018-03-22 03:20:02,110:INFO: - Train metrics: accuracy: 0.781 ; loss: 1.052
2018-03-22 03:20:03,641:INFO: - Eval metrics : accuracy: 0.454 ; loss: 2.418
2018-03-22 03:20:03,683:INFO: Epoch 50/100
2018-03-22 03:20:32,078:INFO: - Train metrics: accuracy: 0.766 ; loss: 0.977
2018-03-22 03:20:33,592:INFO: - Eval metrics : accuracy: 0.594 ; loss: 1.773
2018-03-22 03:20:33,635:INFO: Epoch 51/100
2018-03-22 03:21:01,995:INFO: - Train metrics: accuracy: 0.729 ; loss: 1.155
2018-03-22 03:21:03,493:INFO: - Eval metrics : accuracy: 0.433 ; loss: 2.674
2018-03-22 03:21:03,536:INFO: Epoch 52/100
2018-03-22 03:21:31,946:INFO: - Train metrics: accuracy: 0.760 ; loss: 0.977
2018-03-22 03:21:33,453:INFO: - Eval metrics : accuracy: 0.572 ; loss: 1.931
2018-03-22 03:21:33,497:INFO: Epoch 53/100
2018-03-22 03:22:01,849:INFO: - Train metrics: accuracy: 0.786 ; loss: 0.853
2018-03-22 03:22:03,352:INFO: - Eval metrics : accuracy: 0.540 ; loss: 2.077
2018-03-22 03:22:03,394:INFO: Epoch 54/100
2018-03-22 03:22:31,746:INFO: - Train metrics: accuracy: 0.719 ; loss: 1.067
2018-03-22 03:22:33,229:INFO: - Eval metrics : accuracy: 0.587 ; loss: 1.776
2018-03-22 03:22:33,287:INFO: Epoch 55/100
2018-03-22 03:23:01,705:INFO: - Train metrics: accuracy: 0.750 ; loss: 1.121
2018-03-22 03:23:03,234:INFO: - Eval metrics : accuracy: 0.600 ; loss: 1.734
2018-03-22 03:23:03,278:INFO: Epoch 56/100
2018-03-22 03:23:31,622:INFO: - Train metrics: accuracy: 0.724 ; loss: 0.936
2018-03-22 03:23:33,133:INFO: - Eval metrics : accuracy: 0.589 ; loss: 1.808
2018-03-22 03:23:33,178:INFO: Epoch 57/100
2018-03-22 03:24:01,589:INFO: - Train metrics: accuracy: 0.740 ; loss: 1.003
2018-03-22 03:24:03,130:INFO: - Eval metrics : accuracy: 0.569 ; loss: 1.857
2018-03-22 03:24:03,174:INFO: Epoch 58/100
2018-03-22 03:24:31,596:INFO: - Train metrics: accuracy: 0.786 ; loss: 0.806
2018-03-22 03:24:33,095:INFO: - Eval metrics : accuracy: 0.579 ; loss: 1.792
2018-03-22 03:24:33,137:INFO: Epoch 59/100
2018-03-22 03:25:01,538:INFO: - Train metrics: accuracy: 0.719 ; loss: 0.956
2018-03-22 03:25:03,058:INFO: - Eval metrics : accuracy: 0.486 ; loss: 2.351
2018-03-22 03:25:03,430:INFO: Epoch 60/100
2018-03-22 03:25:31,820:INFO: - Train metrics: accuracy: 0.729 ; loss: 1.095
2018-03-22 03:25:33,324:INFO: - Eval metrics : accuracy: 0.317 ; loss: 3.304
2018-03-22 03:25:33,376:INFO: Epoch 61/100
2018-03-22 03:26:01,777:INFO: - Train metrics: accuracy: 0.776 ; loss: 0.927
2018-03-22 03:26:03,281:INFO: - Eval metrics : accuracy: 0.609 ; loss: 1.715
2018-03-22 03:26:03,380:INFO: - Found new best accuracy
2018-03-22 03:26:03,381:INFO: Epoch 62/100
2018-03-22 03:26:31,866:INFO: - Train metrics: accuracy: 0.818 ; loss: 0.759
2018-03-22 03:26:33,375:INFO: - Eval metrics : accuracy: 0.570 ; loss: 1.972
2018-03-22 03:26:33,419:INFO: Epoch 63/100
2018-03-22 03:27:01,795:INFO: - Train metrics: accuracy: 0.818 ; loss: 0.802
2018-03-22 03:27:03,310:INFO: - Eval metrics : accuracy: 0.604 ; loss: 1.711
2018-03-22 03:27:03,353:INFO: Epoch 64/100
2018-03-22 03:27:31,793:INFO: - Train metrics: accuracy: 0.729 ; loss: 1.032
2018-03-22 03:27:33,293:INFO: - Eval metrics : accuracy: 0.375 ; loss: 3.075
2018-03-22 03:27:33,343:INFO: Epoch 65/100
2018-03-22 03:28:01,742:INFO: - Train metrics: accuracy: 0.786 ; loss: 0.874
2018-03-22 03:28:03,240:INFO: - Eval metrics : accuracy: 0.583 ; loss: 1.849
2018-03-22 03:28:03,279:INFO: Epoch 66/100
2018-03-22 03:28:31,707:INFO: - Train metrics: accuracy: 0.797 ; loss: 0.877
2018-03-22 03:28:33,212:INFO: - Eval metrics : accuracy: 0.588 ; loss: 1.788
2018-03-22 03:28:33,260:INFO: Epoch 67/100
2018-03-22 03:29:01,720:INFO: - Train metrics: accuracy: 0.766 ; loss: 0.983
2018-03-22 03:29:03,218:INFO: - Eval metrics : accuracy: 0.603 ; loss: 1.790
2018-03-22 03:29:03,261:INFO: Epoch 68/100
2018-03-22 03:29:31,645:INFO: - Train metrics: accuracy: 0.797 ; loss: 0.787
2018-03-22 03:29:33,158:INFO: - Eval metrics : accuracy: 0.610 ; loss: 1.725
2018-03-22 03:29:33,236:INFO: - Found new best accuracy
2018-03-22 03:29:33,237:INFO: Epoch 69/100
2018-03-22 03:30:01,637:INFO: - Train metrics: accuracy: 0.818 ; loss: 0.743
2018-03-22 03:30:03,147:INFO: - Eval metrics : accuracy: 0.357 ; loss: 3.178
2018-03-22 03:30:03,183:INFO: Epoch 70/100
2018-03-22 03:30:31,655:INFO: - Train metrics: accuracy: 0.833 ; loss: 0.764
2018-03-22 03:30:33,172:INFO: - Eval metrics : accuracy: 0.594 ; loss: 1.754
2018-03-22 03:30:33,208:INFO: Epoch 71/100
2018-03-22 03:31:01,597:INFO: - Train metrics: accuracy: 0.792 ; loss: 0.836
2018-03-22 03:31:03,122:INFO: - Eval metrics : accuracy: 0.572 ; loss: 2.006
2018-03-22 03:31:03,162:INFO: Epoch 72/100
2018-03-22 03:31:31,563:INFO: - Train metrics: accuracy: 0.823 ; loss: 0.767
2018-03-22 03:31:33,059:INFO: - Eval metrics : accuracy: 0.602 ; loss: 1.736
2018-03-22 03:31:33,104:INFO: Epoch 73/100
2018-03-22 03:32:01,505:INFO: - Train metrics: accuracy: 0.818 ; loss: 0.797
2018-03-22 03:32:03,030:INFO: - Eval metrics : accuracy: 0.609 ; loss: 1.712
2018-03-22 03:32:03,077:INFO: Epoch 74/100
2018-03-22 03:32:31,413:INFO: - Train metrics: accuracy: 0.854 ; loss: 0.692
2018-03-22 03:32:32,936:INFO: - Eval metrics : accuracy: 0.604 ; loss: 1.780
2018-03-22 03:32:32,982:INFO: Epoch 75/100
2018-03-22 03:33:01,338:INFO: - Train metrics: accuracy: 0.797 ; loss: 0.831
2018-03-22 03:33:02,850:INFO: - Eval metrics : accuracy: 0.456 ; loss: 2.612
2018-03-22 03:33:02,893:INFO: Epoch 76/100
2018-03-22 03:33:31,339:INFO: - Train metrics: accuracy: 0.807 ; loss: 0.767
2018-03-22 03:33:32,822:INFO: - Eval metrics : accuracy: 0.582 ; loss: 1.911
2018-03-22 03:33:32,864:INFO: Epoch 77/100
2018-03-22 03:34:01,197:INFO: - Train metrics: accuracy: 0.818 ; loss: 0.823
2018-03-22 03:34:02,688:INFO: - Eval metrics : accuracy: 0.602 ; loss: 1.770
2018-03-22 03:34:02,732:INFO: Epoch 78/100
2018-03-22 03:34:31,115:INFO: - Train metrics: accuracy: 0.828 ; loss: 0.818
2018-03-22 03:34:32,614:INFO: - Eval metrics : accuracy: 0.579 ; loss: 1.857
2018-03-22 03:34:32,658:INFO: Epoch 79/100
2018-03-22 03:35:01,052:INFO: - Train metrics: accuracy: 0.833 ; loss: 0.721
2018-03-22 03:35:02,592:INFO: - Eval metrics : accuracy: 0.353 ; loss: 3.131
2018-03-22 03:35:02,637:INFO: Epoch 80/100
2018-03-22 03:35:31,006:INFO: - Train metrics: accuracy: 0.786 ; loss: 0.872
2018-03-22 03:35:32,499:INFO: - Eval metrics : accuracy: 0.194 ; loss: 4.605
2018-03-22 03:35:32,542:INFO: Epoch 81/100
2018-03-22 03:36:00,942:INFO: - Train metrics: accuracy: 0.797 ; loss: 0.734
2018-03-22 03:36:02,479:INFO: - Eval metrics : accuracy: 0.602 ; loss: 1.789
2018-03-22 03:36:02,517:INFO: Epoch 82/100
2018-03-22 03:36:30,952:INFO: - Train metrics: accuracy: 0.792 ; loss: 0.888
2018-03-22 03:36:32,434:INFO: - Eval metrics : accuracy: 0.430 ; loss: 2.709
2018-03-22 03:36:32,477:INFO: Epoch 83/100
2018-03-22 03:37:00,788:INFO: - Train metrics: accuracy: 0.807 ; loss: 0.775
2018-03-22 03:37:02,275:INFO: - Eval metrics : accuracy: 0.607 ; loss: 1.732
2018-03-22 03:37:02,319:INFO: Epoch 84/100
2018-03-22 03:37:30,600:INFO: - Train metrics: accuracy: 0.828 ; loss: 0.678
2018-03-22 03:37:32,093:INFO: - Eval metrics : accuracy: 0.598 ; loss: 1.782
2018-03-22 03:37:32,136:INFO: Epoch 85/100
2018-03-22 03:38:00,459:INFO: - Train metrics: accuracy: 0.833 ; loss: 0.742
2018-03-22 03:38:01,943:INFO: - Eval metrics : accuracy: 0.434 ; loss: 2.728
2018-03-22 03:38:01,981:INFO: Epoch 86/100
2018-03-22 03:38:30,366:INFO: - Train metrics: accuracy: 0.802 ; loss: 0.711
2018-03-22 03:38:31,859:INFO: - Eval metrics : accuracy: 0.604 ; loss: 1.793
2018-03-22 03:38:31,910:INFO: Epoch 87/100
2018-03-22 03:39:00,298:INFO: - Train metrics: accuracy: 0.802 ; loss: 0.726
2018-03-22 03:39:01,825:INFO: - Eval metrics : accuracy: 0.491 ; loss: 2.395
2018-03-22 03:39:01,868:INFO: Epoch 88/100
2018-03-22 03:39:30,211:INFO: - Train metrics: accuracy: 0.823 ; loss: 0.716
2018-03-22 03:39:31,757:INFO: - Eval metrics : accuracy: 0.490 ; loss: 2.329
2018-03-22 03:39:31,801:INFO: Epoch 89/100
2018-03-22 03:40:00,248:INFO: - Train metrics: accuracy: 0.812 ; loss: 0.700
2018-03-22 03:40:01,750:INFO: - Eval metrics : accuracy: 0.399 ; loss: 2.919
2018-03-22 03:40:01,795:INFO: Epoch 90/100
2018-03-22 03:40:30,124:INFO: - Train metrics: accuracy: 0.802 ; loss: 0.827
2018-03-22 03:40:31,616:INFO: - Eval metrics : accuracy: 0.615 ; loss: 1.708
2018-03-22 03:40:31,698:INFO: - Found new best accuracy
2018-03-22 03:40:31,698:INFO: Epoch 91/100
2018-03-22 03:40:59,996:INFO: - Train metrics: accuracy: 0.854 ; loss: 0.685
2018-03-22 03:41:01,527:INFO: - Eval metrics : accuracy: 0.539 ; loss: 2.091
2018-03-22 03:41:01,573:INFO: Epoch 92/100
2018-03-22 03:41:29,993:INFO: - Train metrics: accuracy: 0.833 ; loss: 0.647
2018-03-22 03:41:31,481:INFO: - Eval metrics : accuracy: 0.601 ; loss: 1.746
2018-03-22 03:41:31,525:INFO: Epoch 93/100
2018-03-22 03:41:59,847:INFO: - Train metrics: accuracy: 0.802 ; loss: 0.859
2018-03-22 03:42:01,358:INFO: - Eval metrics : accuracy: 0.391 ; loss: 2.905
2018-03-22 03:42:01,403:INFO: Epoch 94/100
2018-03-22 03:42:29,788:INFO: - Train metrics: accuracy: 0.807 ; loss: 0.768
2018-03-22 03:42:31,283:INFO: - Eval metrics : accuracy: 0.607 ; loss: 1.709
2018-03-22 03:42:31,323:INFO: Epoch 95/100
2018-03-22 03:42:59,641:INFO: - Train metrics: accuracy: 0.823 ; loss: 0.732
2018-03-22 03:43:01,190:INFO: - Eval metrics : accuracy: 0.571 ; loss: 1.909
2018-03-22 03:43:01,233:INFO: Epoch 96/100
2018-03-22 03:43:29,554:INFO: - Train metrics: accuracy: 0.828 ; loss: 0.706
2018-03-22 03:43:31,074:INFO: - Eval metrics : accuracy: 0.610 ; loss: 1.738
2018-03-22 03:43:31,119:INFO: Epoch 97/100
2018-03-22 03:43:59,407:INFO: - Train metrics: accuracy: 0.854 ; loss: 0.690
2018-03-22 03:44:00,887:INFO: - Eval metrics : accuracy: 0.375 ; loss: 3.025
2018-03-22 03:44:00,931:INFO: Epoch 98/100
2018-03-22 03:44:29,249:INFO: - Train metrics: accuracy: 0.891 ; loss: 0.551
2018-03-22 03:44:30,782:INFO: - Eval metrics : accuracy: 0.384 ; loss: 3.050
2018-03-22 03:44:30,824:INFO: Epoch 99/100
2018-03-22 03:44:59,214:INFO: - Train metrics: accuracy: 0.854 ; loss: 0.645
2018-03-22 03:45:00,725:INFO: - Eval metrics : accuracy: 0.377 ; loss: 3.043
2018-03-22 03:45:00,769:INFO: Epoch 100/100
2018-03-22 03:45:29,161:INFO: - Train metrics: accuracy: 0.849 ; loss: 0.606
2018-03-22 03:45:30,658:INFO: - Eval metrics : accuracy: 0.571 ; loss: 1.940
