2018-03-20 12:45:19,127:INFO: Loading the datasets...
2018-03-20 12:45:19,191:INFO: - done.
2018-03-20 12:45:21,450:INFO: Starting training for 50 epoch(s)
2018-03-20 12:45:21,450:INFO: Epoch 1/50
2018-03-20 12:45:35,286:INFO: - Train metrics: accuracy: 0.035 ; loss: 5.341
2018-03-20 12:45:35,988:INFO: - Eval metrics : accuracy: 0.021 ; loss: 5.202
2018-03-20 12:45:36,006:INFO: - Found new lowest loss
2018-03-20 12:45:36,006:INFO: Epoch 2/50
2018-03-20 12:45:49,274:INFO: - Train metrics: accuracy: 0.066 ; loss: 4.588
2018-03-20 12:45:49,974:INFO: - Eval metrics : accuracy: 0.044 ; loss: 4.842
2018-03-20 12:45:50,002:INFO: - Found new lowest loss
2018-03-20 12:45:50,003:INFO: Epoch 3/50
2018-03-20 12:46:03,392:INFO: - Train metrics: accuracy: 0.137 ; loss: 3.901
2018-03-20 12:46:04,124:INFO: - Eval metrics : accuracy: 0.195 ; loss: 3.925
2018-03-20 12:46:04,153:INFO: - Found new lowest loss
2018-03-20 12:46:04,154:INFO: Epoch 4/50
2018-03-20 12:46:17,532:INFO: - Train metrics: accuracy: 0.246 ; loss: 3.427
2018-03-20 12:46:18,249:INFO: - Eval metrics : accuracy: 0.010 ; loss: 8.118
2018-03-20 12:46:18,269:INFO: Epoch 5/50
2018-03-20 12:46:31,556:INFO: - Train metrics: accuracy: 0.316 ; loss: 3.078
2018-03-20 12:46:32,280:INFO: - Eval metrics : accuracy: 0.152 ; loss: 3.959
2018-03-20 12:46:32,295:INFO: Epoch 6/50
2018-03-20 12:46:45,579:INFO: - Train metrics: accuracy: 0.316 ; loss: 3.031
2018-03-20 12:46:46,262:INFO: - Eval metrics : accuracy: 0.017 ; loss: 7.380
2018-03-20 12:46:46,277:INFO: Epoch 7/50
2018-03-20 12:46:59,697:INFO: - Train metrics: accuracy: 0.336 ; loss: 2.854
2018-03-20 12:47:00,396:INFO: - Eval metrics : accuracy: 0.196 ; loss: 3.783
2018-03-20 12:47:00,423:INFO: - Found new lowest loss
2018-03-20 12:47:00,424:INFO: Epoch 8/50
2018-03-20 12:47:13,663:INFO: - Train metrics: accuracy: 0.398 ; loss: 2.572
2018-03-20 12:47:14,361:INFO: - Eval metrics : accuracy: 0.150 ; loss: 4.300
2018-03-20 12:47:14,381:INFO: Epoch 9/50
2018-03-20 12:47:27,725:INFO: - Train metrics: accuracy: 0.445 ; loss: 2.275
2018-03-20 12:47:28,419:INFO: - Eval metrics : accuracy: 0.034 ; loss: 6.795
2018-03-20 12:47:28,444:INFO: Epoch 10/50
2018-03-20 12:47:41,741:INFO: - Train metrics: accuracy: 0.402 ; loss: 2.343
2018-03-20 12:47:42,458:INFO: - Eval metrics : accuracy: 0.106 ; loss: 4.977
2018-03-20 12:47:42,477:INFO: Epoch 11/50
2018-03-20 12:47:55,874:INFO: - Train metrics: accuracy: 0.465 ; loss: 2.177
2018-03-20 12:47:56,581:INFO: - Eval metrics : accuracy: 0.317 ; loss: 3.050
2018-03-20 12:47:56,607:INFO: - Found new lowest loss
2018-03-20 12:47:56,608:INFO: Epoch 12/50
2018-03-20 12:48:09,969:INFO: - Train metrics: accuracy: 0.457 ; loss: 2.163
2018-03-20 12:48:10,668:INFO: - Eval metrics : accuracy: 0.472 ; loss: 2.194
2018-03-20 12:48:10,697:INFO: - Found new lowest loss
2018-03-20 12:48:10,698:INFO: Epoch 13/50
2018-03-20 12:48:24,052:INFO: - Train metrics: accuracy: 0.559 ; loss: 1.903
2018-03-20 12:48:24,779:INFO: - Eval metrics : accuracy: 0.087 ; loss: 6.068
2018-03-20 12:48:24,790:INFO: Epoch 14/50
2018-03-20 12:48:38,235:INFO: - Train metrics: accuracy: 0.531 ; loss: 1.763
2018-03-20 12:48:38,954:INFO: - Eval metrics : accuracy: 0.232 ; loss: 3.455
2018-03-20 12:48:38,977:INFO: Epoch 15/50
2018-03-20 12:48:52,250:INFO: - Train metrics: accuracy: 0.562 ; loss: 1.770
2018-03-20 12:48:52,961:INFO: - Eval metrics : accuracy: 0.250 ; loss: 3.540
2018-03-20 12:48:52,976:INFO: Epoch 16/50
2018-03-20 12:49:06,315:INFO: - Train metrics: accuracy: 0.574 ; loss: 1.697
2018-03-20 12:49:07,038:INFO: - Eval metrics : accuracy: 0.521 ; loss: 2.034
2018-03-20 12:49:07,066:INFO: - Found new lowest loss
2018-03-20 12:49:07,067:INFO: Epoch 17/50
2018-03-20 12:49:20,568:INFO: - Train metrics: accuracy: 0.629 ; loss: 1.574
2018-03-20 12:49:21,280:INFO: - Eval metrics : accuracy: 0.164 ; loss: 4.397
2018-03-20 12:49:21,297:INFO: Epoch 18/50
2018-03-20 12:49:34,631:INFO: - Train metrics: accuracy: 0.590 ; loss: 1.682
2018-03-20 12:49:35,376:INFO: - Eval metrics : accuracy: 0.184 ; loss: 4.062
2018-03-20 12:49:35,391:INFO: Epoch 19/50
2018-03-20 12:49:48,626:INFO: - Train metrics: accuracy: 0.586 ; loss: 1.630
2018-03-20 12:49:49,348:INFO: - Eval metrics : accuracy: 0.319 ; loss: 3.112
2018-03-20 12:49:49,364:INFO: Epoch 20/50
2018-03-20 12:50:02,633:INFO: - Train metrics: accuracy: 0.562 ; loss: 1.725
2018-03-20 12:50:03,363:INFO: - Eval metrics : accuracy: 0.123 ; loss: 5.195
2018-03-20 12:50:03,385:INFO: Epoch 21/50
2018-03-20 12:50:16,749:INFO: - Train metrics: accuracy: 0.629 ; loss: 1.502
2018-03-20 12:50:17,462:INFO: - Eval metrics : accuracy: 0.091 ; loss: 5.931
2018-03-20 12:50:17,481:INFO: Epoch 22/50
2018-03-20 12:50:30,889:INFO: - Train metrics: accuracy: 0.602 ; loss: 1.579
2018-03-20 12:50:31,609:INFO: - Eval metrics : accuracy: 0.599 ; loss: 1.646
2018-03-20 12:50:31,637:INFO: - Found new lowest loss
2018-03-20 12:50:31,638:INFO: Epoch 23/50
2018-03-20 12:50:45,054:INFO: - Train metrics: accuracy: 0.605 ; loss: 1.525
2018-03-20 12:50:45,783:INFO: - Eval metrics : accuracy: 0.596 ; loss: 1.610
2018-03-20 12:50:45,810:INFO: - Found new lowest loss
2018-03-20 12:50:45,810:INFO: Epoch 24/50
2018-03-20 12:50:59,185:INFO: - Train metrics: accuracy: 0.645 ; loss: 1.371
2018-03-20 12:50:59,879:INFO: - Eval metrics : accuracy: 0.627 ; loss: 1.427
2018-03-20 12:50:59,907:INFO: - Found new lowest loss
2018-03-20 12:50:59,907:INFO: Epoch 25/50
2018-03-20 12:51:13,308:INFO: - Train metrics: accuracy: 0.605 ; loss: 1.602
2018-03-20 12:51:14,024:INFO: - Eval metrics : accuracy: 0.218 ; loss: 3.926
2018-03-20 12:51:14,040:INFO: Epoch 26/50
2018-03-20 12:51:27,278:INFO: - Train metrics: accuracy: 0.621 ; loss: 1.491
2018-03-20 12:51:27,979:INFO: - Eval metrics : accuracy: 0.126 ; loss: 5.143
2018-03-20 12:51:28,001:INFO: Epoch 27/50
2018-03-20 12:51:41,274:INFO: - Train metrics: accuracy: 0.699 ; loss: 1.223
2018-03-20 12:51:42,014:INFO: - Eval metrics : accuracy: 0.518 ; loss: 1.984
2018-03-20 12:51:42,029:INFO: Epoch 28/50
2018-03-20 12:51:55,229:INFO: - Train metrics: accuracy: 0.629 ; loss: 1.453
2018-03-20 12:51:55,953:INFO: - Eval metrics : accuracy: 0.124 ; loss: 5.531
2018-03-20 12:51:55,968:INFO: Epoch 29/50
2018-03-20 12:52:09,348:INFO: - Train metrics: accuracy: 0.648 ; loss: 1.376
2018-03-20 12:52:10,061:INFO: - Eval metrics : accuracy: 0.295 ; loss: 3.263
2018-03-20 12:52:10,077:INFO: Epoch 30/50
2018-03-20 12:52:23,308:INFO: - Train metrics: accuracy: 0.695 ; loss: 1.189
2018-03-20 12:52:24,038:INFO: - Eval metrics : accuracy: 0.492 ; loss: 2.044
2018-03-20 12:52:24,054:INFO: Epoch 31/50
2018-03-20 12:52:37,382:INFO: - Train metrics: accuracy: 0.652 ; loss: 1.236
2018-03-20 12:52:38,095:INFO: - Eval metrics : accuracy: 0.384 ; loss: 2.713
2018-03-20 12:52:38,107:INFO: Epoch 32/50
2018-03-20 12:52:51,441:INFO: - Train metrics: accuracy: 0.645 ; loss: 1.408
2018-03-20 12:52:52,147:INFO: - Eval metrics : accuracy: 0.204 ; loss: 4.181
2018-03-20 12:52:52,164:INFO: Epoch 33/50
2018-03-20 12:53:05,567:INFO: - Train metrics: accuracy: 0.711 ; loss: 1.162
2018-03-20 12:53:06,306:INFO: - Eval metrics : accuracy: 0.033 ; loss: 9.707
2018-03-20 12:53:06,322:INFO: Epoch 34/50
2018-03-20 12:53:19,708:INFO: - Train metrics: accuracy: 0.664 ; loss: 1.304
2018-03-20 12:53:20,432:INFO: - Eval metrics : accuracy: 0.106 ; loss: 5.858
2018-03-20 12:53:20,448:INFO: Epoch 35/50
2018-03-20 12:53:33,825:INFO: - Train metrics: accuracy: 0.684 ; loss: 1.124
2018-03-20 12:53:34,558:INFO: - Eval metrics : accuracy: 0.313 ; loss: 3.074
2018-03-20 12:53:34,584:INFO: Epoch 36/50
2018-03-20 12:53:47,997:INFO: - Train metrics: accuracy: 0.633 ; loss: 1.263
2018-03-20 12:53:48,706:INFO: - Eval metrics : accuracy: 0.199 ; loss: 4.343
2018-03-20 12:53:48,725:INFO: Epoch 37/50
2018-03-20 12:54:01,980:INFO: - Train metrics: accuracy: 0.684 ; loss: 1.227
2018-03-20 12:54:02,705:INFO: - Eval metrics : accuracy: 0.414 ; loss: 2.506
2018-03-20 12:54:02,720:INFO: Epoch 38/50
2018-03-20 12:54:16,117:INFO: - Train metrics: accuracy: 0.688 ; loss: 1.228
2018-03-20 12:54:16,835:INFO: - Eval metrics : accuracy: 0.080 ; loss: 7.229
2018-03-20 12:54:16,853:INFO: Epoch 39/50
2018-03-20 12:54:30,107:INFO: - Train metrics: accuracy: 0.688 ; loss: 1.205
2018-03-20 12:54:30,823:INFO: - Eval metrics : accuracy: 0.265 ; loss: 3.415
2018-03-20 12:54:30,839:INFO: Epoch 40/50
2018-03-20 12:54:44,263:INFO: - Train metrics: accuracy: 0.656 ; loss: 1.264
2018-03-20 12:54:44,989:INFO: - Eval metrics : accuracy: 0.344 ; loss: 2.941
2018-03-20 12:54:45,005:INFO: Epoch 41/50
2018-03-20 12:54:58,530:INFO: - Train metrics: accuracy: 0.727 ; loss: 1.119
2018-03-20 12:54:59,222:INFO: - Eval metrics : accuracy: 0.178 ; loss: 3.993
2018-03-20 12:54:59,238:INFO: Epoch 42/50
2018-03-20 12:55:12,636:INFO: - Train metrics: accuracy: 0.637 ; loss: 1.332
2018-03-20 12:55:13,340:INFO: - Eval metrics : accuracy: 0.411 ; loss: 2.508
2018-03-20 12:55:13,355:INFO: Epoch 43/50
2018-03-20 12:55:26,814:INFO: - Train metrics: accuracy: 0.703 ; loss: 1.157
2018-03-20 12:55:27,529:INFO: - Eval metrics : accuracy: 0.123 ; loss: 5.226
2018-03-20 12:55:27,544:INFO: Epoch 44/50
2018-03-20 12:55:40,850:INFO: - Train metrics: accuracy: 0.707 ; loss: 1.109
2018-03-20 12:55:41,559:INFO: - Eval metrics : accuracy: 0.100 ; loss: 6.605
2018-03-20 12:55:41,574:INFO: Epoch 45/50
2018-03-20 12:55:54,946:INFO: - Train metrics: accuracy: 0.715 ; loss: 1.055
2018-03-20 12:55:55,643:INFO: - Eval metrics : accuracy: 0.565 ; loss: 1.655
2018-03-20 12:55:55,658:INFO: Epoch 46/50
2018-03-20 12:56:09,059:INFO: - Train metrics: accuracy: 0.688 ; loss: 1.112
2018-03-20 12:56:09,759:INFO: - Eval metrics : accuracy: 0.137 ; loss: 4.632
2018-03-20 12:56:09,781:INFO: Epoch 47/50
2018-03-20 12:56:23,222:INFO: - Train metrics: accuracy: 0.754 ; loss: 0.964
2018-03-20 12:56:23,922:INFO: - Eval metrics : accuracy: 0.677 ; loss: 1.270
2018-03-20 12:56:23,950:INFO: - Found new lowest loss
2018-03-20 12:56:23,951:INFO: Epoch 48/50
2018-03-20 12:56:37,341:INFO: - Train metrics: accuracy: 0.734 ; loss: 0.964
2018-03-20 12:56:38,071:INFO: - Eval metrics : accuracy: 0.266 ; loss: 3.783
2018-03-20 12:56:38,086:INFO: Epoch 49/50
2018-03-20 12:56:51,337:INFO: - Train metrics: accuracy: 0.730 ; loss: 1.053
2018-03-20 12:56:52,020:INFO: - Eval metrics : accuracy: 0.439 ; loss: 2.327
2018-03-20 12:56:52,037:INFO: Epoch 50/50
2018-03-20 12:57:05,297:INFO: - Train metrics: accuracy: 0.703 ; loss: 1.070
2018-03-20 12:57:06,012:INFO: - Eval metrics : accuracy: 0.409 ; loss: 2.532
