2018-03-20 17:24:12,280:INFO: Loading the datasets...
2018-03-20 17:24:12,342:INFO: - done.
2018-03-20 17:24:14,607:INFO: Starting training for 120 epoch(s)
2018-03-20 17:24:14,607:INFO: Epoch 1/120
2018-03-20 17:24:27,168:INFO: - Train metrics: accuracy: 0.016 ; loss: 5.975
2018-03-20 17:24:27,818:INFO: - Eval metrics : accuracy: 0.064 ; loss: 5.394
2018-03-20 17:24:27,837:INFO: - Found new lowest loss
2018-03-20 17:24:27,838:INFO: Epoch 2/120
2018-03-20 17:24:39,712:INFO: - Train metrics: accuracy: 0.078 ; loss: 5.191
2018-03-20 17:24:40,374:INFO: - Eval metrics : accuracy: 0.121 ; loss: 4.769
2018-03-20 17:24:40,402:INFO: - Found new lowest loss
2018-03-20 17:24:40,403:INFO: Epoch 3/120
2018-03-20 17:24:52,304:INFO: - Train metrics: accuracy: 0.117 ; loss: 4.576
2018-03-20 17:24:52,952:INFO: - Eval metrics : accuracy: 0.134 ; loss: 4.721
2018-03-20 17:24:52,985:INFO: - Found new lowest loss
2018-03-20 17:24:52,986:INFO: Epoch 4/120
2018-03-20 17:25:04,827:INFO: - Train metrics: accuracy: 0.164 ; loss: 4.315
2018-03-20 17:25:05,462:INFO: - Eval metrics : accuracy: 0.039 ; loss: 5.696
2018-03-20 17:25:05,496:INFO: Epoch 5/120
2018-03-20 17:25:17,342:INFO: - Train metrics: accuracy: 0.281 ; loss: 3.636
2018-03-20 17:25:18,011:INFO: - Eval metrics : accuracy: 0.033 ; loss: 5.893
2018-03-20 17:25:18,027:INFO: Epoch 6/120
2018-03-20 17:25:29,887:INFO: - Train metrics: accuracy: 0.340 ; loss: 3.311
2018-03-20 17:25:30,539:INFO: - Eval metrics : accuracy: 0.009 ; loss: 7.973
2018-03-20 17:25:30,551:INFO: Epoch 7/120
2018-03-20 17:25:42,429:INFO: - Train metrics: accuracy: 0.277 ; loss: 3.335
2018-03-20 17:25:43,094:INFO: - Eval metrics : accuracy: 0.318 ; loss: 3.304
2018-03-20 17:25:43,121:INFO: - Found new lowest loss
2018-03-20 17:25:43,122:INFO: Epoch 8/120
2018-03-20 17:25:54,951:INFO: - Train metrics: accuracy: 0.367 ; loss: 2.880
2018-03-20 17:25:55,599:INFO: - Eval metrics : accuracy: 0.315 ; loss: 3.255
2018-03-20 17:25:55,624:INFO: - Found new lowest loss
2018-03-20 17:25:55,625:INFO: Epoch 9/120
2018-03-20 17:26:07,460:INFO: - Train metrics: accuracy: 0.387 ; loss: 2.837
2018-03-20 17:26:08,106:INFO: - Eval metrics : accuracy: 0.125 ; loss: 5.054
2018-03-20 17:26:08,138:INFO: Epoch 10/120
2018-03-20 17:26:19,963:INFO: - Train metrics: accuracy: 0.414 ; loss: 2.691
2018-03-20 17:26:20,639:INFO: - Eval metrics : accuracy: 0.390 ; loss: 2.912
2018-03-20 17:26:20,664:INFO: - Found new lowest loss
2018-03-20 17:26:20,664:INFO: Epoch 11/120
2018-03-20 17:26:32,494:INFO: - Train metrics: accuracy: 0.480 ; loss: 2.360
2018-03-20 17:26:33,130:INFO: - Eval metrics : accuracy: 0.273 ; loss: 3.505
2018-03-20 17:26:33,148:INFO: Epoch 12/120
2018-03-20 17:26:45,027:INFO: - Train metrics: accuracy: 0.477 ; loss: 2.392
2018-03-20 17:26:45,669:INFO: - Eval metrics : accuracy: 0.197 ; loss: 4.233
2018-03-20 17:26:45,687:INFO: Epoch 13/120
2018-03-20 17:26:57,534:INFO: - Train metrics: accuracy: 0.508 ; loss: 2.279
2018-03-20 17:26:58,191:INFO: - Eval metrics : accuracy: 0.316 ; loss: 3.432
2018-03-20 17:26:58,207:INFO: Epoch 14/120
2018-03-20 17:27:10,064:INFO: - Train metrics: accuracy: 0.527 ; loss: 2.087
2018-03-20 17:27:10,714:INFO: - Eval metrics : accuracy: 0.244 ; loss: 3.800
2018-03-20 17:27:10,730:INFO: Epoch 15/120
2018-03-20 17:27:22,583:INFO: - Train metrics: accuracy: 0.512 ; loss: 2.120
2018-03-20 17:27:23,245:INFO: - Eval metrics : accuracy: 0.122 ; loss: 5.585
2018-03-20 17:27:23,268:INFO: Epoch 16/120
2018-03-20 17:27:35,080:INFO: - Train metrics: accuracy: 0.609 ; loss: 1.826
2018-03-20 17:27:35,739:INFO: - Eval metrics : accuracy: 0.114 ; loss: 5.610
2018-03-20 17:27:35,777:INFO: Epoch 17/120
2018-03-20 17:27:47,583:INFO: - Train metrics: accuracy: 0.527 ; loss: 2.060
2018-03-20 17:27:48,259:INFO: - Eval metrics : accuracy: 0.367 ; loss: 2.996
2018-03-20 17:27:48,286:INFO: Epoch 18/120
2018-03-20 17:28:00,129:INFO: - Train metrics: accuracy: 0.566 ; loss: 1.861
2018-03-20 17:28:00,795:INFO: - Eval metrics : accuracy: 0.363 ; loss: 2.959
2018-03-20 17:28:00,821:INFO: Epoch 19/120
2018-03-20 17:28:12,762:INFO: - Train metrics: accuracy: 0.645 ; loss: 1.540
2018-03-20 17:28:13,428:INFO: - Eval metrics : accuracy: 0.153 ; loss: 5.549
2018-03-20 17:28:13,444:INFO: Epoch 20/120
2018-03-20 17:28:25,339:INFO: - Train metrics: accuracy: 0.562 ; loss: 1.928
2018-03-20 17:28:26,006:INFO: - Eval metrics : accuracy: 0.317 ; loss: 3.231
2018-03-20 17:28:26,029:INFO: Epoch 21/120
2018-03-20 17:28:37,836:INFO: - Train metrics: accuracy: 0.637 ; loss: 1.556
2018-03-20 17:28:38,478:INFO: - Eval metrics : accuracy: 0.409 ; loss: 2.723
2018-03-20 17:28:38,506:INFO: - Found new lowest loss
2018-03-20 17:28:38,507:INFO: Epoch 22/120
2018-03-20 17:28:50,315:INFO: - Train metrics: accuracy: 0.605 ; loss: 1.653
2018-03-20 17:28:50,956:INFO: - Eval metrics : accuracy: 0.404 ; loss: 2.769
2018-03-20 17:28:50,971:INFO: Epoch 23/120
2018-03-20 17:29:02,788:INFO: - Train metrics: accuracy: 0.648 ; loss: 1.588
2018-03-20 17:29:03,435:INFO: - Eval metrics : accuracy: 0.430 ; loss: 2.801
2018-03-20 17:29:03,453:INFO: Epoch 24/120
2018-03-20 17:29:15,323:INFO: - Train metrics: accuracy: 0.676 ; loss: 1.438
2018-03-20 17:29:15,970:INFO: - Eval metrics : accuracy: 0.530 ; loss: 2.072
2018-03-20 17:29:16,004:INFO: - Found new lowest loss
2018-03-20 17:29:16,004:INFO: Epoch 25/120
2018-03-20 17:29:27,808:INFO: - Train metrics: accuracy: 0.652 ; loss: 1.506
2018-03-20 17:29:28,482:INFO: - Eval metrics : accuracy: 0.496 ; loss: 2.214
2018-03-20 17:29:28,500:INFO: Epoch 26/120
2018-03-20 17:29:40,311:INFO: - Train metrics: accuracy: 0.633 ; loss: 1.473
2018-03-20 17:29:40,966:INFO: - Eval metrics : accuracy: 0.074 ; loss: 6.897
2018-03-20 17:29:40,981:INFO: Epoch 27/120
2018-03-20 17:29:52,875:INFO: - Train metrics: accuracy: 0.652 ; loss: 1.443
2018-03-20 17:29:53,534:INFO: - Eval metrics : accuracy: 0.535 ; loss: 1.930
2018-03-20 17:29:53,570:INFO: - Found new lowest loss
2018-03-20 17:29:53,570:INFO: Epoch 28/120
2018-03-20 17:30:05,392:INFO: - Train metrics: accuracy: 0.668 ; loss: 1.409
2018-03-20 17:30:06,044:INFO: - Eval metrics : accuracy: 0.209 ; loss: 4.700
2018-03-20 17:30:06,060:INFO: Epoch 29/120
2018-03-20 17:30:17,879:INFO: - Train metrics: accuracy: 0.691 ; loss: 1.412
2018-03-20 17:30:18,511:INFO: - Eval metrics : accuracy: 0.398 ; loss: 2.931
2018-03-20 17:30:18,529:INFO: Epoch 30/120
2018-03-20 17:30:30,325:INFO: - Train metrics: accuracy: 0.688 ; loss: 1.295
2018-03-20 17:30:31,010:INFO: - Eval metrics : accuracy: 0.660 ; loss: 1.410
2018-03-20 17:30:31,039:INFO: - Found new lowest loss
2018-03-20 17:30:31,039:INFO: Epoch 31/120
2018-03-20 17:30:42,917:INFO: - Train metrics: accuracy: 0.719 ; loss: 1.243
2018-03-20 17:30:43,601:INFO: - Eval metrics : accuracy: 0.783 ; loss: 0.959
2018-03-20 17:30:43,630:INFO: - Found new lowest loss
2018-03-20 17:30:43,631:INFO: Epoch 32/120
2018-03-20 17:30:55,470:INFO: - Train metrics: accuracy: 0.680 ; loss: 1.283
2018-03-20 17:30:56,110:INFO: - Eval metrics : accuracy: 0.142 ; loss: 5.521
2018-03-20 17:30:56,137:INFO: Epoch 33/120
2018-03-20 17:31:07,966:INFO: - Train metrics: accuracy: 0.719 ; loss: 1.225
2018-03-20 17:31:08,609:INFO: - Eval metrics : accuracy: 0.246 ; loss: 4.295
2018-03-20 17:31:08,621:INFO: Epoch 34/120
2018-03-20 17:31:20,443:INFO: - Train metrics: accuracy: 0.727 ; loss: 1.087
2018-03-20 17:31:21,086:INFO: - Eval metrics : accuracy: 0.105 ; loss: 6.136
2018-03-20 17:31:21,101:INFO: Epoch 35/120
2018-03-20 17:31:32,963:INFO: - Train metrics: accuracy: 0.691 ; loss: 1.204
2018-03-20 17:31:33,626:INFO: - Eval metrics : accuracy: 0.600 ; loss: 1.822
2018-03-20 17:31:33,645:INFO: Epoch 36/120
2018-03-20 17:31:45,470:INFO: - Train metrics: accuracy: 0.656 ; loss: 1.287
2018-03-20 17:31:46,097:INFO: - Eval metrics : accuracy: 0.184 ; loss: 5.314
2018-03-20 17:31:46,113:INFO: Epoch 37/120
2018-03-20 17:31:57,944:INFO: - Train metrics: accuracy: 0.727 ; loss: 1.166
2018-03-20 17:31:58,591:INFO: - Eval metrics : accuracy: 0.402 ; loss: 2.752
2018-03-20 17:31:58,604:INFO: Epoch 38/120
2018-03-20 17:32:10,454:INFO: - Train metrics: accuracy: 0.730 ; loss: 1.116
2018-03-20 17:32:11,112:INFO: - Eval metrics : accuracy: 0.336 ; loss: 3.215
2018-03-20 17:32:11,130:INFO: Epoch 39/120
2018-03-20 17:32:22,972:INFO: - Train metrics: accuracy: 0.785 ; loss: 0.898
2018-03-20 17:32:23,599:INFO: - Eval metrics : accuracy: 0.222 ; loss: 4.308
2018-03-20 17:32:23,621:INFO: Epoch 40/120
2018-03-20 17:32:35,481:INFO: - Train metrics: accuracy: 0.762 ; loss: 1.037
2018-03-20 17:32:36,135:INFO: - Eval metrics : accuracy: 0.380 ; loss: 2.920
2018-03-20 17:32:36,147:INFO: Epoch 41/120
2018-03-20 17:32:48,029:INFO: - Train metrics: accuracy: 0.801 ; loss: 0.835
2018-03-20 17:32:48,658:INFO: - Eval metrics : accuracy: 0.602 ; loss: 1.620
2018-03-20 17:32:48,670:INFO: Epoch 42/120
2018-03-20 17:33:00,445:INFO: - Train metrics: accuracy: 0.773 ; loss: 0.902
2018-03-20 17:33:01,108:INFO: - Eval metrics : accuracy: 0.321 ; loss: 3.533
2018-03-20 17:33:01,140:INFO: Epoch 43/120
2018-03-20 17:33:12,885:INFO: - Train metrics: accuracy: 0.762 ; loss: 1.041
2018-03-20 17:33:13,519:INFO: - Eval metrics : accuracy: 0.627 ; loss: 1.586
2018-03-20 17:33:13,530:INFO: Epoch 44/120
2018-03-20 17:33:25,346:INFO: - Train metrics: accuracy: 0.777 ; loss: 0.959
2018-03-20 17:33:26,009:INFO: - Eval metrics : accuracy: 0.193 ; loss: 4.818
2018-03-20 17:33:26,025:INFO: Epoch 45/120
2018-03-20 17:33:37,887:INFO: - Train metrics: accuracy: 0.781 ; loss: 0.927
2018-03-20 17:33:38,545:INFO: - Eval metrics : accuracy: 0.643 ; loss: 1.493
2018-03-20 17:33:38,561:INFO: Epoch 46/120
2018-03-20 17:33:50,442:INFO: - Train metrics: accuracy: 0.789 ; loss: 0.896
2018-03-20 17:33:51,105:INFO: - Eval metrics : accuracy: 0.460 ; loss: 2.421
2018-03-20 17:33:51,121:INFO: Epoch 47/120
2018-03-20 17:34:02,960:INFO: - Train metrics: accuracy: 0.754 ; loss: 1.005
2018-03-20 17:34:03,597:INFO: - Eval metrics : accuracy: 0.701 ; loss: 1.214
2018-03-20 17:34:03,624:INFO: Epoch 48/120
2018-03-20 17:34:15,497:INFO: - Train metrics: accuracy: 0.809 ; loss: 0.909
2018-03-20 17:34:16,152:INFO: - Eval metrics : accuracy: 0.378 ; loss: 2.960
2018-03-20 17:34:16,168:INFO: Epoch 49/120
2018-03-20 17:34:27,939:INFO: - Train metrics: accuracy: 0.805 ; loss: 0.861
2018-03-20 17:34:28,621:INFO: - Eval metrics : accuracy: 0.388 ; loss: 3.177
2018-03-20 17:34:28,637:INFO: Epoch 50/120
2018-03-20 17:34:40,495:INFO: - Train metrics: accuracy: 0.809 ; loss: 0.784
2018-03-20 17:34:41,150:INFO: - Eval metrics : accuracy: 0.308 ; loss: 3.557
2018-03-20 17:34:41,184:INFO: Epoch 51/120
2018-03-20 17:34:52,965:INFO: - Train metrics: accuracy: 0.816 ; loss: 0.812
2018-03-20 17:34:53,588:INFO: - Eval metrics : accuracy: 0.295 ; loss: 3.546
2018-03-20 17:34:53,609:INFO: Epoch 52/120
2018-03-20 17:35:05,474:INFO: - Train metrics: accuracy: 0.766 ; loss: 1.031
2018-03-20 17:35:06,115:INFO: - Eval metrics : accuracy: 0.658 ; loss: 1.406
2018-03-20 17:35:06,141:INFO: Epoch 53/120
2018-03-20 17:35:17,911:INFO: - Train metrics: accuracy: 0.852 ; loss: 0.688
2018-03-20 17:35:18,542:INFO: - Eval metrics : accuracy: 0.270 ; loss: 3.760
2018-03-20 17:35:18,572:INFO: Epoch 54/120
2018-03-20 17:35:30,413:INFO: - Train metrics: accuracy: 0.824 ; loss: 0.746
2018-03-20 17:35:31,062:INFO: - Eval metrics : accuracy: 0.433 ; loss: 2.850
2018-03-20 17:35:31,100:INFO: Epoch 55/120
2018-03-20 17:35:42,897:INFO: - Train metrics: accuracy: 0.836 ; loss: 0.776
2018-03-20 17:35:43,546:INFO: - Eval metrics : accuracy: 0.341 ; loss: 3.317
2018-03-20 17:35:43,559:INFO: Epoch 56/120
2018-03-20 17:35:55,404:INFO: - Train metrics: accuracy: 0.777 ; loss: 0.886
2018-03-20 17:35:56,047:INFO: - Eval metrics : accuracy: 0.682 ; loss: 1.302
2018-03-20 17:35:56,072:INFO: Epoch 57/120
2018-03-20 17:36:07,924:INFO: - Train metrics: accuracy: 0.828 ; loss: 0.717
2018-03-20 17:36:08,573:INFO: - Eval metrics : accuracy: 0.171 ; loss: 4.818
2018-03-20 17:36:08,588:INFO: Epoch 58/120
2018-03-20 17:36:20,411:INFO: - Train metrics: accuracy: 0.855 ; loss: 0.643
2018-03-20 17:36:21,058:INFO: - Eval metrics : accuracy: 0.237 ; loss: 4.255
2018-03-20 17:36:21,074:INFO: Epoch 59/120
2018-03-20 17:36:32,925:INFO: - Train metrics: accuracy: 0.805 ; loss: 0.743
2018-03-20 17:36:33,571:INFO: - Eval metrics : accuracy: 0.027 ; loss: 11.091
2018-03-20 17:36:33,587:INFO: Epoch 60/120
2018-03-20 17:36:45,425:INFO: - Train metrics: accuracy: 0.840 ; loss: 0.660
2018-03-20 17:36:46,072:INFO: - Eval metrics : accuracy: 0.492 ; loss: 2.241
2018-03-20 17:36:46,084:INFO: Epoch 61/120
2018-03-20 17:36:57,863:INFO: - Train metrics: accuracy: 0.836 ; loss: 0.698
2018-03-20 17:36:58,539:INFO: - Eval metrics : accuracy: 0.405 ; loss: 2.861
2018-03-20 17:36:58,561:INFO: Epoch 62/120
2018-03-20 17:37:10,339:INFO: - Train metrics: accuracy: 0.785 ; loss: 0.849
2018-03-20 17:37:10,978:INFO: - Eval metrics : accuracy: 0.628 ; loss: 1.579
2018-03-20 17:37:10,997:INFO: Epoch 63/120
2018-03-20 17:37:22,843:INFO: - Train metrics: accuracy: 0.805 ; loss: 0.762
2018-03-20 17:37:23,493:INFO: - Eval metrics : accuracy: 0.338 ; loss: 4.034
2018-03-20 17:37:23,508:INFO: Epoch 64/120
2018-03-20 17:37:35,324:INFO: - Train metrics: accuracy: 0.824 ; loss: 0.760
2018-03-20 17:37:35,987:INFO: - Eval metrics : accuracy: 0.102 ; loss: 6.649
2018-03-20 17:37:36,009:INFO: Epoch 65/120
2018-03-20 17:37:47,834:INFO: - Train metrics: accuracy: 0.836 ; loss: 0.653
2018-03-20 17:37:48,466:INFO: - Eval metrics : accuracy: 0.724 ; loss: 1.107
2018-03-20 17:37:48,478:INFO: Epoch 66/120
2018-03-20 17:38:00,292:INFO: - Train metrics: accuracy: 0.848 ; loss: 0.634
2018-03-20 17:38:00,954:INFO: - Eval metrics : accuracy: 0.834 ; loss: 0.663
2018-03-20 17:38:00,981:INFO: - Found new lowest loss
2018-03-20 17:38:00,982:INFO: Epoch 67/120
2018-03-20 17:38:12,795:INFO: - Train metrics: accuracy: 0.844 ; loss: 0.660
2018-03-20 17:38:13,462:INFO: - Eval metrics : accuracy: 0.350 ; loss: 3.313
2018-03-20 17:38:13,478:INFO: Epoch 68/120
2018-03-20 17:38:25,281:INFO: - Train metrics: accuracy: 0.816 ; loss: 0.783
2018-03-20 17:38:25,925:INFO: - Eval metrics : accuracy: 0.496 ; loss: 2.361
2018-03-20 17:38:25,940:INFO: Epoch 69/120
2018-03-20 17:38:37,771:INFO: - Train metrics: accuracy: 0.867 ; loss: 0.662
2018-03-20 17:38:38,429:INFO: - Eval metrics : accuracy: 0.624 ; loss: 1.602
2018-03-20 17:38:38,445:INFO: Epoch 70/120
2018-03-20 17:38:50,235:INFO: - Train metrics: accuracy: 0.848 ; loss: 0.664
2018-03-20 17:38:50,876:INFO: - Eval metrics : accuracy: 0.489 ; loss: 2.349
2018-03-20 17:38:50,893:INFO: Epoch 71/120
2018-03-20 17:39:02,721:INFO: - Train metrics: accuracy: 0.848 ; loss: 0.686
2018-03-20 17:39:03,357:INFO: - Eval metrics : accuracy: 0.603 ; loss: 1.709
2018-03-20 17:39:03,373:INFO: Epoch 72/120
2018-03-20 17:39:15,219:INFO: - Train metrics: accuracy: 0.832 ; loss: 0.676
2018-03-20 17:39:15,871:INFO: - Eval metrics : accuracy: 0.366 ; loss: 3.365
2018-03-20 17:39:15,897:INFO: Epoch 73/120
2018-03-20 17:39:27,729:INFO: - Train metrics: accuracy: 0.836 ; loss: 0.627
2018-03-20 17:39:28,387:INFO: - Eval metrics : accuracy: 0.737 ; loss: 1.093
2018-03-20 17:39:28,402:INFO: Epoch 74/120
2018-03-20 17:39:40,218:INFO: - Train metrics: accuracy: 0.844 ; loss: 0.640
2018-03-20 17:39:40,848:INFO: - Eval metrics : accuracy: 0.419 ; loss: 2.993
2018-03-20 17:39:40,896:INFO: Epoch 75/120
2018-03-20 17:39:52,730:INFO: - Train metrics: accuracy: 0.852 ; loss: 0.620
2018-03-20 17:39:53,367:INFO: - Eval metrics : accuracy: 0.495 ; loss: 2.388
2018-03-20 17:39:53,394:INFO: Epoch 76/120
2018-03-20 17:40:05,256:INFO: - Train metrics: accuracy: 0.852 ; loss: 0.657
2018-03-20 17:40:05,887:INFO: - Eval metrics : accuracy: 0.360 ; loss: 3.340
2018-03-20 17:40:05,909:INFO: Epoch 77/120
2018-03-20 17:40:17,726:INFO: - Train metrics: accuracy: 0.820 ; loss: 0.721
2018-03-20 17:40:18,375:INFO: - Eval metrics : accuracy: 0.646 ; loss: 1.552
2018-03-20 17:40:18,391:INFO: Epoch 78/120
2018-03-20 17:40:30,189:INFO: - Train metrics: accuracy: 0.871 ; loss: 0.623
2018-03-20 17:40:30,837:INFO: - Eval metrics : accuracy: 0.667 ; loss: 1.395
2018-03-20 17:40:30,853:INFO: Epoch 79/120
2018-03-20 17:40:42,687:INFO: - Train metrics: accuracy: 0.805 ; loss: 0.735
2018-03-20 17:40:43,311:INFO: - Eval metrics : accuracy: 0.586 ; loss: 1.811
2018-03-20 17:40:43,326:INFO: Epoch 80/120
2018-03-20 17:40:55,195:INFO: - Train metrics: accuracy: 0.891 ; loss: 0.528
2018-03-20 17:40:55,847:INFO: - Eval metrics : accuracy: 0.472 ; loss: 2.354
2018-03-20 17:40:55,869:INFO: Epoch 81/120
2018-03-20 17:41:07,707:INFO: - Train metrics: accuracy: 0.863 ; loss: 0.631
2018-03-20 17:41:08,351:INFO: - Eval metrics : accuracy: 0.608 ; loss: 1.679
2018-03-20 17:41:08,363:INFO: Epoch 82/120
2018-03-20 17:41:20,173:INFO: - Train metrics: accuracy: 0.883 ; loss: 0.605
2018-03-20 17:41:20,841:INFO: - Eval metrics : accuracy: 0.543 ; loss: 2.030
2018-03-20 17:41:20,857:INFO: Epoch 83/120
2018-03-20 17:41:32,688:INFO: - Train metrics: accuracy: 0.816 ; loss: 0.739
2018-03-20 17:41:33,365:INFO: - Eval metrics : accuracy: 0.617 ; loss: 1.666
2018-03-20 17:41:33,377:INFO: Epoch 84/120
2018-03-20 17:41:45,238:INFO: - Train metrics: accuracy: 0.805 ; loss: 0.772
2018-03-20 17:41:45,904:INFO: - Eval metrics : accuracy: 0.641 ; loss: 1.550
2018-03-20 17:41:45,920:INFO: Epoch 85/120
2018-03-20 17:41:57,722:INFO: - Train metrics: accuracy: 0.883 ; loss: 0.541
2018-03-20 17:41:58,377:INFO: - Eval metrics : accuracy: 0.456 ; loss: 2.648
2018-03-20 17:41:58,404:INFO: Epoch 86/120
2018-03-20 17:42:10,198:INFO: - Train metrics: accuracy: 0.863 ; loss: 0.566
2018-03-20 17:42:10,844:INFO: - Eval metrics : accuracy: 0.146 ; loss: 5.174
2018-03-20 17:42:10,860:INFO: Epoch 87/120
2018-03-20 17:42:22,702:INFO: - Train metrics: accuracy: 0.840 ; loss: 0.647
2018-03-20 17:42:23,333:INFO: - Eval metrics : accuracy: 0.432 ; loss: 2.707
2018-03-20 17:42:23,353:INFO: Epoch 88/120
2018-03-20 17:42:35,164:INFO: - Train metrics: accuracy: 0.887 ; loss: 0.562
2018-03-20 17:42:35,795:INFO: - Eval metrics : accuracy: 0.564 ; loss: 2.005
2018-03-20 17:42:35,809:INFO: Epoch 89/120
2018-03-20 17:42:47,585:INFO: - Train metrics: accuracy: 0.863 ; loss: 0.592
2018-03-20 17:42:48,242:INFO: - Eval metrics : accuracy: 0.234 ; loss: 4.502
2018-03-20 17:42:48,272:INFO: Epoch 90/120
2018-03-20 17:43:00,071:INFO: - Train metrics: accuracy: 0.891 ; loss: 0.499
2018-03-20 17:43:00,729:INFO: - Eval metrics : accuracy: 0.231 ; loss: 4.529
2018-03-20 17:43:00,745:INFO: Epoch 91/120
2018-03-20 17:43:12,527:INFO: - Train metrics: accuracy: 0.828 ; loss: 0.728
2018-03-20 17:43:13,163:INFO: - Eval metrics : accuracy: 0.102 ; loss: 6.763
2018-03-20 17:43:13,181:INFO: Epoch 92/120
2018-03-20 17:43:25,059:INFO: - Train metrics: accuracy: 0.898 ; loss: 0.608
2018-03-20 17:43:25,704:INFO: - Eval metrics : accuracy: 0.739 ; loss: 1.049
2018-03-20 17:43:25,720:INFO: Epoch 93/120
2018-03-20 17:43:37,551:INFO: - Train metrics: accuracy: 0.855 ; loss: 0.585
2018-03-20 17:43:38,185:INFO: - Eval metrics : accuracy: 0.700 ; loss: 1.277
2018-03-20 17:43:38,200:INFO: Epoch 94/120
2018-03-20 17:43:50,009:INFO: - Train metrics: accuracy: 0.871 ; loss: 0.573
2018-03-20 17:43:50,663:INFO: - Eval metrics : accuracy: 0.763 ; loss: 0.979
2018-03-20 17:43:50,695:INFO: Epoch 95/120
2018-03-20 17:44:02,491:INFO: - Train metrics: accuracy: 0.914 ; loss: 0.460
2018-03-20 17:44:03,157:INFO: - Eval metrics : accuracy: 0.455 ; loss: 2.684
2018-03-20 17:44:03,172:INFO: Epoch 96/120
2018-03-20 17:44:14,951:INFO: - Train metrics: accuracy: 0.855 ; loss: 0.564
2018-03-20 17:44:15,592:INFO: - Eval metrics : accuracy: 0.171 ; loss: 5.279
2018-03-20 17:44:15,608:INFO: Epoch 97/120
2018-03-20 17:44:27,358:INFO: - Train metrics: accuracy: 0.840 ; loss: 0.629
2018-03-20 17:44:28,026:INFO: - Eval metrics : accuracy: 0.275 ; loss: 3.804
2018-03-20 17:44:28,045:INFO: Epoch 98/120
2018-03-20 17:44:39,902:INFO: - Train metrics: accuracy: 0.859 ; loss: 0.584
2018-03-20 17:44:40,554:INFO: - Eval metrics : accuracy: 0.540 ; loss: 2.037
2018-03-20 17:44:40,569:INFO: Epoch 99/120
2018-03-20 17:44:52,387:INFO: - Train metrics: accuracy: 0.883 ; loss: 0.590
2018-03-20 17:44:53,035:INFO: - Eval metrics : accuracy: 0.293 ; loss: 3.970
2018-03-20 17:44:53,051:INFO: Epoch 100/120
2018-03-20 17:45:04,875:INFO: - Train metrics: accuracy: 0.855 ; loss: 0.644
2018-03-20 17:45:05,546:INFO: - Eval metrics : accuracy: 0.696 ; loss: 1.250
2018-03-20 17:45:05,564:INFO: Epoch 101/120
2018-03-20 17:45:17,378:INFO: - Train metrics: accuracy: 0.887 ; loss: 0.559
2018-03-20 17:45:18,015:INFO: - Eval metrics : accuracy: 0.624 ; loss: 1.643
2018-03-20 17:45:18,031:INFO: Epoch 102/120
2018-03-20 17:45:29,859:INFO: - Train metrics: accuracy: 0.887 ; loss: 0.516
2018-03-20 17:45:30,493:INFO: - Eval metrics : accuracy: 0.515 ; loss: 2.302
2018-03-20 17:45:30,512:INFO: Epoch 103/120
2018-03-20 17:45:42,337:INFO: - Train metrics: accuracy: 0.859 ; loss: 0.655
2018-03-20 17:45:43,009:INFO: - Eval metrics : accuracy: 0.283 ; loss: 5.006
2018-03-20 17:45:43,028:INFO: Epoch 104/120
2018-03-20 17:45:54,839:INFO: - Train metrics: accuracy: 0.918 ; loss: 0.450
2018-03-20 17:45:55,483:INFO: - Eval metrics : accuracy: 0.298 ; loss: 4.457
2018-03-20 17:45:55,496:INFO: Epoch 105/120
2018-03-20 17:46:07,295:INFO: - Train metrics: accuracy: 0.883 ; loss: 0.531
2018-03-20 17:46:07,951:INFO: - Eval metrics : accuracy: 0.860 ; loss: 0.564
2018-03-20 17:46:07,979:INFO: - Found new lowest loss
2018-03-20 17:46:07,980:INFO: Epoch 106/120
2018-03-20 17:46:19,767:INFO: - Train metrics: accuracy: 0.918 ; loss: 0.430
2018-03-20 17:46:20,412:INFO: - Eval metrics : accuracy: 0.843 ; loss: 0.658
2018-03-20 17:46:20,427:INFO: Epoch 107/120
2018-03-20 17:46:32,284:INFO: - Train metrics: accuracy: 0.883 ; loss: 0.527
2018-03-20 17:46:32,962:INFO: - Eval metrics : accuracy: 0.595 ; loss: 1.801
2018-03-20 17:46:32,993:INFO: Epoch 108/120
2018-03-20 17:46:44,852:INFO: - Train metrics: accuracy: 0.871 ; loss: 0.635
2018-03-20 17:46:45,517:INFO: - Eval metrics : accuracy: 0.599 ; loss: 1.700
2018-03-20 17:46:45,541:INFO: Epoch 109/120
2018-03-20 17:46:57,366:INFO: - Train metrics: accuracy: 0.879 ; loss: 0.577
2018-03-20 17:46:58,009:INFO: - Eval metrics : accuracy: 0.646 ; loss: 1.489
2018-03-20 17:46:58,033:INFO: Epoch 110/120
2018-03-20 17:47:09,810:INFO: - Train metrics: accuracy: 0.855 ; loss: 0.629
2018-03-20 17:47:10,432:INFO: - Eval metrics : accuracy: 0.209 ; loss: 4.986
2018-03-20 17:47:10,463:INFO: Epoch 111/120
2018-03-20 17:47:22,272:INFO: - Train metrics: accuracy: 0.895 ; loss: 0.505
2018-03-20 17:47:22,916:INFO: - Eval metrics : accuracy: 0.405 ; loss: 2.960
2018-03-20 17:47:22,932:INFO: Epoch 112/120
2018-03-20 17:47:34,752:INFO: - Train metrics: accuracy: 0.891 ; loss: 0.487
2018-03-20 17:47:35,356:INFO: - Eval metrics : accuracy: 0.215 ; loss: 4.655
2018-03-20 17:47:35,371:INFO: Epoch 113/120
2018-03-20 17:47:47,188:INFO: - Train metrics: accuracy: 0.902 ; loss: 0.467
2018-03-20 17:47:47,841:INFO: - Eval metrics : accuracy: 0.776 ; loss: 0.945
2018-03-20 17:47:47,876:INFO: Epoch 114/120
2018-03-20 17:47:59,636:INFO: - Train metrics: accuracy: 0.855 ; loss: 0.631
2018-03-20 17:48:00,280:INFO: - Eval metrics : accuracy: 0.404 ; loss: 2.805
2018-03-20 17:48:00,296:INFO: Epoch 115/120
2018-03-20 17:48:12,135:INFO: - Train metrics: accuracy: 0.891 ; loss: 0.472
2018-03-20 17:48:12,772:INFO: - Eval metrics : accuracy: 0.747 ; loss: 1.035
2018-03-20 17:48:12,788:INFO: Epoch 116/120
2018-03-20 17:48:24,591:INFO: - Train metrics: accuracy: 0.902 ; loss: 0.486
2018-03-20 17:48:25,238:INFO: - Eval metrics : accuracy: 0.279 ; loss: 3.890
2018-03-20 17:48:25,269:INFO: Epoch 117/120
2018-03-20 17:48:37,047:INFO: - Train metrics: accuracy: 0.875 ; loss: 0.503
2018-03-20 17:48:37,717:INFO: - Eval metrics : accuracy: 0.800 ; loss: 0.893
2018-03-20 17:48:37,741:INFO: Epoch 118/120
2018-03-20 17:48:49,520:INFO: - Train metrics: accuracy: 0.848 ; loss: 0.556
2018-03-20 17:48:50,151:INFO: - Eval metrics : accuracy: 0.692 ; loss: 1.323
2018-03-20 17:48:50,187:INFO: Epoch 119/120
2018-03-20 17:49:01,995:INFO: - Train metrics: accuracy: 0.891 ; loss: 0.498
2018-03-20 17:49:02,676:INFO: - Eval metrics : accuracy: 0.284 ; loss: 4.134
2018-03-20 17:49:02,693:INFO: Epoch 120/120
2018-03-20 17:49:14,522:INFO: - Train metrics: accuracy: 0.859 ; loss: 0.535
2018-03-20 17:49:15,146:INFO: - Eval metrics : accuracy: 0.122 ; loss: 5.799
