2018-03-21 04:02:06,044:INFO: Loading the datasets...
2018-03-21 04:02:06,096:INFO: - done.
2018-03-21 04:02:08,374:INFO: Starting training for 200 epoch(s)
2018-03-21 04:02:08,374:INFO: Epoch 1/200
2018-03-21 04:02:18,506:INFO: - Train metrics: accuracy: 0.004 ; loss: 6.246
2018-03-21 04:02:19,157:INFO: - Eval metrics : accuracy: 0.011 ; loss: 5.843
2018-03-21 04:02:19,178:INFO: - Found new lowest loss
2018-03-21 04:02:19,179:INFO: Epoch 2/200
2018-03-21 04:02:28,560:INFO: - Train metrics: accuracy: 0.016 ; loss: 5.730
2018-03-21 04:02:29,207:INFO: - Eval metrics : accuracy: 0.062 ; loss: 5.408
2018-03-21 04:02:29,235:INFO: - Found new lowest loss
2018-03-21 04:02:29,236:INFO: Epoch 3/200
2018-03-21 04:02:38,593:INFO: - Train metrics: accuracy: 0.051 ; loss: 5.278
2018-03-21 04:02:39,242:INFO: - Eval metrics : accuracy: 0.017 ; loss: 5.727
2018-03-21 04:02:39,258:INFO: Epoch 4/200
2018-03-21 04:02:48,557:INFO: - Train metrics: accuracy: 0.070 ; loss: 5.001
2018-03-21 04:02:49,222:INFO: - Eval metrics : accuracy: 0.137 ; loss: 4.692
2018-03-21 04:02:49,250:INFO: - Found new lowest loss
2018-03-21 04:02:49,251:INFO: Epoch 5/200
2018-03-21 04:02:58,567:INFO: - Train metrics: accuracy: 0.145 ; loss: 4.574
2018-03-21 04:02:59,215:INFO: - Eval metrics : accuracy: 0.217 ; loss: 4.312
2018-03-21 04:02:59,243:INFO: - Found new lowest loss
2018-03-21 04:02:59,244:INFO: Epoch 6/200
2018-03-21 04:03:08,559:INFO: - Train metrics: accuracy: 0.176 ; loss: 4.143
2018-03-21 04:03:09,208:INFO: - Eval metrics : accuracy: 0.155 ; loss: 4.394
2018-03-21 04:03:09,225:INFO: Epoch 7/200
2018-03-21 04:03:18,588:INFO: - Train metrics: accuracy: 0.242 ; loss: 3.866
2018-03-21 04:03:19,237:INFO: - Eval metrics : accuracy: 0.251 ; loss: 3.797
2018-03-21 04:03:19,274:INFO: - Found new lowest loss
2018-03-21 04:03:19,274:INFO: Epoch 8/200
2018-03-21 04:03:28,555:INFO: - Train metrics: accuracy: 0.297 ; loss: 3.580
2018-03-21 04:03:29,201:INFO: - Eval metrics : accuracy: 0.151 ; loss: 4.331
2018-03-21 04:03:29,216:INFO: Epoch 9/200
2018-03-21 04:03:38,550:INFO: - Train metrics: accuracy: 0.285 ; loss: 3.412
2018-03-21 04:03:39,200:INFO: - Eval metrics : accuracy: 0.139 ; loss: 4.453
2018-03-21 04:03:39,216:INFO: Epoch 10/200
2018-03-21 04:03:48,562:INFO: - Train metrics: accuracy: 0.328 ; loss: 3.102
2018-03-21 04:03:49,200:INFO: - Eval metrics : accuracy: 0.207 ; loss: 4.126
2018-03-21 04:03:49,215:INFO: Epoch 11/200
2018-03-21 04:03:58,498:INFO: - Train metrics: accuracy: 0.359 ; loss: 3.207
2018-03-21 04:03:59,141:INFO: - Eval metrics : accuracy: 0.165 ; loss: 4.306
2018-03-21 04:03:59,157:INFO: Epoch 12/200
2018-03-21 04:04:08,483:INFO: - Train metrics: accuracy: 0.402 ; loss: 2.826
2018-03-21 04:04:09,191:INFO: - Eval metrics : accuracy: 0.118 ; loss: 4.861
2018-03-21 04:04:09,206:INFO: Epoch 13/200
2018-03-21 04:04:18,563:INFO: - Train metrics: accuracy: 0.398 ; loss: 2.676
2018-03-21 04:04:19,211:INFO: - Eval metrics : accuracy: 0.137 ; loss: 4.728
2018-03-21 04:04:19,227:INFO: Epoch 14/200
2018-03-21 04:04:28,538:INFO: - Train metrics: accuracy: 0.500 ; loss: 2.535
2018-03-21 04:04:29,148:INFO: - Eval metrics : accuracy: 0.393 ; loss: 2.951
2018-03-21 04:04:29,176:INFO: - Found new lowest loss
2018-03-21 04:04:29,177:INFO: Epoch 15/200
2018-03-21 04:04:38,488:INFO: - Train metrics: accuracy: 0.430 ; loss: 2.708
2018-03-21 04:04:39,150:INFO: - Eval metrics : accuracy: 0.069 ; loss: 6.228
2018-03-21 04:04:39,177:INFO: Epoch 16/200
2018-03-21 04:04:48,458:INFO: - Train metrics: accuracy: 0.449 ; loss: 2.590
2018-03-21 04:04:49,080:INFO: - Eval metrics : accuracy: 0.229 ; loss: 3.929
2018-03-21 04:04:49,096:INFO: Epoch 17/200
2018-03-21 04:04:58,442:INFO: - Train metrics: accuracy: 0.496 ; loss: 2.244
2018-03-21 04:04:59,090:INFO: - Eval metrics : accuracy: 0.061 ; loss: 6.473
2018-03-21 04:04:59,107:INFO: Epoch 18/200
2018-03-21 04:05:08,453:INFO: - Train metrics: accuracy: 0.488 ; loss: 2.274
2018-03-21 04:05:09,127:INFO: - Eval metrics : accuracy: 0.283 ; loss: 3.466
2018-03-21 04:05:09,143:INFO: Epoch 19/200
2018-03-21 04:05:18,469:INFO: - Train metrics: accuracy: 0.520 ; loss: 2.236
2018-03-21 04:05:19,128:INFO: - Eval metrics : accuracy: 0.148 ; loss: 4.667
2018-03-21 04:05:19,151:INFO: Epoch 20/200
2018-03-21 04:05:28,491:INFO: - Train metrics: accuracy: 0.527 ; loss: 2.118
2018-03-21 04:05:29,129:INFO: - Eval metrics : accuracy: 0.029 ; loss: 7.253
2018-03-21 04:05:29,149:INFO: Epoch 21/200
2018-03-21 04:05:38,453:INFO: - Train metrics: accuracy: 0.562 ; loss: 1.936
2018-03-21 04:05:39,123:INFO: - Eval metrics : accuracy: 0.413 ; loss: 2.773
2018-03-21 04:05:39,151:INFO: - Found new lowest loss
2018-03-21 04:05:39,152:INFO: Epoch 22/200
2018-03-21 04:05:48,462:INFO: - Train metrics: accuracy: 0.613 ; loss: 1.731
2018-03-21 04:05:49,094:INFO: - Eval metrics : accuracy: 0.270 ; loss: 3.514
2018-03-21 04:05:49,110:INFO: Epoch 23/200
2018-03-21 04:05:58,435:INFO: - Train metrics: accuracy: 0.543 ; loss: 2.057
2018-03-21 04:05:59,075:INFO: - Eval metrics : accuracy: 0.392 ; loss: 2.916
2018-03-21 04:05:59,093:INFO: Epoch 24/200
2018-03-21 04:06:08,413:INFO: - Train metrics: accuracy: 0.586 ; loss: 1.780
2018-03-21 04:06:09,064:INFO: - Eval metrics : accuracy: 0.071 ; loss: 6.653
2018-03-21 04:06:09,092:INFO: Epoch 25/200
2018-03-21 04:06:18,409:INFO: - Train metrics: accuracy: 0.664 ; loss: 1.574
2018-03-21 04:06:19,096:INFO: - Eval metrics : accuracy: 0.151 ; loss: 5.104
2018-03-21 04:06:19,112:INFO: Epoch 26/200
2018-03-21 04:06:28,464:INFO: - Train metrics: accuracy: 0.602 ; loss: 1.634
2018-03-21 04:06:29,104:INFO: - Eval metrics : accuracy: 0.340 ; loss: 3.160
2018-03-21 04:06:29,120:INFO: Epoch 27/200
2018-03-21 04:06:38,422:INFO: - Train metrics: accuracy: 0.629 ; loss: 1.612
2018-03-21 04:06:39,084:INFO: - Eval metrics : accuracy: 0.178 ; loss: 4.934
2018-03-21 04:06:39,100:INFO: Epoch 28/200
2018-03-21 04:06:48,434:INFO: - Train metrics: accuracy: 0.695 ; loss: 1.324
2018-03-21 04:06:49,101:INFO: - Eval metrics : accuracy: 0.062 ; loss: 6.414
2018-03-21 04:06:49,129:INFO: Epoch 29/200
2018-03-21 04:06:58,464:INFO: - Train metrics: accuracy: 0.664 ; loss: 1.538
2018-03-21 04:06:59,113:INFO: - Eval metrics : accuracy: 0.355 ; loss: 3.047
2018-03-21 04:06:59,131:INFO: Epoch 30/200
2018-03-21 04:07:08,491:INFO: - Train metrics: accuracy: 0.664 ; loss: 1.514
2018-03-21 04:07:09,142:INFO: - Eval metrics : accuracy: 0.417 ; loss: 2.788
2018-03-21 04:07:09,163:INFO: Epoch 31/200
2018-03-21 04:07:18,498:INFO: - Train metrics: accuracy: 0.762 ; loss: 1.123
2018-03-21 04:07:19,171:INFO: - Eval metrics : accuracy: 0.158 ; loss: 4.651
2018-03-21 04:07:19,186:INFO: Epoch 32/200
2018-03-21 04:07:28,530:INFO: - Train metrics: accuracy: 0.684 ; loss: 1.410
2018-03-21 04:07:29,198:INFO: - Eval metrics : accuracy: 0.191 ; loss: 4.988
2018-03-21 04:07:29,217:INFO: Epoch 33/200
2018-03-21 04:07:38,588:INFO: - Train metrics: accuracy: 0.699 ; loss: 1.291
2018-03-21 04:07:39,252:INFO: - Eval metrics : accuracy: 0.240 ; loss: 4.119
2018-03-21 04:07:39,268:INFO: Epoch 34/200
2018-03-21 04:07:48,635:INFO: - Train metrics: accuracy: 0.727 ; loss: 1.239
2018-03-21 04:07:49,305:INFO: - Eval metrics : accuracy: 0.208 ; loss: 4.310
2018-03-21 04:07:49,325:INFO: Epoch 35/200
2018-03-21 04:07:58,699:INFO: - Train metrics: accuracy: 0.715 ; loss: 1.167
2018-03-21 04:07:59,382:INFO: - Eval metrics : accuracy: 0.301 ; loss: 3.685
2018-03-21 04:07:59,400:INFO: Epoch 36/200
2018-03-21 04:08:08,754:INFO: - Train metrics: accuracy: 0.680 ; loss: 1.319
2018-03-21 04:08:09,387:INFO: - Eval metrics : accuracy: 0.179 ; loss: 5.177
2018-03-21 04:08:09,403:INFO: Epoch 37/200
2018-03-21 04:08:18,706:INFO: - Train metrics: accuracy: 0.789 ; loss: 0.998
2018-03-21 04:08:19,371:INFO: - Eval metrics : accuracy: 0.171 ; loss: 5.126
2018-03-21 04:08:19,389:INFO: Epoch 38/200
2018-03-21 04:08:28,735:INFO: - Train metrics: accuracy: 0.785 ; loss: 0.992
2018-03-21 04:08:29,407:INFO: - Eval metrics : accuracy: 0.287 ; loss: 3.582
2018-03-21 04:08:29,425:INFO: Epoch 39/200
2018-03-21 04:08:38,731:INFO: - Train metrics: accuracy: 0.746 ; loss: 1.047
2018-03-21 04:08:39,361:INFO: - Eval metrics : accuracy: 0.073 ; loss: 6.891
2018-03-21 04:08:39,385:INFO: Epoch 40/200
2018-03-21 04:08:48,690:INFO: - Train metrics: accuracy: 0.746 ; loss: 1.112
2018-03-21 04:08:49,328:INFO: - Eval metrics : accuracy: 0.047 ; loss: 8.403
2018-03-21 04:08:49,344:INFO: Epoch 41/200
2018-03-21 04:08:58,661:INFO: - Train metrics: accuracy: 0.754 ; loss: 1.000
2018-03-21 04:08:59,315:INFO: - Eval metrics : accuracy: 0.286 ; loss: 3.577
2018-03-21 04:08:59,332:INFO: Epoch 42/200
2018-03-21 04:09:08,654:INFO: - Train metrics: accuracy: 0.801 ; loss: 0.878
2018-03-21 04:09:09,271:INFO: - Eval metrics : accuracy: 0.502 ; loss: 2.339
2018-03-21 04:09:09,308:INFO: - Found new lowest loss
2018-03-21 04:09:09,308:INFO: Epoch 43/200
2018-03-21 04:09:18,609:INFO: - Train metrics: accuracy: 0.742 ; loss: 0.966
2018-03-21 04:09:19,269:INFO: - Eval metrics : accuracy: 0.226 ; loss: 4.398
2018-03-21 04:09:19,283:INFO: Epoch 44/200
2018-03-21 04:09:28,617:INFO: - Train metrics: accuracy: 0.781 ; loss: 0.937
2018-03-21 04:09:29,301:INFO: - Eval metrics : accuracy: 0.246 ; loss: 4.268
2018-03-21 04:09:29,316:INFO: Epoch 45/200
2018-03-21 04:09:38,654:INFO: - Train metrics: accuracy: 0.816 ; loss: 0.829
2018-03-21 04:09:39,272:INFO: - Eval metrics : accuracy: 0.326 ; loss: 3.630
2018-03-21 04:09:39,288:INFO: Epoch 46/200
2018-03-21 04:09:48,627:INFO: - Train metrics: accuracy: 0.777 ; loss: 0.894
2018-03-21 04:09:49,258:INFO: - Eval metrics : accuracy: 0.228 ; loss: 4.266
2018-03-21 04:09:49,277:INFO: Epoch 47/200
2018-03-21 04:09:58,575:INFO: - Train metrics: accuracy: 0.770 ; loss: 0.896
2018-03-21 04:09:59,253:INFO: - Eval metrics : accuracy: 0.403 ; loss: 2.930
2018-03-21 04:09:59,270:INFO: Epoch 48/200
2018-03-21 04:10:08,588:INFO: - Train metrics: accuracy: 0.797 ; loss: 0.869
2018-03-21 04:10:09,267:INFO: - Eval metrics : accuracy: 0.326 ; loss: 3.367
2018-03-21 04:10:09,284:INFO: Epoch 49/200
2018-03-21 04:10:18,573:INFO: - Train metrics: accuracy: 0.770 ; loss: 0.945
2018-03-21 04:10:19,218:INFO: - Eval metrics : accuracy: 0.185 ; loss: 4.831
2018-03-21 04:10:19,237:INFO: Epoch 50/200
2018-03-21 04:10:28,550:INFO: - Train metrics: accuracy: 0.832 ; loss: 0.763
2018-03-21 04:10:29,208:INFO: - Eval metrics : accuracy: 0.320 ; loss: 3.470
2018-03-21 04:10:29,224:INFO: Epoch 51/200
2018-03-21 04:10:38,541:INFO: - Train metrics: accuracy: 0.809 ; loss: 0.805
2018-03-21 04:10:39,210:INFO: - Eval metrics : accuracy: 0.156 ; loss: 6.175
2018-03-21 04:10:39,227:INFO: Epoch 52/200
2018-03-21 04:10:48,490:INFO: - Train metrics: accuracy: 0.820 ; loss: 0.783
2018-03-21 04:10:49,097:INFO: - Eval metrics : accuracy: 0.233 ; loss: 4.677
2018-03-21 04:10:49,117:INFO: Epoch 53/200
2018-03-21 04:10:58,416:INFO: - Train metrics: accuracy: 0.828 ; loss: 0.736
2018-03-21 04:10:59,061:INFO: - Eval metrics : accuracy: 0.321 ; loss: 3.675
2018-03-21 04:10:59,081:INFO: Epoch 54/200
2018-03-21 04:11:08,375:INFO: - Train metrics: accuracy: 0.824 ; loss: 0.789
2018-03-21 04:11:09,032:INFO: - Eval metrics : accuracy: 0.408 ; loss: 2.982
2018-03-21 04:11:09,048:INFO: Epoch 55/200
2018-03-21 04:11:18,378:INFO: - Train metrics: accuracy: 0.812 ; loss: 0.769
2018-03-21 04:11:19,046:INFO: - Eval metrics : accuracy: 0.440 ; loss: 2.662
2018-03-21 04:11:19,065:INFO: Epoch 56/200
2018-03-21 04:11:28,390:INFO: - Train metrics: accuracy: 0.785 ; loss: 0.808
2018-03-21 04:11:29,030:INFO: - Eval metrics : accuracy: 0.141 ; loss: 5.582
2018-03-21 04:11:29,050:INFO: Epoch 57/200
2018-03-21 04:11:38,395:INFO: - Train metrics: accuracy: 0.859 ; loss: 0.694
2018-03-21 04:11:39,045:INFO: - Eval metrics : accuracy: 0.396 ; loss: 3.040
2018-03-21 04:11:39,077:INFO: Epoch 58/200
2018-03-21 04:11:48,401:INFO: - Train metrics: accuracy: 0.840 ; loss: 0.708
2018-03-21 04:11:49,042:INFO: - Eval metrics : accuracy: 0.092 ; loss: 6.861
2018-03-21 04:11:49,062:INFO: Epoch 59/200
2018-03-21 04:11:58,363:INFO: - Train metrics: accuracy: 0.836 ; loss: 0.679
2018-03-21 04:11:58,966:INFO: - Eval metrics : accuracy: 0.153 ; loss: 5.593
2018-03-21 04:11:58,985:INFO: Epoch 60/200
2018-03-21 04:12:08,258:INFO: - Train metrics: accuracy: 0.902 ; loss: 0.615
2018-03-21 04:12:08,912:INFO: - Eval metrics : accuracy: 0.105 ; loss: 6.641
2018-03-21 04:12:08,928:INFO: Epoch 61/200
2018-03-21 04:12:18,249:INFO: - Train metrics: accuracy: 0.938 ; loss: 0.456
2018-03-21 04:12:18,915:INFO: - Eval metrics : accuracy: 0.259 ; loss: 4.643
2018-03-21 04:12:18,930:INFO: Epoch 62/200
2018-03-21 04:12:28,280:INFO: - Train metrics: accuracy: 0.859 ; loss: 0.664
2018-03-21 04:12:28,928:INFO: - Eval metrics : accuracy: 0.277 ; loss: 3.966
2018-03-21 04:12:28,943:INFO: Epoch 63/200
2018-03-21 04:12:38,234:INFO: - Train metrics: accuracy: 0.848 ; loss: 0.631
2018-03-21 04:12:38,884:INFO: - Eval metrics : accuracy: 0.232 ; loss: 4.836
2018-03-21 04:12:38,900:INFO: Epoch 64/200
2018-03-21 04:12:48,216:INFO: - Train metrics: accuracy: 0.883 ; loss: 0.563
2018-03-21 04:12:48,885:INFO: - Eval metrics : accuracy: 0.344 ; loss: 3.309
2018-03-21 04:12:48,909:INFO: Epoch 65/200
2018-03-21 04:12:58,232:INFO: - Train metrics: accuracy: 0.867 ; loss: 0.618
2018-03-21 04:12:58,853:INFO: - Eval metrics : accuracy: 0.356 ; loss: 3.324
2018-03-21 04:12:58,869:INFO: Epoch 66/200
2018-03-21 04:13:08,204:INFO: - Train metrics: accuracy: 0.887 ; loss: 0.580
2018-03-21 04:13:08,840:INFO: - Eval metrics : accuracy: 0.150 ; loss: 5.574
2018-03-21 04:13:08,856:INFO: Epoch 67/200
2018-03-21 04:13:18,152:INFO: - Train metrics: accuracy: 0.863 ; loss: 0.617
2018-03-21 04:13:18,794:INFO: - Eval metrics : accuracy: 0.319 ; loss: 3.941
2018-03-21 04:13:18,809:INFO: Epoch 68/200
2018-03-21 04:13:28,129:INFO: - Train metrics: accuracy: 0.883 ; loss: 0.547
2018-03-21 04:13:28,781:INFO: - Eval metrics : accuracy: 0.142 ; loss: 6.024
2018-03-21 04:13:28,799:INFO: Epoch 69/200
2018-03-21 04:13:38,118:INFO: - Train metrics: accuracy: 0.902 ; loss: 0.498
2018-03-21 04:13:38,745:INFO: - Eval metrics : accuracy: 0.364 ; loss: 3.607
2018-03-21 04:13:38,761:INFO: Epoch 70/200
2018-03-21 04:13:48,084:INFO: - Train metrics: accuracy: 0.879 ; loss: 0.587
2018-03-21 04:13:48,754:INFO: - Eval metrics : accuracy: 0.169 ; loss: 5.477
2018-03-21 04:13:48,772:INFO: Epoch 71/200
2018-03-21 04:13:58,094:INFO: - Train metrics: accuracy: 0.887 ; loss: 0.542
2018-03-21 04:13:58,724:INFO: - Eval metrics : accuracy: 0.454 ; loss: 2.636
2018-03-21 04:13:58,740:INFO: Epoch 72/200
2018-03-21 04:14:08,015:INFO: - Train metrics: accuracy: 0.891 ; loss: 0.495
2018-03-21 04:14:08,664:INFO: - Eval metrics : accuracy: 0.394 ; loss: 3.057
2018-03-21 04:14:08,679:INFO: Epoch 73/200
2018-03-21 04:14:18,013:INFO: - Train metrics: accuracy: 0.906 ; loss: 0.424
2018-03-21 04:14:18,664:INFO: - Eval metrics : accuracy: 0.274 ; loss: 4.395
2018-03-21 04:14:18,679:INFO: Epoch 74/200
2018-03-21 04:14:28,051:INFO: - Train metrics: accuracy: 0.906 ; loss: 0.505
2018-03-21 04:14:28,715:INFO: - Eval metrics : accuracy: 0.254 ; loss: 4.228
2018-03-21 04:14:28,730:INFO: Epoch 75/200
2018-03-21 04:14:38,048:INFO: - Train metrics: accuracy: 0.902 ; loss: 0.470
2018-03-21 04:14:38,710:INFO: - Eval metrics : accuracy: 0.225 ; loss: 4.755
2018-03-21 04:14:38,737:INFO: Epoch 76/200
2018-03-21 04:14:47,992:INFO: - Train metrics: accuracy: 0.898 ; loss: 0.429
2018-03-21 04:14:48,623:INFO: - Eval metrics : accuracy: 0.503 ; loss: 2.384
2018-03-21 04:14:48,639:INFO: Epoch 77/200
2018-03-21 04:14:57,958:INFO: - Train metrics: accuracy: 0.926 ; loss: 0.424
2018-03-21 04:14:58,573:INFO: - Eval metrics : accuracy: 0.355 ; loss: 3.403
2018-03-21 04:14:58,601:INFO: Epoch 78/200
2018-03-21 04:15:07,825:INFO: - Train metrics: accuracy: 0.883 ; loss: 0.478
2018-03-21 04:15:08,452:INFO: - Eval metrics : accuracy: 0.251 ; loss: 4.497
2018-03-21 04:15:08,468:INFO: Epoch 79/200
2018-03-21 04:15:17,821:INFO: - Train metrics: accuracy: 0.867 ; loss: 0.559
2018-03-21 04:15:18,457:INFO: - Eval metrics : accuracy: 0.299 ; loss: 3.881
2018-03-21 04:15:18,473:INFO: Epoch 80/200
2018-03-21 04:15:27,777:INFO: - Train metrics: accuracy: 0.926 ; loss: 0.378
2018-03-21 04:15:28,393:INFO: - Eval metrics : accuracy: 0.252 ; loss: 4.678
2018-03-21 04:15:28,409:INFO: Epoch 81/200
2018-03-21 04:15:37,719:INFO: - Train metrics: accuracy: 0.906 ; loss: 0.408
2018-03-21 04:15:38,352:INFO: - Eval metrics : accuracy: 0.323 ; loss: 3.732
2018-03-21 04:15:38,368:INFO: Epoch 82/200
2018-03-21 04:15:47,689:INFO: - Train metrics: accuracy: 0.863 ; loss: 0.533
2018-03-21 04:15:48,337:INFO: - Eval metrics : accuracy: 0.393 ; loss: 3.336
2018-03-21 04:15:48,354:INFO: Epoch 83/200
2018-03-21 04:15:57,698:INFO: - Train metrics: accuracy: 0.891 ; loss: 0.487
2018-03-21 04:15:58,338:INFO: - Eval metrics : accuracy: 0.207 ; loss: 4.822
2018-03-21 04:15:58,365:INFO: Epoch 84/200
2018-03-21 04:16:07,636:INFO: - Train metrics: accuracy: 0.910 ; loss: 0.394
2018-03-21 04:16:08,294:INFO: - Eval metrics : accuracy: 0.259 ; loss: 4.198
2018-03-21 04:16:08,306:INFO: Epoch 85/200
2018-03-21 04:16:17,636:INFO: - Train metrics: accuracy: 0.918 ; loss: 0.427
2018-03-21 04:16:18,251:INFO: - Eval metrics : accuracy: 0.211 ; loss: 5.215
2018-03-21 04:16:18,277:INFO: Epoch 86/200
2018-03-21 04:16:27,620:INFO: - Train metrics: accuracy: 0.941 ; loss: 0.427
2018-03-21 04:16:28,278:INFO: - Eval metrics : accuracy: 0.186 ; loss: 5.224
2018-03-21 04:16:28,297:INFO: Epoch 87/200
2018-03-21 04:16:37,640:INFO: - Train metrics: accuracy: 0.898 ; loss: 0.438
2018-03-21 04:16:38,309:INFO: - Eval metrics : accuracy: 0.169 ; loss: 5.153
2018-03-21 04:16:38,326:INFO: Epoch 88/200
2018-03-21 04:16:47,656:INFO: - Train metrics: accuracy: 0.918 ; loss: 0.456
2018-03-21 04:16:48,290:INFO: - Eval metrics : accuracy: 0.308 ; loss: 4.050
2018-03-21 04:16:48,306:INFO: Epoch 89/200
2018-03-21 04:16:57,632:INFO: - Train metrics: accuracy: 0.902 ; loss: 0.454
2018-03-21 04:16:58,252:INFO: - Eval metrics : accuracy: 0.364 ; loss: 3.520
2018-03-21 04:16:58,268:INFO: Epoch 90/200
2018-03-21 04:17:07,601:INFO: - Train metrics: accuracy: 0.902 ; loss: 0.446
2018-03-21 04:17:08,243:INFO: - Eval metrics : accuracy: 0.235 ; loss: 4.595
2018-03-21 04:17:08,258:INFO: Epoch 91/200
2018-03-21 04:17:17,576:INFO: - Train metrics: accuracy: 0.914 ; loss: 0.385
2018-03-21 04:17:18,191:INFO: - Eval metrics : accuracy: 0.473 ; loss: 2.677
2018-03-21 04:17:18,210:INFO: Epoch 92/200
2018-03-21 04:17:27,450:INFO: - Train metrics: accuracy: 0.945 ; loss: 0.370
2018-03-21 04:17:28,107:INFO: - Eval metrics : accuracy: 0.161 ; loss: 5.408
2018-03-21 04:17:28,123:INFO: Epoch 93/200
2018-03-21 04:17:37,383:INFO: - Train metrics: accuracy: 0.926 ; loss: 0.405
2018-03-21 04:17:38,025:INFO: - Eval metrics : accuracy: 0.347 ; loss: 3.555
2018-03-21 04:17:38,042:INFO: Epoch 94/200
2018-03-21 04:17:47,330:INFO: - Train metrics: accuracy: 0.910 ; loss: 0.458
2018-03-21 04:17:47,977:INFO: - Eval metrics : accuracy: 0.516 ; loss: 2.381
2018-03-21 04:17:47,993:INFO: Epoch 95/200
2018-03-21 04:17:57,313:INFO: - Train metrics: accuracy: 0.934 ; loss: 0.374
2018-03-21 04:17:57,946:INFO: - Eval metrics : accuracy: 0.199 ; loss: 4.846
2018-03-21 04:17:57,963:INFO: Epoch 96/200
2018-03-21 04:18:07,306:INFO: - Train metrics: accuracy: 0.895 ; loss: 0.451
2018-03-21 04:18:07,977:INFO: - Eval metrics : accuracy: 0.276 ; loss: 4.304
2018-03-21 04:18:07,993:INFO: Epoch 97/200
2018-03-21 04:18:17,339:INFO: - Train metrics: accuracy: 0.930 ; loss: 0.381
2018-03-21 04:18:18,000:INFO: - Eval metrics : accuracy: 0.230 ; loss: 4.382
2018-03-21 04:18:18,016:INFO: Epoch 98/200
2018-03-21 04:18:27,311:INFO: - Train metrics: accuracy: 0.918 ; loss: 0.412
2018-03-21 04:18:27,955:INFO: - Eval metrics : accuracy: 0.291 ; loss: 4.181
2018-03-21 04:18:27,984:INFO: Epoch 99/200
2018-03-21 04:18:37,298:INFO: - Train metrics: accuracy: 0.930 ; loss: 0.349
2018-03-21 04:18:37,964:INFO: - Eval metrics : accuracy: 0.433 ; loss: 2.983
2018-03-21 04:18:37,980:INFO: Epoch 100/200
2018-03-21 04:18:47,318:INFO: - Train metrics: accuracy: 0.906 ; loss: 0.428
2018-03-21 04:18:47,948:INFO: - Eval metrics : accuracy: 0.164 ; loss: 6.428
2018-03-21 04:18:47,964:INFO: Epoch 101/200
2018-03-21 04:18:57,299:INFO: - Train metrics: accuracy: 0.910 ; loss: 0.419
2018-03-21 04:18:57,930:INFO: - Eval metrics : accuracy: 0.347 ; loss: 3.610
2018-03-21 04:18:57,949:INFO: Epoch 102/200
2018-03-21 04:19:07,244:INFO: - Train metrics: accuracy: 0.930 ; loss: 0.373
2018-03-21 04:19:07,884:INFO: - Eval metrics : accuracy: 0.355 ; loss: 3.596
2018-03-21 04:19:07,900:INFO: Epoch 103/200
2018-03-21 04:19:17,225:INFO: - Train metrics: accuracy: 0.941 ; loss: 0.380
2018-03-21 04:19:17,854:INFO: - Eval metrics : accuracy: 0.502 ; loss: 2.510
2018-03-21 04:19:17,881:INFO: Epoch 104/200
2018-03-21 04:19:27,196:INFO: - Train metrics: accuracy: 0.934 ; loss: 0.364
2018-03-21 04:19:27,849:INFO: - Eval metrics : accuracy: 0.255 ; loss: 4.781
2018-03-21 04:19:27,864:INFO: Epoch 105/200
2018-03-21 04:19:37,160:INFO: - Train metrics: accuracy: 0.914 ; loss: 0.419
2018-03-21 04:19:37,826:INFO: - Eval metrics : accuracy: 0.194 ; loss: 5.570
2018-03-21 04:19:37,849:INFO: Epoch 106/200
2018-03-21 04:19:47,129:INFO: - Train metrics: accuracy: 0.930 ; loss: 0.396
2018-03-21 04:19:47,754:INFO: - Eval metrics : accuracy: 0.422 ; loss: 3.193
2018-03-21 04:19:47,769:INFO: Epoch 107/200
2018-03-21 04:19:57,068:INFO: - Train metrics: accuracy: 0.945 ; loss: 0.313
2018-03-21 04:19:57,725:INFO: - Eval metrics : accuracy: 0.410 ; loss: 3.118
2018-03-21 04:19:57,741:INFO: Epoch 108/200
2018-03-21 04:20:07,094:INFO: - Train metrics: accuracy: 0.941 ; loss: 0.369
2018-03-21 04:20:07,740:INFO: - Eval metrics : accuracy: 0.481 ; loss: 2.770
2018-03-21 04:20:07,756:INFO: Epoch 109/200
2018-03-21 04:20:17,086:INFO: - Train metrics: accuracy: 0.934 ; loss: 0.347
2018-03-21 04:20:17,725:INFO: - Eval metrics : accuracy: 0.478 ; loss: 2.634
2018-03-21 04:20:17,753:INFO: Epoch 110/200
2018-03-21 04:20:27,126:INFO: - Train metrics: accuracy: 0.934 ; loss: 0.375
2018-03-21 04:20:27,749:INFO: - Eval metrics : accuracy: 0.100 ; loss: 6.304
2018-03-21 04:20:27,769:INFO: Epoch 111/200
2018-03-21 04:20:37,088:INFO: - Train metrics: accuracy: 0.930 ; loss: 0.394
2018-03-21 04:20:37,765:INFO: - Eval metrics : accuracy: 0.383 ; loss: 3.225
2018-03-21 04:20:37,785:INFO: Epoch 112/200
2018-03-21 04:20:47,075:INFO: - Train metrics: accuracy: 0.922 ; loss: 0.357
2018-03-21 04:20:47,761:INFO: - Eval metrics : accuracy: 0.337 ; loss: 3.960
2018-03-21 04:20:47,782:INFO: Epoch 113/200
2018-03-21 04:20:57,114:INFO: - Train metrics: accuracy: 0.910 ; loss: 0.429
2018-03-21 04:20:57,755:INFO: - Eval metrics : accuracy: 0.311 ; loss: 3.862
2018-03-21 04:20:57,772:INFO: Epoch 114/200
2018-03-21 04:21:07,083:INFO: - Train metrics: accuracy: 0.914 ; loss: 0.413
2018-03-21 04:21:07,758:INFO: - Eval metrics : accuracy: 0.303 ; loss: 3.798
2018-03-21 04:21:07,785:INFO: Epoch 115/200
2018-03-21 04:21:17,113:INFO: - Train metrics: accuracy: 0.930 ; loss: 0.376
2018-03-21 04:21:17,776:INFO: - Eval metrics : accuracy: 0.463 ; loss: 2.756
2018-03-21 04:21:17,805:INFO: Epoch 116/200
2018-03-21 04:21:27,151:INFO: - Train metrics: accuracy: 0.926 ; loss: 0.356
2018-03-21 04:21:27,824:INFO: - Eval metrics : accuracy: 0.178 ; loss: 5.587
2018-03-21 04:21:27,840:INFO: Epoch 117/200
2018-03-21 04:21:37,186:INFO: - Train metrics: accuracy: 0.902 ; loss: 0.414
2018-03-21 04:21:37,868:INFO: - Eval metrics : accuracy: 0.230 ; loss: 4.783
2018-03-21 04:21:37,887:INFO: Epoch 118/200
2018-03-21 04:21:47,201:INFO: - Train metrics: accuracy: 0.930 ; loss: 0.400
2018-03-21 04:21:47,843:INFO: - Eval metrics : accuracy: 0.390 ; loss: 3.424
2018-03-21 04:21:47,869:INFO: Epoch 119/200
2018-03-21 04:21:57,200:INFO: - Train metrics: accuracy: 0.941 ; loss: 0.343
2018-03-21 04:21:57,889:INFO: - Eval metrics : accuracy: 0.468 ; loss: 2.697
2018-03-21 04:21:57,905:INFO: Epoch 120/200
2018-03-21 04:22:07,221:INFO: - Train metrics: accuracy: 0.938 ; loss: 0.315
2018-03-21 04:22:07,868:INFO: - Eval metrics : accuracy: 0.391 ; loss: 3.380
2018-03-21 04:22:07,885:INFO: Epoch 121/200
2018-03-21 04:22:17,242:INFO: - Train metrics: accuracy: 0.906 ; loss: 0.371
2018-03-21 04:22:17,878:INFO: - Eval metrics : accuracy: 0.178 ; loss: 5.314
2018-03-21 04:22:17,905:INFO: Epoch 122/200
2018-03-21 04:22:27,183:INFO: - Train metrics: accuracy: 0.941 ; loss: 0.339
2018-03-21 04:22:27,816:INFO: - Eval metrics : accuracy: 0.420 ; loss: 3.092
2018-03-21 04:22:27,832:INFO: Epoch 123/200
2018-03-21 04:22:37,165:INFO: - Train metrics: accuracy: 0.914 ; loss: 0.365
2018-03-21 04:22:37,827:INFO: - Eval metrics : accuracy: 0.209 ; loss: 5.194
2018-03-21 04:22:37,844:INFO: Epoch 124/200
2018-03-21 04:22:47,192:INFO: - Train metrics: accuracy: 0.930 ; loss: 0.352
2018-03-21 04:22:47,830:INFO: - Eval metrics : accuracy: 0.439 ; loss: 2.890
2018-03-21 04:22:47,846:INFO: Epoch 125/200
2018-03-21 04:22:57,151:INFO: - Train metrics: accuracy: 0.934 ; loss: 0.335
2018-03-21 04:22:57,809:INFO: - Eval metrics : accuracy: 0.459 ; loss: 2.775
2018-03-21 04:22:57,825:INFO: Epoch 126/200
2018-03-21 04:23:07,151:INFO: - Train metrics: accuracy: 0.922 ; loss: 0.330
2018-03-21 04:23:07,815:INFO: - Eval metrics : accuracy: 0.279 ; loss: 4.259
2018-03-21 04:23:07,840:INFO: Epoch 127/200
2018-03-21 04:23:17,121:INFO: - Train metrics: accuracy: 0.965 ; loss: 0.266
2018-03-21 04:23:17,769:INFO: - Eval metrics : accuracy: 0.252 ; loss: 4.619
2018-03-21 04:23:17,797:INFO: Epoch 128/200
2018-03-21 04:23:27,102:INFO: - Train metrics: accuracy: 0.930 ; loss: 0.310
2018-03-21 04:23:27,756:INFO: - Eval metrics : accuracy: 0.398 ; loss: 3.242
2018-03-21 04:23:27,777:INFO: Epoch 129/200
2018-03-21 04:23:37,076:INFO: - Train metrics: accuracy: 0.926 ; loss: 0.371
2018-03-21 04:23:37,725:INFO: - Eval metrics : accuracy: 0.470 ; loss: 2.774
2018-03-21 04:23:37,741:INFO: Epoch 130/200
2018-03-21 04:23:47,033:INFO: - Train metrics: accuracy: 0.926 ; loss: 0.313
2018-03-21 04:23:47,670:INFO: - Eval metrics : accuracy: 0.370 ; loss: 3.414
2018-03-21 04:23:47,686:INFO: Epoch 131/200
2018-03-21 04:23:57,014:INFO: - Train metrics: accuracy: 0.934 ; loss: 0.348
2018-03-21 04:23:57,667:INFO: - Eval metrics : accuracy: 0.186 ; loss: 4.949
2018-03-21 04:23:57,693:INFO: Epoch 132/200
2018-03-21 04:24:07,014:INFO: - Train metrics: accuracy: 0.941 ; loss: 0.314
2018-03-21 04:24:07,653:INFO: - Eval metrics : accuracy: 0.357 ; loss: 3.483
2018-03-21 04:24:07,668:INFO: Epoch 133/200
2018-03-21 04:24:16,958:INFO: - Train metrics: accuracy: 0.953 ; loss: 0.285
2018-03-21 04:24:17,604:INFO: - Eval metrics : accuracy: 0.385 ; loss: 3.433
2018-03-21 04:24:17,621:INFO: Epoch 134/200
2018-03-21 04:24:26,966:INFO: - Train metrics: accuracy: 0.965 ; loss: 0.263
2018-03-21 04:24:27,613:INFO: - Eval metrics : accuracy: 0.142 ; loss: 6.666
2018-03-21 04:24:27,629:INFO: Epoch 135/200
2018-03-21 04:24:36,923:INFO: - Train metrics: accuracy: 0.902 ; loss: 0.412
2018-03-21 04:24:37,586:INFO: - Eval metrics : accuracy: 0.240 ; loss: 4.296
2018-03-21 04:24:37,614:INFO: Epoch 136/200
2018-03-21 04:24:46,927:INFO: - Train metrics: accuracy: 0.941 ; loss: 0.352
2018-03-21 04:24:47,583:INFO: - Eval metrics : accuracy: 0.289 ; loss: 4.178
2018-03-21 04:24:47,609:INFO: Epoch 137/200
2018-03-21 04:24:56,910:INFO: - Train metrics: accuracy: 0.938 ; loss: 0.345
2018-03-21 04:24:57,557:INFO: - Eval metrics : accuracy: 0.282 ; loss: 4.359
2018-03-21 04:24:57,572:INFO: Epoch 138/200
2018-03-21 04:25:06,925:INFO: - Train metrics: accuracy: 0.949 ; loss: 0.296
2018-03-21 04:25:07,577:INFO: - Eval metrics : accuracy: 0.388 ; loss: 3.173
2018-03-21 04:25:07,593:INFO: Epoch 139/200
2018-03-21 04:25:16,888:INFO: - Train metrics: accuracy: 0.930 ; loss: 0.351
2018-03-21 04:25:17,540:INFO: - Eval metrics : accuracy: 0.461 ; loss: 2.736
2018-03-21 04:25:17,558:INFO: Epoch 140/200
2018-03-21 04:25:26,870:INFO: - Train metrics: accuracy: 0.918 ; loss: 0.343
2018-03-21 04:25:27,516:INFO: - Eval metrics : accuracy: 0.049 ; loss: 8.179
2018-03-21 04:25:27,533:INFO: Epoch 141/200
2018-03-21 04:25:36,853:INFO: - Train metrics: accuracy: 0.957 ; loss: 0.258
2018-03-21 04:25:37,506:INFO: - Eval metrics : accuracy: 0.273 ; loss: 4.298
2018-03-21 04:25:37,533:INFO: Epoch 142/200
2018-03-21 04:25:46,849:INFO: - Train metrics: accuracy: 0.961 ; loss: 0.255
2018-03-21 04:25:47,496:INFO: - Eval metrics : accuracy: 0.395 ; loss: 3.419
2018-03-21 04:25:47,516:INFO: Epoch 143/200
2018-03-21 04:25:56,834:INFO: - Train metrics: accuracy: 0.938 ; loss: 0.280
2018-03-21 04:25:57,462:INFO: - Eval metrics : accuracy: 0.365 ; loss: 3.522
2018-03-21 04:25:57,481:INFO: Epoch 144/200
2018-03-21 04:26:06,859:INFO: - Train metrics: accuracy: 0.961 ; loss: 0.261
2018-03-21 04:26:07,508:INFO: - Eval metrics : accuracy: 0.240 ; loss: 4.625
2018-03-21 04:26:07,524:INFO: Epoch 145/200
2018-03-21 04:26:16,859:INFO: - Train metrics: accuracy: 0.953 ; loss: 0.292
2018-03-21 04:26:17,505:INFO: - Eval metrics : accuracy: 0.177 ; loss: 5.704
2018-03-21 04:26:17,521:INFO: Epoch 146/200
2018-03-21 04:26:26,829:INFO: - Train metrics: accuracy: 0.949 ; loss: 0.298
2018-03-21 04:26:27,465:INFO: - Eval metrics : accuracy: 0.386 ; loss: 3.479
2018-03-21 04:26:27,493:INFO: Epoch 147/200
2018-03-21 04:26:36,838:INFO: - Train metrics: accuracy: 0.938 ; loss: 0.299
2018-03-21 04:26:37,488:INFO: - Eval metrics : accuracy: 0.243 ; loss: 4.576
2018-03-21 04:26:37,503:INFO: Epoch 148/200
2018-03-21 04:26:46,833:INFO: - Train metrics: accuracy: 0.949 ; loss: 0.306
2018-03-21 04:26:47,478:INFO: - Eval metrics : accuracy: 0.156 ; loss: 6.124
2018-03-21 04:26:47,506:INFO: Epoch 149/200
2018-03-21 04:26:56,815:INFO: - Train metrics: accuracy: 0.930 ; loss: 0.340
2018-03-21 04:26:57,455:INFO: - Eval metrics : accuracy: 0.119 ; loss: 7.748
2018-03-21 04:26:57,488:INFO: Epoch 150/200
2018-03-21 04:27:06,807:INFO: - Train metrics: accuracy: 0.926 ; loss: 0.365
2018-03-21 04:27:07,476:INFO: - Eval metrics : accuracy: 0.380 ; loss: 3.367
2018-03-21 04:27:07,492:INFO: Epoch 151/200
2018-03-21 04:27:16,828:INFO: - Train metrics: accuracy: 0.965 ; loss: 0.269
2018-03-21 04:27:17,490:INFO: - Eval metrics : accuracy: 0.219 ; loss: 4.967
2018-03-21 04:27:17,509:INFO: Epoch 152/200
2018-03-21 04:27:26,838:INFO: - Train metrics: accuracy: 0.922 ; loss: 0.353
2018-03-21 04:27:27,490:INFO: - Eval metrics : accuracy: 0.391 ; loss: 3.468
2018-03-21 04:27:27,513:INFO: Epoch 153/200
2018-03-21 04:27:36,789:INFO: - Train metrics: accuracy: 0.961 ; loss: 0.280
2018-03-21 04:27:37,445:INFO: - Eval metrics : accuracy: 0.393 ; loss: 3.298
2018-03-21 04:27:37,460:INFO: Epoch 154/200
2018-03-21 04:27:46,811:INFO: - Train metrics: accuracy: 0.961 ; loss: 0.246
2018-03-21 04:27:47,452:INFO: - Eval metrics : accuracy: 0.455 ; loss: 2.890
2018-03-21 04:27:47,468:INFO: Epoch 155/200
2018-03-21 04:27:56,757:INFO: - Train metrics: accuracy: 0.930 ; loss: 0.323
2018-03-21 04:27:57,396:INFO: - Eval metrics : accuracy: 0.231 ; loss: 4.856
2018-03-21 04:27:57,425:INFO: Epoch 156/200
2018-03-21 04:28:06,736:INFO: - Train metrics: accuracy: 0.941 ; loss: 0.323
2018-03-21 04:28:07,377:INFO: - Eval metrics : accuracy: 0.448 ; loss: 3.073
2018-03-21 04:28:07,393:INFO: Epoch 157/200
2018-03-21 04:28:16,702:INFO: - Train metrics: accuracy: 0.949 ; loss: 0.318
2018-03-21 04:28:17,323:INFO: - Eval metrics : accuracy: 0.395 ; loss: 3.315
2018-03-21 04:28:17,340:INFO: Epoch 158/200
2018-03-21 04:28:26,657:INFO: - Train metrics: accuracy: 0.949 ; loss: 0.286
2018-03-21 04:28:27,309:INFO: - Eval metrics : accuracy: 0.263 ; loss: 4.390
2018-03-21 04:28:27,325:INFO: Epoch 159/200
2018-03-21 04:28:36,653:INFO: - Train metrics: accuracy: 0.949 ; loss: 0.242
2018-03-21 04:28:37,313:INFO: - Eval metrics : accuracy: 0.054 ; loss: 8.735
2018-03-21 04:28:37,330:INFO: Epoch 160/200
2018-03-21 04:28:46,621:INFO: - Train metrics: accuracy: 0.926 ; loss: 0.328
2018-03-21 04:28:47,278:INFO: - Eval metrics : accuracy: 0.302 ; loss: 4.374
2018-03-21 04:28:47,297:INFO: Epoch 161/200
2018-03-21 04:28:56,605:INFO: - Train metrics: accuracy: 0.934 ; loss: 0.383
2018-03-21 04:28:57,255:INFO: - Eval metrics : accuracy: 0.054 ; loss: 7.989
2018-03-21 04:28:57,271:INFO: Epoch 162/200
2018-03-21 04:29:06,589:INFO: - Train metrics: accuracy: 0.957 ; loss: 0.235
2018-03-21 04:29:07,225:INFO: - Eval metrics : accuracy: 0.327 ; loss: 3.824
2018-03-21 04:29:07,254:INFO: Epoch 163/200
2018-03-21 04:29:16,521:INFO: - Train metrics: accuracy: 0.934 ; loss: 0.324
2018-03-21 04:29:17,157:INFO: - Eval metrics : accuracy: 0.288 ; loss: 3.947
2018-03-21 04:29:17,173:INFO: Epoch 164/200
2018-03-21 04:29:26,493:INFO: - Train metrics: accuracy: 0.969 ; loss: 0.234
2018-03-21 04:29:27,114:INFO: - Eval metrics : accuracy: 0.154 ; loss: 5.725
2018-03-21 04:29:27,137:INFO: Epoch 165/200
2018-03-21 04:29:36,410:INFO: - Train metrics: accuracy: 0.922 ; loss: 0.378
2018-03-21 04:29:37,061:INFO: - Eval metrics : accuracy: 0.331 ; loss: 3.678
2018-03-21 04:29:37,085:INFO: Epoch 166/200
2018-03-21 04:29:46,382:INFO: - Train metrics: accuracy: 0.930 ; loss: 0.307
2018-03-21 04:29:47,060:INFO: - Eval metrics : accuracy: 0.470 ; loss: 2.805
2018-03-21 04:29:47,089:INFO: Epoch 167/200
2018-03-21 04:29:56,413:INFO: - Train metrics: accuracy: 0.930 ; loss: 0.318
2018-03-21 04:29:57,051:INFO: - Eval metrics : accuracy: 0.228 ; loss: 4.804
2018-03-21 04:29:57,068:INFO: Epoch 168/200
2018-03-21 04:30:06,344:INFO: - Train metrics: accuracy: 0.930 ; loss: 0.303
2018-03-21 04:30:06,995:INFO: - Eval metrics : accuracy: 0.285 ; loss: 4.212
2018-03-21 04:30:07,011:INFO: Epoch 169/200
2018-03-21 04:30:16,312:INFO: - Train metrics: accuracy: 0.965 ; loss: 0.270
2018-03-21 04:30:16,965:INFO: - Eval metrics : accuracy: 0.357 ; loss: 3.766
2018-03-21 04:30:16,983:INFO: Epoch 170/200
2018-03-21 04:30:26,315:INFO: - Train metrics: accuracy: 0.949 ; loss: 0.263
2018-03-21 04:30:26,957:INFO: - Eval metrics : accuracy: 0.407 ; loss: 3.330
2018-03-21 04:30:26,977:INFO: Epoch 171/200
2018-03-21 04:30:36,287:INFO: - Train metrics: accuracy: 0.945 ; loss: 0.309
2018-03-21 04:30:36,928:INFO: - Eval metrics : accuracy: 0.152 ; loss: 5.796
2018-03-21 04:30:36,943:INFO: Epoch 172/200
2018-03-21 04:30:46,212:INFO: - Train metrics: accuracy: 0.914 ; loss: 0.415
2018-03-21 04:30:46,851:INFO: - Eval metrics : accuracy: 0.267 ; loss: 4.329
2018-03-21 04:30:46,869:INFO: Epoch 173/200
2018-03-21 04:30:56,191:INFO: - Train metrics: accuracy: 0.949 ; loss: 0.266
2018-03-21 04:30:56,845:INFO: - Eval metrics : accuracy: 0.341 ; loss: 3.601
2018-03-21 04:30:56,874:INFO: Epoch 174/200
2018-03-21 04:31:06,179:INFO: - Train metrics: accuracy: 0.949 ; loss: 0.269
2018-03-21 04:31:06,817:INFO: - Eval metrics : accuracy: 0.385 ; loss: 3.330
2018-03-21 04:31:06,836:INFO: Epoch 175/200
2018-03-21 04:31:16,171:INFO: - Train metrics: accuracy: 0.945 ; loss: 0.295
2018-03-21 04:31:16,814:INFO: - Eval metrics : accuracy: 0.205 ; loss: 5.393
2018-03-21 04:31:16,833:INFO: Epoch 176/200
2018-03-21 04:31:26,150:INFO: - Train metrics: accuracy: 0.934 ; loss: 0.334
2018-03-21 04:31:26,833:INFO: - Eval metrics : accuracy: 0.172 ; loss: 6.065
2018-03-21 04:31:26,850:INFO: Epoch 177/200
2018-03-21 04:31:36,155:INFO: - Train metrics: accuracy: 0.941 ; loss: 0.308
2018-03-21 04:31:36,785:INFO: - Eval metrics : accuracy: 0.315 ; loss: 4.006
2018-03-21 04:31:36,805:INFO: Epoch 178/200
2018-03-21 04:31:46,126:INFO: - Train metrics: accuracy: 0.941 ; loss: 0.334
2018-03-21 04:31:46,759:INFO: - Eval metrics : accuracy: 0.319 ; loss: 3.779
2018-03-21 04:31:46,777:INFO: Epoch 179/200
2018-03-21 04:31:56,050:INFO: - Train metrics: accuracy: 0.930 ; loss: 0.312
2018-03-21 04:31:56,721:INFO: - Eval metrics : accuracy: 0.250 ; loss: 4.553
2018-03-21 04:31:56,749:INFO: Epoch 180/200
2018-03-21 04:32:06,061:INFO: - Train metrics: accuracy: 0.945 ; loss: 0.307
2018-03-21 04:32:06,699:INFO: - Eval metrics : accuracy: 0.298 ; loss: 3.933
2018-03-21 04:32:06,715:INFO: Epoch 181/200
2018-03-21 04:32:16,029:INFO: - Train metrics: accuracy: 0.938 ; loss: 0.314
2018-03-21 04:32:16,665:INFO: - Eval metrics : accuracy: 0.287 ; loss: 4.048
2018-03-21 04:32:16,685:INFO: Epoch 182/200
2018-03-21 04:32:25,943:INFO: - Train metrics: accuracy: 0.926 ; loss: 0.311
2018-03-21 04:32:26,563:INFO: - Eval metrics : accuracy: 0.373 ; loss: 3.613
2018-03-21 04:32:26,579:INFO: Epoch 183/200
2018-03-21 04:32:35,853:INFO: - Train metrics: accuracy: 0.938 ; loss: 0.333
2018-03-21 04:32:36,517:INFO: - Eval metrics : accuracy: 0.276 ; loss: 4.175
2018-03-21 04:32:36,541:INFO: Epoch 184/200
2018-03-21 04:32:45,889:INFO: - Train metrics: accuracy: 0.957 ; loss: 0.271
2018-03-21 04:32:46,536:INFO: - Eval metrics : accuracy: 0.361 ; loss: 3.455
2018-03-21 04:32:46,551:INFO: Epoch 185/200
2018-03-21 04:32:55,863:INFO: - Train metrics: accuracy: 0.965 ; loss: 0.270
2018-03-21 04:32:56,481:INFO: - Eval metrics : accuracy: 0.217 ; loss: 4.698
2018-03-21 04:32:56,498:INFO: Epoch 186/200
2018-03-21 04:33:05,795:INFO: - Train metrics: accuracy: 0.949 ; loss: 0.276
2018-03-21 04:33:06,412:INFO: - Eval metrics : accuracy: 0.398 ; loss: 3.194
2018-03-21 04:33:06,427:INFO: Epoch 187/200
2018-03-21 04:33:15,707:INFO: - Train metrics: accuracy: 0.973 ; loss: 0.201
2018-03-21 04:33:16,333:INFO: - Eval metrics : accuracy: 0.172 ; loss: 5.368
2018-03-21 04:33:16,353:INFO: Epoch 188/200
2018-03-21 04:33:25,658:INFO: - Train metrics: accuracy: 0.953 ; loss: 0.297
2018-03-21 04:33:26,320:INFO: - Eval metrics : accuracy: 0.217 ; loss: 5.260
2018-03-21 04:33:26,337:INFO: Epoch 189/200
2018-03-21 04:33:35,654:INFO: - Train metrics: accuracy: 0.949 ; loss: 0.285
2018-03-21 04:33:36,271:INFO: - Eval metrics : accuracy: 0.270 ; loss: 4.155
2018-03-21 04:33:36,289:INFO: Epoch 190/200
2018-03-21 04:33:45,585:INFO: - Train metrics: accuracy: 0.969 ; loss: 0.250
2018-03-21 04:33:46,245:INFO: - Eval metrics : accuracy: 0.347 ; loss: 3.628
2018-03-21 04:33:46,261:INFO: Epoch 191/200
2018-03-21 04:33:55,578:INFO: - Train metrics: accuracy: 0.938 ; loss: 0.306
2018-03-21 04:33:56,221:INFO: - Eval metrics : accuracy: 0.361 ; loss: 3.674
2018-03-21 04:33:56,237:INFO: Epoch 192/200
2018-03-21 04:34:05,529:INFO: - Train metrics: accuracy: 0.938 ; loss: 0.332
2018-03-21 04:34:06,179:INFO: - Eval metrics : accuracy: 0.216 ; loss: 4.988
2018-03-21 04:34:06,205:INFO: Epoch 193/200
2018-03-21 04:34:15,558:INFO: - Train metrics: accuracy: 0.973 ; loss: 0.221
2018-03-21 04:34:16,195:INFO: - Eval metrics : accuracy: 0.451 ; loss: 3.053
2018-03-21 04:34:16,212:INFO: Epoch 194/200
2018-03-21 04:34:25,564:INFO: - Train metrics: accuracy: 0.957 ; loss: 0.287
2018-03-21 04:34:26,212:INFO: - Eval metrics : accuracy: 0.277 ; loss: 4.340
2018-03-21 04:34:26,228:INFO: Epoch 195/200
2018-03-21 04:34:35,537:INFO: - Train metrics: accuracy: 0.961 ; loss: 0.257
2018-03-21 04:34:36,155:INFO: - Eval metrics : accuracy: 0.264 ; loss: 4.389
2018-03-21 04:34:36,181:INFO: Epoch 196/200
2018-03-21 04:34:45,514:INFO: - Train metrics: accuracy: 0.941 ; loss: 0.281
2018-03-21 04:34:46,148:INFO: - Eval metrics : accuracy: 0.412 ; loss: 3.254
2018-03-21 04:34:46,169:INFO: Epoch 197/200
2018-03-21 04:34:55,473:INFO: - Train metrics: accuracy: 0.934 ; loss: 0.300
2018-03-21 04:34:56,140:INFO: - Eval metrics : accuracy: 0.185 ; loss: 5.947
2018-03-21 04:34:56,154:INFO: Epoch 198/200
2018-03-21 04:35:05,505:INFO: - Train metrics: accuracy: 0.953 ; loss: 0.261
2018-03-21 04:35:06,155:INFO: - Eval metrics : accuracy: 0.337 ; loss: 3.695
2018-03-21 04:35:06,181:INFO: Epoch 199/200
2018-03-21 04:35:15,466:INFO: - Train metrics: accuracy: 0.914 ; loss: 0.377
2018-03-21 04:35:16,124:INFO: - Eval metrics : accuracy: 0.278 ; loss: 4.504
2018-03-21 04:35:16,142:INFO: Epoch 200/200
2018-03-21 04:35:25,475:INFO: - Train metrics: accuracy: 0.949 ; loss: 0.281
2018-03-21 04:35:26,151:INFO: - Eval metrics : accuracy: 0.294 ; loss: 4.257
