2018-03-22 01:15:17,705:INFO: Loading the datasets...
2018-03-22 01:15:17,757:INFO: - done.
2018-03-22 01:15:20,045:INFO: Starting training for 100 epoch(s)
2018-03-22 01:15:20,045:INFO: Epoch 1/100
2018-03-22 01:15:49,511:INFO: - Train metrics: accuracy: 0.010 ; loss: 5.609
2018-03-22 01:15:51,008:INFO: - Eval metrics : accuracy: 0.047 ; loss: 5.112
2018-03-22 01:15:51,032:INFO: - Found new best accuracy
2018-03-22 01:15:51,032:INFO: Epoch 2/100
2018-03-22 01:16:19,728:INFO: - Train metrics: accuracy: 0.052 ; loss: 4.958
2018-03-22 01:16:21,190:INFO: - Eval metrics : accuracy: 0.113 ; loss: 4.568
2018-03-22 01:16:21,266:INFO: - Found new best accuracy
2018-03-22 01:16:21,267:INFO: Epoch 3/100
2018-03-22 01:16:49,857:INFO: - Train metrics: accuracy: 0.135 ; loss: 4.482
2018-03-22 01:16:51,363:INFO: - Eval metrics : accuracy: 0.149 ; loss: 4.270
2018-03-22 01:16:51,440:INFO: - Found new best accuracy
2018-03-22 01:16:51,440:INFO: Epoch 4/100
2018-03-22 01:17:20,108:INFO: - Train metrics: accuracy: 0.224 ; loss: 3.826
2018-03-22 01:17:21,590:INFO: - Eval metrics : accuracy: 0.282 ; loss: 3.500
2018-03-22 01:17:21,663:INFO: - Found new best accuracy
2018-03-22 01:17:21,663:INFO: Epoch 5/100
2018-03-22 01:17:50,296:INFO: - Train metrics: accuracy: 0.193 ; loss: 3.741
2018-03-22 01:17:51,788:INFO: - Eval metrics : accuracy: 0.333 ; loss: 3.160
2018-03-22 01:17:51,869:INFO: - Found new best accuracy
2018-03-22 01:17:51,870:INFO: Epoch 6/100
2018-03-22 01:18:20,460:INFO: - Train metrics: accuracy: 0.333 ; loss: 3.019
2018-03-22 01:18:21,932:INFO: - Eval metrics : accuracy: 0.238 ; loss: 3.652
2018-03-22 01:18:21,971:INFO: Epoch 7/100
2018-03-22 01:18:50,554:INFO: - Train metrics: accuracy: 0.333 ; loss: 2.925
2018-03-22 01:18:52,033:INFO: - Eval metrics : accuracy: 0.399 ; loss: 2.791
2018-03-22 01:18:52,109:INFO: - Found new best accuracy
2018-03-22 01:18:52,110:INFO: Epoch 8/100
2018-03-22 01:19:20,757:INFO: - Train metrics: accuracy: 0.401 ; loss: 2.736
2018-03-22 01:19:22,257:INFO: - Eval metrics : accuracy: 0.404 ; loss: 2.758
2018-03-22 01:19:22,332:INFO: - Found new best accuracy
2018-03-22 01:19:22,333:INFO: Epoch 9/100
2018-03-22 01:19:50,858:INFO: - Train metrics: accuracy: 0.438 ; loss: 2.622
2018-03-22 01:19:52,362:INFO: - Eval metrics : accuracy: 0.459 ; loss: 2.375
2018-03-22 01:19:52,438:INFO: - Found new best accuracy
2018-03-22 01:19:52,438:INFO: Epoch 10/100
2018-03-22 01:20:21,013:INFO: - Train metrics: accuracy: 0.417 ; loss: 2.392
2018-03-22 01:20:22,504:INFO: - Eval metrics : accuracy: 0.301 ; loss: 3.299
2018-03-22 01:20:22,547:INFO: Epoch 11/100
2018-03-22 01:20:51,078:INFO: - Train metrics: accuracy: 0.443 ; loss: 2.352
2018-03-22 01:20:52,554:INFO: - Eval metrics : accuracy: 0.417 ; loss: 2.592
2018-03-22 01:20:52,599:INFO: Epoch 12/100
2018-03-22 01:21:21,149:INFO: - Train metrics: accuracy: 0.490 ; loss: 2.183
2018-03-22 01:21:22,634:INFO: - Eval metrics : accuracy: 0.544 ; loss: 1.983
2018-03-22 01:21:22,713:INFO: - Found new best accuracy
2018-03-22 01:21:22,714:INFO: Epoch 13/100
2018-03-22 01:21:51,253:INFO: - Train metrics: accuracy: 0.479 ; loss: 2.096
2018-03-22 01:21:52,745:INFO: - Eval metrics : accuracy: 0.455 ; loss: 2.388
2018-03-22 01:21:52,791:INFO: Epoch 14/100
2018-03-22 01:22:21,383:INFO: - Train metrics: accuracy: 0.609 ; loss: 1.804
2018-03-22 01:22:22,891:INFO: - Eval metrics : accuracy: 0.529 ; loss: 2.010
2018-03-22 01:22:22,932:INFO: Epoch 15/100
2018-03-22 01:22:51,585:INFO: - Train metrics: accuracy: 0.547 ; loss: 1.720
2018-03-22 01:22:53,085:INFO: - Eval metrics : accuracy: 0.429 ; loss: 2.499
2018-03-22 01:22:53,123:INFO: Epoch 16/100
2018-03-22 01:23:21,711:INFO: - Train metrics: accuracy: 0.573 ; loss: 1.811
2018-03-22 01:23:23,237:INFO: - Eval metrics : accuracy: 0.554 ; loss: 1.900
2018-03-22 01:23:23,315:INFO: - Found new best accuracy
2018-03-22 01:23:23,316:INFO: Epoch 17/100
2018-03-22 01:23:51,921:INFO: - Train metrics: accuracy: 0.505 ; loss: 1.965
2018-03-22 01:23:53,415:INFO: - Eval metrics : accuracy: 0.543 ; loss: 1.973
2018-03-22 01:23:53,459:INFO: Epoch 18/100
2018-03-22 01:24:22,023:INFO: - Train metrics: accuracy: 0.651 ; loss: 1.513
2018-03-22 01:24:23,519:INFO: - Eval metrics : accuracy: 0.583 ; loss: 1.791
2018-03-22 01:24:23,597:INFO: - Found new best accuracy
2018-03-22 01:24:23,597:INFO: Epoch 19/100
2018-03-22 01:24:52,198:INFO: - Train metrics: accuracy: 0.536 ; loss: 1.834
2018-03-22 01:24:53,713:INFO: - Eval metrics : accuracy: 0.561 ; loss: 1.900
2018-03-22 01:24:53,751:INFO: Epoch 20/100
2018-03-22 01:25:22,335:INFO: - Train metrics: accuracy: 0.557 ; loss: 1.804
2018-03-22 01:25:23,841:INFO: - Eval metrics : accuracy: 0.357 ; loss: 2.935
2018-03-22 01:25:23,885:INFO: Epoch 21/100
2018-03-22 01:25:52,525:INFO: - Train metrics: accuracy: 0.630 ; loss: 1.599
2018-03-22 01:25:54,044:INFO: - Eval metrics : accuracy: 0.557 ; loss: 1.876
2018-03-22 01:25:54,091:INFO: Epoch 22/100
2018-03-22 01:26:22,666:INFO: - Train metrics: accuracy: 0.625 ; loss: 1.379
2018-03-22 01:26:24,166:INFO: - Eval metrics : accuracy: 0.485 ; loss: 2.231
2018-03-22 01:26:24,209:INFO: Epoch 23/100
2018-03-22 01:26:52,893:INFO: - Train metrics: accuracy: 0.589 ; loss: 1.551
2018-03-22 01:26:54,351:INFO: - Eval metrics : accuracy: 0.595 ; loss: 1.749
2018-03-22 01:26:54,428:INFO: - Found new best accuracy
2018-03-22 01:26:54,428:INFO: Epoch 24/100
2018-03-22 01:27:22,951:INFO: - Train metrics: accuracy: 0.688 ; loss: 1.256
2018-03-22 01:27:24,439:INFO: - Eval metrics : accuracy: 0.545 ; loss: 1.920
2018-03-22 01:27:24,483:INFO: Epoch 25/100
2018-03-22 01:27:52,931:INFO: - Train metrics: accuracy: 0.651 ; loss: 1.372
2018-03-22 01:27:54,433:INFO: - Eval metrics : accuracy: 0.492 ; loss: 2.142
2018-03-22 01:27:54,478:INFO: Epoch 26/100
2018-03-22 01:28:23,061:INFO: - Train metrics: accuracy: 0.641 ; loss: 1.365
2018-03-22 01:28:24,563:INFO: - Eval metrics : accuracy: 0.563 ; loss: 1.837
2018-03-22 01:28:24,618:INFO: Epoch 27/100
2018-03-22 01:28:53,096:INFO: - Train metrics: accuracy: 0.646 ; loss: 1.463
2018-03-22 01:28:54,623:INFO: - Eval metrics : accuracy: 0.611 ; loss: 1.636
2018-03-22 01:28:54,701:INFO: - Found new best accuracy
2018-03-22 01:28:54,701:INFO: Epoch 28/100
2018-03-22 01:29:23,148:INFO: - Train metrics: accuracy: 0.656 ; loss: 1.337
2018-03-22 01:29:24,640:INFO: - Eval metrics : accuracy: 0.549 ; loss: 1.914
2018-03-22 01:29:24,683:INFO: Epoch 29/100
2018-03-22 01:29:53,207:INFO: - Train metrics: accuracy: 0.661 ; loss: 1.186
2018-03-22 01:29:54,678:INFO: - Eval metrics : accuracy: 0.573 ; loss: 1.818
2018-03-22 01:29:54,722:INFO: Epoch 30/100
2018-03-22 01:30:23,263:INFO: - Train metrics: accuracy: 0.714 ; loss: 1.152
2018-03-22 01:30:24,753:INFO: - Eval metrics : accuracy: 0.521 ; loss: 2.082
2018-03-22 01:30:24,798:INFO: Epoch 31/100
2018-03-22 01:30:53,319:INFO: - Train metrics: accuracy: 0.698 ; loss: 1.085
2018-03-22 01:30:54,820:INFO: - Eval metrics : accuracy: 0.562 ; loss: 1.810
2018-03-22 01:30:54,865:INFO: Epoch 32/100
2018-03-22 01:31:23,397:INFO: - Train metrics: accuracy: 0.724 ; loss: 1.135
2018-03-22 01:31:24,892:INFO: - Eval metrics : accuracy: 0.584 ; loss: 1.722
2018-03-22 01:31:24,946:INFO: Epoch 33/100
2018-03-22 01:31:53,474:INFO: - Train metrics: accuracy: 0.656 ; loss: 1.239
2018-03-22 01:31:54,968:INFO: - Eval metrics : accuracy: 0.479 ; loss: 2.253
2018-03-22 01:31:55,011:INFO: Epoch 34/100
2018-03-22 01:32:23,510:INFO: - Train metrics: accuracy: 0.667 ; loss: 1.148
2018-03-22 01:32:25,017:INFO: - Eval metrics : accuracy: 0.605 ; loss: 1.684
2018-03-22 01:32:25,054:INFO: Epoch 35/100
2018-03-22 01:32:53,541:INFO: - Train metrics: accuracy: 0.750 ; loss: 1.005
2018-03-22 01:32:55,042:INFO: - Eval metrics : accuracy: 0.604 ; loss: 1.607
2018-03-22 01:32:55,087:INFO: Epoch 36/100
2018-03-22 01:33:23,560:INFO: - Train metrics: accuracy: 0.766 ; loss: 0.926
2018-03-22 01:33:25,035:INFO: - Eval metrics : accuracy: 0.567 ; loss: 1.839
2018-03-22 01:33:25,080:INFO: Epoch 37/100
2018-03-22 01:33:53,595:INFO: - Train metrics: accuracy: 0.656 ; loss: 1.157
2018-03-22 01:33:55,105:INFO: - Eval metrics : accuracy: 0.564 ; loss: 1.872
2018-03-22 01:33:55,149:INFO: Epoch 38/100
2018-03-22 01:34:23,628:INFO: - Train metrics: accuracy: 0.688 ; loss: 1.128
2018-03-22 01:34:25,117:INFO: - Eval metrics : accuracy: 0.253 ; loss: 3.692
2018-03-22 01:34:25,178:INFO: Epoch 39/100
2018-03-22 01:34:53,672:INFO: - Train metrics: accuracy: 0.693 ; loss: 1.225
2018-03-22 01:34:55,164:INFO: - Eval metrics : accuracy: 0.505 ; loss: 2.178
2018-03-22 01:34:55,211:INFO: Epoch 40/100
2018-03-22 01:35:23,702:INFO: - Train metrics: accuracy: 0.714 ; loss: 1.051
2018-03-22 01:35:25,205:INFO: - Eval metrics : accuracy: 0.602 ; loss: 1.653
2018-03-22 01:35:25,250:INFO: Epoch 41/100
2018-03-22 01:35:53,775:INFO: - Train metrics: accuracy: 0.745 ; loss: 1.003
2018-03-22 01:35:55,271:INFO: - Eval metrics : accuracy: 0.555 ; loss: 1.928
2018-03-22 01:35:55,315:INFO: Epoch 42/100
2018-03-22 01:36:23,815:INFO: - Train metrics: accuracy: 0.812 ; loss: 0.840
2018-03-22 01:36:25,324:INFO: - Eval metrics : accuracy: 0.606 ; loss: 1.633
2018-03-22 01:36:25,371:INFO: Epoch 43/100
2018-03-22 01:36:53,857:INFO: - Train metrics: accuracy: 0.734 ; loss: 0.999
2018-03-22 01:36:55,344:INFO: - Eval metrics : accuracy: 0.404 ; loss: 2.672
2018-03-22 01:36:55,391:INFO: Epoch 44/100
2018-03-22 01:37:23,885:INFO: - Train metrics: accuracy: 0.661 ; loss: 1.205
2018-03-22 01:37:25,380:INFO: - Eval metrics : accuracy: 0.598 ; loss: 1.692
2018-03-22 01:37:25,426:INFO: Epoch 45/100
2018-03-22 01:37:53,873:INFO: - Train metrics: accuracy: 0.776 ; loss: 0.869
2018-03-22 01:37:55,363:INFO: - Eval metrics : accuracy: 0.554 ; loss: 1.880
2018-03-22 01:37:55,406:INFO: Epoch 46/100
2018-03-22 01:38:23,872:INFO: - Train metrics: accuracy: 0.724 ; loss: 0.990
2018-03-22 01:38:25,340:INFO: - Eval metrics : accuracy: 0.613 ; loss: 1.615
2018-03-22 01:38:25,430:INFO: - Found new best accuracy
2018-03-22 01:38:25,430:INFO: Epoch 47/100
2018-03-22 01:38:53,892:INFO: - Train metrics: accuracy: 0.724 ; loss: 1.002
2018-03-22 01:38:55,402:INFO: - Eval metrics : accuracy: 0.459 ; loss: 2.526
2018-03-22 01:38:55,446:INFO: Epoch 48/100
2018-03-22 01:39:23,939:INFO: - Train metrics: accuracy: 0.776 ; loss: 0.818
2018-03-22 01:39:25,406:INFO: - Eval metrics : accuracy: 0.594 ; loss: 1.696
2018-03-22 01:39:25,451:INFO: Epoch 49/100
2018-03-22 01:39:53,886:INFO: - Train metrics: accuracy: 0.745 ; loss: 0.889
2018-03-22 01:39:55,353:INFO: - Eval metrics : accuracy: 0.601 ; loss: 1.661
2018-03-22 01:39:55,392:INFO: Epoch 50/100
2018-03-22 01:40:23,921:INFO: - Train metrics: accuracy: 0.766 ; loss: 0.859
2018-03-22 01:40:25,433:INFO: - Eval metrics : accuracy: 0.517 ; loss: 2.114
2018-03-22 01:40:25,477:INFO: Epoch 51/100
2018-03-22 01:40:53,857:INFO: - Train metrics: accuracy: 0.797 ; loss: 0.855
2018-03-22 01:40:55,334:INFO: - Eval metrics : accuracy: 0.612 ; loss: 1.600
2018-03-22 01:40:55,377:INFO: Epoch 52/100
2018-03-22 01:41:23,792:INFO: - Train metrics: accuracy: 0.766 ; loss: 0.823
2018-03-22 01:41:25,300:INFO: - Eval metrics : accuracy: 0.614 ; loss: 1.649
2018-03-22 01:41:25,380:INFO: - Found new best accuracy
2018-03-22 01:41:25,380:INFO: Epoch 53/100
2018-03-22 01:41:53,781:INFO: - Train metrics: accuracy: 0.792 ; loss: 0.846
2018-03-22 01:41:55,259:INFO: - Eval metrics : accuracy: 0.218 ; loss: 4.177
2018-03-22 01:41:55,304:INFO: Epoch 54/100
2018-03-22 01:42:23,714:INFO: - Train metrics: accuracy: 0.724 ; loss: 0.950
2018-03-22 01:42:25,226:INFO: - Eval metrics : accuracy: 0.455 ; loss: 2.389
2018-03-22 01:42:25,270:INFO: Epoch 55/100
2018-03-22 01:42:53,737:INFO: - Train metrics: accuracy: 0.766 ; loss: 0.834
2018-03-22 01:42:55,214:INFO: - Eval metrics : accuracy: 0.599 ; loss: 1.720
2018-03-22 01:42:55,259:INFO: Epoch 56/100
2018-03-22 01:43:23,660:INFO: - Train metrics: accuracy: 0.792 ; loss: 0.782
2018-03-22 01:43:25,134:INFO: - Eval metrics : accuracy: 0.586 ; loss: 1.711
2018-03-22 01:43:25,177:INFO: Epoch 57/100
2018-03-22 01:43:53,621:INFO: - Train metrics: accuracy: 0.802 ; loss: 0.778
2018-03-22 01:43:55,118:INFO: - Eval metrics : accuracy: 0.607 ; loss: 1.631
2018-03-22 01:43:55,160:INFO: Epoch 58/100
2018-03-22 01:44:23,547:INFO: - Train metrics: accuracy: 0.833 ; loss: 0.730
2018-03-22 01:44:25,038:INFO: - Eval metrics : accuracy: 0.598 ; loss: 1.702
2018-03-22 01:44:25,080:INFO: Epoch 59/100
2018-03-22 01:44:53,451:INFO: - Train metrics: accuracy: 0.781 ; loss: 0.834
2018-03-22 01:44:54,928:INFO: - Eval metrics : accuracy: 0.584 ; loss: 1.771
2018-03-22 01:44:54,970:INFO: Epoch 60/100
2018-03-22 01:45:23,325:INFO: - Train metrics: accuracy: 0.734 ; loss: 0.916
2018-03-22 01:45:24,791:INFO: - Eval metrics : accuracy: 0.597 ; loss: 1.717
2018-03-22 01:45:24,833:INFO: Epoch 61/100
2018-03-22 01:45:53,227:INFO: - Train metrics: accuracy: 0.823 ; loss: 0.725
2018-03-22 01:45:54,709:INFO: - Eval metrics : accuracy: 0.577 ; loss: 1.734
2018-03-22 01:45:54,752:INFO: Epoch 62/100
2018-03-22 01:46:23,226:INFO: - Train metrics: accuracy: 0.807 ; loss: 0.750
2018-03-22 01:46:24,719:INFO: - Eval metrics : accuracy: 0.588 ; loss: 1.797
2018-03-22 01:46:24,766:INFO: Epoch 63/100
2018-03-22 01:46:53,135:INFO: - Train metrics: accuracy: 0.859 ; loss: 0.626
2018-03-22 01:46:54,606:INFO: - Eval metrics : accuracy: 0.616 ; loss: 1.620
2018-03-22 01:46:54,681:INFO: - Found new best accuracy
2018-03-22 01:46:54,682:INFO: Epoch 64/100
2018-03-22 01:47:23,049:INFO: - Train metrics: accuracy: 0.771 ; loss: 0.913
2018-03-22 01:47:24,514:INFO: - Eval metrics : accuracy: 0.584 ; loss: 1.706
2018-03-22 01:47:24,558:INFO: Epoch 65/100
2018-03-22 01:47:52,960:INFO: - Train metrics: accuracy: 0.833 ; loss: 0.691
2018-03-22 01:47:54,490:INFO: - Eval metrics : accuracy: 0.583 ; loss: 1.724
2018-03-22 01:47:54,530:INFO: Epoch 66/100
2018-03-22 01:48:22,921:INFO: - Train metrics: accuracy: 0.786 ; loss: 0.725
2018-03-22 01:48:24,412:INFO: - Eval metrics : accuracy: 0.606 ; loss: 1.673
2018-03-22 01:48:24,457:INFO: Epoch 67/100
2018-03-22 01:48:52,778:INFO: - Train metrics: accuracy: 0.740 ; loss: 0.913
2018-03-22 01:48:54,251:INFO: - Eval metrics : accuracy: 0.600 ; loss: 1.711
2018-03-22 01:48:54,295:INFO: Epoch 68/100
2018-03-22 01:49:22,680:INFO: - Train metrics: accuracy: 0.807 ; loss: 0.757
2018-03-22 01:49:24,166:INFO: - Eval metrics : accuracy: 0.602 ; loss: 1.626
2018-03-22 01:49:24,210:INFO: Epoch 69/100
2018-03-22 01:49:52,547:INFO: - Train metrics: accuracy: 0.833 ; loss: 0.678
2018-03-22 01:49:54,053:INFO: - Eval metrics : accuracy: 0.616 ; loss: 1.650
2018-03-22 01:49:54,096:INFO: Epoch 70/100
2018-03-22 01:50:22,481:INFO: - Train metrics: accuracy: 0.849 ; loss: 0.621
2018-03-22 01:50:23,968:INFO: - Eval metrics : accuracy: 0.611 ; loss: 1.674
2018-03-22 01:50:24,009:INFO: Epoch 71/100
2018-03-22 01:50:52,387:INFO: - Train metrics: accuracy: 0.839 ; loss: 0.629
2018-03-22 01:50:53,875:INFO: - Eval metrics : accuracy: 0.524 ; loss: 2.071
2018-03-22 01:50:53,917:INFO: Epoch 72/100
2018-03-22 01:51:22,310:INFO: - Train metrics: accuracy: 0.807 ; loss: 0.772
2018-03-22 01:51:23,787:INFO: - Eval metrics : accuracy: 0.586 ; loss: 1.737
2018-03-22 01:51:23,831:INFO: Epoch 73/100
2018-03-22 01:51:52,269:INFO: - Train metrics: accuracy: 0.807 ; loss: 0.754
2018-03-22 01:51:53,771:INFO: - Eval metrics : accuracy: 0.589 ; loss: 1.754
2018-03-22 01:51:53,812:INFO: Epoch 74/100
2018-03-22 01:52:22,272:INFO: - Train metrics: accuracy: 0.870 ; loss: 0.592
2018-03-22 01:52:23,756:INFO: - Eval metrics : accuracy: 0.547 ; loss: 1.947
2018-03-22 01:52:23,799:INFO: Epoch 75/100
2018-03-22 01:52:52,204:INFO: - Train metrics: accuracy: 0.823 ; loss: 0.699
2018-03-22 01:52:53,705:INFO: - Eval metrics : accuracy: 0.590 ; loss: 1.757
2018-03-22 01:52:53,753:INFO: Epoch 76/100
2018-03-22 01:53:22,080:INFO: - Train metrics: accuracy: 0.839 ; loss: 0.627
2018-03-22 01:53:23,570:INFO: - Eval metrics : accuracy: 0.571 ; loss: 1.835
2018-03-22 01:53:23,613:INFO: Epoch 77/100
2018-03-22 01:53:51,992:INFO: - Train metrics: accuracy: 0.812 ; loss: 0.735
2018-03-22 01:53:53,469:INFO: - Eval metrics : accuracy: 0.365 ; loss: 2.981
2018-03-22 01:53:53,512:INFO: Epoch 78/100
2018-03-22 01:54:21,852:INFO: - Train metrics: accuracy: 0.802 ; loss: 0.668
2018-03-22 01:54:23,354:INFO: - Eval metrics : accuracy: 0.581 ; loss: 1.796
2018-03-22 01:54:23,396:INFO: Epoch 79/100
2018-03-22 01:54:51,744:INFO: - Train metrics: accuracy: 0.823 ; loss: 0.761
2018-03-22 01:54:53,223:INFO: - Eval metrics : accuracy: 0.572 ; loss: 1.835
2018-03-22 01:54:53,268:INFO: Epoch 80/100
2018-03-22 01:55:21,595:INFO: - Train metrics: accuracy: 0.859 ; loss: 0.669
2018-03-22 01:55:23,088:INFO: - Eval metrics : accuracy: 0.611 ; loss: 1.655
2018-03-22 01:55:23,130:INFO: Epoch 81/100
2018-03-22 01:55:51,482:INFO: - Train metrics: accuracy: 0.828 ; loss: 0.628
2018-03-22 01:55:52,950:INFO: - Eval metrics : accuracy: 0.123 ; loss: 5.099
2018-03-22 01:55:52,987:INFO: Epoch 82/100
2018-03-22 01:56:21,301:INFO: - Train metrics: accuracy: 0.828 ; loss: 0.675
2018-03-22 01:56:22,767:INFO: - Eval metrics : accuracy: 0.590 ; loss: 1.770
2018-03-22 01:56:22,809:INFO: Epoch 83/100
2018-03-22 01:56:51,167:INFO: - Train metrics: accuracy: 0.828 ; loss: 0.621
2018-03-22 01:56:52,677:INFO: - Eval metrics : accuracy: 0.603 ; loss: 1.688
2018-03-22 01:56:52,718:INFO: Epoch 84/100
2018-03-22 01:57:21,023:INFO: - Train metrics: accuracy: 0.891 ; loss: 0.547
2018-03-22 01:57:22,514:INFO: - Eval metrics : accuracy: 0.597 ; loss: 1.759
2018-03-22 01:57:22,558:INFO: Epoch 85/100
2018-03-22 01:57:50,868:INFO: - Train metrics: accuracy: 0.802 ; loss: 0.802
2018-03-22 01:57:52,346:INFO: - Eval metrics : accuracy: 0.588 ; loss: 1.742
2018-03-22 01:57:52,389:INFO: Epoch 86/100
2018-03-22 01:58:20,761:INFO: - Train metrics: accuracy: 0.776 ; loss: 0.800
2018-03-22 01:58:22,238:INFO: - Eval metrics : accuracy: 0.609 ; loss: 1.689
2018-03-22 01:58:22,281:INFO: Epoch 87/100
2018-03-22 01:58:50,748:INFO: - Train metrics: accuracy: 0.833 ; loss: 0.623
2018-03-22 01:58:52,221:INFO: - Eval metrics : accuracy: 0.607 ; loss: 1.685
2018-03-22 01:58:52,265:INFO: Epoch 88/100
2018-03-22 01:59:20,627:INFO: - Train metrics: accuracy: 0.797 ; loss: 0.726
2018-03-22 01:59:22,122:INFO: - Eval metrics : accuracy: 0.544 ; loss: 1.973
2018-03-22 01:59:22,170:INFO: Epoch 89/100
2018-03-22 01:59:50,548:INFO: - Train metrics: accuracy: 0.833 ; loss: 0.614
2018-03-22 01:59:52,022:INFO: - Eval metrics : accuracy: 0.410 ; loss: 2.623
2018-03-22 01:59:52,059:INFO: Epoch 90/100
2018-03-22 02:00:20,534:INFO: - Train metrics: accuracy: 0.812 ; loss: 0.736
2018-03-22 02:00:22,034:INFO: - Eval metrics : accuracy: 0.570 ; loss: 1.830
2018-03-22 02:00:22,080:INFO: Epoch 91/100
2018-03-22 02:00:50,410:INFO: - Train metrics: accuracy: 0.865 ; loss: 0.568
2018-03-22 02:00:51,918:INFO: - Eval metrics : accuracy: 0.609 ; loss: 1.719
2018-03-22 02:00:51,961:INFO: Epoch 92/100
2018-03-22 02:01:20,251:INFO: - Train metrics: accuracy: 0.865 ; loss: 0.501
2018-03-22 02:01:21,766:INFO: - Eval metrics : accuracy: 0.343 ; loss: 3.199
2018-03-22 02:01:21,813:INFO: Epoch 93/100
2018-03-22 02:01:50,182:INFO: - Train metrics: accuracy: 0.797 ; loss: 0.783
2018-03-22 02:01:51,698:INFO: - Eval metrics : accuracy: 0.580 ; loss: 1.797
2018-03-22 02:01:51,744:INFO: Epoch 94/100
2018-03-22 02:02:20,058:INFO: - Train metrics: accuracy: 0.802 ; loss: 0.697
2018-03-22 02:02:21,574:INFO: - Eval metrics : accuracy: 0.305 ; loss: 3.476
2018-03-22 02:02:21,630:INFO: Epoch 95/100
2018-03-22 02:02:50,072:INFO: - Train metrics: accuracy: 0.880 ; loss: 0.528
2018-03-22 02:02:51,589:INFO: - Eval metrics : accuracy: 0.599 ; loss: 1.768
2018-03-22 02:02:51,635:INFO: Epoch 96/100
2018-03-22 02:03:20,117:INFO: - Train metrics: accuracy: 0.812 ; loss: 0.687
2018-03-22 02:03:21,614:INFO: - Eval metrics : accuracy: 0.617 ; loss: 1.675
2018-03-22 02:03:21,684:INFO: - Found new best accuracy
2018-03-22 02:03:21,684:INFO: Epoch 97/100
2018-03-22 02:03:50,013:INFO: - Train metrics: accuracy: 0.839 ; loss: 0.653
2018-03-22 02:03:51,524:INFO: - Eval metrics : accuracy: 0.619 ; loss: 1.656
2018-03-22 02:03:51,600:INFO: - Found new best accuracy
2018-03-22 02:03:51,601:INFO: Epoch 98/100
2018-03-22 02:04:19,943:INFO: - Train metrics: accuracy: 0.875 ; loss: 0.578
2018-03-22 02:04:21,465:INFO: - Eval metrics : accuracy: 0.572 ; loss: 1.843
2018-03-22 02:04:21,504:INFO: Epoch 99/100
2018-03-22 02:04:49,875:INFO: - Train metrics: accuracy: 0.823 ; loss: 0.740
2018-03-22 02:04:51,373:INFO: - Eval metrics : accuracy: 0.615 ; loss: 1.699
2018-03-22 02:04:51,426:INFO: Epoch 100/100
2018-03-22 02:05:19,853:INFO: - Train metrics: accuracy: 0.828 ; loss: 0.670
2018-03-22 02:05:21,377:INFO: - Eval metrics : accuracy: 0.459 ; loss: 2.357
