2018-03-20 22:43:05,641:INFO: Loading the datasets...
2018-03-20 22:44:08,891:INFO: Loading the datasets...
2018-03-20 22:44:08,944:INFO: - done.
2018-03-20 22:44:11,225:INFO: Starting training for 200 epoch(s)
2018-03-20 22:44:11,225:INFO: Epoch 1/200
2018-03-20 22:44:21,304:INFO: - Train metrics: accuracy: 0.016 ; loss: 5.472
2018-03-20 22:44:21,944:INFO: - Eval metrics : accuracy: 0.036 ; loss: 5.046
2018-03-20 22:44:21,962:INFO: - Found new lowest loss
2018-03-20 22:44:21,963:INFO: Epoch 2/200
2018-03-20 22:44:31,268:INFO: - Train metrics: accuracy: 0.051 ; loss: 4.867
2018-03-20 22:44:31,920:INFO: - Eval metrics : accuracy: 0.038 ; loss: 4.888
2018-03-20 22:44:31,949:INFO: - Found new lowest loss
2018-03-20 22:44:31,950:INFO: Epoch 3/200
2018-03-20 22:44:41,258:INFO: - Train metrics: accuracy: 0.074 ; loss: 4.469
2018-03-20 22:44:41,890:INFO: - Eval metrics : accuracy: 0.091 ; loss: 4.491
2018-03-20 22:44:41,916:INFO: - Found new lowest loss
2018-03-20 22:44:41,919:INFO: Epoch 4/200
2018-03-20 22:44:51,258:INFO: - Train metrics: accuracy: 0.141 ; loss: 4.008
2018-03-20 22:44:51,900:INFO: - Eval metrics : accuracy: 0.077 ; loss: 4.515
2018-03-20 22:44:51,916:INFO: Epoch 5/200
2018-03-20 22:45:01,269:INFO: - Train metrics: accuracy: 0.180 ; loss: 3.757
2018-03-20 22:45:01,937:INFO: - Eval metrics : accuracy: 0.082 ; loss: 4.486
2018-03-20 22:45:01,967:INFO: - Found new lowest loss
2018-03-20 22:45:01,967:INFO: Epoch 6/200
2018-03-20 22:45:11,307:INFO: - Train metrics: accuracy: 0.223 ; loss: 3.357
2018-03-20 22:45:11,989:INFO: - Eval metrics : accuracy: 0.104 ; loss: 4.403
2018-03-20 22:45:12,037:INFO: - Found new lowest loss
2018-03-20 22:45:12,038:INFO: Epoch 7/200
2018-03-20 22:45:21,364:INFO: - Train metrics: accuracy: 0.324 ; loss: 2.948
2018-03-20 22:45:22,002:INFO: - Eval metrics : accuracy: 0.173 ; loss: 3.709
2018-03-20 22:45:22,028:INFO: - Found new lowest loss
2018-03-20 22:45:22,029:INFO: Epoch 8/200
2018-03-20 22:45:31,452:INFO: - Train metrics: accuracy: 0.312 ; loss: 2.919
2018-03-20 22:45:32,090:INFO: - Eval metrics : accuracy: 0.331 ; loss: 2.939
2018-03-20 22:45:32,118:INFO: - Found new lowest loss
2018-03-20 22:45:32,119:INFO: Epoch 9/200
2018-03-20 22:45:41,560:INFO: - Train metrics: accuracy: 0.332 ; loss: 2.772
2018-03-20 22:45:42,208:INFO: - Eval metrics : accuracy: 0.035 ; loss: 5.815
2018-03-20 22:45:42,224:INFO: Epoch 10/200
2018-03-20 22:45:51,650:INFO: - Train metrics: accuracy: 0.402 ; loss: 2.449
2018-03-20 22:45:52,305:INFO: - Eval metrics : accuracy: 0.009 ; loss: 9.766
2018-03-20 22:45:52,321:INFO: Epoch 11/200
2018-03-20 22:46:01,747:INFO: - Train metrics: accuracy: 0.391 ; loss: 2.610
2018-03-20 22:46:02,392:INFO: - Eval metrics : accuracy: 0.062 ; loss: 5.632
2018-03-20 22:46:02,407:INFO: Epoch 12/200
2018-03-20 22:46:11,881:INFO: - Train metrics: accuracy: 0.445 ; loss: 2.362
2018-03-20 22:46:12,529:INFO: - Eval metrics : accuracy: 0.135 ; loss: 4.293
2018-03-20 22:46:12,553:INFO: Epoch 13/200
2018-03-20 22:46:21,974:INFO: - Train metrics: accuracy: 0.488 ; loss: 2.084
2018-03-20 22:46:22,623:INFO: - Eval metrics : accuracy: 0.071 ; loss: 6.477
2018-03-20 22:46:22,658:INFO: Epoch 14/200
2018-03-20 22:46:32,072:INFO: - Train metrics: accuracy: 0.469 ; loss: 2.155
2018-03-20 22:46:32,720:INFO: - Eval metrics : accuracy: 0.132 ; loss: 4.537
2018-03-20 22:46:32,736:INFO: Epoch 15/200
2018-03-20 22:46:42,226:INFO: - Train metrics: accuracy: 0.473 ; loss: 2.078
2018-03-20 22:46:42,853:INFO: - Eval metrics : accuracy: 0.061 ; loss: 6.764
2018-03-20 22:46:42,873:INFO: Epoch 16/200
2018-03-20 22:46:52,331:INFO: - Train metrics: accuracy: 0.449 ; loss: 2.186
2018-03-20 22:46:53,000:INFO: - Eval metrics : accuracy: 0.407 ; loss: 2.527
2018-03-20 22:46:53,028:INFO: - Found new lowest loss
2018-03-20 22:46:53,028:INFO: Epoch 17/200
2018-03-20 22:47:02,541:INFO: - Train metrics: accuracy: 0.520 ; loss: 1.811
2018-03-20 22:47:03,187:INFO: - Eval metrics : accuracy: 0.186 ; loss: 4.003
2018-03-20 22:47:03,209:INFO: Epoch 18/200
2018-03-20 22:47:12,723:INFO: - Train metrics: accuracy: 0.523 ; loss: 1.905
2018-03-20 22:47:13,381:INFO: - Eval metrics : accuracy: 0.182 ; loss: 4.233
2018-03-20 22:47:13,397:INFO: Epoch 19/200
2018-03-20 22:47:22,882:INFO: - Train metrics: accuracy: 0.531 ; loss: 1.775
2018-03-20 22:47:23,529:INFO: - Eval metrics : accuracy: 0.154 ; loss: 4.992
2018-03-20 22:47:23,553:INFO: Epoch 20/200
2018-03-20 22:47:33,089:INFO: - Train metrics: accuracy: 0.508 ; loss: 1.769
2018-03-20 22:47:33,772:INFO: - Eval metrics : accuracy: 0.214 ; loss: 3.589
2018-03-20 22:47:33,784:INFO: Epoch 21/200
2018-03-20 22:47:43,324:INFO: - Train metrics: accuracy: 0.617 ; loss: 1.644
2018-03-20 22:47:44,013:INFO: - Eval metrics : accuracy: 0.051 ; loss: 7.488
2018-03-20 22:47:44,029:INFO: Epoch 22/200
2018-03-20 22:47:53,505:INFO: - Train metrics: accuracy: 0.578 ; loss: 1.551
2018-03-20 22:47:54,163:INFO: - Eval metrics : accuracy: 0.145 ; loss: 4.595
2018-03-20 22:47:54,189:INFO: Epoch 23/200
2018-03-20 22:48:03,693:INFO: - Train metrics: accuracy: 0.559 ; loss: 1.608
2018-03-20 22:48:04,347:INFO: - Eval metrics : accuracy: 0.154 ; loss: 4.480
2018-03-20 22:48:04,371:INFO: Epoch 24/200
2018-03-20 22:48:13,889:INFO: - Train metrics: accuracy: 0.633 ; loss: 1.478
2018-03-20 22:48:14,536:INFO: - Eval metrics : accuracy: 0.390 ; loss: 2.546
2018-03-20 22:48:14,551:INFO: Epoch 25/200
2018-03-20 22:48:24,122:INFO: - Train metrics: accuracy: 0.598 ; loss: 1.453
2018-03-20 22:48:24,780:INFO: - Eval metrics : accuracy: 0.317 ; loss: 3.216
2018-03-20 22:48:24,796:INFO: Epoch 26/200
2018-03-20 22:48:34,339:INFO: - Train metrics: accuracy: 0.660 ; loss: 1.267
2018-03-20 22:48:34,992:INFO: - Eval metrics : accuracy: 0.113 ; loss: 5.499
2018-03-20 22:48:35,009:INFO: Epoch 27/200
2018-03-20 22:48:44,553:INFO: - Train metrics: accuracy: 0.648 ; loss: 1.399
2018-03-20 22:48:45,240:INFO: - Eval metrics : accuracy: 0.236 ; loss: 3.722
2018-03-20 22:48:45,256:INFO: Epoch 28/200
2018-03-20 22:48:54,809:INFO: - Train metrics: accuracy: 0.648 ; loss: 1.189
2018-03-20 22:48:55,482:INFO: - Eval metrics : accuracy: 0.225 ; loss: 3.800
2018-03-20 22:48:55,496:INFO: Epoch 29/200
2018-03-20 22:49:05,020:INFO: - Train metrics: accuracy: 0.672 ; loss: 1.206
2018-03-20 22:49:05,681:INFO: - Eval metrics : accuracy: 0.110 ; loss: 5.134
2018-03-20 22:49:05,697:INFO: Epoch 30/200
2018-03-20 22:49:15,213:INFO: - Train metrics: accuracy: 0.664 ; loss: 1.319
2018-03-20 22:49:15,856:INFO: - Eval metrics : accuracy: 0.059 ; loss: 7.999
2018-03-20 22:49:15,873:INFO: Epoch 31/200
2018-03-20 22:49:25,408:INFO: - Train metrics: accuracy: 0.711 ; loss: 1.079
2018-03-20 22:49:26,069:INFO: - Eval metrics : accuracy: 0.176 ; loss: 4.624
2018-03-20 22:49:26,085:INFO: Epoch 32/200
2018-03-20 22:49:35,619:INFO: - Train metrics: accuracy: 0.707 ; loss: 1.092
2018-03-20 22:49:36,251:INFO: - Eval metrics : accuracy: 0.215 ; loss: 4.045
2018-03-20 22:49:36,284:INFO: Epoch 33/200
2018-03-20 22:49:45,792:INFO: - Train metrics: accuracy: 0.723 ; loss: 1.110
2018-03-20 22:49:46,482:INFO: - Eval metrics : accuracy: 0.366 ; loss: 2.756
2018-03-20 22:49:46,499:INFO: Epoch 34/200
2018-03-20 22:49:55,995:INFO: - Train metrics: accuracy: 0.691 ; loss: 1.170
2018-03-20 22:49:56,652:INFO: - Eval metrics : accuracy: 0.276 ; loss: 3.413
2018-03-20 22:49:56,667:INFO: Epoch 35/200
2018-03-20 22:50:06,175:INFO: - Train metrics: accuracy: 0.727 ; loss: 1.181
2018-03-20 22:50:06,852:INFO: - Eval metrics : accuracy: 0.214 ; loss: 3.809
2018-03-20 22:50:06,867:INFO: Epoch 36/200
2018-03-20 22:50:16,433:INFO: - Train metrics: accuracy: 0.766 ; loss: 0.932
2018-03-20 22:50:17,081:INFO: - Eval metrics : accuracy: 0.055 ; loss: 9.176
2018-03-20 22:50:17,097:INFO: Epoch 37/200
2018-03-20 22:50:26,633:INFO: - Train metrics: accuracy: 0.719 ; loss: 1.018
2018-03-20 22:50:27,294:INFO: - Eval metrics : accuracy: 0.513 ; loss: 2.058
2018-03-20 22:50:27,326:INFO: - Found new lowest loss
2018-03-20 22:50:27,327:INFO: Epoch 38/200
2018-03-20 22:50:36,803:INFO: - Train metrics: accuracy: 0.742 ; loss: 0.948
2018-03-20 22:50:37,434:INFO: - Eval metrics : accuracy: 0.057 ; loss: 7.587
2018-03-20 22:50:37,458:INFO: Epoch 39/200
2018-03-20 22:50:46,975:INFO: - Train metrics: accuracy: 0.762 ; loss: 0.886
2018-03-20 22:50:47,632:INFO: - Eval metrics : accuracy: 0.525 ; loss: 1.939
2018-03-20 22:50:47,659:INFO: - Found new lowest loss
2018-03-20 22:50:47,659:INFO: Epoch 40/200
2018-03-20 22:50:57,178:INFO: - Train metrics: accuracy: 0.727 ; loss: 0.976
2018-03-20 22:50:57,845:INFO: - Eval metrics : accuracy: 0.223 ; loss: 3.944
2018-03-20 22:50:57,860:INFO: Epoch 41/200
2018-03-20 22:51:07,319:INFO: - Train metrics: accuracy: 0.723 ; loss: 0.982
2018-03-20 22:51:07,958:INFO: - Eval metrics : accuracy: 0.283 ; loss: 3.476
2018-03-20 22:51:07,974:INFO: Epoch 42/200
2018-03-20 22:51:17,487:INFO: - Train metrics: accuracy: 0.758 ; loss: 0.888
2018-03-20 22:51:18,136:INFO: - Eval metrics : accuracy: 0.296 ; loss: 3.383
2018-03-20 22:51:18,152:INFO: Epoch 43/200
2018-03-20 22:51:27,692:INFO: - Train metrics: accuracy: 0.789 ; loss: 0.804
2018-03-20 22:51:28,343:INFO: - Eval metrics : accuracy: 0.487 ; loss: 2.108
2018-03-20 22:51:28,355:INFO: Epoch 44/200
2018-03-20 22:51:37,878:INFO: - Train metrics: accuracy: 0.715 ; loss: 1.025
2018-03-20 22:51:38,529:INFO: - Eval metrics : accuracy: 0.417 ; loss: 2.586
2018-03-20 22:51:38,554:INFO: Epoch 45/200
2018-03-20 22:51:48,061:INFO: - Train metrics: accuracy: 0.801 ; loss: 0.828
2018-03-20 22:51:48,737:INFO: - Eval metrics : accuracy: 0.496 ; loss: 2.201
2018-03-20 22:51:48,757:INFO: Epoch 46/200
2018-03-20 22:51:58,263:INFO: - Train metrics: accuracy: 0.781 ; loss: 0.875
2018-03-20 22:51:58,900:INFO: - Eval metrics : accuracy: 0.369 ; loss: 2.904
2018-03-20 22:51:58,915:INFO: Epoch 47/200
2018-03-20 22:52:08,429:INFO: - Train metrics: accuracy: 0.738 ; loss: 0.859
2018-03-20 22:52:09,075:INFO: - Eval metrics : accuracy: 0.226 ; loss: 3.995
2018-03-20 22:52:09,093:INFO: Epoch 48/200
2018-03-20 22:52:18,605:INFO: - Train metrics: accuracy: 0.805 ; loss: 0.780
2018-03-20 22:52:19,283:INFO: - Eval metrics : accuracy: 0.281 ; loss: 3.333
2018-03-20 22:52:19,296:INFO: Epoch 49/200
2018-03-20 22:52:28,823:INFO: - Train metrics: accuracy: 0.805 ; loss: 0.828
2018-03-20 22:52:29,453:INFO: - Eval metrics : accuracy: 0.502 ; loss: 2.121
2018-03-20 22:52:29,485:INFO: Epoch 50/200
2018-03-20 22:52:38,998:INFO: - Train metrics: accuracy: 0.820 ; loss: 0.730
2018-03-20 22:52:39,638:INFO: - Eval metrics : accuracy: 0.175 ; loss: 4.711
2018-03-20 22:52:39,675:INFO: Epoch 51/200
2018-03-20 22:52:49,125:INFO: - Train metrics: accuracy: 0.789 ; loss: 0.744
2018-03-20 22:52:49,756:INFO: - Eval metrics : accuracy: 0.403 ; loss: 2.689
2018-03-20 22:52:49,788:INFO: Epoch 52/200
2018-03-20 22:52:59,296:INFO: - Train metrics: accuracy: 0.742 ; loss: 0.917
2018-03-20 22:52:59,967:INFO: - Eval metrics : accuracy: 0.238 ; loss: 4.011
2018-03-20 22:52:59,983:INFO: Epoch 53/200
2018-03-20 22:53:09,570:INFO: - Train metrics: accuracy: 0.785 ; loss: 0.691
2018-03-20 22:53:10,204:INFO: - Eval metrics : accuracy: 0.328 ; loss: 3.309
2018-03-20 22:53:10,221:INFO: Epoch 54/200
2018-03-20 22:53:19,694:INFO: - Train metrics: accuracy: 0.770 ; loss: 0.853
2018-03-20 22:53:20,364:INFO: - Eval metrics : accuracy: 0.219 ; loss: 4.191
2018-03-20 22:53:20,380:INFO: Epoch 55/200
2018-03-20 22:53:29,887:INFO: - Train metrics: accuracy: 0.801 ; loss: 0.820
2018-03-20 22:53:30,531:INFO: - Eval metrics : accuracy: 0.392 ; loss: 2.797
2018-03-20 22:53:30,564:INFO: Epoch 56/200
2018-03-20 22:53:40,000:INFO: - Train metrics: accuracy: 0.801 ; loss: 0.712
2018-03-20 22:53:40,677:INFO: - Eval metrics : accuracy: 0.162 ; loss: 5.221
2018-03-20 22:53:40,697:INFO: Epoch 57/200
2018-03-20 22:53:50,220:INFO: - Train metrics: accuracy: 0.832 ; loss: 0.670
2018-03-20 22:53:50,878:INFO: - Eval metrics : accuracy: 0.308 ; loss: 3.577
2018-03-20 22:53:50,892:INFO: Epoch 58/200
2018-03-20 22:54:00,420:INFO: - Train metrics: accuracy: 0.805 ; loss: 0.662
2018-03-20 22:54:01,102:INFO: - Eval metrics : accuracy: 0.074 ; loss: 7.561
2018-03-20 22:54:01,118:INFO: Epoch 59/200
2018-03-20 22:54:10,637:INFO: - Train metrics: accuracy: 0.809 ; loss: 0.694
2018-03-20 22:54:11,286:INFO: - Eval metrics : accuracy: 0.253 ; loss: 3.844
2018-03-20 22:54:11,305:INFO: Epoch 60/200
2018-03-20 22:54:20,815:INFO: - Train metrics: accuracy: 0.797 ; loss: 0.689
2018-03-20 22:54:21,471:INFO: - Eval metrics : accuracy: 0.246 ; loss: 3.851
2018-03-20 22:54:21,487:INFO: Epoch 61/200
2018-03-20 22:54:30,962:INFO: - Train metrics: accuracy: 0.859 ; loss: 0.570
2018-03-20 22:54:31,604:INFO: - Eval metrics : accuracy: 0.462 ; loss: 2.319
2018-03-20 22:54:31,620:INFO: Epoch 62/200
2018-03-20 22:54:41,093:INFO: - Train metrics: accuracy: 0.820 ; loss: 0.740
2018-03-20 22:54:41,765:INFO: - Eval metrics : accuracy: 0.184 ; loss: 4.660
2018-03-20 22:54:41,781:INFO: Epoch 63/200
2018-03-20 22:54:51,280:INFO: - Train metrics: accuracy: 0.863 ; loss: 0.521
2018-03-20 22:54:51,956:INFO: - Eval metrics : accuracy: 0.426 ; loss: 2.526
2018-03-20 22:54:51,992:INFO: Epoch 64/200
2018-03-20 22:55:01,020:INFO: Loading the datasets...
2018-03-20 22:55:01,071:INFO: - done.
2018-03-20 22:55:03,352:INFO: Starting training for 200 epoch(s)
2018-03-20 22:55:03,353:INFO: Epoch 1/200
2018-03-20 22:55:13,634:INFO: - Train metrics: accuracy: 0.000 ; loss: 5.509
2018-03-20 22:55:14,277:INFO: - Eval metrics : accuracy: 0.033 ; loss: 5.065
2018-03-20 22:55:14,305:INFO: - Found new lowest loss
2018-03-20 22:55:14,306:INFO: Epoch 2/200
2018-03-20 22:56:27,771:INFO: Loading the datasets...
2018-03-20 22:56:27,825:INFO: - done.
2018-03-20 22:56:30,095:INFO: Starting training for 200 epoch(s)
2018-03-20 22:56:30,096:INFO: Epoch 1/200
2018-03-20 22:56:40,240:INFO: - Train metrics: accuracy: 0.020 ; loss: 5.479
2018-03-20 22:56:40,866:INFO: - Eval metrics : accuracy: 0.031 ; loss: 5.112
2018-03-20 22:56:40,895:INFO: - Found new lowest loss
2018-03-20 22:56:40,896:INFO: Epoch 2/200
2018-03-20 22:57:38,033:INFO: Loading the datasets...
2018-03-20 22:57:38,086:INFO: - done.
2018-03-20 22:57:40,304:INFO: Starting training for 200 epoch(s)
2018-03-20 22:57:40,304:INFO: Epoch 1/200
2018-03-20 22:59:22,470:INFO: Loading the datasets...
2018-03-20 22:59:22,521:INFO: - done.
2018-03-20 22:59:24,772:INFO: Starting training for 200 epoch(s)
2018-03-20 22:59:24,772:INFO: Epoch 1/200
2018-03-20 22:59:35,684:INFO: - Train metrics: accuracy: 0.023 ; loss: 5.394
2018-03-20 22:59:36,354:INFO: - Eval metrics : accuracy: 0.055 ; loss: 4.969
2018-03-20 22:59:36,410:INFO: - Found new lowest loss
2018-03-20 22:59:36,411:INFO: Epoch 2/200
2018-03-20 22:59:46,558:INFO: - Train metrics: accuracy: 0.062 ; loss: 4.760
2018-03-20 22:59:47,217:INFO: - Eval metrics : accuracy: 0.076 ; loss: 4.640
2018-03-20 22:59:47,269:INFO: - Found new lowest loss
2018-03-20 22:59:47,270:INFO: Epoch 3/200
2018-03-20 22:59:57,339:INFO: - Train metrics: accuracy: 0.109 ; loss: 4.146
2018-03-20 22:59:57,991:INFO: - Eval metrics : accuracy: 0.107 ; loss: 4.420
2018-03-20 22:59:58,036:INFO: - Found new lowest loss
2018-03-20 22:59:58,036:INFO: Epoch 4/200
2018-03-20 23:00:08,150:INFO: - Train metrics: accuracy: 0.172 ; loss: 3.759
2018-03-20 23:00:08,798:INFO: - Eval metrics : accuracy: 0.260 ; loss: 3.519
2018-03-20 23:00:08,844:INFO: - Found new lowest loss
2018-03-20 23:00:08,845:INFO: Epoch 5/200
2018-03-20 23:00:18,988:INFO: - Train metrics: accuracy: 0.277 ; loss: 3.354
2018-03-20 23:00:19,623:INFO: - Eval metrics : accuracy: 0.117 ; loss: 4.353
2018-03-20 23:00:19,649:INFO: Epoch 6/200
2018-03-20 23:00:29,825:INFO: - Train metrics: accuracy: 0.293 ; loss: 3.179
2018-03-20 23:00:30,480:INFO: - Eval metrics : accuracy: 0.053 ; loss: 5.437
2018-03-20 23:00:30,509:INFO: Epoch 7/200
2018-03-20 23:00:40,649:INFO: - Train metrics: accuracy: 0.328 ; loss: 2.952
2018-03-20 23:00:41,309:INFO: - Eval metrics : accuracy: 0.364 ; loss: 2.777
2018-03-20 23:00:41,352:INFO: - Found new lowest loss
2018-03-20 23:00:41,354:INFO: Epoch 8/200
2018-03-20 23:00:51,491:INFO: - Train metrics: accuracy: 0.387 ; loss: 2.641
2018-03-20 23:00:52,114:INFO: - Eval metrics : accuracy: 0.296 ; loss: 3.116
2018-03-20 23:00:52,137:INFO: Epoch 9/200
2018-03-20 23:01:02,380:INFO: - Train metrics: accuracy: 0.363 ; loss: 2.666
2018-03-20 23:01:03,037:INFO: - Eval metrics : accuracy: 0.275 ; loss: 3.276
2018-03-20 23:01:03,063:INFO: Epoch 10/200
2018-03-20 23:01:13,287:INFO: - Train metrics: accuracy: 0.430 ; loss: 2.529
2018-03-20 23:01:13,928:INFO: - Eval metrics : accuracy: 0.119 ; loss: 4.402
2018-03-20 23:01:13,948:INFO: Epoch 11/200
2018-03-20 23:01:24,165:INFO: - Train metrics: accuracy: 0.484 ; loss: 2.236
2018-03-20 23:01:24,806:INFO: - Eval metrics : accuracy: 0.117 ; loss: 4.821
2018-03-20 23:01:24,834:INFO: Epoch 12/200
2018-03-20 23:01:35,028:INFO: - Train metrics: accuracy: 0.488 ; loss: 2.142
2018-03-20 23:01:35,712:INFO: - Eval metrics : accuracy: 0.071 ; loss: 6.019
2018-03-20 23:01:35,742:INFO: Epoch 13/200
2018-03-20 23:01:46,035:INFO: - Train metrics: accuracy: 0.488 ; loss: 2.113
2018-03-20 23:01:46,701:INFO: - Eval metrics : accuracy: 0.236 ; loss: 3.604
2018-03-20 23:01:46,726:INFO: Epoch 14/200
2018-03-20 23:01:57,012:INFO: - Train metrics: accuracy: 0.523 ; loss: 1.871
2018-03-20 23:01:57,654:INFO: - Eval metrics : accuracy: 0.039 ; loss: 7.124
2018-03-20 23:01:57,682:INFO: Epoch 15/200
2018-03-20 23:02:07,907:INFO: - Train metrics: accuracy: 0.516 ; loss: 1.912
2018-03-20 23:02:08,565:INFO: - Eval metrics : accuracy: 0.253 ; loss: 3.438
2018-03-20 23:02:08,589:INFO: Epoch 16/200
2018-03-20 23:02:18,817:INFO: - Train metrics: accuracy: 0.543 ; loss: 1.885
2018-03-20 23:02:19,505:INFO: - Eval metrics : accuracy: 0.232 ; loss: 3.433
2018-03-20 23:02:19,548:INFO: Epoch 17/200
2018-03-20 23:02:29,856:INFO: - Train metrics: accuracy: 0.523 ; loss: 1.779
2018-03-20 23:02:30,512:INFO: - Eval metrics : accuracy: 0.109 ; loss: 4.724
2018-03-20 23:02:30,542:INFO: Epoch 18/200
2018-03-20 23:02:40,831:INFO: - Train metrics: accuracy: 0.594 ; loss: 1.635
2018-03-20 23:02:41,495:INFO: - Eval metrics : accuracy: 0.196 ; loss: 4.285
2018-03-20 23:02:41,521:INFO: Epoch 19/200
2018-03-20 23:02:51,759:INFO: - Train metrics: accuracy: 0.578 ; loss: 1.750
2018-03-20 23:02:52,421:INFO: - Eval metrics : accuracy: 0.074 ; loss: 5.770
2018-03-20 23:02:52,454:INFO: Epoch 20/200
2018-03-20 23:03:02,731:INFO: - Train metrics: accuracy: 0.605 ; loss: 1.490
2018-03-20 23:03:03,413:INFO: - Eval metrics : accuracy: 0.134 ; loss: 5.094
2018-03-20 23:03:03,439:INFO: Epoch 21/200
2018-03-20 23:03:13,740:INFO: - Train metrics: accuracy: 0.594 ; loss: 1.514
2018-03-20 23:03:14,416:INFO: - Eval metrics : accuracy: 0.104 ; loss: 4.854
2018-03-20 23:03:14,459:INFO: Epoch 22/200
2018-03-20 23:03:24,705:INFO: - Train metrics: accuracy: 0.648 ; loss: 1.450
2018-03-20 23:03:25,356:INFO: - Eval metrics : accuracy: 0.091 ; loss: 5.435
2018-03-20 23:03:25,397:INFO: Epoch 23/200
2018-03-20 23:03:35,650:INFO: - Train metrics: accuracy: 0.598 ; loss: 1.520
2018-03-20 23:03:36,310:INFO: - Eval metrics : accuracy: 0.426 ; loss: 2.391
2018-03-20 23:03:36,353:INFO: - Found new lowest loss
2018-03-20 23:03:36,354:INFO: Epoch 24/200
2018-03-20 23:03:46,643:INFO: - Train metrics: accuracy: 0.609 ; loss: 1.405
2018-03-20 23:03:47,333:INFO: - Eval metrics : accuracy: 0.051 ; loss: 6.913
2018-03-20 23:03:47,358:INFO: Epoch 25/200
2018-03-20 23:03:57,637:INFO: - Train metrics: accuracy: 0.633 ; loss: 1.422
2018-03-20 23:03:58,320:INFO: - Eval metrics : accuracy: 0.385 ; loss: 2.538
2018-03-20 23:03:58,346:INFO: Epoch 26/200
2018-03-20 23:04:08,588:INFO: - Train metrics: accuracy: 0.648 ; loss: 1.427
2018-03-20 23:04:09,273:INFO: - Eval metrics : accuracy: 0.509 ; loss: 1.975
2018-03-20 23:04:09,317:INFO: - Found new lowest loss
2018-03-20 23:04:09,318:INFO: Epoch 27/200
2018-03-20 23:04:19,532:INFO: - Train metrics: accuracy: 0.688 ; loss: 1.084
2018-03-20 23:04:20,187:INFO: - Eval metrics : accuracy: 0.353 ; loss: 2.838
2018-03-20 23:04:20,216:INFO: Epoch 28/200
2018-03-20 23:04:30,522:INFO: - Train metrics: accuracy: 0.691 ; loss: 1.318
2018-03-20 23:04:31,202:INFO: - Eval metrics : accuracy: 0.389 ; loss: 2.555
2018-03-20 23:04:31,229:INFO: Epoch 29/200
2018-03-20 23:04:41,546:INFO: - Train metrics: accuracy: 0.758 ; loss: 0.941
2018-03-20 23:04:42,216:INFO: - Eval metrics : accuracy: 0.375 ; loss: 2.781
2018-03-20 23:04:42,241:INFO: Epoch 30/200
2018-03-20 23:04:52,521:INFO: - Train metrics: accuracy: 0.703 ; loss: 1.048
2018-03-20 23:04:53,199:INFO: - Eval metrics : accuracy: 0.227 ; loss: 3.697
2018-03-20 23:04:53,224:INFO: Epoch 31/200
2018-03-20 23:05:03,509:INFO: - Train metrics: accuracy: 0.777 ; loss: 0.928
2018-03-20 23:05:04,142:INFO: - Eval metrics : accuracy: 0.233 ; loss: 4.017
2018-03-20 23:05:04,167:INFO: Epoch 32/200
2018-03-20 23:05:14,495:INFO: - Train metrics: accuracy: 0.680 ; loss: 1.195
2018-03-20 23:05:15,147:INFO: - Eval metrics : accuracy: 0.393 ; loss: 2.686
2018-03-20 23:05:15,171:INFO: Epoch 33/200
2018-03-20 23:05:25,500:INFO: - Train metrics: accuracy: 0.695 ; loss: 1.063
2018-03-20 23:05:26,153:INFO: - Eval metrics : accuracy: 0.219 ; loss: 3.920
2018-03-20 23:05:26,178:INFO: Epoch 34/200
2018-03-20 23:05:36,370:INFO: - Train metrics: accuracy: 0.754 ; loss: 0.931
2018-03-20 23:05:37,014:INFO: - Eval metrics : accuracy: 0.505 ; loss: 2.044
2018-03-20 23:05:37,042:INFO: Epoch 35/200
2018-03-20 23:05:47,329:INFO: - Train metrics: accuracy: 0.730 ; loss: 0.854
2018-03-20 23:05:48,000:INFO: - Eval metrics : accuracy: 0.389 ; loss: 2.739
2018-03-20 23:05:48,024:INFO: Epoch 36/200
2018-03-20 23:05:58,291:INFO: - Train metrics: accuracy: 0.723 ; loss: 1.012
2018-03-20 23:05:58,984:INFO: - Eval metrics : accuracy: 0.341 ; loss: 3.038
2018-03-20 23:05:59,009:INFO: Epoch 37/200
2018-03-20 23:06:09,264:INFO: - Train metrics: accuracy: 0.758 ; loss: 0.891
2018-03-20 23:06:09,934:INFO: - Eval metrics : accuracy: 0.211 ; loss: 4.221
2018-03-20 23:06:09,959:INFO: Epoch 38/200
2018-03-20 23:06:20,243:INFO: - Train metrics: accuracy: 0.773 ; loss: 0.862
2018-03-20 23:06:20,913:INFO: - Eval metrics : accuracy: 0.196 ; loss: 3.903
2018-03-20 23:06:20,941:INFO: Epoch 39/200
2018-03-20 23:06:31,210:INFO: - Train metrics: accuracy: 0.730 ; loss: 0.942
2018-03-20 23:06:31,889:INFO: - Eval metrics : accuracy: 0.426 ; loss: 2.419
2018-03-20 23:06:31,913:INFO: Epoch 40/200
2018-03-20 23:06:42,161:INFO: - Train metrics: accuracy: 0.836 ; loss: 0.734
2018-03-20 23:06:42,812:INFO: - Eval metrics : accuracy: 0.159 ; loss: 5.349
2018-03-20 23:06:42,832:INFO: Epoch 41/200
2018-03-20 23:06:53,090:INFO: - Train metrics: accuracy: 0.766 ; loss: 0.747
2018-03-20 23:06:53,723:INFO: - Eval metrics : accuracy: 0.405 ; loss: 2.737
2018-03-20 23:06:53,751:INFO: Epoch 42/200
2018-03-20 23:07:03,998:INFO: - Train metrics: accuracy: 0.754 ; loss: 0.832
2018-03-20 23:07:04,651:INFO: - Eval metrics : accuracy: 0.476 ; loss: 2.247
2018-03-20 23:07:04,678:INFO: Epoch 43/200
2018-03-20 23:07:14,934:INFO: - Train metrics: accuracy: 0.754 ; loss: 0.940
2018-03-20 23:07:15,621:INFO: - Eval metrics : accuracy: 0.510 ; loss: 2.054
2018-03-20 23:07:15,640:INFO: Epoch 44/200
2018-03-20 23:07:25,965:INFO: - Train metrics: accuracy: 0.773 ; loss: 0.869
2018-03-20 23:07:26,611:INFO: - Eval metrics : accuracy: 0.244 ; loss: 4.280
2018-03-20 23:07:26,634:INFO: Epoch 45/200
2018-03-20 23:07:36,902:INFO: - Train metrics: accuracy: 0.789 ; loss: 0.749
2018-03-20 23:07:37,534:INFO: - Eval metrics : accuracy: 0.289 ; loss: 3.356
2018-03-20 23:07:37,558:INFO: Epoch 46/200
2018-03-20 23:07:47,805:INFO: - Train metrics: accuracy: 0.812 ; loss: 0.711
2018-03-20 23:07:48,481:INFO: - Eval metrics : accuracy: 0.433 ; loss: 2.568
2018-03-20 23:07:48,506:INFO: Epoch 47/200
2018-03-20 23:07:58,796:INFO: - Train metrics: accuracy: 0.789 ; loss: 0.766
2018-03-20 23:07:59,493:INFO: - Eval metrics : accuracy: 0.405 ; loss: 2.535
2018-03-20 23:07:59,512:INFO: Epoch 48/200
2018-03-20 23:08:09,778:INFO: - Train metrics: accuracy: 0.801 ; loss: 0.710
2018-03-20 23:08:10,427:INFO: - Eval metrics : accuracy: 0.276 ; loss: 3.467
2018-03-20 23:08:10,451:INFO: Epoch 49/200
2018-03-20 23:08:20,673:INFO: - Train metrics: accuracy: 0.809 ; loss: 0.790
2018-03-20 23:08:21,308:INFO: - Eval metrics : accuracy: 0.301 ; loss: 3.410
2018-03-20 23:08:21,337:INFO: Epoch 50/200
2018-03-20 23:08:31,596:INFO: - Train metrics: accuracy: 0.836 ; loss: 0.621
2018-03-20 23:08:32,260:INFO: - Eval metrics : accuracy: 0.298 ; loss: 3.626
2018-03-20 23:08:32,284:INFO: Epoch 51/200
2018-03-20 23:08:42,542:INFO: - Train metrics: accuracy: 0.812 ; loss: 0.684
2018-03-20 23:08:43,224:INFO: - Eval metrics : accuracy: 0.281 ; loss: 3.595
2018-03-20 23:08:43,250:INFO: Epoch 52/200
2018-03-20 23:08:53,533:INFO: - Train metrics: accuracy: 0.836 ; loss: 0.654
2018-03-20 23:08:54,195:INFO: - Eval metrics : accuracy: 0.268 ; loss: 3.967
2018-03-20 23:08:54,219:INFO: Epoch 53/200
2018-03-20 23:09:04,532:INFO: - Train metrics: accuracy: 0.848 ; loss: 0.613
2018-03-20 23:09:05,184:INFO: - Eval metrics : accuracy: 0.352 ; loss: 2.952
2018-03-20 23:09:05,227:INFO: Epoch 54/200
2018-03-20 23:09:15,500:INFO: - Train metrics: accuracy: 0.832 ; loss: 0.716
2018-03-20 23:09:16,159:INFO: - Eval metrics : accuracy: 0.152 ; loss: 5.215
2018-03-20 23:09:16,184:INFO: Epoch 55/200
2018-03-20 23:09:26,423:INFO: - Train metrics: accuracy: 0.812 ; loss: 0.648
2018-03-20 23:09:27,107:INFO: - Eval metrics : accuracy: 0.278 ; loss: 3.616
2018-03-20 23:09:27,147:INFO: Epoch 56/200
2018-03-20 23:09:37,380:INFO: - Train metrics: accuracy: 0.844 ; loss: 0.599
2018-03-20 23:09:38,070:INFO: - Eval metrics : accuracy: 0.196 ; loss: 5.153
2018-03-20 23:09:38,110:INFO: Epoch 57/200
2018-03-20 23:09:48,388:INFO: - Train metrics: accuracy: 0.832 ; loss: 0.695
2018-03-20 23:09:49,047:INFO: - Eval metrics : accuracy: 0.426 ; loss: 2.585
2018-03-20 23:09:49,076:INFO: Epoch 58/200
2018-03-20 23:09:59,291:INFO: - Train metrics: accuracy: 0.805 ; loss: 0.661
2018-03-20 23:09:59,959:INFO: - Eval metrics : accuracy: 0.071 ; loss: 6.199
2018-03-20 23:09:59,984:INFO: Epoch 59/200
2018-03-20 23:10:10,285:INFO: - Train metrics: accuracy: 0.828 ; loss: 0.655
2018-03-20 23:10:10,958:INFO: - Eval metrics : accuracy: 0.179 ; loss: 4.308
2018-03-20 23:10:10,986:INFO: Epoch 60/200
2018-03-20 23:10:21,264:INFO: - Train metrics: accuracy: 0.797 ; loss: 0.676
2018-03-20 23:10:21,958:INFO: - Eval metrics : accuracy: 0.399 ; loss: 2.734
2018-03-20 23:10:21,983:INFO: Epoch 61/200
2018-03-20 23:10:32,244:INFO: - Train metrics: accuracy: 0.836 ; loss: 0.653
2018-03-20 23:10:32,903:INFO: - Eval metrics : accuracy: 0.195 ; loss: 4.570
2018-03-20 23:10:32,929:INFO: Epoch 62/200
2018-03-20 23:10:43,193:INFO: - Train metrics: accuracy: 0.832 ; loss: 0.604
2018-03-20 23:10:43,847:INFO: - Eval metrics : accuracy: 0.195 ; loss: 4.619
2018-03-20 23:10:43,888:INFO: Epoch 63/200
2018-03-20 23:10:54,115:INFO: - Train metrics: accuracy: 0.801 ; loss: 0.659
2018-03-20 23:10:54,789:INFO: - Eval metrics : accuracy: 0.397 ; loss: 2.658
2018-03-20 23:10:54,809:INFO: Epoch 64/200
2018-03-20 23:11:05,077:INFO: - Train metrics: accuracy: 0.867 ; loss: 0.502
2018-03-20 23:11:05,762:INFO: - Eval metrics : accuracy: 0.202 ; loss: 4.415
2018-03-20 23:11:05,791:INFO: Epoch 65/200
2018-03-20 23:11:16,068:INFO: - Train metrics: accuracy: 0.836 ; loss: 0.609
2018-03-20 23:11:16,709:INFO: - Eval metrics : accuracy: 0.329 ; loss: 3.303
2018-03-20 23:11:16,739:INFO: Epoch 66/200
2018-03-20 23:11:26,999:INFO: - Train metrics: accuracy: 0.812 ; loss: 0.675
2018-03-20 23:11:27,652:INFO: - Eval metrics : accuracy: 0.397 ; loss: 2.787
2018-03-20 23:11:27,677:INFO: Epoch 67/200
2018-03-20 23:11:37,938:INFO: - Train metrics: accuracy: 0.875 ; loss: 0.549
2018-03-20 23:11:38,609:INFO: - Eval metrics : accuracy: 0.487 ; loss: 2.345
2018-03-20 23:11:38,633:INFO: Epoch 68/200
2018-03-20 23:11:48,916:INFO: - Train metrics: accuracy: 0.875 ; loss: 0.528
2018-03-20 23:11:49,604:INFO: - Eval metrics : accuracy: 0.519 ; loss: 2.092
2018-03-20 23:11:49,629:INFO: Epoch 69/200
2018-03-20 23:11:59,915:INFO: - Train metrics: accuracy: 0.848 ; loss: 0.512
2018-03-20 23:12:00,580:INFO: - Eval metrics : accuracy: 0.196 ; loss: 4.695
2018-03-20 23:12:00,603:INFO: Epoch 70/200
2018-03-20 23:12:10,825:INFO: - Train metrics: accuracy: 0.867 ; loss: 0.540
2018-03-20 23:12:11,473:INFO: - Eval metrics : accuracy: 0.473 ; loss: 2.379
2018-03-20 23:12:11,498:INFO: Epoch 71/200
2018-03-20 23:12:21,751:INFO: - Train metrics: accuracy: 0.832 ; loss: 0.613
2018-03-20 23:12:22,407:INFO: - Eval metrics : accuracy: 0.240 ; loss: 4.152
2018-03-20 23:12:22,436:INFO: Epoch 72/200
2018-03-20 23:12:32,735:INFO: - Train metrics: accuracy: 0.828 ; loss: 0.564
2018-03-20 23:12:33,371:INFO: - Eval metrics : accuracy: 0.418 ; loss: 2.838
2018-03-20 23:12:33,390:INFO: Epoch 73/200
2018-03-20 23:12:43,658:INFO: - Train metrics: accuracy: 0.844 ; loss: 0.597
2018-03-20 23:12:44,316:INFO: - Eval metrics : accuracy: 0.517 ; loss: 2.141
2018-03-20 23:12:44,339:INFO: Epoch 74/200
2018-03-20 23:12:54,601:INFO: - Train metrics: accuracy: 0.840 ; loss: 0.519
2018-03-20 23:12:55,260:INFO: - Eval metrics : accuracy: 0.172 ; loss: 6.284
2018-03-20 23:12:55,300:INFO: Epoch 75/200
2018-03-20 23:13:05,526:INFO: - Train metrics: accuracy: 0.871 ; loss: 0.488
2018-03-20 23:13:06,187:INFO: - Eval metrics : accuracy: 0.448 ; loss: 2.442
2018-03-20 23:13:06,213:INFO: Epoch 76/200
2018-03-20 23:13:16,470:INFO: - Train metrics: accuracy: 0.859 ; loss: 0.488
2018-03-20 23:13:17,120:INFO: - Eval metrics : accuracy: 0.268 ; loss: 3.767
2018-03-20 23:13:17,149:INFO: Epoch 77/200
2018-03-20 23:13:27,392:INFO: - Train metrics: accuracy: 0.859 ; loss: 0.510
2018-03-20 23:13:28,049:INFO: - Eval metrics : accuracy: 0.221 ; loss: 4.650
2018-03-20 23:13:28,074:INFO: Epoch 78/200
2018-03-20 23:13:38,334:INFO: - Train metrics: accuracy: 0.875 ; loss: 0.517
2018-03-20 23:13:38,987:INFO: - Eval metrics : accuracy: 0.105 ; loss: 5.477
2018-03-20 23:13:39,010:INFO: Epoch 79/200
2018-03-20 23:13:49,329:INFO: - Train metrics: accuracy: 0.848 ; loss: 0.509
2018-03-20 23:13:49,994:INFO: - Eval metrics : accuracy: 0.343 ; loss: 3.243
2018-03-20 23:13:50,018:INFO: Epoch 80/200
2018-03-20 23:14:00,310:INFO: - Train metrics: accuracy: 0.852 ; loss: 0.463
2018-03-20 23:14:00,987:INFO: - Eval metrics : accuracy: 0.286 ; loss: 3.619
2018-03-20 23:14:01,010:INFO: Epoch 81/200
2018-03-20 23:14:11,259:INFO: - Train metrics: accuracy: 0.863 ; loss: 0.465
2018-03-20 23:14:11,915:INFO: - Eval metrics : accuracy: 0.199 ; loss: 4.397
2018-03-20 23:14:11,944:INFO: Epoch 82/200
2018-03-20 23:14:22,158:INFO: - Train metrics: accuracy: 0.859 ; loss: 0.507
2018-03-20 23:14:22,806:INFO: - Eval metrics : accuracy: 0.390 ; loss: 2.899
2018-03-20 23:14:22,830:INFO: Epoch 83/200
2018-03-20 23:14:33,114:INFO: - Train metrics: accuracy: 0.875 ; loss: 0.499
2018-03-20 23:14:33,782:INFO: - Eval metrics : accuracy: 0.432 ; loss: 2.790
2018-03-20 23:14:33,807:INFO: Epoch 84/200
2018-03-20 23:14:44,103:INFO: - Train metrics: accuracy: 0.867 ; loss: 0.462
2018-03-20 23:14:44,753:INFO: - Eval metrics : accuracy: 0.338 ; loss: 3.212
2018-03-20 23:14:44,779:INFO: Epoch 85/200
2018-03-20 23:14:55,010:INFO: - Train metrics: accuracy: 0.891 ; loss: 0.429
2018-03-20 23:14:55,680:INFO: - Eval metrics : accuracy: 0.387 ; loss: 3.209
2018-03-20 23:14:55,715:INFO: Epoch 86/200
2018-03-20 23:15:05,983:INFO: - Train metrics: accuracy: 0.902 ; loss: 0.481
2018-03-20 23:15:06,659:INFO: - Eval metrics : accuracy: 0.379 ; loss: 3.095
2018-03-20 23:15:06,683:INFO: Epoch 87/200
2018-03-20 23:15:16,989:INFO: - Train metrics: accuracy: 0.883 ; loss: 0.481
2018-03-20 23:15:17,687:INFO: - Eval metrics : accuracy: 0.279 ; loss: 3.630
2018-03-20 23:15:17,716:INFO: Epoch 88/200
2018-03-20 23:15:28,025:INFO: - Train metrics: accuracy: 0.867 ; loss: 0.534
2018-03-20 23:15:28,682:INFO: - Eval metrics : accuracy: 0.308 ; loss: 3.434
2018-03-20 23:15:28,709:INFO: Epoch 89/200
2018-03-20 23:15:38,944:INFO: - Train metrics: accuracy: 0.859 ; loss: 0.526
2018-03-20 23:15:39,598:INFO: - Eval metrics : accuracy: 0.504 ; loss: 2.257
2018-03-20 23:15:39,622:INFO: Epoch 90/200
2018-03-20 23:15:49,880:INFO: - Train metrics: accuracy: 0.898 ; loss: 0.439
2018-03-20 23:15:50,505:INFO: - Eval metrics : accuracy: 0.114 ; loss: 5.198
2018-03-20 23:15:50,531:INFO: Epoch 91/200
2018-03-20 23:16:00,762:INFO: - Train metrics: accuracy: 0.859 ; loss: 0.497
2018-03-20 23:16:01,461:INFO: - Eval metrics : accuracy: 0.148 ; loss: 4.978
2018-03-20 23:16:01,486:INFO: Epoch 92/200
2018-03-20 23:16:11,782:INFO: - Train metrics: accuracy: 0.844 ; loss: 0.510
2018-03-20 23:16:12,430:INFO: - Eval metrics : accuracy: 0.193 ; loss: 4.307
2018-03-20 23:16:12,459:INFO: Epoch 93/200
2018-03-20 23:16:22,685:INFO: - Train metrics: accuracy: 0.887 ; loss: 0.479
2018-03-20 23:16:23,368:INFO: - Eval metrics : accuracy: 0.123 ; loss: 5.961
2018-03-20 23:16:23,394:INFO: Epoch 94/200
2018-03-20 23:16:33,643:INFO: - Train metrics: accuracy: 0.863 ; loss: 0.471
2018-03-20 23:16:34,348:INFO: - Eval metrics : accuracy: 0.185 ; loss: 4.392
2018-03-20 23:16:34,390:INFO: Epoch 95/200
2018-03-20 23:16:44,659:INFO: - Train metrics: accuracy: 0.898 ; loss: 0.479
2018-03-20 23:16:45,334:INFO: - Eval metrics : accuracy: 0.439 ; loss: 2.624
2018-03-20 23:16:45,359:INFO: Epoch 96/200
2018-03-20 23:16:55,693:INFO: - Train metrics: accuracy: 0.871 ; loss: 0.476
2018-03-20 23:16:56,338:INFO: - Eval metrics : accuracy: 0.455 ; loss: 2.592
2018-03-20 23:16:56,366:INFO: Epoch 97/200
2018-03-20 23:17:06,629:INFO: - Train metrics: accuracy: 0.898 ; loss: 0.441
2018-03-20 23:17:07,307:INFO: - Eval metrics : accuracy: 0.370 ; loss: 3.082
2018-03-20 23:17:07,334:INFO: Epoch 98/200
2018-03-20 23:17:17,621:INFO: - Train metrics: accuracy: 0.863 ; loss: 0.466
2018-03-20 23:17:18,300:INFO: - Eval metrics : accuracy: 0.241 ; loss: 4.565
2018-03-20 23:17:18,324:INFO: Epoch 99/200
2018-03-20 23:17:28,546:INFO: - Train metrics: accuracy: 0.891 ; loss: 0.422
2018-03-20 23:17:29,188:INFO: - Eval metrics : accuracy: 0.203 ; loss: 4.797
2018-03-20 23:17:29,215:INFO: Epoch 100/200
2018-03-20 23:17:39,474:INFO: - Train metrics: accuracy: 0.898 ; loss: 0.376
2018-03-20 23:17:40,119:INFO: - Eval metrics : accuracy: 0.304 ; loss: 3.662
2018-03-20 23:17:40,143:INFO: Epoch 101/200
2018-03-20 23:17:50,421:INFO: - Train metrics: accuracy: 0.867 ; loss: 0.491
2018-03-20 23:17:51,091:INFO: - Eval metrics : accuracy: 0.232 ; loss: 4.481
2018-03-20 23:17:51,115:INFO: Epoch 102/200
2018-03-20 23:18:01,407:INFO: - Train metrics: accuracy: 0.836 ; loss: 0.501
2018-03-20 23:18:02,103:INFO: - Eval metrics : accuracy: 0.424 ; loss: 2.832
2018-03-20 23:18:02,127:INFO: Epoch 103/200
2018-03-20 23:18:12,364:INFO: - Train metrics: accuracy: 0.887 ; loss: 0.446
2018-03-20 23:18:13,002:INFO: - Eval metrics : accuracy: 0.463 ; loss: 2.612
2018-03-20 23:18:13,025:INFO: Epoch 104/200
2018-03-20 23:18:23,320:INFO: - Train metrics: accuracy: 0.906 ; loss: 0.419
2018-03-20 23:18:23,973:INFO: - Eval metrics : accuracy: 0.429 ; loss: 2.752
2018-03-20 23:18:24,015:INFO: Epoch 105/200
2018-03-20 23:18:34,255:INFO: - Train metrics: accuracy: 0.902 ; loss: 0.400
2018-03-20 23:18:34,921:INFO: - Eval metrics : accuracy: 0.425 ; loss: 2.637
2018-03-20 23:18:34,945:INFO: Epoch 106/200
2018-03-20 23:18:45,215:INFO: - Train metrics: accuracy: 0.867 ; loss: 0.458
2018-03-20 23:18:45,909:INFO: - Eval metrics : accuracy: 0.181 ; loss: 4.298
2018-03-20 23:18:45,938:INFO: Epoch 107/200
2018-03-20 23:18:56,231:INFO: - Train metrics: accuracy: 0.848 ; loss: 0.490
2018-03-20 23:18:56,876:INFO: - Eval metrics : accuracy: 0.475 ; loss: 2.410
2018-03-20 23:18:56,902:INFO: Epoch 108/200
2018-03-20 23:19:07,148:INFO: - Train metrics: accuracy: 0.898 ; loss: 0.412
2018-03-20 23:19:07,799:INFO: - Eval metrics : accuracy: 0.385 ; loss: 3.165
2018-03-20 23:19:07,826:INFO: Epoch 109/200
2018-03-20 23:19:18,026:INFO: - Train metrics: accuracy: 0.871 ; loss: 0.468
2018-03-20 23:19:18,694:INFO: - Eval metrics : accuracy: 0.175 ; loss: 4.572
2018-03-20 23:19:18,721:INFO: Epoch 110/200
2018-03-20 23:19:29,002:INFO: - Train metrics: accuracy: 0.906 ; loss: 0.411
2018-03-20 23:19:29,675:INFO: - Eval metrics : accuracy: 0.107 ; loss: 5.720
2018-03-20 23:19:29,701:INFO: Epoch 111/200
2018-03-20 23:19:40,013:INFO: - Train metrics: accuracy: 0.883 ; loss: 0.508
2018-03-20 23:19:40,660:INFO: - Eval metrics : accuracy: 0.273 ; loss: 4.195
2018-03-20 23:19:40,690:INFO: Epoch 112/200
2018-03-20 23:19:50,995:INFO: - Train metrics: accuracy: 0.867 ; loss: 0.538
2018-03-20 23:19:51,628:INFO: - Eval metrics : accuracy: 0.313 ; loss: 3.284
2018-03-20 23:19:51,650:INFO: Epoch 113/200
2018-03-20 23:20:01,906:INFO: - Train metrics: accuracy: 0.887 ; loss: 0.416
2018-03-20 23:20:02,570:INFO: - Eval metrics : accuracy: 0.415 ; loss: 2.820
2018-03-20 23:20:02,615:INFO: Epoch 114/200
2018-03-20 23:20:12,835:INFO: - Train metrics: accuracy: 0.891 ; loss: 0.380
2018-03-20 23:20:13,506:INFO: - Eval metrics : accuracy: 0.349 ; loss: 3.256
2018-03-20 23:20:13,542:INFO: Epoch 115/200
2018-03-20 23:20:23,785:INFO: - Train metrics: accuracy: 0.934 ; loss: 0.291
2018-03-20 23:20:24,443:INFO: - Eval metrics : accuracy: 0.445 ; loss: 2.677
2018-03-20 23:20:24,468:INFO: Epoch 116/200
2018-03-20 23:20:34,721:INFO: - Train metrics: accuracy: 0.863 ; loss: 0.461
2018-03-20 23:20:35,375:INFO: - Eval metrics : accuracy: 0.231 ; loss: 4.370
2018-03-20 23:20:35,395:INFO: Epoch 117/200
2018-03-20 23:20:45,660:INFO: - Train metrics: accuracy: 0.859 ; loss: 0.476
2018-03-20 23:20:46,342:INFO: - Eval metrics : accuracy: 0.408 ; loss: 2.808
2018-03-20 23:20:46,369:INFO: Epoch 118/200
2018-03-20 23:20:56,658:INFO: - Train metrics: accuracy: 0.867 ; loss: 0.477
2018-03-20 23:20:57,330:INFO: - Eval metrics : accuracy: 0.452 ; loss: 2.552
2018-03-20 23:20:57,358:INFO: Epoch 119/200
2018-03-20 23:21:07,599:INFO: - Train metrics: accuracy: 0.918 ; loss: 0.324
2018-03-20 23:21:08,284:INFO: - Eval metrics : accuracy: 0.350 ; loss: 3.261
2018-03-20 23:21:08,331:INFO: Epoch 120/200
2018-03-20 23:21:18,581:INFO: - Train metrics: accuracy: 0.902 ; loss: 0.405
2018-03-20 23:21:19,249:INFO: - Eval metrics : accuracy: 0.500 ; loss: 2.383
2018-03-20 23:21:19,277:INFO: Epoch 121/200
2018-03-20 23:21:29,497:INFO: - Train metrics: accuracy: 0.875 ; loss: 0.407
2018-03-20 23:21:30,152:INFO: - Eval metrics : accuracy: 0.251 ; loss: 4.065
2018-03-20 23:21:30,177:INFO: Epoch 122/200
2018-03-20 23:21:40,411:INFO: - Train metrics: accuracy: 0.922 ; loss: 0.319
2018-03-20 23:21:41,069:INFO: - Eval metrics : accuracy: 0.372 ; loss: 3.127
2018-03-20 23:21:41,094:INFO: Epoch 123/200
2018-03-20 23:21:51,364:INFO: - Train metrics: accuracy: 0.914 ; loss: 0.320
2018-03-20 23:21:52,057:INFO: - Eval metrics : accuracy: 0.339 ; loss: 3.644
2018-03-20 23:21:52,087:INFO: Epoch 124/200
2018-03-20 23:22:02,335:INFO: - Train metrics: accuracy: 0.906 ; loss: 0.397
2018-03-20 23:22:03,001:INFO: - Eval metrics : accuracy: 0.352 ; loss: 3.238
2018-03-20 23:22:03,021:INFO: Epoch 125/200
2018-03-20 23:22:13,292:INFO: - Train metrics: accuracy: 0.855 ; loss: 0.547
2018-03-20 23:22:13,941:INFO: - Eval metrics : accuracy: 0.195 ; loss: 4.843
2018-03-20 23:22:13,966:INFO: Epoch 126/200
2018-03-20 23:22:24,225:INFO: - Train metrics: accuracy: 0.930 ; loss: 0.314
2018-03-20 23:22:24,866:INFO: - Eval metrics : accuracy: 0.474 ; loss: 2.415
2018-03-20 23:22:24,893:INFO: Epoch 127/200
2018-03-20 23:22:35,190:INFO: - Train metrics: accuracy: 0.875 ; loss: 0.465
2018-03-20 23:22:35,856:INFO: - Eval metrics : accuracy: 0.328 ; loss: 3.659
2018-03-20 23:22:35,881:INFO: Epoch 128/200
2018-03-20 23:22:46,152:INFO: - Train metrics: accuracy: 0.891 ; loss: 0.422
2018-03-20 23:22:46,813:INFO: - Eval metrics : accuracy: 0.320 ; loss: 3.491
2018-03-20 23:22:46,843:INFO: Epoch 129/200
2018-03-20 23:22:57,058:INFO: - Train metrics: accuracy: 0.934 ; loss: 0.323
2018-03-20 23:22:57,712:INFO: - Eval metrics : accuracy: 0.195 ; loss: 5.593
2018-03-20 23:22:57,736:INFO: Epoch 130/200
2018-03-20 23:23:08,006:INFO: - Train metrics: accuracy: 0.895 ; loss: 0.400
2018-03-20 23:23:08,677:INFO: - Eval metrics : accuracy: 0.277 ; loss: 4.027
2018-03-20 23:23:08,702:INFO: Epoch 131/200
2018-03-20 23:23:18,975:INFO: - Train metrics: accuracy: 0.875 ; loss: 0.413
2018-03-20 23:23:19,661:INFO: - Eval metrics : accuracy: 0.269 ; loss: 4.167
2018-03-20 23:23:19,704:INFO: Epoch 132/200
2018-03-20 23:23:29,921:INFO: - Train metrics: accuracy: 0.934 ; loss: 0.345
2018-03-20 23:23:30,585:INFO: - Eval metrics : accuracy: 0.321 ; loss: 3.417
2018-03-20 23:23:30,622:INFO: Epoch 133/200
2018-03-20 23:23:40,845:INFO: - Train metrics: accuracy: 0.910 ; loss: 0.359
2018-03-20 23:23:41,498:INFO: - Eval metrics : accuracy: 0.446 ; loss: 2.619
2018-03-20 23:23:41,522:INFO: Epoch 134/200
2018-03-20 23:23:51,770:INFO: - Train metrics: accuracy: 0.922 ; loss: 0.338
2018-03-20 23:23:52,438:INFO: - Eval metrics : accuracy: 0.390 ; loss: 3.145
2018-03-20 23:23:52,479:INFO: Epoch 135/200
2018-03-20 23:24:02,692:INFO: - Train metrics: accuracy: 0.895 ; loss: 0.447
2018-03-20 23:24:03,376:INFO: - Eval metrics : accuracy: 0.468 ; loss: 2.427
2018-03-20 23:24:03,411:INFO: Epoch 136/200
2018-03-20 23:24:13,696:INFO: - Train metrics: accuracy: 0.895 ; loss: 0.431
2018-03-20 23:24:14,360:INFO: - Eval metrics : accuracy: 0.488 ; loss: 2.470
2018-03-20 23:24:14,385:INFO: Epoch 137/200
2018-03-20 23:24:24,643:INFO: - Train metrics: accuracy: 0.938 ; loss: 0.332
2018-03-20 23:24:25,296:INFO: - Eval metrics : accuracy: 0.439 ; loss: 2.883
2018-03-20 23:24:25,322:INFO: Epoch 138/200
2018-03-20 23:24:35,614:INFO: - Train metrics: accuracy: 0.918 ; loss: 0.380
2018-03-20 23:24:36,280:INFO: - Eval metrics : accuracy: 0.275 ; loss: 4.405
2018-03-20 23:24:36,304:INFO: Epoch 139/200
2018-03-20 23:24:46,602:INFO: - Train metrics: accuracy: 0.910 ; loss: 0.381
2018-03-20 23:24:47,255:INFO: - Eval metrics : accuracy: 0.415 ; loss: 2.777
2018-03-20 23:24:47,281:INFO: Epoch 140/200
2018-03-20 23:24:57,538:INFO: - Train metrics: accuracy: 0.941 ; loss: 0.318
2018-03-20 23:24:58,207:INFO: - Eval metrics : accuracy: 0.508 ; loss: 2.327
2018-03-20 23:24:58,229:INFO: Epoch 141/200
2018-03-20 23:25:08,443:INFO: - Train metrics: accuracy: 0.887 ; loss: 0.450
2018-03-20 23:25:09,129:INFO: - Eval metrics : accuracy: 0.432 ; loss: 2.724
2018-03-20 23:25:09,158:INFO: Epoch 142/200
2018-03-20 23:25:19,461:INFO: - Train metrics: accuracy: 0.930 ; loss: 0.359
2018-03-20 23:25:20,123:INFO: - Eval metrics : accuracy: 0.260 ; loss: 4.263
2018-03-20 23:25:20,164:INFO: Epoch 143/200
2018-03-20 23:25:30,396:INFO: - Train metrics: accuracy: 0.906 ; loss: 0.380
2018-03-20 23:25:31,064:INFO: - Eval metrics : accuracy: 0.315 ; loss: 3.323
2018-03-20 23:25:31,089:INFO: Epoch 144/200
2018-03-20 23:25:41,328:INFO: - Train metrics: accuracy: 0.926 ; loss: 0.336
2018-03-20 23:25:41,984:INFO: - Eval metrics : accuracy: 0.314 ; loss: 3.403
2018-03-20 23:25:42,013:INFO: Epoch 145/200
2018-03-20 23:25:52,224:INFO: - Train metrics: accuracy: 0.914 ; loss: 0.407
2018-03-20 23:25:52,904:INFO: - Eval metrics : accuracy: 0.203 ; loss: 4.434
2018-03-20 23:25:52,929:INFO: Epoch 146/200
2018-03-20 23:26:03,211:INFO: - Train metrics: accuracy: 0.926 ; loss: 0.352
2018-03-20 23:26:03,856:INFO: - Eval metrics : accuracy: 0.326 ; loss: 3.562
2018-03-20 23:26:03,879:INFO: Epoch 147/200
2018-03-20 23:26:14,113:INFO: - Train metrics: accuracy: 0.926 ; loss: 0.372
2018-03-20 23:26:14,785:INFO: - Eval metrics : accuracy: 0.355 ; loss: 3.514
2018-03-20 23:26:14,813:INFO: Epoch 148/200
2018-03-20 23:26:25,035:INFO: - Train metrics: accuracy: 0.887 ; loss: 0.382
2018-03-20 23:26:25,671:INFO: - Eval metrics : accuracy: 0.279 ; loss: 3.661
2018-03-20 23:26:25,698:INFO: Epoch 149/200
2018-03-20 23:26:35,897:INFO: - Train metrics: accuracy: 0.914 ; loss: 0.322
2018-03-20 23:26:36,580:INFO: - Eval metrics : accuracy: 0.392 ; loss: 2.876
2018-03-20 23:26:36,610:INFO: Epoch 150/200
2018-03-20 23:26:46,887:INFO: - Train metrics: accuracy: 0.906 ; loss: 0.381
2018-03-20 23:26:47,521:INFO: - Eval metrics : accuracy: 0.289 ; loss: 3.885
2018-03-20 23:26:47,562:INFO: Epoch 151/200
2018-03-20 23:26:57,808:INFO: - Train metrics: accuracy: 0.906 ; loss: 0.350
2018-03-20 23:26:58,448:INFO: - Eval metrics : accuracy: 0.299 ; loss: 3.663
2018-03-20 23:26:58,472:INFO: Epoch 152/200
2018-03-20 23:27:08,736:INFO: - Train metrics: accuracy: 0.922 ; loss: 0.308
2018-03-20 23:27:09,397:INFO: - Eval metrics : accuracy: 0.263 ; loss: 4.134
2018-03-20 23:27:09,439:INFO: Epoch 153/200
2018-03-20 23:27:19,661:INFO: - Train metrics: accuracy: 0.895 ; loss: 0.398
2018-03-20 23:27:20,347:INFO: - Eval metrics : accuracy: 0.193 ; loss: 4.928
2018-03-20 23:27:20,376:INFO: Epoch 154/200
2018-03-20 23:27:30,655:INFO: - Train metrics: accuracy: 0.879 ; loss: 0.433
2018-03-20 23:27:31,316:INFO: - Eval metrics : accuracy: 0.434 ; loss: 2.641
2018-03-20 23:27:31,337:INFO: Epoch 155/200
2018-03-20 23:27:41,616:INFO: - Train metrics: accuracy: 0.902 ; loss: 0.383
2018-03-20 23:27:42,278:INFO: - Eval metrics : accuracy: 0.154 ; loss: 5.481
2018-03-20 23:27:42,303:INFO: Epoch 156/200
2018-03-20 23:27:52,514:INFO: - Train metrics: accuracy: 0.918 ; loss: 0.347
2018-03-20 23:27:53,160:INFO: - Eval metrics : accuracy: 0.358 ; loss: 3.265
2018-03-20 23:27:53,185:INFO: Epoch 157/200
2018-03-20 23:28:03,428:INFO: - Train metrics: accuracy: 0.926 ; loss: 0.317
2018-03-20 23:28:04,088:INFO: - Eval metrics : accuracy: 0.220 ; loss: 4.343
2018-03-20 23:28:04,129:INFO: Epoch 158/200
2018-03-20 23:28:14,393:INFO: - Train metrics: accuracy: 0.934 ; loss: 0.372
2018-03-20 23:28:15,040:INFO: - Eval metrics : accuracy: 0.384 ; loss: 3.079
2018-03-20 23:28:15,083:INFO: Epoch 159/200
2018-03-20 23:28:25,320:INFO: - Train metrics: accuracy: 0.898 ; loss: 0.374
2018-03-20 23:28:25,968:INFO: - Eval metrics : accuracy: 0.243 ; loss: 4.014
2018-03-20 23:28:25,992:INFO: Epoch 160/200
2018-03-20 23:28:36,181:INFO: - Train metrics: accuracy: 0.875 ; loss: 0.390
2018-03-20 23:28:36,824:INFO: - Eval metrics : accuracy: 0.389 ; loss: 2.985
2018-03-20 23:28:36,849:INFO: Epoch 161/200
2018-03-20 23:28:47,043:INFO: - Train metrics: accuracy: 0.918 ; loss: 0.361
2018-03-20 23:28:47,722:INFO: - Eval metrics : accuracy: 0.288 ; loss: 3.805
2018-03-20 23:28:47,741:INFO: Epoch 162/200
2018-03-20 23:28:58,035:INFO: - Train metrics: accuracy: 0.945 ; loss: 0.313
2018-03-20 23:28:58,688:INFO: - Eval metrics : accuracy: 0.413 ; loss: 2.764
2018-03-20 23:28:58,712:INFO: Epoch 163/200
2018-03-20 23:29:08,975:INFO: - Train metrics: accuracy: 0.914 ; loss: 0.383
2018-03-20 23:29:09,596:INFO: - Eval metrics : accuracy: 0.496 ; loss: 2.385
2018-03-20 23:29:09,619:INFO: Epoch 164/200
2018-03-20 23:29:19,863:INFO: - Train metrics: accuracy: 0.914 ; loss: 0.378
2018-03-20 23:29:20,503:INFO: - Eval metrics : accuracy: 0.358 ; loss: 3.286
2018-03-20 23:29:20,530:INFO: Epoch 165/200
2018-03-20 23:29:30,800:INFO: - Train metrics: accuracy: 0.918 ; loss: 0.360
2018-03-20 23:29:31,498:INFO: - Eval metrics : accuracy: 0.229 ; loss: 4.499
2018-03-20 23:29:31,528:INFO: Epoch 166/200
2018-03-20 23:29:41,836:INFO: - Train metrics: accuracy: 0.949 ; loss: 0.319
2018-03-20 23:29:42,502:INFO: - Eval metrics : accuracy: 0.318 ; loss: 3.717
2018-03-20 23:29:42,529:INFO: Epoch 167/200
2018-03-20 23:29:52,765:INFO: - Train metrics: accuracy: 0.926 ; loss: 0.314
2018-03-20 23:29:53,422:INFO: - Eval metrics : accuracy: 0.275 ; loss: 4.103
2018-03-20 23:29:53,449:INFO: Epoch 168/200
2018-03-20 23:30:03,703:INFO: - Train metrics: accuracy: 0.922 ; loss: 0.351
2018-03-20 23:30:04,347:INFO: - Eval metrics : accuracy: 0.336 ; loss: 3.430
2018-03-20 23:30:04,372:INFO: Epoch 169/200
2018-03-20 23:30:14,622:INFO: - Train metrics: accuracy: 0.941 ; loss: 0.281
2018-03-20 23:30:15,311:INFO: - Eval metrics : accuracy: 0.317 ; loss: 3.900
2018-03-20 23:30:15,352:INFO: Epoch 170/200
2018-03-20 23:30:25,625:INFO: - Train metrics: accuracy: 0.902 ; loss: 0.365
2018-03-20 23:30:26,274:INFO: - Eval metrics : accuracy: 0.393 ; loss: 3.014
2018-03-20 23:30:26,297:INFO: Epoch 171/200
2018-03-20 23:30:36,569:INFO: - Train metrics: accuracy: 0.891 ; loss: 0.353
2018-03-20 23:30:37,213:INFO: - Eval metrics : accuracy: 0.349 ; loss: 3.138
2018-03-20 23:30:37,242:INFO: Epoch 172/200
2018-03-20 23:30:47,456:INFO: - Train metrics: accuracy: 0.910 ; loss: 0.398
2018-03-20 23:30:48,092:INFO: - Eval metrics : accuracy: 0.120 ; loss: 5.607
2018-03-20 23:30:48,121:INFO: Epoch 173/200
2018-03-20 23:30:58,313:INFO: - Train metrics: accuracy: 0.918 ; loss: 0.346
2018-03-20 23:30:58,971:INFO: - Eval metrics : accuracy: 0.475 ; loss: 2.601
2018-03-20 23:30:59,013:INFO: Epoch 174/200
2018-03-20 23:31:15,709:INFO: Loading the datasets...
2018-03-20 23:31:15,762:INFO: - done.
2018-03-20 23:31:18,028:INFO: Starting training for 200 epoch(s)
2018-03-20 23:31:18,028:INFO: Epoch 1/200
2018-03-20 23:31:28,324:INFO: - Train metrics: accuracy: 0.012 ; loss: 5.442
2018-03-20 23:31:28,975:INFO: - Eval metrics : accuracy: 0.026 ; loss: 5.078
2018-03-20 23:31:29,005:INFO: - Found new lowest loss
2018-03-20 23:31:29,005:INFO: Epoch 2/200
2018-03-20 23:31:38,501:INFO: - Train metrics: accuracy: 0.016 ; loss: 4.932
2018-03-20 23:31:39,153:INFO: - Eval metrics : accuracy: 0.057 ; loss: 4.734
2018-03-20 23:31:39,181:INFO: - Found new lowest loss
2018-03-20 23:31:39,181:INFO: Epoch 3/200
2018-03-20 23:31:48,737:INFO: - Train metrics: accuracy: 0.102 ; loss: 4.449
2018-03-20 23:31:49,406:INFO: - Eval metrics : accuracy: 0.030 ; loss: 5.033
2018-03-20 23:31:49,424:INFO: Epoch 4/200
2018-03-20 23:31:58,993:INFO: - Train metrics: accuracy: 0.145 ; loss: 4.121
2018-03-20 23:31:59,670:INFO: - Eval metrics : accuracy: 0.126 ; loss: 4.254
2018-03-20 23:31:59,699:INFO: - Found new lowest loss
2018-03-20 23:31:59,699:INFO: Epoch 5/200
2018-03-20 23:32:09,287:INFO: - Train metrics: accuracy: 0.156 ; loss: 3.786
2018-03-20 23:32:09,946:INFO: - Eval metrics : accuracy: 0.180 ; loss: 3.902
2018-03-20 23:32:09,985:INFO: - Found new lowest loss
2018-03-20 23:32:09,985:INFO: Epoch 6/200
2018-03-20 23:32:19,496:INFO: - Train metrics: accuracy: 0.211 ; loss: 3.355
2018-03-20 23:32:20,168:INFO: - Eval metrics : accuracy: 0.100 ; loss: 4.321
2018-03-20 23:32:20,193:INFO: Epoch 7/200
2018-03-20 23:32:29,742:INFO: - Train metrics: accuracy: 0.316 ; loss: 2.987
2018-03-20 23:32:30,426:INFO: - Eval metrics : accuracy: 0.033 ; loss: 5.688
2018-03-20 23:32:30,449:INFO: Epoch 8/200
2018-03-20 23:32:40,068:INFO: - Train metrics: accuracy: 0.348 ; loss: 2.773
2018-03-20 23:32:40,711:INFO: - Eval metrics : accuracy: 0.074 ; loss: 4.682
2018-03-20 23:32:40,732:INFO: Epoch 9/200
2018-03-20 23:32:50,318:INFO: - Train metrics: accuracy: 0.402 ; loss: 2.658
2018-03-20 23:32:50,959:INFO: - Eval metrics : accuracy: 0.052 ; loss: 6.424
2018-03-20 23:32:50,974:INFO: Epoch 10/200
2018-03-20 23:33:00,496:INFO: - Train metrics: accuracy: 0.418 ; loss: 2.393
2018-03-20 23:33:01,138:INFO: - Eval metrics : accuracy: 0.434 ; loss: 2.487
2018-03-20 23:33:01,180:INFO: - Found new lowest loss
2018-03-20 23:33:01,180:INFO: Epoch 11/200
2018-03-20 23:33:10,671:INFO: - Train metrics: accuracy: 0.434 ; loss: 2.570
2018-03-20 23:33:11,322:INFO: - Eval metrics : accuracy: 0.251 ; loss: 3.449
2018-03-20 23:33:11,341:INFO: Epoch 12/200
2018-03-20 23:33:20,928:INFO: - Train metrics: accuracy: 0.473 ; loss: 2.166
2018-03-20 23:33:21,581:INFO: - Eval metrics : accuracy: 0.191 ; loss: 3.935
2018-03-20 23:33:21,601:INFO: Epoch 13/200
2018-03-20 23:33:31,147:INFO: - Train metrics: accuracy: 0.453 ; loss: 2.165
2018-03-20 23:33:31,800:INFO: - Eval metrics : accuracy: 0.079 ; loss: 5.575
2018-03-20 23:33:31,815:INFO: Epoch 14/200
2018-03-20 23:33:41,346:INFO: - Train metrics: accuracy: 0.543 ; loss: 2.107
2018-03-20 23:33:41,993:INFO: - Eval metrics : accuracy: 0.165 ; loss: 4.121
2018-03-20 23:33:42,010:INFO: Epoch 15/200
2018-03-20 23:33:51,578:INFO: - Train metrics: accuracy: 0.469 ; loss: 2.060
2018-03-20 23:33:52,251:INFO: - Eval metrics : accuracy: 0.119 ; loss: 4.840
2018-03-20 23:33:52,277:INFO: Epoch 16/200
2018-03-20 23:34:01,831:INFO: - Train metrics: accuracy: 0.469 ; loss: 2.119
2018-03-20 23:34:02,522:INFO: - Eval metrics : accuracy: 0.036 ; loss: 6.557
2018-03-20 23:34:02,545:INFO: Epoch 17/200
2018-03-20 23:34:12,078:INFO: - Train metrics: accuracy: 0.574 ; loss: 1.736
2018-03-20 23:34:12,747:INFO: - Eval metrics : accuracy: 0.384 ; loss: 2.577
2018-03-20 23:34:12,784:INFO: Epoch 18/200
2018-03-20 23:34:22,304:INFO: - Train metrics: accuracy: 0.523 ; loss: 1.840
2018-03-20 23:34:22,955:INFO: - Eval metrics : accuracy: 0.312 ; loss: 3.031
2018-03-20 23:34:22,973:INFO: Epoch 19/200
2018-03-20 23:34:32,513:INFO: - Train metrics: accuracy: 0.531 ; loss: 1.779
2018-03-20 23:34:33,195:INFO: - Eval metrics : accuracy: 0.465 ; loss: 2.208
2018-03-20 23:34:33,225:INFO: - Found new lowest loss
2018-03-20 23:34:33,225:INFO: Epoch 20/200
2018-03-20 23:34:42,811:INFO: - Train metrics: accuracy: 0.539 ; loss: 1.694
2018-03-20 23:34:43,470:INFO: - Eval metrics : accuracy: 0.158 ; loss: 4.453
2018-03-20 23:34:43,493:INFO: Epoch 21/200
2018-03-20 23:34:53,067:INFO: - Train metrics: accuracy: 0.621 ; loss: 1.605
2018-03-20 23:34:53,743:INFO: - Eval metrics : accuracy: 0.165 ; loss: 4.496
2018-03-20 23:34:53,769:INFO: Epoch 22/200
2018-03-20 23:35:03,327:INFO: - Train metrics: accuracy: 0.598 ; loss: 1.431
2018-03-20 23:35:04,006:INFO: - Eval metrics : accuracy: 0.101 ; loss: 5.879
2018-03-20 23:35:04,018:INFO: Epoch 23/200
2018-03-20 23:35:13,588:INFO: - Train metrics: accuracy: 0.613 ; loss: 1.557
2018-03-20 23:35:14,262:INFO: - Eval metrics : accuracy: 0.452 ; loss: 2.344
2018-03-20 23:35:14,289:INFO: Epoch 24/200
2018-03-20 23:35:23,888:INFO: - Train metrics: accuracy: 0.629 ; loss: 1.387
2018-03-20 23:35:24,537:INFO: - Eval metrics : accuracy: 0.490 ; loss: 2.063
2018-03-20 23:35:24,565:INFO: - Found new lowest loss
2018-03-20 23:35:24,565:INFO: Epoch 25/200
2018-03-20 23:35:34,070:INFO: - Train metrics: accuracy: 0.637 ; loss: 1.448
2018-03-20 23:35:34,718:INFO: - Eval metrics : accuracy: 0.389 ; loss: 2.557
2018-03-20 23:35:34,734:INFO: Epoch 26/200
2018-03-20 23:35:44,340:INFO: - Train metrics: accuracy: 0.648 ; loss: 1.282
2018-03-20 23:35:44,999:INFO: - Eval metrics : accuracy: 0.056 ; loss: 8.220
2018-03-20 23:35:45,014:INFO: Epoch 27/200
2018-03-20 23:35:54,527:INFO: - Train metrics: accuracy: 0.625 ; loss: 1.300
2018-03-20 23:35:55,174:INFO: - Eval metrics : accuracy: 0.226 ; loss: 3.738
2018-03-20 23:35:55,189:INFO: Epoch 28/200
2018-03-20 23:36:04,774:INFO: - Train metrics: accuracy: 0.723 ; loss: 1.060
2018-03-20 23:36:05,420:INFO: - Eval metrics : accuracy: 0.209 ; loss: 3.821
2018-03-20 23:36:05,452:INFO: Epoch 29/200
2018-03-20 23:36:14,968:INFO: - Train metrics: accuracy: 0.711 ; loss: 1.235
2018-03-20 23:36:15,634:INFO: - Eval metrics : accuracy: 0.362 ; loss: 2.786
2018-03-20 23:36:15,649:INFO: Epoch 30/200
2018-03-20 23:36:25,195:INFO: - Train metrics: accuracy: 0.641 ; loss: 1.312
2018-03-20 23:36:25,864:INFO: - Eval metrics : accuracy: 0.059 ; loss: 7.026
2018-03-20 23:36:25,901:INFO: Epoch 31/200
2018-03-20 23:36:35,385:INFO: - Train metrics: accuracy: 0.688 ; loss: 1.003
2018-03-20 23:36:36,046:INFO: - Eval metrics : accuracy: 0.443 ; loss: 2.328
2018-03-20 23:36:36,062:INFO: Epoch 32/200
2018-03-20 23:36:45,605:INFO: - Train metrics: accuracy: 0.695 ; loss: 1.197
2018-03-20 23:36:46,277:INFO: - Eval metrics : accuracy: 0.321 ; loss: 3.032
2018-03-20 23:36:46,293:INFO: Epoch 33/200
2018-03-20 23:36:55,878:INFO: - Train metrics: accuracy: 0.754 ; loss: 1.010
2018-03-20 23:36:56,560:INFO: - Eval metrics : accuracy: 0.104 ; loss: 5.873
2018-03-20 23:36:56,577:INFO: Epoch 34/200
2018-03-20 23:37:06,128:INFO: - Train metrics: accuracy: 0.688 ; loss: 1.109
2018-03-20 23:37:06,780:INFO: - Eval metrics : accuracy: 0.398 ; loss: 2.738
2018-03-20 23:37:06,792:INFO: Epoch 35/200
2018-03-20 23:37:16,336:INFO: - Train metrics: accuracy: 0.727 ; loss: 1.078
2018-03-20 23:37:16,969:INFO: - Eval metrics : accuracy: 0.259 ; loss: 3.547
2018-03-20 23:37:16,988:INFO: Epoch 36/200
2018-03-20 23:37:26,516:INFO: - Train metrics: accuracy: 0.707 ; loss: 1.043
2018-03-20 23:37:27,191:INFO: - Eval metrics : accuracy: 0.327 ; loss: 3.126
2018-03-20 23:37:27,206:INFO: Epoch 37/200
2018-03-20 23:37:36,775:INFO: - Train metrics: accuracy: 0.738 ; loss: 0.944
2018-03-20 23:37:37,439:INFO: - Eval metrics : accuracy: 0.369 ; loss: 2.717
2018-03-20 23:37:37,455:INFO: Epoch 38/200
2018-03-20 23:37:47,023:INFO: - Train metrics: accuracy: 0.766 ; loss: 0.933
2018-03-20 23:37:47,654:INFO: - Eval metrics : accuracy: 0.491 ; loss: 2.083
2018-03-20 23:37:47,669:INFO: Epoch 39/200
2018-03-20 23:37:57,204:INFO: - Train metrics: accuracy: 0.781 ; loss: 0.919
2018-03-20 23:37:57,853:INFO: - Eval metrics : accuracy: 0.222 ; loss: 3.901
2018-03-20 23:37:57,867:INFO: Epoch 40/200
2018-03-20 23:38:07,403:INFO: - Train metrics: accuracy: 0.734 ; loss: 0.879
2018-03-20 23:38:08,071:INFO: - Eval metrics : accuracy: 0.224 ; loss: 4.067
2018-03-20 23:38:08,097:INFO: Epoch 41/200
2018-03-20 23:38:17,599:INFO: - Train metrics: accuracy: 0.762 ; loss: 0.883
2018-03-20 23:38:18,250:INFO: - Eval metrics : accuracy: 0.113 ; loss: 5.704
2018-03-20 23:38:18,263:INFO: Epoch 42/200
2018-03-20 23:38:27,810:INFO: - Train metrics: accuracy: 0.781 ; loss: 0.855
2018-03-20 23:38:28,444:INFO: - Eval metrics : accuracy: 0.175 ; loss: 5.453
2018-03-20 23:38:28,462:INFO: Epoch 43/200
2018-03-20 23:38:37,949:INFO: - Train metrics: accuracy: 0.738 ; loss: 0.791
2018-03-20 23:38:38,574:INFO: - Eval metrics : accuracy: 0.338 ; loss: 3.055
2018-03-20 23:38:38,597:INFO: Epoch 44/200
2018-03-20 23:38:48,145:INFO: - Train metrics: accuracy: 0.750 ; loss: 0.867
2018-03-20 23:38:48,802:INFO: - Eval metrics : accuracy: 0.335 ; loss: 3.057
2018-03-20 23:38:48,821:INFO: Epoch 45/200
2018-03-20 23:38:58,377:INFO: - Train metrics: accuracy: 0.879 ; loss: 0.601
2018-03-20 23:38:59,040:INFO: - Eval metrics : accuracy: 0.322 ; loss: 3.118
2018-03-20 23:38:59,076:INFO: Epoch 46/200
2018-03-20 23:39:08,563:INFO: - Train metrics: accuracy: 0.820 ; loss: 0.724
2018-03-20 23:39:09,238:INFO: - Eval metrics : accuracy: 0.343 ; loss: 2.778
2018-03-20 23:39:09,257:INFO: Epoch 47/200
2018-03-20 23:39:18,830:INFO: - Train metrics: accuracy: 0.789 ; loss: 0.750
2018-03-20 23:39:19,472:INFO: - Eval metrics : accuracy: 0.173 ; loss: 5.187
2018-03-20 23:39:19,500:INFO: Epoch 48/200
2018-03-20 23:39:29,004:INFO: - Train metrics: accuracy: 0.793 ; loss: 0.854
2018-03-20 23:39:29,658:INFO: - Eval metrics : accuracy: 0.107 ; loss: 5.243
2018-03-20 23:39:29,681:INFO: Epoch 49/200
2018-03-20 23:39:39,196:INFO: - Train metrics: accuracy: 0.816 ; loss: 0.749
2018-03-20 23:39:39,850:INFO: - Eval metrics : accuracy: 0.113 ; loss: 6.203
2018-03-20 23:39:39,873:INFO: Epoch 50/200
2018-03-20 23:39:49,334:INFO: - Train metrics: accuracy: 0.828 ; loss: 0.693
2018-03-20 23:39:49,968:INFO: - Eval metrics : accuracy: 0.096 ; loss: 6.522
2018-03-20 23:39:49,988:INFO: Epoch 51/200
2018-03-20 23:39:59,567:INFO: - Train metrics: accuracy: 0.789 ; loss: 0.751
2018-03-20 23:40:00,212:INFO: - Eval metrics : accuracy: 0.054 ; loss: 7.290
2018-03-20 23:40:00,248:INFO: Epoch 52/200
2018-03-20 23:40:09,785:INFO: - Train metrics: accuracy: 0.770 ; loss: 0.827
2018-03-20 23:40:10,446:INFO: - Eval metrics : accuracy: 0.342 ; loss: 3.361
2018-03-20 23:40:10,458:INFO: Epoch 53/200
2018-03-20 23:40:19,973:INFO: - Train metrics: accuracy: 0.793 ; loss: 0.750
2018-03-20 23:40:20,628:INFO: - Eval metrics : accuracy: 0.229 ; loss: 4.141
2018-03-20 23:40:20,644:INFO: Epoch 54/200
2018-03-20 23:40:30,170:INFO: - Train metrics: accuracy: 0.840 ; loss: 0.664
2018-03-20 23:40:30,824:INFO: - Eval metrics : accuracy: 0.487 ; loss: 2.228
2018-03-20 23:40:30,851:INFO: Epoch 55/200
2018-03-20 23:40:40,380:INFO: - Train metrics: accuracy: 0.801 ; loss: 0.785
2018-03-20 23:40:41,046:INFO: - Eval metrics : accuracy: 0.346 ; loss: 3.089
2018-03-20 23:40:41,065:INFO: Epoch 56/200
2018-03-20 23:40:50,637:INFO: - Train metrics: accuracy: 0.797 ; loss: 0.701
2018-03-20 23:40:51,327:INFO: - Eval metrics : accuracy: 0.370 ; loss: 2.911
2018-03-20 23:40:51,343:INFO: Epoch 57/200
2018-03-20 23:41:00,901:INFO: - Train metrics: accuracy: 0.789 ; loss: 0.699
2018-03-20 23:41:01,575:INFO: - Eval metrics : accuracy: 0.193 ; loss: 4.467
2018-03-20 23:41:01,587:INFO: Epoch 58/200
2018-03-20 23:41:11,145:INFO: - Train metrics: accuracy: 0.797 ; loss: 0.742
2018-03-20 23:41:11,773:INFO: - Eval metrics : accuracy: 0.202 ; loss: 4.240
2018-03-20 23:41:11,789:INFO: Epoch 59/200
2018-03-20 23:41:21,343:INFO: - Train metrics: accuracy: 0.812 ; loss: 0.692
2018-03-20 23:41:22,001:INFO: - Eval metrics : accuracy: 0.139 ; loss: 6.277
2018-03-20 23:41:22,014:INFO: Epoch 60/200
2018-03-20 23:41:31,550:INFO: - Train metrics: accuracy: 0.867 ; loss: 0.543
2018-03-20 23:41:32,227:INFO: - Eval metrics : accuracy: 0.337 ; loss: 3.281
2018-03-20 23:41:32,264:INFO: Epoch 61/200
2018-03-20 23:41:41,813:INFO: - Train metrics: accuracy: 0.836 ; loss: 0.597
2018-03-20 23:41:42,451:INFO: - Eval metrics : accuracy: 0.467 ; loss: 2.292
2018-03-20 23:41:42,477:INFO: Epoch 62/200
2018-03-20 23:41:52,003:INFO: - Train metrics: accuracy: 0.836 ; loss: 0.667
2018-03-20 23:41:52,671:INFO: - Eval metrics : accuracy: 0.380 ; loss: 2.846
2018-03-20 23:41:52,687:INFO: Epoch 63/200
2018-03-20 23:42:02,205:INFO: - Train metrics: accuracy: 0.855 ; loss: 0.568
2018-03-20 23:42:02,887:INFO: - Eval metrics : accuracy: 0.158 ; loss: 5.388
2018-03-20 23:42:02,907:INFO: Epoch 64/200
2018-03-20 23:42:12,497:INFO: - Train metrics: accuracy: 0.879 ; loss: 0.534
2018-03-20 23:42:13,140:INFO: - Eval metrics : accuracy: 0.155 ; loss: 5.625
2018-03-20 23:42:13,155:INFO: Epoch 65/200
2018-03-20 23:42:22,712:INFO: - Train metrics: accuracy: 0.852 ; loss: 0.590
2018-03-20 23:42:23,376:INFO: - Eval metrics : accuracy: 0.545 ; loss: 1.934
2018-03-20 23:42:23,406:INFO: - Found new lowest loss
2018-03-20 23:42:23,406:INFO: Epoch 66/200
2018-03-20 23:42:32,927:INFO: - Train metrics: accuracy: 0.844 ; loss: 0.557
2018-03-20 23:42:33,583:INFO: - Eval metrics : accuracy: 0.338 ; loss: 3.086
2018-03-20 23:42:33,601:INFO: Epoch 67/200
2018-03-20 23:42:43,093:INFO: - Train metrics: accuracy: 0.809 ; loss: 0.636
2018-03-20 23:42:43,720:INFO: - Eval metrics : accuracy: 0.217 ; loss: 4.601
2018-03-20 23:42:43,738:INFO: Epoch 68/200
2018-03-20 23:42:53,323:INFO: - Train metrics: accuracy: 0.840 ; loss: 0.574
2018-03-20 23:42:53,977:INFO: - Eval metrics : accuracy: 0.364 ; loss: 2.988
2018-03-20 23:42:53,988:INFO: Epoch 69/200
2018-03-20 23:43:03,554:INFO: - Train metrics: accuracy: 0.832 ; loss: 0.602
2018-03-20 23:43:04,222:INFO: - Eval metrics : accuracy: 0.175 ; loss: 4.799
2018-03-20 23:43:04,249:INFO: Epoch 70/200
2018-03-20 23:43:13,791:INFO: - Train metrics: accuracy: 0.859 ; loss: 0.531
2018-03-20 23:43:14,449:INFO: - Eval metrics : accuracy: 0.415 ; loss: 2.579
2018-03-20 23:43:14,477:INFO: Epoch 71/200
2018-03-20 23:43:24,000:INFO: - Train metrics: accuracy: 0.891 ; loss: 0.485
2018-03-20 23:43:24,639:INFO: - Eval metrics : accuracy: 0.430 ; loss: 2.498
2018-03-20 23:43:24,668:INFO: Epoch 72/200
2018-03-20 23:43:34,208:INFO: - Train metrics: accuracy: 0.852 ; loss: 0.591
2018-03-20 23:43:34,887:INFO: - Eval metrics : accuracy: 0.213 ; loss: 4.413
2018-03-20 23:43:34,904:INFO: Epoch 73/200
2018-03-20 23:43:44,412:INFO: - Train metrics: accuracy: 0.855 ; loss: 0.587
2018-03-20 23:43:45,067:INFO: - Eval metrics : accuracy: 0.226 ; loss: 4.066
2018-03-20 23:43:45,083:INFO: Epoch 74/200
2018-03-20 23:43:54,600:INFO: - Train metrics: accuracy: 0.859 ; loss: 0.567
2018-03-20 23:43:55,249:INFO: - Eval metrics : accuracy: 0.401 ; loss: 2.662
2018-03-20 23:43:55,264:INFO: Epoch 75/200
2018-03-20 23:44:04,803:INFO: - Train metrics: accuracy: 0.844 ; loss: 0.560
2018-03-20 23:44:05,469:INFO: - Eval metrics : accuracy: 0.177 ; loss: 5.195
2018-03-20 23:44:05,484:INFO: Epoch 76/200
2018-03-20 23:44:14,992:INFO: - Train metrics: accuracy: 0.879 ; loss: 0.543
2018-03-20 23:44:15,631:INFO: - Eval metrics : accuracy: 0.240 ; loss: 3.777
2018-03-20 23:44:15,649:INFO: Epoch 77/200
2018-03-20 23:44:25,192:INFO: - Train metrics: accuracy: 0.844 ; loss: 0.513
2018-03-20 23:44:25,854:INFO: - Eval metrics : accuracy: 0.293 ; loss: 3.931
2018-03-20 23:44:25,888:INFO: Epoch 78/200
2018-03-20 23:44:35,443:INFO: - Train metrics: accuracy: 0.848 ; loss: 0.594
2018-03-20 23:44:36,106:INFO: - Eval metrics : accuracy: 0.501 ; loss: 2.177
2018-03-20 23:44:36,133:INFO: Epoch 79/200
2018-03-20 23:44:45,649:INFO: - Train metrics: accuracy: 0.859 ; loss: 0.510
2018-03-20 23:44:46,302:INFO: - Eval metrics : accuracy: 0.504 ; loss: 2.225
2018-03-20 23:44:46,332:INFO: Epoch 80/200
2018-03-20 23:44:55,878:INFO: - Train metrics: accuracy: 0.875 ; loss: 0.509
2018-03-20 23:44:56,537:INFO: - Eval metrics : accuracy: 0.190 ; loss: 4.322
2018-03-20 23:44:56,557:INFO: Epoch 81/200
2018-03-20 23:45:06,112:INFO: - Train metrics: accuracy: 0.883 ; loss: 0.510
2018-03-20 23:45:06,806:INFO: - Eval metrics : accuracy: 0.430 ; loss: 2.642
2018-03-20 23:45:06,822:INFO: Epoch 82/200
2018-03-20 23:45:16,341:INFO: - Train metrics: accuracy: 0.883 ; loss: 0.480
2018-03-20 23:45:16,981:INFO: - Eval metrics : accuracy: 0.444 ; loss: 2.527
2018-03-20 23:45:16,996:INFO: Epoch 83/200
2018-03-20 23:45:26,527:INFO: - Train metrics: accuracy: 0.879 ; loss: 0.456
2018-03-20 23:45:27,189:INFO: - Eval metrics : accuracy: 0.072 ; loss: 8.596
2018-03-20 23:45:27,205:INFO: Epoch 84/200
2018-03-20 23:45:36,758:INFO: - Train metrics: accuracy: 0.855 ; loss: 0.509
2018-03-20 23:45:37,447:INFO: - Eval metrics : accuracy: 0.292 ; loss: 3.780
2018-03-20 23:45:37,463:INFO: Epoch 85/200
2018-03-20 23:45:46,992:INFO: - Train metrics: accuracy: 0.820 ; loss: 0.628
2018-03-20 23:45:47,666:INFO: - Eval metrics : accuracy: 0.120 ; loss: 6.828
2018-03-20 23:45:47,682:INFO: Epoch 86/200
2018-03-20 23:45:57,193:INFO: - Train metrics: accuracy: 0.828 ; loss: 0.586
2018-03-20 23:45:57,856:INFO: - Eval metrics : accuracy: 0.406 ; loss: 2.948
2018-03-20 23:45:57,872:INFO: Epoch 87/200
2018-03-20 23:46:07,419:INFO: - Train metrics: accuracy: 0.832 ; loss: 0.625
2018-03-20 23:46:08,050:INFO: - Eval metrics : accuracy: 0.169 ; loss: 4.873
2018-03-20 23:46:08,065:INFO: Epoch 88/200
2018-03-20 23:46:17,593:INFO: - Train metrics: accuracy: 0.859 ; loss: 0.451
2018-03-20 23:46:18,243:INFO: - Eval metrics : accuracy: 0.430 ; loss: 2.646
2018-03-20 23:46:18,259:INFO: Epoch 89/200
2018-03-20 23:46:27,804:INFO: - Train metrics: accuracy: 0.883 ; loss: 0.500
2018-03-20 23:46:28,472:INFO: - Eval metrics : accuracy: 0.360 ; loss: 3.107
2018-03-20 23:46:28,488:INFO: Epoch 90/200
2018-03-20 23:46:38,026:INFO: - Train metrics: accuracy: 0.879 ; loss: 0.482
2018-03-20 23:46:38,718:INFO: - Eval metrics : accuracy: 0.449 ; loss: 2.526
2018-03-20 23:46:38,734:INFO: Epoch 91/200
2018-03-20 23:46:48,291:INFO: - Train metrics: accuracy: 0.883 ; loss: 0.468
2018-03-20 23:46:48,956:INFO: - Eval metrics : accuracy: 0.141 ; loss: 6.045
2018-03-20 23:46:48,971:INFO: Epoch 92/200
2018-03-20 23:46:58,465:INFO: - Train metrics: accuracy: 0.867 ; loss: 0.477
2018-03-20 23:46:59,138:INFO: - Eval metrics : accuracy: 0.364 ; loss: 3.056
2018-03-20 23:46:59,161:INFO: Epoch 93/200
2018-03-20 23:47:08,743:INFO: - Train metrics: accuracy: 0.875 ; loss: 0.486
2018-03-20 23:47:09,392:INFO: - Eval metrics : accuracy: 0.282 ; loss: 3.584
2018-03-20 23:47:09,410:INFO: Epoch 94/200
2018-03-20 23:47:18,985:INFO: - Train metrics: accuracy: 0.852 ; loss: 0.502
2018-03-20 23:47:19,624:INFO: - Eval metrics : accuracy: 0.408 ; loss: 2.733
2018-03-20 23:47:19,656:INFO: Epoch 95/200
2018-03-20 23:47:29,159:INFO: - Train metrics: accuracy: 0.883 ; loss: 0.480
2018-03-20 23:47:29,802:INFO: - Eval metrics : accuracy: 0.347 ; loss: 3.275
2018-03-20 23:47:29,817:INFO: Epoch 96/200
2018-03-20 23:47:39,371:INFO: - Train metrics: accuracy: 0.875 ; loss: 0.547
2018-03-20 23:47:40,031:INFO: - Eval metrics : accuracy: 0.252 ; loss: 4.337
2018-03-20 23:47:40,057:INFO: Epoch 97/200
2018-03-20 23:47:49,647:INFO: - Train metrics: accuracy: 0.879 ; loss: 0.480
2018-03-20 23:47:50,284:INFO: - Eval metrics : accuracy: 0.237 ; loss: 4.067
2018-03-20 23:47:50,301:INFO: Epoch 98/200
2018-03-20 23:47:59,833:INFO: - Train metrics: accuracy: 0.891 ; loss: 0.458
2018-03-20 23:48:00,485:INFO: - Eval metrics : accuracy: 0.369 ; loss: 3.059
2018-03-20 23:48:00,505:INFO: Epoch 99/200
2018-03-20 23:48:10,052:INFO: - Train metrics: accuracy: 0.883 ; loss: 0.457
2018-03-20 23:48:10,689:INFO: - Eval metrics : accuracy: 0.302 ; loss: 3.672
2018-03-20 23:48:10,724:INFO: Epoch 100/200
2018-03-20 23:48:20,216:INFO: - Train metrics: accuracy: 0.883 ; loss: 0.463
2018-03-20 23:48:20,880:INFO: - Eval metrics : accuracy: 0.421 ; loss: 2.700
2018-03-20 23:48:20,895:INFO: Epoch 101/200
2018-03-20 23:48:30,444:INFO: - Train metrics: accuracy: 0.898 ; loss: 0.459
2018-03-20 23:48:31,121:INFO: - Eval metrics : accuracy: 0.220 ; loss: 4.254
2018-03-20 23:48:31,145:INFO: Epoch 102/200
2018-03-20 23:48:40,706:INFO: - Train metrics: accuracy: 0.871 ; loss: 0.490
2018-03-20 23:48:41,368:INFO: - Eval metrics : accuracy: 0.482 ; loss: 2.419
2018-03-20 23:48:41,393:INFO: Epoch 103/200
2018-03-20 23:48:50,930:INFO: - Train metrics: accuracy: 0.891 ; loss: 0.393
2018-03-20 23:48:51,599:INFO: - Eval metrics : accuracy: 0.472 ; loss: 2.443
2018-03-20 23:48:51,631:INFO: Epoch 104/200
2018-03-20 23:49:01,168:INFO: - Train metrics: accuracy: 0.875 ; loss: 0.404
2018-03-20 23:49:01,843:INFO: - Eval metrics : accuracy: 0.262 ; loss: 4.618
2018-03-20 23:49:01,856:INFO: Epoch 105/200
2018-03-20 23:49:11,392:INFO: - Train metrics: accuracy: 0.891 ; loss: 0.432
2018-03-20 23:49:12,031:INFO: - Eval metrics : accuracy: 0.169 ; loss: 6.128
2018-03-20 23:49:12,049:INFO: Epoch 106/200
2018-03-20 23:49:21,565:INFO: - Train metrics: accuracy: 0.891 ; loss: 0.400
2018-03-20 23:49:22,188:INFO: - Eval metrics : accuracy: 0.388 ; loss: 3.075
2018-03-20 23:49:22,205:INFO: Epoch 107/200
2018-03-20 23:49:31,714:INFO: - Train metrics: accuracy: 0.852 ; loss: 0.527
2018-03-20 23:49:32,376:INFO: - Eval metrics : accuracy: 0.057 ; loss: 9.731
2018-03-20 23:49:32,412:INFO: Epoch 108/200
2018-03-20 23:49:41,921:INFO: - Train metrics: accuracy: 0.855 ; loss: 0.550
2018-03-20 23:49:42,562:INFO: - Eval metrics : accuracy: 0.209 ; loss: 4.662
2018-03-20 23:49:42,599:INFO: Epoch 109/200
2018-03-20 23:49:52,144:INFO: - Train metrics: accuracy: 0.887 ; loss: 0.471
2018-03-20 23:49:52,807:INFO: - Eval metrics : accuracy: 0.296 ; loss: 3.612
2018-03-20 23:49:52,839:INFO: Epoch 110/200
2018-03-20 23:50:02,374:INFO: - Train metrics: accuracy: 0.914 ; loss: 0.350
2018-03-20 23:50:03,047:INFO: - Eval metrics : accuracy: 0.423 ; loss: 2.912
2018-03-20 23:50:03,072:INFO: Epoch 111/200
2018-03-20 23:50:12,568:INFO: - Train metrics: accuracy: 0.844 ; loss: 0.497
2018-03-20 23:50:13,223:INFO: - Eval metrics : accuracy: 0.297 ; loss: 4.098
2018-03-20 23:50:13,245:INFO: Epoch 112/200
2018-03-20 23:50:22,778:INFO: - Train metrics: accuracy: 0.887 ; loss: 0.444
2018-03-20 23:50:23,447:INFO: - Eval metrics : accuracy: 0.281 ; loss: 3.416
2018-03-20 23:50:23,469:INFO: Epoch 113/200
2018-03-20 23:50:32,996:INFO: - Train metrics: accuracy: 0.879 ; loss: 0.428
2018-03-20 23:50:33,660:INFO: - Eval metrics : accuracy: 0.301 ; loss: 3.432
2018-03-20 23:50:33,677:INFO: Epoch 114/200
2018-03-20 23:50:43,205:INFO: - Train metrics: accuracy: 0.918 ; loss: 0.429
2018-03-20 23:50:43,856:INFO: - Eval metrics : accuracy: 0.504 ; loss: 2.274
2018-03-20 23:50:43,872:INFO: Epoch 115/200
2018-03-20 23:50:53,372:INFO: - Train metrics: accuracy: 0.883 ; loss: 0.450
2018-03-20 23:50:54,019:INFO: - Eval metrics : accuracy: 0.311 ; loss: 3.419
2018-03-20 23:50:54,036:INFO: Epoch 116/200
2018-03-20 23:51:03,572:INFO: - Train metrics: accuracy: 0.863 ; loss: 0.448
2018-03-20 23:51:04,209:INFO: - Eval metrics : accuracy: 0.091 ; loss: 9.049
2018-03-20 23:51:04,224:INFO: Epoch 117/200
2018-03-20 23:51:13,772:INFO: - Train metrics: accuracy: 0.895 ; loss: 0.388
2018-03-20 23:51:14,449:INFO: - Eval metrics : accuracy: 0.364 ; loss: 2.994
2018-03-20 23:51:14,462:INFO: Epoch 118/200
2018-03-20 23:51:24,023:INFO: - Train metrics: accuracy: 0.887 ; loss: 0.378
2018-03-20 23:51:24,676:INFO: - Eval metrics : accuracy: 0.171 ; loss: 5.394
2018-03-20 23:51:24,712:INFO: Epoch 119/200
2018-03-20 23:51:34,215:INFO: - Train metrics: accuracy: 0.887 ; loss: 0.423
2018-03-20 23:51:34,868:INFO: - Eval metrics : accuracy: 0.359 ; loss: 3.228
2018-03-20 23:51:34,896:INFO: Epoch 120/200
2018-03-20 23:51:44,410:INFO: - Train metrics: accuracy: 0.871 ; loss: 0.471
2018-03-20 23:51:45,097:INFO: - Eval metrics : accuracy: 0.413 ; loss: 2.738
2018-03-20 23:51:45,129:INFO: Epoch 121/200
2018-03-20 23:51:54,681:INFO: - Train metrics: accuracy: 0.879 ; loss: 0.468
2018-03-20 23:51:55,319:INFO: - Eval metrics : accuracy: 0.401 ; loss: 2.796
2018-03-20 23:51:55,337:INFO: Epoch 122/200
2018-03-20 23:52:04,894:INFO: - Train metrics: accuracy: 0.918 ; loss: 0.389
2018-03-20 23:52:05,524:INFO: - Eval metrics : accuracy: 0.176 ; loss: 5.135
2018-03-20 23:52:05,541:INFO: Epoch 123/200
2018-03-20 23:52:15,074:INFO: - Train metrics: accuracy: 0.895 ; loss: 0.375
2018-03-20 23:52:15,698:INFO: - Eval metrics : accuracy: 0.361 ; loss: 3.091
2018-03-20 23:52:15,714:INFO: Epoch 124/200
2018-03-20 23:52:25,241:INFO: - Train metrics: accuracy: 0.898 ; loss: 0.436
2018-03-20 23:52:25,907:INFO: - Eval metrics : accuracy: 0.138 ; loss: 6.586
2018-03-20 23:52:25,933:INFO: Epoch 125/200
2018-03-20 23:52:35,494:INFO: - Train metrics: accuracy: 0.902 ; loss: 0.403
2018-03-20 23:52:36,140:INFO: - Eval metrics : accuracy: 0.300 ; loss: 3.554
2018-03-20 23:52:36,160:INFO: Epoch 126/200
2018-03-20 23:52:45,709:INFO: - Train metrics: accuracy: 0.895 ; loss: 0.414
2018-03-20 23:52:46,362:INFO: - Eval metrics : accuracy: 0.496 ; loss: 2.270
2018-03-20 23:52:46,394:INFO: Epoch 127/200
2018-03-20 23:52:55,935:INFO: - Train metrics: accuracy: 0.902 ; loss: 0.416
2018-03-20 23:52:56,568:INFO: - Eval metrics : accuracy: 0.158 ; loss: 5.174
2018-03-20 23:52:56,584:INFO: Epoch 128/200
2018-03-20 23:53:06,086:INFO: - Train metrics: accuracy: 0.914 ; loss: 0.352
2018-03-20 23:53:06,710:INFO: - Eval metrics : accuracy: 0.221 ; loss: 4.668
2018-03-20 23:53:06,729:INFO: Epoch 129/200
2018-03-20 23:53:16,285:INFO: - Train metrics: accuracy: 0.883 ; loss: 0.436
2018-03-20 23:53:16,931:INFO: - Eval metrics : accuracy: 0.358 ; loss: 3.035
2018-03-20 23:53:16,943:INFO: Epoch 130/200
2018-03-20 23:53:26,503:INFO: - Train metrics: accuracy: 0.895 ; loss: 0.433
2018-03-20 23:53:27,164:INFO: - Eval metrics : accuracy: 0.258 ; loss: 3.963
2018-03-20 23:53:27,185:INFO: Epoch 131/200
2018-03-20 23:53:36,706:INFO: - Train metrics: accuracy: 0.910 ; loss: 0.410
2018-03-20 23:53:37,358:INFO: - Eval metrics : accuracy: 0.433 ; loss: 2.739
2018-03-20 23:53:37,374:INFO: Epoch 132/200
2018-03-20 23:53:46,919:INFO: - Train metrics: accuracy: 0.906 ; loss: 0.425
2018-03-20 23:53:47,552:INFO: - Eval metrics : accuracy: 0.425 ; loss: 2.780
2018-03-20 23:53:47,587:INFO: Epoch 133/200
2018-03-20 23:53:57,082:INFO: - Train metrics: accuracy: 0.898 ; loss: 0.457
2018-03-20 23:53:57,755:INFO: - Eval metrics : accuracy: 0.127 ; loss: 5.249
2018-03-20 23:53:57,781:INFO: Epoch 134/200
2018-03-20 23:54:07,331:INFO: - Train metrics: accuracy: 0.902 ; loss: 0.468
2018-03-20 23:54:08,027:INFO: - Eval metrics : accuracy: 0.388 ; loss: 3.403
2018-03-20 23:54:08,053:INFO: Epoch 135/200
2018-03-20 23:54:17,589:INFO: - Train metrics: accuracy: 0.891 ; loss: 0.476
2018-03-20 23:54:18,255:INFO: - Eval metrics : accuracy: 0.156 ; loss: 5.057
2018-03-20 23:54:18,271:INFO: Epoch 136/200
2018-03-20 23:54:27,799:INFO: - Train metrics: accuracy: 0.902 ; loss: 0.455
2018-03-20 23:54:28,459:INFO: - Eval metrics : accuracy: 0.437 ; loss: 2.669
2018-03-20 23:54:28,475:INFO: Epoch 137/200
2018-03-20 23:54:38,039:INFO: - Train metrics: accuracy: 0.883 ; loss: 0.452
2018-03-20 23:54:38,688:INFO: - Eval metrics : accuracy: 0.296 ; loss: 3.775
2018-03-20 23:54:38,713:INFO: Epoch 138/200
2018-03-20 23:54:48,184:INFO: - Train metrics: accuracy: 0.922 ; loss: 0.348
2018-03-20 23:54:48,857:INFO: - Eval metrics : accuracy: 0.096 ; loss: 6.011
2018-03-20 23:54:48,873:INFO: Epoch 139/200
2018-03-20 23:54:58,438:INFO: - Train metrics: accuracy: 0.871 ; loss: 0.494
2018-03-20 23:54:59,079:INFO: - Eval metrics : accuracy: 0.456 ; loss: 2.556
2018-03-20 23:54:59,108:INFO: Epoch 140/200
2018-03-20 23:55:08,646:INFO: - Train metrics: accuracy: 0.879 ; loss: 0.450
2018-03-20 23:55:09,311:INFO: - Eval metrics : accuracy: 0.475 ; loss: 2.411
2018-03-20 23:55:09,329:INFO: Epoch 141/200
2018-03-20 23:55:18,871:INFO: - Train metrics: accuracy: 0.918 ; loss: 0.369
2018-03-20 23:55:19,555:INFO: - Eval metrics : accuracy: 0.267 ; loss: 3.943
2018-03-20 23:55:19,579:INFO: Epoch 142/200
2018-03-20 23:55:29,120:INFO: - Train metrics: accuracy: 0.910 ; loss: 0.377
2018-03-20 23:55:29,758:INFO: - Eval metrics : accuracy: 0.373 ; loss: 2.941
2018-03-20 23:55:29,777:INFO: Epoch 143/200
2018-03-20 23:55:39,307:INFO: - Train metrics: accuracy: 0.887 ; loss: 0.435
2018-03-20 23:55:39,952:INFO: - Eval metrics : accuracy: 0.326 ; loss: 3.237
2018-03-20 23:55:39,977:INFO: Epoch 144/200
2018-03-20 23:55:49,522:INFO: - Train metrics: accuracy: 0.926 ; loss: 0.354
2018-03-20 23:55:50,171:INFO: - Eval metrics : accuracy: 0.210 ; loss: 5.177
2018-03-20 23:55:50,187:INFO: Epoch 145/200
2018-03-20 23:55:59,671:INFO: - Train metrics: accuracy: 0.836 ; loss: 0.539
2018-03-20 23:56:00,350:INFO: - Eval metrics : accuracy: 0.271 ; loss: 4.762
2018-03-20 23:56:00,388:INFO: Epoch 146/200
2018-03-20 23:56:09,953:INFO: - Train metrics: accuracy: 0.918 ; loss: 0.371
2018-03-20 23:56:10,601:INFO: - Eval metrics : accuracy: 0.358 ; loss: 3.184
2018-03-20 23:56:10,629:INFO: Epoch 147/200
2018-03-20 23:56:20,156:INFO: - Train metrics: accuracy: 0.895 ; loss: 0.402
2018-03-20 23:56:20,785:INFO: - Eval metrics : accuracy: 0.085 ; loss: 8.008
2018-03-20 23:56:20,805:INFO: Epoch 148/200
2018-03-20 23:56:30,305:INFO: - Train metrics: accuracy: 0.910 ; loss: 0.430
2018-03-20 23:56:30,970:INFO: - Eval metrics : accuracy: 0.380 ; loss: 2.938
2018-03-20 23:56:30,989:INFO: Epoch 149/200
2018-03-20 23:56:40,539:INFO: - Train metrics: accuracy: 0.867 ; loss: 0.458
2018-03-20 23:56:41,175:INFO: - Eval metrics : accuracy: 0.505 ; loss: 2.340
2018-03-20 23:56:41,197:INFO: Epoch 150/200
2018-03-20 23:56:50,739:INFO: - Train metrics: accuracy: 0.922 ; loss: 0.338
2018-03-20 23:56:51,401:INFO: - Eval metrics : accuracy: 0.409 ; loss: 2.772
2018-03-20 23:56:51,419:INFO: Epoch 151/200
2018-03-20 23:57:00,960:INFO: - Train metrics: accuracy: 0.910 ; loss: 0.360
2018-03-20 23:57:01,637:INFO: - Eval metrics : accuracy: 0.370 ; loss: 3.005
2018-03-20 23:57:01,660:INFO: Epoch 152/200
2018-03-20 23:57:11,215:INFO: - Train metrics: accuracy: 0.918 ; loss: 0.351
2018-03-20 23:57:11,878:INFO: - Eval metrics : accuracy: 0.276 ; loss: 3.934
2018-03-20 23:57:11,901:INFO: Epoch 153/200
2018-03-20 23:57:21,431:INFO: - Train metrics: accuracy: 0.914 ; loss: 0.377
2018-03-20 23:57:22,077:INFO: - Eval metrics : accuracy: 0.513 ; loss: 2.258
2018-03-20 23:57:22,096:INFO: Epoch 154/200
2018-03-20 23:57:31,677:INFO: - Train metrics: accuracy: 0.926 ; loss: 0.314
2018-03-20 23:57:32,308:INFO: - Eval metrics : accuracy: 0.299 ; loss: 3.880
2018-03-20 23:57:32,340:INFO: Epoch 155/200
2018-03-20 23:57:41,836:INFO: - Train metrics: accuracy: 0.895 ; loss: 0.439
2018-03-20 23:57:42,521:INFO: - Eval metrics : accuracy: 0.373 ; loss: 3.032
2018-03-20 23:57:42,537:INFO: Epoch 156/200
2018-03-20 23:57:52,087:INFO: - Train metrics: accuracy: 0.910 ; loss: 0.348
2018-03-20 23:57:52,723:INFO: - Eval metrics : accuracy: 0.152 ; loss: 5.357
2018-03-20 23:57:52,747:INFO: Epoch 157/200
2018-03-20 23:58:02,266:INFO: - Train metrics: accuracy: 0.926 ; loss: 0.325
2018-03-20 23:58:02,934:INFO: - Eval metrics : accuracy: 0.375 ; loss: 3.194
2018-03-20 23:58:02,950:INFO: Epoch 158/200
2018-03-20 23:58:12,512:INFO: - Train metrics: accuracy: 0.910 ; loss: 0.334
2018-03-20 23:58:13,188:INFO: - Eval metrics : accuracy: 0.460 ; loss: 2.599
2018-03-20 23:58:13,204:INFO: Epoch 159/200
2018-03-20 23:58:22,777:INFO: - Train metrics: accuracy: 0.875 ; loss: 0.449
2018-03-20 23:58:23,474:INFO: - Eval metrics : accuracy: 0.475 ; loss: 2.400
2018-03-20 23:58:23,493:INFO: Epoch 160/200
2018-03-20 23:58:33,048:INFO: - Train metrics: accuracy: 0.918 ; loss: 0.319
2018-03-20 23:58:33,723:INFO: - Eval metrics : accuracy: 0.089 ; loss: 8.368
2018-03-20 23:58:33,739:INFO: Epoch 161/200
2018-03-20 23:58:43,294:INFO: - Train metrics: accuracy: 0.906 ; loss: 0.367
2018-03-20 23:58:43,963:INFO: - Eval metrics : accuracy: 0.252 ; loss: 3.858
2018-03-20 23:58:43,989:INFO: Epoch 162/200
2018-03-20 23:58:53,499:INFO: - Train metrics: accuracy: 0.895 ; loss: 0.444
2018-03-20 23:58:54,155:INFO: - Eval metrics : accuracy: 0.346 ; loss: 3.253
2018-03-20 23:58:54,177:INFO: Epoch 163/200
2018-03-20 23:59:03,725:INFO: - Train metrics: accuracy: 0.910 ; loss: 0.372
2018-03-20 23:59:04,376:INFO: - Eval metrics : accuracy: 0.281 ; loss: 4.205
2018-03-20 23:59:04,411:INFO: Epoch 164/200
2018-03-20 23:59:13,935:INFO: - Train metrics: accuracy: 0.887 ; loss: 0.448
2018-03-20 23:59:14,590:INFO: - Eval metrics : accuracy: 0.419 ; loss: 2.775
2018-03-20 23:59:14,623:INFO: Epoch 165/200
2018-03-20 23:59:24,141:INFO: - Train metrics: accuracy: 0.902 ; loss: 0.394
2018-03-20 23:59:24,783:INFO: - Eval metrics : accuracy: 0.303 ; loss: 3.676
2018-03-20 23:59:24,815:INFO: Epoch 166/200
2018-03-20 23:59:34,302:INFO: - Train metrics: accuracy: 0.898 ; loss: 0.403
2018-03-20 23:59:34,960:INFO: - Eval metrics : accuracy: 0.283 ; loss: 3.971
2018-03-20 23:59:34,992:INFO: Epoch 167/200
2018-03-20 23:59:44,470:INFO: - Train metrics: accuracy: 0.910 ; loss: 0.397
2018-03-20 23:59:45,142:INFO: - Eval metrics : accuracy: 0.387 ; loss: 3.081
2018-03-20 23:59:45,161:INFO: Epoch 168/200
2018-03-20 23:59:54,706:INFO: - Train metrics: accuracy: 0.914 ; loss: 0.370
2018-03-20 23:59:55,364:INFO: - Eval metrics : accuracy: 0.243 ; loss: 4.657
2018-03-20 23:59:55,380:INFO: Epoch 169/200
2018-03-21 00:00:04,911:INFO: - Train metrics: accuracy: 0.914 ; loss: 0.371
2018-03-21 00:00:05,571:INFO: - Eval metrics : accuracy: 0.250 ; loss: 3.962
2018-03-21 00:00:05,589:INFO: Epoch 170/200
2018-03-21 00:00:15,157:INFO: - Train metrics: accuracy: 0.941 ; loss: 0.305
2018-03-21 00:00:15,823:INFO: - Eval metrics : accuracy: 0.373 ; loss: 3.052
2018-03-21 00:00:15,841:INFO: Epoch 171/200
2018-03-21 00:00:25,422:INFO: - Train metrics: accuracy: 0.938 ; loss: 0.328
2018-03-21 00:00:26,082:INFO: - Eval metrics : accuracy: 0.341 ; loss: 3.174
2018-03-21 00:00:26,116:INFO: Epoch 172/200
2018-03-21 00:00:35,644:INFO: - Train metrics: accuracy: 0.906 ; loss: 0.434
2018-03-21 00:00:36,268:INFO: - Eval metrics : accuracy: 0.277 ; loss: 3.713
2018-03-21 00:00:36,289:INFO: Epoch 173/200
2018-03-21 00:00:45,795:INFO: - Train metrics: accuracy: 0.914 ; loss: 0.348
2018-03-21 00:00:46,464:INFO: - Eval metrics : accuracy: 0.210 ; loss: 4.270
2018-03-21 00:00:46,480:INFO: Epoch 174/200
2018-03-21 00:00:55,975:INFO: - Train metrics: accuracy: 0.934 ; loss: 0.349
2018-03-21 00:00:56,606:INFO: - Eval metrics : accuracy: 0.074 ; loss: 7.376
2018-03-21 00:00:56,622:INFO: Epoch 175/200
2018-03-21 00:01:06,163:INFO: - Train metrics: accuracy: 0.930 ; loss: 0.316
2018-03-21 00:01:06,823:INFO: - Eval metrics : accuracy: 0.354 ; loss: 3.127
2018-03-21 00:01:06,841:INFO: Epoch 176/200
2018-03-21 00:01:16,354:INFO: - Train metrics: accuracy: 0.914 ; loss: 0.387
2018-03-21 00:01:17,026:INFO: - Eval metrics : accuracy: 0.278 ; loss: 4.069
2018-03-21 00:01:17,038:INFO: Epoch 177/200
2018-03-21 00:01:26,581:INFO: - Train metrics: accuracy: 0.898 ; loss: 0.422
2018-03-21 00:01:27,233:INFO: - Eval metrics : accuracy: 0.419 ; loss: 2.842
2018-03-21 00:01:27,266:INFO: Epoch 178/200
2018-03-21 00:01:36,800:INFO: - Train metrics: accuracy: 0.938 ; loss: 0.323
2018-03-21 00:01:37,462:INFO: - Eval metrics : accuracy: 0.153 ; loss: 4.954
2018-03-21 00:01:37,482:INFO: Epoch 179/200
2018-03-21 00:01:47,062:INFO: - Train metrics: accuracy: 0.887 ; loss: 0.406
2018-03-21 00:01:47,757:INFO: - Eval metrics : accuracy: 0.480 ; loss: 2.442
2018-03-21 00:01:47,781:INFO: Epoch 180/200
2018-03-21 00:01:57,339:INFO: - Train metrics: accuracy: 0.930 ; loss: 0.313
2018-03-21 00:01:57,999:INFO: - Eval metrics : accuracy: 0.342 ; loss: 3.370
2018-03-21 00:01:58,017:INFO: Epoch 181/200
2018-03-21 00:02:07,583:INFO: - Train metrics: accuracy: 0.934 ; loss: 0.287
2018-03-21 00:02:08,214:INFO: - Eval metrics : accuracy: 0.388 ; loss: 2.997
2018-03-21 00:02:08,241:INFO: Epoch 182/200
2018-03-21 00:02:17,710:INFO: - Train metrics: accuracy: 0.926 ; loss: 0.365
2018-03-21 00:02:18,377:INFO: - Eval metrics : accuracy: 0.193 ; loss: 4.322
2018-03-21 00:02:18,401:INFO: Epoch 183/200
2018-03-21 00:02:27,928:INFO: - Train metrics: accuracy: 0.902 ; loss: 0.400
2018-03-21 00:02:28,615:INFO: - Eval metrics : accuracy: 0.453 ; loss: 2.718
2018-03-21 00:02:28,645:INFO: Epoch 184/200
2018-03-21 00:02:38,209:INFO: - Train metrics: accuracy: 0.918 ; loss: 0.357
2018-03-21 00:02:38,846:INFO: - Eval metrics : accuracy: 0.258 ; loss: 4.102
2018-03-21 00:02:38,865:INFO: Epoch 185/200
2018-03-21 00:02:48,431:INFO: - Train metrics: accuracy: 0.945 ; loss: 0.277
2018-03-21 00:02:49,076:INFO: - Eval metrics : accuracy: 0.329 ; loss: 3.644
2018-03-21 00:02:49,093:INFO: Epoch 186/200
2018-03-21 00:02:58,584:INFO: - Train metrics: accuracy: 0.910 ; loss: 0.364
2018-03-21 00:02:59,239:INFO: - Eval metrics : accuracy: 0.422 ; loss: 3.027
2018-03-21 00:02:59,255:INFO: Epoch 187/200
2018-03-21 00:03:08,804:INFO: - Train metrics: accuracy: 0.891 ; loss: 0.435
2018-03-21 00:03:09,449:INFO: - Eval metrics : accuracy: 0.171 ; loss: 5.352
2018-03-21 00:03:09,469:INFO: Epoch 188/200
2018-03-21 00:03:19,027:INFO: - Train metrics: accuracy: 0.914 ; loss: 0.389
2018-03-21 00:03:19,684:INFO: - Eval metrics : accuracy: 0.335 ; loss: 3.597
2018-03-21 00:03:19,700:INFO: Epoch 189/200
2018-03-21 00:03:29,205:INFO: - Train metrics: accuracy: 0.926 ; loss: 0.321
2018-03-21 00:03:29,902:INFO: - Eval metrics : accuracy: 0.374 ; loss: 3.174
2018-03-21 00:03:29,921:INFO: Epoch 190/200
2018-03-21 00:03:39,479:INFO: - Train metrics: accuracy: 0.891 ; loss: 0.392
2018-03-21 00:03:40,135:INFO: - Eval metrics : accuracy: 0.428 ; loss: 2.762
2018-03-21 00:03:40,157:INFO: Epoch 191/200
2018-03-21 00:03:49,667:INFO: - Train metrics: accuracy: 0.910 ; loss: 0.354
2018-03-21 00:03:50,341:INFO: - Eval metrics : accuracy: 0.426 ; loss: 2.789
2018-03-21 00:03:50,356:INFO: Epoch 192/200
2018-03-21 00:03:59,868:INFO: - Train metrics: accuracy: 0.922 ; loss: 0.335
2018-03-21 00:04:00,548:INFO: - Eval metrics : accuracy: 0.356 ; loss: 3.338
2018-03-21 00:04:00,582:INFO: Epoch 193/200
2018-03-21 00:04:10,070:INFO: - Train metrics: accuracy: 0.945 ; loss: 0.273
2018-03-21 00:04:10,711:INFO: - Eval metrics : accuracy: 0.387 ; loss: 2.963
2018-03-21 00:04:10,744:INFO: Epoch 194/200
2018-03-21 00:04:20,248:INFO: - Train metrics: accuracy: 0.953 ; loss: 0.265
2018-03-21 00:04:20,887:INFO: - Eval metrics : accuracy: 0.373 ; loss: 3.293
2018-03-21 00:04:20,909:INFO: Epoch 195/200
2018-03-21 00:04:30,421:INFO: - Train metrics: accuracy: 0.914 ; loss: 0.371
2018-03-21 00:04:31,057:INFO: - Eval metrics : accuracy: 0.465 ; loss: 2.515
2018-03-21 00:04:31,072:INFO: Epoch 196/200
2018-03-21 00:04:40,607:INFO: - Train metrics: accuracy: 0.918 ; loss: 0.336
2018-03-21 00:04:41,294:INFO: - Eval metrics : accuracy: 0.135 ; loss: 5.424
2018-03-21 00:04:41,313:INFO: Epoch 197/200
2018-03-21 00:04:50,812:INFO: - Train metrics: accuracy: 0.938 ; loss: 0.321
2018-03-21 00:04:51,443:INFO: - Eval metrics : accuracy: 0.497 ; loss: 2.316
2018-03-21 00:04:51,479:INFO: Epoch 198/200
2018-03-21 00:05:00,977:INFO: - Train metrics: accuracy: 0.930 ; loss: 0.361
2018-03-21 00:05:01,630:INFO: - Eval metrics : accuracy: 0.275 ; loss: 4.399
2018-03-21 00:05:01,646:INFO: Epoch 199/200
2018-03-21 00:05:11,140:INFO: - Train metrics: accuracy: 0.895 ; loss: 0.421
2018-03-21 00:05:11,790:INFO: - Eval metrics : accuracy: 0.493 ; loss: 2.371
2018-03-21 00:05:11,827:INFO: Epoch 200/200
2018-03-21 00:05:21,336:INFO: - Train metrics: accuracy: 0.930 ; loss: 0.338
2018-03-21 00:05:21,986:INFO: - Eval metrics : accuracy: 0.192 ; loss: 5.577
