2018-03-21 01:47:18,551:INFO: Loading the datasets...
2018-03-21 01:47:18,604:INFO: - done.
2018-03-21 01:47:20,853:INFO: Starting training for 200 epoch(s)
2018-03-21 01:47:20,854:INFO: Epoch 1/200
2018-03-21 01:47:31,119:INFO: - Train metrics: accuracy: 0.004 ; loss: 5.860
2018-03-21 01:47:31,789:INFO: - Eval metrics : accuracy: 0.028 ; loss: 5.450
2018-03-21 01:47:31,801:INFO: - Found new lowest loss
2018-03-21 01:47:31,801:INFO: Epoch 2/200
2018-03-21 01:47:41,326:INFO: - Train metrics: accuracy: 0.027 ; loss: 5.262
2018-03-21 01:47:41,998:INFO: - Eval metrics : accuracy: 0.076 ; loss: 4.986
2018-03-21 01:47:42,029:INFO: - Found new lowest loss
2018-03-21 01:47:42,030:INFO: Epoch 3/200
2018-03-21 01:47:51,552:INFO: - Train metrics: accuracy: 0.102 ; loss: 4.775
2018-03-21 01:47:52,230:INFO: - Eval metrics : accuracy: 0.125 ; loss: 4.564
2018-03-21 01:47:52,260:INFO: - Found new lowest loss
2018-03-21 01:47:52,260:INFO: Epoch 4/200
2018-03-21 01:48:01,846:INFO: - Train metrics: accuracy: 0.156 ; loss: 4.329
2018-03-21 01:48:02,492:INFO: - Eval metrics : accuracy: 0.041 ; loss: 5.734
2018-03-21 01:48:02,504:INFO: Epoch 5/200
2018-03-21 01:48:12,056:INFO: - Train metrics: accuracy: 0.168 ; loss: 4.141
2018-03-21 01:48:12,696:INFO: - Eval metrics : accuracy: 0.244 ; loss: 3.827
2018-03-21 01:48:12,724:INFO: - Found new lowest loss
2018-03-21 01:48:12,725:INFO: Epoch 6/200
2018-03-21 01:48:22,277:INFO: - Train metrics: accuracy: 0.227 ; loss: 3.653
2018-03-21 01:48:22,942:INFO: - Eval metrics : accuracy: 0.017 ; loss: 6.507
2018-03-21 01:48:22,969:INFO: Epoch 7/200
2018-03-21 01:48:32,498:INFO: - Train metrics: accuracy: 0.312 ; loss: 3.280
2018-03-21 01:48:33,154:INFO: - Eval metrics : accuracy: 0.120 ; loss: 4.546
2018-03-21 01:48:33,171:INFO: Epoch 8/200
2018-03-21 01:48:42,752:INFO: - Train metrics: accuracy: 0.301 ; loss: 3.160
2018-03-21 01:48:43,410:INFO: - Eval metrics : accuracy: 0.028 ; loss: 7.764
2018-03-21 01:48:43,433:INFO: Epoch 9/200
2018-03-21 01:48:52,951:INFO: - Train metrics: accuracy: 0.355 ; loss: 2.973
2018-03-21 01:48:53,621:INFO: - Eval metrics : accuracy: 0.052 ; loss: 6.109
2018-03-21 01:48:53,636:INFO: Epoch 10/200
2018-03-21 01:49:03,172:INFO: - Train metrics: accuracy: 0.406 ; loss: 2.667
2018-03-21 01:49:03,848:INFO: - Eval metrics : accuracy: 0.017 ; loss: 8.016
2018-03-21 01:49:03,864:INFO: Epoch 11/200
2018-03-21 01:49:13,389:INFO: - Train metrics: accuracy: 0.410 ; loss: 2.839
2018-03-21 01:49:14,033:INFO: - Eval metrics : accuracy: 0.294 ; loss: 3.395
2018-03-21 01:49:14,062:INFO: - Found new lowest loss
2018-03-21 01:49:14,062:INFO: Epoch 12/200
2018-03-21 01:49:23,615:INFO: - Train metrics: accuracy: 0.434 ; loss: 2.498
2018-03-21 01:49:24,279:INFO: - Eval metrics : accuracy: 0.141 ; loss: 4.689
2018-03-21 01:49:24,295:INFO: Epoch 13/200
2018-03-21 01:49:33,853:INFO: - Train metrics: accuracy: 0.473 ; loss: 2.304
2018-03-21 01:49:34,544:INFO: - Eval metrics : accuracy: 0.107 ; loss: 5.331
2018-03-21 01:49:34,560:INFO: Epoch 14/200
2018-03-21 01:49:44,155:INFO: - Train metrics: accuracy: 0.504 ; loss: 2.388
2018-03-21 01:49:44,819:INFO: - Eval metrics : accuracy: 0.124 ; loss: 5.040
2018-03-21 01:49:44,849:INFO: Epoch 15/200
2018-03-21 01:49:54,365:INFO: - Train metrics: accuracy: 0.438 ; loss: 2.398
2018-03-21 01:49:55,035:INFO: - Eval metrics : accuracy: 0.102 ; loss: 5.458
2018-03-21 01:49:55,051:INFO: Epoch 16/200
2018-03-21 01:50:04,621:INFO: - Train metrics: accuracy: 0.445 ; loss: 2.306
2018-03-21 01:50:05,280:INFO: - Eval metrics : accuracy: 0.199 ; loss: 4.123
2018-03-21 01:50:05,296:INFO: Epoch 17/200
2018-03-21 01:50:14,842:INFO: - Train metrics: accuracy: 0.539 ; loss: 1.978
2018-03-21 01:50:15,486:INFO: - Eval metrics : accuracy: 0.196 ; loss: 4.376
2018-03-21 01:50:15,509:INFO: Epoch 18/200
2018-03-21 01:50:25,049:INFO: - Train metrics: accuracy: 0.527 ; loss: 2.032
2018-03-21 01:50:25,688:INFO: - Eval metrics : accuracy: 0.107 ; loss: 5.389
2018-03-21 01:50:25,704:INFO: Epoch 19/200
2018-03-21 01:50:35,264:INFO: - Train metrics: accuracy: 0.516 ; loss: 2.059
2018-03-21 01:50:35,902:INFO: - Eval metrics : accuracy: 0.101 ; loss: 5.378
2018-03-21 01:50:35,921:INFO: Epoch 20/200
2018-03-21 01:50:45,423:INFO: - Train metrics: accuracy: 0.562 ; loss: 1.892
2018-03-21 01:50:46,083:INFO: - Eval metrics : accuracy: 0.329 ; loss: 3.154
2018-03-21 01:50:46,113:INFO: - Found new lowest loss
2018-03-21 01:50:46,113:INFO: Epoch 21/200
2018-03-21 01:50:55,691:INFO: - Train metrics: accuracy: 0.578 ; loss: 1.712
2018-03-21 01:50:56,366:INFO: - Eval metrics : accuracy: 0.433 ; loss: 2.596
2018-03-21 01:50:56,415:INFO: - Found new lowest loss
2018-03-21 01:50:56,416:INFO: Epoch 22/200
2018-03-21 01:51:05,931:INFO: - Train metrics: accuracy: 0.617 ; loss: 1.654
2018-03-21 01:51:06,600:INFO: - Eval metrics : accuracy: 0.044 ; loss: 7.322
2018-03-21 01:51:06,621:INFO: Epoch 23/200
2018-03-21 01:51:16,143:INFO: - Train metrics: accuracy: 0.609 ; loss: 1.788
2018-03-21 01:51:16,781:INFO: - Eval metrics : accuracy: 0.312 ; loss: 3.325
2018-03-21 01:51:16,795:INFO: Epoch 24/200
2018-03-21 01:51:26,375:INFO: - Train metrics: accuracy: 0.641 ; loss: 1.676
2018-03-21 01:51:27,045:INFO: - Eval metrics : accuracy: 0.043 ; loss: 7.874
2018-03-21 01:51:27,069:INFO: Epoch 25/200
2018-03-21 01:51:36,654:INFO: - Train metrics: accuracy: 0.660 ; loss: 1.458
2018-03-21 01:51:37,345:INFO: - Eval metrics : accuracy: 0.134 ; loss: 5.205
2018-03-21 01:51:37,360:INFO: Epoch 26/200
2018-03-21 01:51:46,918:INFO: - Train metrics: accuracy: 0.672 ; loss: 1.403
2018-03-21 01:51:47,582:INFO: - Eval metrics : accuracy: 0.163 ; loss: 4.829
2018-03-21 01:51:47,594:INFO: Epoch 27/200
2018-03-21 01:51:57,175:INFO: - Train metrics: accuracy: 0.637 ; loss: 1.509
2018-03-21 01:51:57,841:INFO: - Eval metrics : accuracy: 0.207 ; loss: 4.606
2018-03-21 01:51:57,857:INFO: Epoch 28/200
2018-03-21 01:52:07,446:INFO: - Train metrics: accuracy: 0.707 ; loss: 1.262
2018-03-21 01:52:08,080:INFO: - Eval metrics : accuracy: 0.223 ; loss: 4.130
2018-03-21 01:52:08,091:INFO: Epoch 29/200
2018-03-21 01:52:17,622:INFO: - Train metrics: accuracy: 0.668 ; loss: 1.264
2018-03-21 01:52:18,256:INFO: - Eval metrics : accuracy: 0.287 ; loss: 3.456
2018-03-21 01:52:18,272:INFO: Epoch 30/200
2018-03-21 01:52:27,856:INFO: - Train metrics: accuracy: 0.609 ; loss: 1.515
2018-03-21 01:52:28,499:INFO: - Eval metrics : accuracy: 0.038 ; loss: 8.042
2018-03-21 01:52:28,521:INFO: Epoch 31/200
2018-03-21 01:52:38,068:INFO: - Train metrics: accuracy: 0.625 ; loss: 1.315
2018-03-21 01:52:38,706:INFO: - Eval metrics : accuracy: 0.355 ; loss: 3.118
2018-03-21 01:52:38,725:INFO: Epoch 32/200
2018-03-21 01:52:48,240:INFO: - Train metrics: accuracy: 0.668 ; loss: 1.268
2018-03-21 01:52:48,912:INFO: - Eval metrics : accuracy: 0.046 ; loss: 10.330
2018-03-21 01:52:48,928:INFO: Epoch 33/200
2018-03-21 01:52:58,511:INFO: - Train metrics: accuracy: 0.758 ; loss: 1.064
2018-03-21 01:52:59,172:INFO: - Eval metrics : accuracy: 0.496 ; loss: 2.246
2018-03-21 01:52:59,211:INFO: - Found new lowest loss
2018-03-21 01:52:59,212:INFO: Epoch 34/200
2018-03-21 01:53:08,717:INFO: - Train metrics: accuracy: 0.707 ; loss: 1.241
2018-03-21 01:53:09,371:INFO: - Eval metrics : accuracy: 0.501 ; loss: 2.232
2018-03-21 01:53:09,400:INFO: - Found new lowest loss
2018-03-21 01:53:09,401:INFO: Epoch 35/200
2018-03-21 01:53:18,927:INFO: - Train metrics: accuracy: 0.688 ; loss: 1.346
2018-03-21 01:53:19,574:INFO: - Eval metrics : accuracy: 0.198 ; loss: 4.514
2018-03-21 01:53:19,589:INFO: Epoch 36/200
2018-03-21 01:53:29,093:INFO: - Train metrics: accuracy: 0.758 ; loss: 1.105
2018-03-21 01:53:29,719:INFO: - Eval metrics : accuracy: 0.369 ; loss: 2.982
2018-03-21 01:53:29,735:INFO: Epoch 37/200
2018-03-21 01:53:39,287:INFO: - Train metrics: accuracy: 0.715 ; loss: 1.111
2018-03-21 01:53:39,958:INFO: - Eval metrics : accuracy: 0.125 ; loss: 5.737
2018-03-21 01:53:39,981:INFO: Epoch 38/200
2018-03-21 01:53:49,551:INFO: - Train metrics: accuracy: 0.738 ; loss: 1.150
2018-03-21 01:53:50,223:INFO: - Eval metrics : accuracy: 0.323 ; loss: 3.522
2018-03-21 01:53:50,253:INFO: Epoch 39/200
2018-03-21 01:53:59,798:INFO: - Train metrics: accuracy: 0.758 ; loss: 1.026
2018-03-21 01:54:00,463:INFO: - Eval metrics : accuracy: 0.082 ; loss: 7.056
2018-03-21 01:54:00,496:INFO: Epoch 40/200
2018-03-21 01:54:10,029:INFO: - Train metrics: accuracy: 0.746 ; loss: 1.018
2018-03-21 01:54:10,686:INFO: - Eval metrics : accuracy: 0.089 ; loss: 7.030
2018-03-21 01:54:10,705:INFO: Epoch 41/200
2018-03-21 01:54:20,282:INFO: - Train metrics: accuracy: 0.719 ; loss: 1.088
2018-03-21 01:54:20,950:INFO: - Eval metrics : accuracy: 0.059 ; loss: 8.476
2018-03-21 01:54:20,980:INFO: Epoch 42/200
2018-03-21 01:54:30,527:INFO: - Train metrics: accuracy: 0.777 ; loss: 0.894
2018-03-21 01:54:31,214:INFO: - Eval metrics : accuracy: 0.213 ; loss: 4.396
2018-03-21 01:54:31,237:INFO: Epoch 43/200
2018-03-21 01:54:40,763:INFO: - Train metrics: accuracy: 0.816 ; loss: 0.816
2018-03-21 01:54:41,416:INFO: - Eval metrics : accuracy: 0.248 ; loss: 4.140
2018-03-21 01:54:41,432:INFO: Epoch 44/200
2018-03-21 01:54:50,961:INFO: - Train metrics: accuracy: 0.746 ; loss: 1.051
2018-03-21 01:54:51,600:INFO: - Eval metrics : accuracy: 0.289 ; loss: 3.558
2018-03-21 01:54:51,615:INFO: Epoch 45/200
2018-03-21 01:55:01,180:INFO: - Train metrics: accuracy: 0.824 ; loss: 0.816
2018-03-21 01:55:01,848:INFO: - Eval metrics : accuracy: 0.084 ; loss: 6.610
2018-03-21 01:55:01,863:INFO: Epoch 46/200
2018-03-21 01:55:11,422:INFO: - Train metrics: accuracy: 0.758 ; loss: 0.940
2018-03-21 01:55:12,120:INFO: - Eval metrics : accuracy: 0.310 ; loss: 3.486
2018-03-21 01:55:12,154:INFO: Epoch 47/200
2018-03-21 01:55:21,642:INFO: - Train metrics: accuracy: 0.789 ; loss: 0.905
2018-03-21 01:55:22,310:INFO: - Eval metrics : accuracy: 0.141 ; loss: 5.094
2018-03-21 01:55:22,336:INFO: Epoch 48/200
2018-03-21 01:55:31,882:INFO: - Train metrics: accuracy: 0.781 ; loss: 0.966
2018-03-21 01:55:32,538:INFO: - Eval metrics : accuracy: 0.291 ; loss: 3.877
2018-03-21 01:55:32,553:INFO: Epoch 49/200
2018-03-21 01:55:42,109:INFO: - Train metrics: accuracy: 0.785 ; loss: 0.920
2018-03-21 01:55:42,786:INFO: - Eval metrics : accuracy: 0.233 ; loss: 4.298
2018-03-21 01:55:42,802:INFO: Epoch 50/200
2018-03-21 01:55:52,380:INFO: - Train metrics: accuracy: 0.801 ; loss: 0.895
2018-03-21 01:55:53,060:INFO: - Eval metrics : accuracy: 0.114 ; loss: 5.882
2018-03-21 01:55:53,076:INFO: Epoch 51/200
2018-03-21 01:56:02,648:INFO: - Train metrics: accuracy: 0.793 ; loss: 0.823
2018-03-21 01:56:03,312:INFO: - Eval metrics : accuracy: 0.324 ; loss: 3.631
2018-03-21 01:56:03,350:INFO: Epoch 52/200
2018-03-21 01:56:12,857:INFO: - Train metrics: accuracy: 0.750 ; loss: 0.936
2018-03-21 01:56:13,523:INFO: - Eval metrics : accuracy: 0.105 ; loss: 6.208
2018-03-21 01:56:13,549:INFO: Epoch 53/200
2018-03-21 01:56:23,113:INFO: - Train metrics: accuracy: 0.777 ; loss: 0.872
2018-03-21 01:56:23,782:INFO: - Eval metrics : accuracy: 0.179 ; loss: 5.141
2018-03-21 01:56:23,797:INFO: Epoch 54/200
2018-03-21 01:56:33,283:INFO: - Train metrics: accuracy: 0.812 ; loss: 0.894
2018-03-21 01:56:33,927:INFO: - Eval metrics : accuracy: 0.464 ; loss: 2.521
2018-03-21 01:56:33,954:INFO: Epoch 55/200
2018-03-21 01:56:43,488:INFO: - Train metrics: accuracy: 0.797 ; loss: 0.918
2018-03-21 01:56:44,125:INFO: - Eval metrics : accuracy: 0.407 ; loss: 2.934
2018-03-21 01:56:44,140:INFO: Epoch 56/200
2018-03-21 01:56:53,646:INFO: - Train metrics: accuracy: 0.832 ; loss: 0.732
2018-03-21 01:56:54,287:INFO: - Eval metrics : accuracy: 0.354 ; loss: 3.335
2018-03-21 01:56:54,313:INFO: Epoch 57/200
2018-03-21 01:57:03,823:INFO: - Train metrics: accuracy: 0.816 ; loss: 0.745
2018-03-21 01:57:04,494:INFO: - Eval metrics : accuracy: 0.265 ; loss: 4.150
2018-03-21 01:57:04,528:INFO: Epoch 58/200
2018-03-21 01:57:14,070:INFO: - Train metrics: accuracy: 0.848 ; loss: 0.727
2018-03-21 01:57:14,707:INFO: - Eval metrics : accuracy: 0.276 ; loss: 4.002
2018-03-21 01:57:14,722:INFO: Epoch 59/200
2018-03-21 01:57:24,271:INFO: - Train metrics: accuracy: 0.824 ; loss: 0.777
2018-03-21 01:57:24,920:INFO: - Eval metrics : accuracy: 0.159 ; loss: 5.486
2018-03-21 01:57:24,935:INFO: Epoch 60/200
2018-03-21 01:57:34,483:INFO: - Train metrics: accuracy: 0.871 ; loss: 0.646
2018-03-21 01:57:35,145:INFO: - Eval metrics : accuracy: 0.451 ; loss: 2.601
2018-03-21 01:57:35,169:INFO: Epoch 61/200
2018-03-21 01:57:44,701:INFO: - Train metrics: accuracy: 0.840 ; loss: 0.656
2018-03-21 01:57:45,333:INFO: - Eval metrics : accuracy: 0.438 ; loss: 2.666
2018-03-21 01:57:45,349:INFO: Epoch 62/200
2018-03-21 01:57:54,942:INFO: - Train metrics: accuracy: 0.812 ; loss: 0.803
2018-03-21 01:57:55,607:INFO: - Eval metrics : accuracy: 0.381 ; loss: 3.163
2018-03-21 01:57:55,625:INFO: Epoch 63/200
2018-03-21 01:58:05,202:INFO: - Train metrics: accuracy: 0.824 ; loss: 0.692
2018-03-21 01:58:05,888:INFO: - Eval metrics : accuracy: 0.143 ; loss: 5.771
2018-03-21 01:58:05,905:INFO: Epoch 64/200
2018-03-21 01:58:15,456:INFO: - Train metrics: accuracy: 0.840 ; loss: 0.670
2018-03-21 01:58:16,130:INFO: - Eval metrics : accuracy: 0.192 ; loss: 4.937
2018-03-21 01:58:16,153:INFO: Epoch 65/200
2018-03-21 01:58:25,672:INFO: - Train metrics: accuracy: 0.816 ; loss: 0.724
2018-03-21 01:58:26,334:INFO: - Eval metrics : accuracy: 0.397 ; loss: 3.041
2018-03-21 01:58:26,349:INFO: Epoch 66/200
2018-03-21 01:58:35,932:INFO: - Train metrics: accuracy: 0.840 ; loss: 0.679
2018-03-21 01:58:36,616:INFO: - Eval metrics : accuracy: 0.080 ; loss: 6.654
2018-03-21 01:58:36,641:INFO: Epoch 67/200
2018-03-21 01:58:46,145:INFO: - Train metrics: accuracy: 0.844 ; loss: 0.700
2018-03-21 01:58:46,819:INFO: - Eval metrics : accuracy: 0.367 ; loss: 3.138
2018-03-21 01:58:46,832:INFO: Epoch 68/200
2018-03-21 01:58:56,414:INFO: - Train metrics: accuracy: 0.855 ; loss: 0.648
2018-03-21 01:58:57,048:INFO: - Eval metrics : accuracy: 0.432 ; loss: 2.923
2018-03-21 01:58:57,063:INFO: Epoch 69/200
2018-03-21 01:59:06,584:INFO: - Train metrics: accuracy: 0.855 ; loss: 0.610
2018-03-21 01:59:07,223:INFO: - Eval metrics : accuracy: 0.284 ; loss: 4.154
2018-03-21 01:59:07,238:INFO: Epoch 70/200
2018-03-21 01:59:16,765:INFO: - Train metrics: accuracy: 0.859 ; loss: 0.623
2018-03-21 01:59:17,439:INFO: - Eval metrics : accuracy: 0.276 ; loss: 3.983
2018-03-21 01:59:17,469:INFO: Epoch 71/200
2018-03-21 01:59:26,991:INFO: - Train metrics: accuracy: 0.848 ; loss: 0.585
2018-03-21 01:59:27,627:INFO: - Eval metrics : accuracy: 0.323 ; loss: 3.684
2018-03-21 01:59:27,642:INFO: Epoch 72/200
2018-03-21 01:59:37,178:INFO: - Train metrics: accuracy: 0.820 ; loss: 0.758
2018-03-21 01:59:37,838:INFO: - Eval metrics : accuracy: 0.498 ; loss: 2.400
2018-03-21 01:59:37,872:INFO: Epoch 73/200
2018-03-21 01:59:47,332:INFO: - Train metrics: accuracy: 0.875 ; loss: 0.585
2018-03-21 01:59:48,001:INFO: - Eval metrics : accuracy: 0.393 ; loss: 3.189
2018-03-21 01:59:48,036:INFO: Epoch 74/200
2018-03-21 01:59:57,565:INFO: - Train metrics: accuracy: 0.887 ; loss: 0.601
2018-03-21 01:59:58,219:INFO: - Eval metrics : accuracy: 0.329 ; loss: 3.537
2018-03-21 01:59:58,241:INFO: Epoch 75/200
2018-03-21 02:00:07,765:INFO: - Train metrics: accuracy: 0.863 ; loss: 0.581
2018-03-21 02:00:08,411:INFO: - Eval metrics : accuracy: 0.175 ; loss: 5.233
2018-03-21 02:00:08,437:INFO: Epoch 76/200
2018-03-21 02:00:17,973:INFO: - Train metrics: accuracy: 0.883 ; loss: 0.556
2018-03-21 02:00:18,652:INFO: - Eval metrics : accuracy: 0.198 ; loss: 4.898
2018-03-21 02:00:18,668:INFO: Epoch 77/200
2018-03-21 02:00:28,184:INFO: - Train metrics: accuracy: 0.883 ; loss: 0.511
2018-03-21 02:00:28,852:INFO: - Eval metrics : accuracy: 0.269 ; loss: 4.154
2018-03-21 02:00:28,888:INFO: Epoch 78/200
2018-03-21 02:00:38,369:INFO: - Train metrics: accuracy: 0.824 ; loss: 0.733
2018-03-21 02:00:39,017:INFO: - Eval metrics : accuracy: 0.160 ; loss: 6.111
2018-03-21 02:00:39,037:INFO: Epoch 79/200
2018-03-21 02:00:48,587:INFO: - Train metrics: accuracy: 0.887 ; loss: 0.464
2018-03-21 02:00:49,291:INFO: - Eval metrics : accuracy: 0.161 ; loss: 6.489
2018-03-21 02:00:49,318:INFO: Epoch 80/200
2018-03-21 02:00:58,865:INFO: - Train metrics: accuracy: 0.871 ; loss: 0.563
2018-03-21 02:00:59,519:INFO: - Eval metrics : accuracy: 0.190 ; loss: 5.200
2018-03-21 02:00:59,541:INFO: Epoch 81/200
2018-03-21 02:01:09,092:INFO: - Train metrics: accuracy: 0.848 ; loss: 0.647
2018-03-21 02:01:09,762:INFO: - Eval metrics : accuracy: 0.192 ; loss: 5.220
2018-03-21 02:01:09,785:INFO: Epoch 82/200
2018-03-21 02:01:19,338:INFO: - Train metrics: accuracy: 0.910 ; loss: 0.494
2018-03-21 02:01:19,992:INFO: - Eval metrics : accuracy: 0.371 ; loss: 3.255
2018-03-21 02:01:20,017:INFO: Epoch 83/200
2018-03-21 02:01:29,567:INFO: - Train metrics: accuracy: 0.863 ; loss: 0.582
2018-03-21 02:01:30,257:INFO: - Eval metrics : accuracy: 0.316 ; loss: 3.755
2018-03-21 02:01:30,277:INFO: Epoch 84/200
2018-03-21 02:01:39,851:INFO: - Train metrics: accuracy: 0.891 ; loss: 0.493
2018-03-21 02:01:40,503:INFO: - Eval metrics : accuracy: 0.362 ; loss: 3.497
2018-03-21 02:01:40,520:INFO: Epoch 85/200
2018-03-21 02:01:50,056:INFO: - Train metrics: accuracy: 0.848 ; loss: 0.507
2018-03-21 02:01:50,711:INFO: - Eval metrics : accuracy: 0.228 ; loss: 4.612
2018-03-21 02:01:50,729:INFO: Epoch 86/200
2018-03-21 02:02:00,250:INFO: - Train metrics: accuracy: 0.855 ; loss: 0.597
2018-03-21 02:02:00,906:INFO: - Eval metrics : accuracy: 0.385 ; loss: 3.122
2018-03-21 02:02:00,925:INFO: Epoch 87/200
2018-03-21 02:02:10,404:INFO: - Train metrics: accuracy: 0.867 ; loss: 0.598
2018-03-21 02:02:11,056:INFO: - Eval metrics : accuracy: 0.305 ; loss: 4.116
2018-03-21 02:02:11,067:INFO: Epoch 88/200
2018-03-21 02:02:20,640:INFO: - Train metrics: accuracy: 0.844 ; loss: 0.597
2018-03-21 02:02:21,318:INFO: - Eval metrics : accuracy: 0.327 ; loss: 3.896
2018-03-21 02:02:21,337:INFO: Epoch 89/200
2018-03-21 02:02:30,883:INFO: - Train metrics: accuracy: 0.883 ; loss: 0.542
2018-03-21 02:02:31,524:INFO: - Eval metrics : accuracy: 0.296 ; loss: 4.122
2018-03-21 02:02:31,559:INFO: Epoch 90/200
2018-03-21 02:02:41,053:INFO: - Train metrics: accuracy: 0.867 ; loss: 0.538
2018-03-21 02:02:41,721:INFO: - Eval metrics : accuracy: 0.081 ; loss: 7.368
2018-03-21 02:02:41,754:INFO: Epoch 91/200
2018-03-21 02:02:51,249:INFO: - Train metrics: accuracy: 0.891 ; loss: 0.532
2018-03-21 02:02:51,898:INFO: - Eval metrics : accuracy: 0.431 ; loss: 2.924
2018-03-21 02:02:51,925:INFO: Epoch 92/200
2018-03-21 02:03:01,444:INFO: - Train metrics: accuracy: 0.863 ; loss: 0.550
2018-03-21 02:03:02,118:INFO: - Eval metrics : accuracy: 0.395 ; loss: 3.255
2018-03-21 02:03:02,145:INFO: Epoch 93/200
2018-03-21 02:03:11,691:INFO: - Train metrics: accuracy: 0.879 ; loss: 0.520
2018-03-21 02:03:12,362:INFO: - Eval metrics : accuracy: 0.313 ; loss: 3.773
2018-03-21 02:03:12,375:INFO: Epoch 94/200
2018-03-21 02:03:21,987:INFO: - Train metrics: accuracy: 0.863 ; loss: 0.582
2018-03-21 02:03:22,650:INFO: - Eval metrics : accuracy: 0.211 ; loss: 4.672
2018-03-21 02:03:22,677:INFO: Epoch 95/200
2018-03-21 02:03:32,214:INFO: - Train metrics: accuracy: 0.883 ; loss: 0.515
2018-03-21 02:03:32,881:INFO: - Eval metrics : accuracy: 0.412 ; loss: 3.099
2018-03-21 02:03:32,897:INFO: Epoch 96/200
2018-03-21 02:03:42,439:INFO: - Train metrics: accuracy: 0.875 ; loss: 0.533
2018-03-21 02:03:43,133:INFO: - Eval metrics : accuracy: 0.100 ; loss: 6.679
2018-03-21 02:03:43,149:INFO: Epoch 97/200
2018-03-21 02:03:52,702:INFO: - Train metrics: accuracy: 0.859 ; loss: 0.584
2018-03-21 02:03:53,370:INFO: - Eval metrics : accuracy: 0.216 ; loss: 4.841
2018-03-21 02:03:53,397:INFO: Epoch 98/200
2018-03-21 02:04:02,983:INFO: - Train metrics: accuracy: 0.867 ; loss: 0.548
2018-03-21 02:04:03,619:INFO: - Eval metrics : accuracy: 0.022 ; loss: 12.914
2018-03-21 02:04:03,645:INFO: Epoch 99/200
2018-03-21 02:04:13,203:INFO: - Train metrics: accuracy: 0.891 ; loss: 0.455
2018-03-21 02:04:13,851:INFO: - Eval metrics : accuracy: 0.276 ; loss: 4.505
2018-03-21 02:04:13,867:INFO: Epoch 100/200
2018-03-21 02:04:23,366:INFO: - Train metrics: accuracy: 0.887 ; loss: 0.509
2018-03-21 02:04:24,032:INFO: - Eval metrics : accuracy: 0.443 ; loss: 2.770
2018-03-21 02:04:24,049:INFO: Epoch 101/200
2018-03-21 02:04:33,632:INFO: - Train metrics: accuracy: 0.887 ; loss: 0.478
2018-03-21 02:04:34,290:INFO: - Eval metrics : accuracy: 0.255 ; loss: 4.396
2018-03-21 02:04:34,305:INFO: Epoch 102/200
2018-03-21 02:04:43,846:INFO: - Train metrics: accuracy: 0.844 ; loss: 0.599
2018-03-21 02:04:44,494:INFO: - Eval metrics : accuracy: 0.370 ; loss: 3.372
2018-03-21 02:04:44,528:INFO: Epoch 103/200
2018-03-21 02:04:54,012:INFO: - Train metrics: accuracy: 0.879 ; loss: 0.512
2018-03-21 02:04:54,671:INFO: - Eval metrics : accuracy: 0.409 ; loss: 3.018
2018-03-21 02:04:54,704:INFO: Epoch 104/200
2018-03-21 02:05:04,209:INFO: - Train metrics: accuracy: 0.902 ; loss: 0.437
2018-03-21 02:05:04,857:INFO: - Eval metrics : accuracy: 0.252 ; loss: 4.392
2018-03-21 02:05:04,873:INFO: Epoch 105/200
2018-03-21 02:05:14,440:INFO: - Train metrics: accuracy: 0.871 ; loss: 0.535
2018-03-21 02:05:15,108:INFO: - Eval metrics : accuracy: 0.299 ; loss: 3.969
2018-03-21 02:05:15,134:INFO: Epoch 106/200
2018-03-21 02:05:24,657:INFO: - Train metrics: accuracy: 0.887 ; loss: 0.505
2018-03-21 02:05:25,317:INFO: - Eval metrics : accuracy: 0.169 ; loss: 5.488
2018-03-21 02:05:25,333:INFO: Epoch 107/200
2018-03-21 02:05:34,860:INFO: - Train metrics: accuracy: 0.863 ; loss: 0.527
2018-03-21 02:05:35,509:INFO: - Eval metrics : accuracy: 0.325 ; loss: 3.694
2018-03-21 02:05:35,532:INFO: Epoch 108/200
2018-03-21 02:05:45,043:INFO: - Train metrics: accuracy: 0.895 ; loss: 0.503
2018-03-21 02:05:45,691:INFO: - Eval metrics : accuracy: 0.446 ; loss: 2.772
2018-03-21 02:05:45,724:INFO: Epoch 109/200
2018-03-21 02:05:55,315:INFO: - Train metrics: accuracy: 0.871 ; loss: 0.494
2018-03-21 02:05:55,990:INFO: - Eval metrics : accuracy: 0.303 ; loss: 4.163
2018-03-21 02:05:56,010:INFO: Epoch 110/200
2018-03-21 02:06:05,559:INFO: - Train metrics: accuracy: 0.887 ; loss: 0.478
2018-03-21 02:06:06,201:INFO: - Eval metrics : accuracy: 0.319 ; loss: 3.789
2018-03-21 02:06:06,217:INFO: Epoch 111/200
2018-03-21 02:06:15,768:INFO: - Train metrics: accuracy: 0.863 ; loss: 0.556
2018-03-21 02:06:16,447:INFO: - Eval metrics : accuracy: 0.180 ; loss: 5.410
2018-03-21 02:06:16,463:INFO: Epoch 112/200
2018-03-21 02:06:25,992:INFO: - Train metrics: accuracy: 0.867 ; loss: 0.533
2018-03-21 02:06:26,647:INFO: - Eval metrics : accuracy: 0.332 ; loss: 3.544
2018-03-21 02:06:26,673:INFO: Epoch 113/200
2018-03-21 02:06:36,190:INFO: - Train metrics: accuracy: 0.871 ; loss: 0.533
2018-03-21 02:06:36,868:INFO: - Eval metrics : accuracy: 0.360 ; loss: 3.417
2018-03-21 02:06:36,885:INFO: Epoch 114/200
2018-03-21 02:06:46,444:INFO: - Train metrics: accuracy: 0.875 ; loss: 0.485
2018-03-21 02:06:47,149:INFO: - Eval metrics : accuracy: 0.043 ; loss: 9.551
2018-03-21 02:06:47,307:INFO: Epoch 115/200
2018-03-21 02:06:56,827:INFO: - Train metrics: accuracy: 0.922 ; loss: 0.418
2018-03-21 02:06:57,496:INFO: - Eval metrics : accuracy: 0.381 ; loss: 3.302
2018-03-21 02:06:57,517:INFO: Epoch 116/200
2018-03-21 02:07:07,052:INFO: - Train metrics: accuracy: 0.836 ; loss: 0.592
2018-03-21 02:07:07,730:INFO: - Eval metrics : accuracy: 0.412 ; loss: 3.056
2018-03-21 02:07:07,746:INFO: Epoch 117/200
2018-03-21 02:07:17,328:INFO: - Train metrics: accuracy: 0.910 ; loss: 0.402
2018-03-21 02:07:17,985:INFO: - Eval metrics : accuracy: 0.262 ; loss: 4.110
2018-03-21 02:07:18,005:INFO: Epoch 118/200
2018-03-21 02:07:27,550:INFO: - Train metrics: accuracy: 0.898 ; loss: 0.437
2018-03-21 02:07:28,242:INFO: - Eval metrics : accuracy: 0.271 ; loss: 4.316
2018-03-21 02:07:28,259:INFO: Epoch 119/200
2018-03-21 02:07:37,765:INFO: - Train metrics: accuracy: 0.898 ; loss: 0.482
2018-03-21 02:07:38,420:INFO: - Eval metrics : accuracy: 0.128 ; loss: 8.286
2018-03-21 02:07:38,432:INFO: Epoch 120/200
2018-03-21 02:07:47,964:INFO: - Train metrics: accuracy: 0.879 ; loss: 0.492
2018-03-21 02:07:48,618:INFO: - Eval metrics : accuracy: 0.277 ; loss: 4.296
2018-03-21 02:07:48,633:INFO: Epoch 121/200
2018-03-21 02:07:58,172:INFO: - Train metrics: accuracy: 0.887 ; loss: 0.454
2018-03-21 02:07:58,868:INFO: - Eval metrics : accuracy: 0.252 ; loss: 4.701
2018-03-21 02:07:58,884:INFO: Epoch 122/200
2018-03-21 02:08:08,417:INFO: - Train metrics: accuracy: 0.906 ; loss: 0.453
2018-03-21 02:08:09,061:INFO: - Eval metrics : accuracy: 0.373 ; loss: 3.354
2018-03-21 02:08:09,077:INFO: Epoch 123/200
2018-03-21 02:08:18,621:INFO: - Train metrics: accuracy: 0.902 ; loss: 0.405
2018-03-21 02:08:19,256:INFO: - Eval metrics : accuracy: 0.345 ; loss: 3.653
2018-03-21 02:08:19,272:INFO: Epoch 124/200
2018-03-21 02:08:28,790:INFO: - Train metrics: accuracy: 0.914 ; loss: 0.462
2018-03-21 02:08:29,442:INFO: - Eval metrics : accuracy: 0.377 ; loss: 3.377
2018-03-21 02:08:29,469:INFO: Epoch 125/200
2018-03-21 02:08:38,942:INFO: - Train metrics: accuracy: 0.871 ; loss: 0.510
2018-03-21 02:08:39,560:INFO: - Eval metrics : accuracy: 0.439 ; loss: 2.812
2018-03-21 02:08:39,708:INFO: Epoch 126/200
2018-03-21 02:08:49,238:INFO: - Train metrics: accuracy: 0.883 ; loss: 0.497
2018-03-21 02:08:49,890:INFO: - Eval metrics : accuracy: 0.174 ; loss: 5.431
2018-03-21 02:08:49,913:INFO: Epoch 127/200
2018-03-21 02:08:59,484:INFO: - Train metrics: accuracy: 0.902 ; loss: 0.424
2018-03-21 02:09:00,134:INFO: - Eval metrics : accuracy: 0.390 ; loss: 3.291
2018-03-21 02:09:00,161:INFO: Epoch 128/200
2018-03-21 02:09:09,653:INFO: - Train metrics: accuracy: 0.883 ; loss: 0.495
2018-03-21 02:09:10,323:INFO: - Eval metrics : accuracy: 0.431 ; loss: 2.963
2018-03-21 02:09:10,336:INFO: Epoch 129/200
2018-03-21 02:09:19,863:INFO: - Train metrics: accuracy: 0.895 ; loss: 0.490
2018-03-21 02:09:20,506:INFO: - Eval metrics : accuracy: 0.145 ; loss: 5.263
2018-03-21 02:09:20,537:INFO: Epoch 130/200
2018-03-21 02:09:30,094:INFO: - Train metrics: accuracy: 0.895 ; loss: 0.468
2018-03-21 02:09:30,741:INFO: - Eval metrics : accuracy: 0.474 ; loss: 2.735
2018-03-21 02:09:30,759:INFO: Epoch 131/200
2018-03-21 02:09:40,268:INFO: - Train metrics: accuracy: 0.891 ; loss: 0.456
2018-03-21 02:09:40,960:INFO: - Eval metrics : accuracy: 0.390 ; loss: 3.463
2018-03-21 02:09:40,996:INFO: Epoch 132/200
2018-03-21 02:09:50,497:INFO: - Train metrics: accuracy: 0.871 ; loss: 0.513
2018-03-21 02:09:51,166:INFO: - Eval metrics : accuracy: 0.415 ; loss: 2.953
2018-03-21 02:09:51,185:INFO: Epoch 133/200
2018-03-21 02:10:00,721:INFO: - Train metrics: accuracy: 0.859 ; loss: 0.562
2018-03-21 02:10:01,396:INFO: - Eval metrics : accuracy: 0.450 ; loss: 2.803
2018-03-21 02:10:01,412:INFO: Epoch 134/200
2018-03-21 02:10:10,928:INFO: - Train metrics: accuracy: 0.883 ; loss: 0.566
2018-03-21 02:10:11,609:INFO: - Eval metrics : accuracy: 0.050 ; loss: 8.693
2018-03-21 02:10:11,625:INFO: Epoch 135/200
2018-03-21 02:10:21,168:INFO: - Train metrics: accuracy: 0.910 ; loss: 0.459
2018-03-21 02:10:21,833:INFO: - Eval metrics : accuracy: 0.380 ; loss: 3.144
2018-03-21 02:10:21,849:INFO: Epoch 136/200
2018-03-21 02:10:31,418:INFO: - Train metrics: accuracy: 0.895 ; loss: 0.489
2018-03-21 02:10:32,092:INFO: - Eval metrics : accuracy: 0.229 ; loss: 5.135
2018-03-21 02:10:32,107:INFO: Epoch 137/200
2018-03-21 02:10:41,661:INFO: - Train metrics: accuracy: 0.922 ; loss: 0.470
2018-03-21 02:10:42,310:INFO: - Eval metrics : accuracy: 0.139 ; loss: 5.266
2018-03-21 02:10:42,325:INFO: Epoch 138/200
2018-03-21 02:10:51,898:INFO: - Train metrics: accuracy: 0.918 ; loss: 0.420
2018-03-21 02:10:52,587:INFO: - Eval metrics : accuracy: 0.251 ; loss: 4.344
2018-03-21 02:10:52,604:INFO: Epoch 139/200
2018-03-21 02:11:02,150:INFO: - Train metrics: accuracy: 0.895 ; loss: 0.445
2018-03-21 02:11:02,776:INFO: - Eval metrics : accuracy: 0.224 ; loss: 4.759
2018-03-21 02:11:02,792:INFO: Epoch 140/200
2018-03-21 02:11:12,316:INFO: - Train metrics: accuracy: 0.879 ; loss: 0.467
2018-03-21 02:11:12,994:INFO: - Eval metrics : accuracy: 0.228 ; loss: 4.739
2018-03-21 02:11:13,027:INFO: Epoch 141/200
2018-03-21 02:11:22,503:INFO: - Train metrics: accuracy: 0.910 ; loss: 0.415
2018-03-21 02:11:23,162:INFO: - Eval metrics : accuracy: 0.476 ; loss: 2.652
2018-03-21 02:11:23,178:INFO: Epoch 142/200
2018-03-21 02:11:32,709:INFO: - Train metrics: accuracy: 0.898 ; loss: 0.448
2018-03-21 02:11:33,348:INFO: - Eval metrics : accuracy: 0.165 ; loss: 6.153
2018-03-21 02:11:33,365:INFO: Epoch 143/200
2018-03-21 02:11:42,904:INFO: - Train metrics: accuracy: 0.906 ; loss: 0.390
2018-03-21 02:11:43,565:INFO: - Eval metrics : accuracy: 0.226 ; loss: 4.462
2018-03-21 02:11:43,582:INFO: Epoch 144/200
2018-03-21 02:11:53,166:INFO: - Train metrics: accuracy: 0.891 ; loss: 0.507
2018-03-21 02:11:53,822:INFO: - Eval metrics : accuracy: 0.411 ; loss: 3.035
2018-03-21 02:11:53,845:INFO: Epoch 145/200
2018-03-21 02:12:03,348:INFO: - Train metrics: accuracy: 0.895 ; loss: 0.508
2018-03-21 02:12:04,012:INFO: - Eval metrics : accuracy: 0.085 ; loss: 6.568
2018-03-21 02:12:04,028:INFO: Epoch 146/200
2018-03-21 02:12:13,557:INFO: - Train metrics: accuracy: 0.938 ; loss: 0.378
2018-03-21 02:12:14,197:INFO: - Eval metrics : accuracy: 0.217 ; loss: 4.793
2018-03-21 02:12:14,213:INFO: Epoch 147/200
2018-03-21 02:12:23,742:INFO: - Train metrics: accuracy: 0.879 ; loss: 0.504
2018-03-21 02:12:24,405:INFO: - Eval metrics : accuracy: 0.289 ; loss: 3.995
2018-03-21 02:12:24,421:INFO: Epoch 148/200
2018-03-21 02:12:33,982:INFO: - Train metrics: accuracy: 0.887 ; loss: 0.528
2018-03-21 02:12:34,667:INFO: - Eval metrics : accuracy: 0.133 ; loss: 6.137
2018-03-21 02:12:34,688:INFO: Epoch 149/200
2018-03-21 02:12:44,253:INFO: - Train metrics: accuracy: 0.910 ; loss: 0.412
2018-03-21 02:12:44,912:INFO: - Eval metrics : accuracy: 0.238 ; loss: 4.459
2018-03-21 02:12:44,942:INFO: Epoch 150/200
2018-03-21 02:12:54,474:INFO: - Train metrics: accuracy: 0.898 ; loss: 0.453
2018-03-21 02:12:55,118:INFO: - Eval metrics : accuracy: 0.297 ; loss: 3.838
2018-03-21 02:12:55,152:INFO: Epoch 151/200
2018-03-21 02:13:04,661:INFO: - Train metrics: accuracy: 0.918 ; loss: 0.404
2018-03-21 02:13:05,326:INFO: - Eval metrics : accuracy: 0.327 ; loss: 3.772
2018-03-21 02:13:05,342:INFO: Epoch 152/200
2018-03-21 02:13:14,908:INFO: - Train metrics: accuracy: 0.891 ; loss: 0.393
2018-03-21 02:13:15,564:INFO: - Eval metrics : accuracy: 0.264 ; loss: 4.452
2018-03-21 02:13:15,580:INFO: Epoch 153/200
2018-03-21 02:13:25,139:INFO: - Train metrics: accuracy: 0.914 ; loss: 0.436
2018-03-21 02:13:25,812:INFO: - Eval metrics : accuracy: 0.308 ; loss: 3.774
2018-03-21 02:13:25,828:INFO: Epoch 154/200
2018-03-21 02:13:35,356:INFO: - Train metrics: accuracy: 0.922 ; loss: 0.376
2018-03-21 02:13:36,019:INFO: - Eval metrics : accuracy: 0.422 ; loss: 3.052
2018-03-21 02:13:36,031:INFO: Epoch 155/200
2018-03-21 02:13:45,581:INFO: - Train metrics: accuracy: 0.891 ; loss: 0.500
2018-03-21 02:13:46,280:INFO: - Eval metrics : accuracy: 0.248 ; loss: 4.622
2018-03-21 02:13:46,296:INFO: Epoch 156/200
2018-03-21 02:13:55,855:INFO: - Train metrics: accuracy: 0.883 ; loss: 0.442
2018-03-21 02:13:56,501:INFO: - Eval metrics : accuracy: 0.251 ; loss: 4.195
2018-03-21 02:13:56,513:INFO: Epoch 157/200
2018-03-21 02:14:06,088:INFO: - Train metrics: accuracy: 0.887 ; loss: 0.492
2018-03-21 02:14:06,734:INFO: - Eval metrics : accuracy: 0.117 ; loss: 6.152
2018-03-21 02:14:06,761:INFO: Epoch 158/200
2018-03-21 02:14:16,278:INFO: - Train metrics: accuracy: 0.910 ; loss: 0.395
2018-03-21 02:14:16,918:INFO: - Eval metrics : accuracy: 0.293 ; loss: 4.320
2018-03-21 02:14:16,932:INFO: Epoch 159/200
2018-03-21 02:14:26,461:INFO: - Train metrics: accuracy: 0.902 ; loss: 0.404
2018-03-21 02:14:27,103:INFO: - Eval metrics : accuracy: 0.397 ; loss: 3.226
2018-03-21 02:14:27,132:INFO: Epoch 160/200
2018-03-21 02:14:36,701:INFO: - Train metrics: accuracy: 0.938 ; loss: 0.408
2018-03-21 02:14:37,360:INFO: - Eval metrics : accuracy: 0.398 ; loss: 3.207
2018-03-21 02:14:37,373:INFO: Epoch 161/200
2018-03-21 02:14:46,903:INFO: - Train metrics: accuracy: 0.895 ; loss: 0.433
2018-03-21 02:14:47,555:INFO: - Eval metrics : accuracy: 0.370 ; loss: 3.293
2018-03-21 02:14:47,571:INFO: Epoch 162/200
2018-03-21 02:14:57,121:INFO: - Train metrics: accuracy: 0.867 ; loss: 0.514
2018-03-21 02:14:57,789:INFO: - Eval metrics : accuracy: 0.242 ; loss: 4.298
2018-03-21 02:14:57,802:INFO: Epoch 163/200
2018-03-21 02:15:07,325:INFO: - Train metrics: accuracy: 0.891 ; loss: 0.483
2018-03-21 02:15:07,964:INFO: - Eval metrics : accuracy: 0.350 ; loss: 3.664
2018-03-21 02:15:07,980:INFO: Epoch 164/200
2018-03-21 02:15:17,543:INFO: - Train metrics: accuracy: 0.906 ; loss: 0.451
2018-03-21 02:15:18,220:INFO: - Eval metrics : accuracy: 0.286 ; loss: 3.881
2018-03-21 02:15:18,241:INFO: Epoch 165/200
2018-03-21 02:15:27,794:INFO: - Train metrics: accuracy: 0.914 ; loss: 0.389
2018-03-21 02:15:28,477:INFO: - Eval metrics : accuracy: 0.154 ; loss: 6.182
2018-03-21 02:15:28,492:INFO: Epoch 166/200
2018-03-21 02:15:38,051:INFO: - Train metrics: accuracy: 0.895 ; loss: 0.415
2018-03-21 02:15:38,708:INFO: - Eval metrics : accuracy: 0.207 ; loss: 4.486
2018-03-21 02:15:38,724:INFO: Epoch 167/200
2018-03-21 02:15:48,249:INFO: - Train metrics: accuracy: 0.902 ; loss: 0.434
2018-03-21 02:15:48,906:INFO: - Eval metrics : accuracy: 0.335 ; loss: 3.601
2018-03-21 02:15:48,918:INFO: Epoch 168/200
2018-03-21 02:15:58,486:INFO: - Train metrics: accuracy: 0.949 ; loss: 0.356
2018-03-21 02:15:59,166:INFO: - Eval metrics : accuracy: 0.466 ; loss: 2.699
2018-03-21 02:15:59,185:INFO: Epoch 169/200
2018-03-21 02:16:08,780:INFO: - Train metrics: accuracy: 0.926 ; loss: 0.360
2018-03-21 02:16:09,433:INFO: - Eval metrics : accuracy: 0.237 ; loss: 4.004
2018-03-21 02:16:09,449:INFO: Epoch 170/200
2018-03-21 02:16:19,030:INFO: - Train metrics: accuracy: 0.918 ; loss: 0.358
2018-03-21 02:16:19,673:INFO: - Eval metrics : accuracy: 0.328 ; loss: 3.858
2018-03-21 02:16:19,709:INFO: Epoch 171/200
2018-03-21 02:16:29,199:INFO: - Train metrics: accuracy: 0.887 ; loss: 0.463
2018-03-21 02:16:29,848:INFO: - Eval metrics : accuracy: 0.362 ; loss: 3.415
2018-03-21 02:16:29,864:INFO: Epoch 172/200
2018-03-21 02:16:39,380:INFO: - Train metrics: accuracy: 0.906 ; loss: 0.404
2018-03-21 02:16:40,059:INFO: - Eval metrics : accuracy: 0.350 ; loss: 3.571
2018-03-21 02:16:40,076:INFO: Epoch 173/200
2018-03-21 02:16:49,645:INFO: - Train metrics: accuracy: 0.918 ; loss: 0.397
2018-03-21 02:16:50,290:INFO: - Eval metrics : accuracy: 0.368 ; loss: 3.193
2018-03-21 02:16:50,313:INFO: Epoch 174/200
2018-03-21 02:16:59,857:INFO: - Train metrics: accuracy: 0.910 ; loss: 0.373
2018-03-21 02:17:00,503:INFO: - Eval metrics : accuracy: 0.382 ; loss: 3.266
2018-03-21 02:17:00,531:INFO: Epoch 175/200
2018-03-21 02:17:10,031:INFO: - Train metrics: accuracy: 0.938 ; loss: 0.348
2018-03-21 02:17:10,665:INFO: - Eval metrics : accuracy: 0.354 ; loss: 3.394
2018-03-21 02:17:10,680:INFO: Epoch 176/200
2018-03-21 02:17:20,169:INFO: - Train metrics: accuracy: 0.902 ; loss: 0.411
2018-03-21 02:17:20,807:INFO: - Eval metrics : accuracy: 0.082 ; loss: 7.370
2018-03-21 02:17:20,829:INFO: Epoch 177/200
2018-03-21 02:17:30,399:INFO: - Train metrics: accuracy: 0.910 ; loss: 0.435
2018-03-21 02:17:31,064:INFO: - Eval metrics : accuracy: 0.110 ; loss: 6.849
2018-03-21 02:17:31,086:INFO: Epoch 178/200
2018-03-21 02:17:40,604:INFO: - Train metrics: accuracy: 0.891 ; loss: 0.476
2018-03-21 02:17:41,258:INFO: - Eval metrics : accuracy: 0.294 ; loss: 3.793
2018-03-21 02:17:41,274:INFO: Epoch 179/200
2018-03-21 02:17:50,808:INFO: - Train metrics: accuracy: 0.906 ; loss: 0.438
2018-03-21 02:17:51,467:INFO: - Eval metrics : accuracy: 0.211 ; loss: 4.452
2018-03-21 02:17:51,503:INFO: Epoch 180/200
2018-03-21 02:18:00,962:INFO: - Train metrics: accuracy: 0.926 ; loss: 0.320
2018-03-21 02:18:01,622:INFO: - Eval metrics : accuracy: 0.210 ; loss: 5.363
2018-03-21 02:18:01,636:INFO: Epoch 181/200
2018-03-21 02:18:11,170:INFO: - Train metrics: accuracy: 0.898 ; loss: 0.418
2018-03-21 02:18:11,807:INFO: - Eval metrics : accuracy: 0.197 ; loss: 5.358
2018-03-21 02:18:11,823:INFO: Epoch 182/200
2018-03-21 02:18:21,359:INFO: - Train metrics: accuracy: 0.926 ; loss: 0.389
2018-03-21 02:18:22,048:INFO: - Eval metrics : accuracy: 0.390 ; loss: 3.415
2018-03-21 02:18:22,065:INFO: Epoch 183/200
2018-03-21 02:18:31,638:INFO: - Train metrics: accuracy: 0.906 ; loss: 0.396
2018-03-21 02:18:32,313:INFO: - Eval metrics : accuracy: 0.063 ; loss: 7.456
2018-03-21 02:18:32,329:INFO: Epoch 184/200
2018-03-21 02:18:41,855:INFO: - Train metrics: accuracy: 0.922 ; loss: 0.361
2018-03-21 02:18:42,497:INFO: - Eval metrics : accuracy: 0.305 ; loss: 3.824
2018-03-21 02:18:42,521:INFO: Epoch 185/200
2018-03-21 02:18:52,067:INFO: - Train metrics: accuracy: 0.910 ; loss: 0.413
2018-03-21 02:18:52,694:INFO: - Eval metrics : accuracy: 0.198 ; loss: 4.818
2018-03-21 02:18:52,711:INFO: Epoch 186/200
2018-03-21 02:19:02,219:INFO: - Train metrics: accuracy: 0.910 ; loss: 0.401
2018-03-21 02:19:02,868:INFO: - Eval metrics : accuracy: 0.452 ; loss: 2.804
2018-03-21 02:19:02,883:INFO: Epoch 187/200
2018-03-21 02:19:12,441:INFO: - Train metrics: accuracy: 0.910 ; loss: 0.444
2018-03-21 02:19:13,091:INFO: - Eval metrics : accuracy: 0.417 ; loss: 3.089
2018-03-21 02:19:13,109:INFO: Epoch 188/200
2018-03-21 02:19:22,624:INFO: - Train metrics: accuracy: 0.895 ; loss: 0.484
2018-03-21 02:19:23,274:INFO: - Eval metrics : accuracy: 0.488 ; loss: 2.674
2018-03-21 02:19:23,289:INFO: Epoch 189/200
2018-03-21 02:19:32,738:INFO: - Train metrics: accuracy: 0.918 ; loss: 0.402
2018-03-21 02:19:33,421:INFO: - Eval metrics : accuracy: 0.276 ; loss: 4.060
2018-03-21 02:19:33,444:INFO: Epoch 190/200
2018-03-21 02:19:43,051:INFO: - Train metrics: accuracy: 0.906 ; loss: 0.437
2018-03-21 02:19:43,704:INFO: - Eval metrics : accuracy: 0.333 ; loss: 4.056
2018-03-21 02:19:43,727:INFO: Epoch 191/200
2018-03-21 02:19:53,238:INFO: - Train metrics: accuracy: 0.910 ; loss: 0.377
2018-03-21 02:19:53,888:INFO: - Eval metrics : accuracy: 0.308 ; loss: 4.049
2018-03-21 02:19:53,926:INFO: Epoch 192/200
2018-03-21 02:20:03,424:INFO: - Train metrics: accuracy: 0.910 ; loss: 0.337
2018-03-21 02:20:04,102:INFO: - Eval metrics : accuracy: 0.117 ; loss: 7.126
2018-03-21 02:20:04,117:INFO: Epoch 193/200
2018-03-21 02:20:13,648:INFO: - Train metrics: accuracy: 0.922 ; loss: 0.390
2018-03-21 02:20:14,305:INFO: - Eval metrics : accuracy: 0.292 ; loss: 3.968
2018-03-21 02:20:14,321:INFO: Epoch 194/200
2018-03-21 02:20:23,859:INFO: - Train metrics: accuracy: 0.914 ; loss: 0.410
2018-03-21 02:20:24,540:INFO: - Eval metrics : accuracy: 0.485 ; loss: 2.699
2018-03-21 02:20:24,556:INFO: Epoch 195/200
2018-03-21 02:20:34,089:INFO: - Train metrics: accuracy: 0.879 ; loss: 0.449
2018-03-21 02:20:34,787:INFO: - Eval metrics : accuracy: 0.196 ; loss: 4.752
2018-03-21 02:20:34,813:INFO: Epoch 196/200
2018-03-21 02:20:44,277:INFO: - Train metrics: accuracy: 0.934 ; loss: 0.366
2018-03-21 02:20:44,949:INFO: - Eval metrics : accuracy: 0.167 ; loss: 4.981
2018-03-21 02:20:44,964:INFO: Epoch 197/200
2018-03-21 02:20:54,484:INFO: - Train metrics: accuracy: 0.934 ; loss: 0.362
2018-03-21 02:20:55,122:INFO: - Eval metrics : accuracy: 0.204 ; loss: 5.371
2018-03-21 02:20:55,141:INFO: Epoch 198/200
2018-03-21 02:21:04,686:INFO: - Train metrics: accuracy: 0.887 ; loss: 0.472
2018-03-21 02:21:05,335:INFO: - Eval metrics : accuracy: 0.363 ; loss: 3.698
2018-03-21 02:21:05,364:INFO: Epoch 199/200
2018-03-21 02:21:14,925:INFO: - Train metrics: accuracy: 0.914 ; loss: 0.402
2018-03-21 02:21:15,618:INFO: - Eval metrics : accuracy: 0.440 ; loss: 2.979
2018-03-21 02:21:15,635:INFO: Epoch 200/200
2018-03-21 02:21:25,192:INFO: - Train metrics: accuracy: 0.938 ; loss: 0.424
2018-03-21 02:21:25,850:INFO: - Eval metrics : accuracy: 0.268 ; loss: 4.067
