2018-03-21 00:05:23,090:INFO: Loading the datasets...
2018-03-21 00:05:23,142:INFO: - done.
2018-03-21 00:05:25,464:INFO: Starting training for 200 epoch(s)
2018-03-21 00:05:25,464:INFO: Epoch 1/200
2018-03-21 00:05:35,625:INFO: - Train metrics: accuracy: 0.023 ; loss: 5.844
2018-03-21 00:05:36,264:INFO: - Eval metrics : accuracy: 0.033 ; loss: 5.451
2018-03-21 00:05:36,282:INFO: - Found new lowest loss
2018-03-21 00:05:36,282:INFO: Epoch 2/200
2018-03-21 00:05:45,773:INFO: - Train metrics: accuracy: 0.031 ; loss: 5.265
2018-03-21 00:05:46,443:INFO: - Eval metrics : accuracy: 0.059 ; loss: 5.114
2018-03-21 00:05:46,495:INFO: - Found new lowest loss
2018-03-21 00:05:46,497:INFO: Epoch 3/200
2018-03-21 00:05:55,953:INFO: - Train metrics: accuracy: 0.098 ; loss: 4.819
2018-03-21 00:05:56,611:INFO: - Eval metrics : accuracy: 0.051 ; loss: 5.117
2018-03-21 00:05:56,627:INFO: Epoch 4/200
2018-03-21 00:06:06,122:INFO: - Train metrics: accuracy: 0.102 ; loss: 4.499
2018-03-21 00:06:06,750:INFO: - Eval metrics : accuracy: 0.013 ; loss: 6.356
2018-03-21 00:06:06,766:INFO: Epoch 5/200
2018-03-21 00:06:16,311:INFO: - Train metrics: accuracy: 0.180 ; loss: 4.173
2018-03-21 00:06:16,992:INFO: - Eval metrics : accuracy: 0.114 ; loss: 4.597
2018-03-21 00:06:17,025:INFO: - Found new lowest loss
2018-03-21 00:06:17,026:INFO: Epoch 6/200
2018-03-21 00:06:26,563:INFO: - Train metrics: accuracy: 0.242 ; loss: 3.609
2018-03-21 00:06:27,234:INFO: - Eval metrics : accuracy: 0.205 ; loss: 3.955
2018-03-21 00:06:27,274:INFO: - Found new lowest loss
2018-03-21 00:06:27,275:INFO: Epoch 7/200
2018-03-21 00:06:36,696:INFO: - Train metrics: accuracy: 0.301 ; loss: 3.295
2018-03-21 00:06:37,352:INFO: - Eval metrics : accuracy: 0.061 ; loss: 5.422
2018-03-21 00:06:37,368:INFO: Epoch 8/200
2018-03-21 00:06:46,842:INFO: - Train metrics: accuracy: 0.336 ; loss: 3.142
2018-03-21 00:06:47,466:INFO: - Eval metrics : accuracy: 0.045 ; loss: 6.392
2018-03-21 00:06:47,481:INFO: Epoch 9/200
2018-03-21 00:06:56,973:INFO: - Train metrics: accuracy: 0.336 ; loss: 3.014
2018-03-21 00:06:57,637:INFO: - Eval metrics : accuracy: 0.051 ; loss: 6.396
2018-03-21 00:06:57,650:INFO: Epoch 10/200
2018-03-21 00:07:07,123:INFO: - Train metrics: accuracy: 0.422 ; loss: 2.594
2018-03-21 00:07:07,806:INFO: - Eval metrics : accuracy: 0.226 ; loss: 3.717
2018-03-21 00:07:07,852:INFO: - Found new lowest loss
2018-03-21 00:07:07,853:INFO: Epoch 11/200
2018-03-21 00:07:17,327:INFO: - Train metrics: accuracy: 0.383 ; loss: 2.898
2018-03-21 00:07:17,989:INFO: - Eval metrics : accuracy: 0.281 ; loss: 3.427
2018-03-21 00:07:18,013:INFO: - Found new lowest loss
2018-03-21 00:07:18,014:INFO: Epoch 12/200
2018-03-21 00:07:27,477:INFO: - Train metrics: accuracy: 0.465 ; loss: 2.554
2018-03-21 00:07:28,133:INFO: - Eval metrics : accuracy: 0.421 ; loss: 2.650
2018-03-21 00:07:28,160:INFO: - Found new lowest loss
2018-03-21 00:07:28,161:INFO: Epoch 13/200
2018-03-21 00:07:37,650:INFO: - Train metrics: accuracy: 0.465 ; loss: 2.246
2018-03-21 00:07:38,321:INFO: - Eval metrics : accuracy: 0.215 ; loss: 3.876
2018-03-21 00:07:38,345:INFO: Epoch 14/200
2018-03-21 00:07:47,841:INFO: - Train metrics: accuracy: 0.477 ; loss: 2.456
2018-03-21 00:07:48,471:INFO: - Eval metrics : accuracy: 0.043 ; loss: 7.498
2018-03-21 00:07:48,493:INFO: Epoch 15/200
2018-03-21 00:07:58,025:INFO: - Train metrics: accuracy: 0.461 ; loss: 2.389
2018-03-21 00:07:58,668:INFO: - Eval metrics : accuracy: 0.418 ; loss: 2.666
2018-03-21 00:07:58,683:INFO: Epoch 16/200
2018-03-21 00:08:08,175:INFO: - Train metrics: accuracy: 0.477 ; loss: 2.269
2018-03-21 00:08:08,842:INFO: - Eval metrics : accuracy: 0.281 ; loss: 3.518
2018-03-21 00:08:08,858:INFO: Epoch 17/200
2018-03-21 00:08:18,369:INFO: - Train metrics: accuracy: 0.512 ; loss: 2.035
2018-03-21 00:08:19,023:INFO: - Eval metrics : accuracy: 0.347 ; loss: 3.068
2018-03-21 00:08:19,039:INFO: Epoch 18/200
2018-03-21 00:08:28,555:INFO: - Train metrics: accuracy: 0.547 ; loss: 2.011
2018-03-21 00:08:29,195:INFO: - Eval metrics : accuracy: 0.235 ; loss: 3.677
2018-03-21 00:08:29,212:INFO: Epoch 19/200
2018-03-21 00:08:38,703:INFO: - Train metrics: accuracy: 0.473 ; loss: 2.106
2018-03-21 00:08:39,382:INFO: - Eval metrics : accuracy: 0.093 ; loss: 5.664
2018-03-21 00:08:39,418:INFO: Epoch 20/200
2018-03-21 00:08:48,872:INFO: - Train metrics: accuracy: 0.574 ; loss: 1.910
2018-03-21 00:08:49,527:INFO: - Eval metrics : accuracy: 0.084 ; loss: 7.819
2018-03-21 00:08:49,545:INFO: Epoch 21/200
2018-03-21 00:08:58,997:INFO: - Train metrics: accuracy: 0.590 ; loss: 1.733
2018-03-21 00:08:59,646:INFO: - Eval metrics : accuracy: 0.109 ; loss: 5.618
2018-03-21 00:08:59,662:INFO: Epoch 22/200
2018-03-21 00:09:09,130:INFO: - Train metrics: accuracy: 0.629 ; loss: 1.625
2018-03-21 00:09:09,778:INFO: - Eval metrics : accuracy: 0.192 ; loss: 4.230
2018-03-21 00:09:09,797:INFO: Epoch 23/200
2018-03-21 00:09:19,318:INFO: - Train metrics: accuracy: 0.566 ; loss: 1.849
2018-03-21 00:09:19,961:INFO: - Eval metrics : accuracy: 0.391 ; loss: 2.817
2018-03-21 00:09:19,977:INFO: Epoch 24/200
2018-03-21 00:09:29,457:INFO: - Train metrics: accuracy: 0.641 ; loss: 1.624
2018-03-21 00:09:30,109:INFO: - Eval metrics : accuracy: 0.376 ; loss: 2.913
2018-03-21 00:09:30,137:INFO: Epoch 25/200
2018-03-21 00:09:39,628:INFO: - Train metrics: accuracy: 0.586 ; loss: 1.597
2018-03-21 00:09:40,270:INFO: - Eval metrics : accuracy: 0.175 ; loss: 4.750
2018-03-21 00:09:40,293:INFO: Epoch 26/200
2018-03-21 00:09:49,764:INFO: - Train metrics: accuracy: 0.695 ; loss: 1.359
2018-03-21 00:09:50,433:INFO: - Eval metrics : accuracy: 0.165 ; loss: 4.699
2018-03-21 00:09:50,448:INFO: Epoch 27/200
2018-03-21 00:09:59,913:INFO: - Train metrics: accuracy: 0.652 ; loss: 1.491
2018-03-21 00:10:00,589:INFO: - Eval metrics : accuracy: 0.166 ; loss: 5.513
2018-03-21 00:10:00,609:INFO: Epoch 28/200
2018-03-21 00:10:10,126:INFO: - Train metrics: accuracy: 0.691 ; loss: 1.297
2018-03-21 00:10:10,778:INFO: - Eval metrics : accuracy: 0.125 ; loss: 5.477
2018-03-21 00:10:10,793:INFO: Epoch 29/200
2018-03-21 00:10:20,270:INFO: - Train metrics: accuracy: 0.723 ; loss: 1.273
2018-03-21 00:10:20,930:INFO: - Eval metrics : accuracy: 0.534 ; loss: 2.081
2018-03-21 00:10:20,960:INFO: - Found new lowest loss
2018-03-21 00:10:20,960:INFO: Epoch 30/200
2018-03-21 00:10:30,472:INFO: - Train metrics: accuracy: 0.688 ; loss: 1.389
2018-03-21 00:10:31,165:INFO: - Eval metrics : accuracy: 0.472 ; loss: 2.406
2018-03-21 00:10:31,181:INFO: Epoch 31/200
2018-03-21 00:10:40,688:INFO: - Train metrics: accuracy: 0.730 ; loss: 1.164
2018-03-21 00:10:41,339:INFO: - Eval metrics : accuracy: 0.200 ; loss: 4.325
2018-03-21 00:10:41,355:INFO: Epoch 32/200
2018-03-21 00:10:50,850:INFO: - Train metrics: accuracy: 0.656 ; loss: 1.342
2018-03-21 00:10:51,482:INFO: - Eval metrics : accuracy: 0.063 ; loss: 7.157
2018-03-21 00:10:51,501:INFO: Epoch 33/200
2018-03-21 00:11:00,963:INFO: - Train metrics: accuracy: 0.723 ; loss: 1.068
2018-03-21 00:11:01,620:INFO: - Eval metrics : accuracy: 0.094 ; loss: 6.445
2018-03-21 00:11:01,636:INFO: Epoch 34/200
2018-03-21 00:11:11,120:INFO: - Train metrics: accuracy: 0.688 ; loss: 1.269
2018-03-21 00:11:11,782:INFO: - Eval metrics : accuracy: 0.486 ; loss: 2.362
2018-03-21 00:11:11,801:INFO: Epoch 35/200
2018-03-21 00:11:21,334:INFO: - Train metrics: accuracy: 0.680 ; loss: 1.320
2018-03-21 00:11:21,979:INFO: - Eval metrics : accuracy: 0.484 ; loss: 2.245
2018-03-21 00:11:21,994:INFO: Epoch 36/200
2018-03-21 00:11:31,517:INFO: - Train metrics: accuracy: 0.746 ; loss: 1.133
2018-03-21 00:11:32,160:INFO: - Eval metrics : accuracy: 0.429 ; loss: 2.610
2018-03-21 00:11:32,193:INFO: Epoch 37/200
2018-03-21 00:11:41,616:INFO: - Train metrics: accuracy: 0.715 ; loss: 1.089
2018-03-21 00:11:42,281:INFO: - Eval metrics : accuracy: 0.197 ; loss: 4.910
2018-03-21 00:11:42,301:INFO: Epoch 38/200
2018-03-21 00:11:51,778:INFO: - Train metrics: accuracy: 0.727 ; loss: 1.045
2018-03-21 00:11:52,416:INFO: - Eval metrics : accuracy: 0.174 ; loss: 4.777
2018-03-21 00:11:52,431:INFO: Epoch 39/200
2018-03-21 00:12:01,905:INFO: - Train metrics: accuracy: 0.703 ; loss: 1.125
2018-03-21 00:12:02,567:INFO: - Eval metrics : accuracy: 0.313 ; loss: 3.533
2018-03-21 00:12:02,583:INFO: Epoch 40/200
2018-03-21 00:12:12,095:INFO: - Train metrics: accuracy: 0.773 ; loss: 0.999
2018-03-21 00:12:12,783:INFO: - Eval metrics : accuracy: 0.231 ; loss: 4.124
2018-03-21 00:12:12,800:INFO: Epoch 41/200
2018-03-21 00:12:22,297:INFO: - Train metrics: accuracy: 0.727 ; loss: 1.047
2018-03-21 00:12:22,959:INFO: - Eval metrics : accuracy: 0.340 ; loss: 3.280
2018-03-21 00:12:22,974:INFO: Epoch 42/200
2018-03-21 00:12:32,477:INFO: - Train metrics: accuracy: 0.789 ; loss: 0.864
2018-03-21 00:12:33,134:INFO: - Eval metrics : accuracy: 0.324 ; loss: 3.444
2018-03-21 00:12:33,150:INFO: Epoch 43/200
2018-03-21 00:12:42,658:INFO: - Train metrics: accuracy: 0.797 ; loss: 0.867
2018-03-21 00:12:43,321:INFO: - Eval metrics : accuracy: 0.216 ; loss: 4.179
2018-03-21 00:12:43,345:INFO: Epoch 44/200
2018-03-21 00:12:52,820:INFO: - Train metrics: accuracy: 0.773 ; loss: 1.034
2018-03-21 00:12:53,494:INFO: - Eval metrics : accuracy: 0.410 ; loss: 2.873
2018-03-21 00:12:53,510:INFO: Epoch 45/200
2018-03-21 00:13:03,040:INFO: - Train metrics: accuracy: 0.801 ; loss: 0.845
2018-03-21 00:13:03,682:INFO: - Eval metrics : accuracy: 0.202 ; loss: 4.662
2018-03-21 00:13:03,695:INFO: Epoch 46/200
2018-03-21 00:13:13,144:INFO: - Train metrics: accuracy: 0.746 ; loss: 1.000
2018-03-21 00:13:13,783:INFO: - Eval metrics : accuracy: 0.368 ; loss: 3.296
2018-03-21 00:13:13,809:INFO: Epoch 47/200
2018-03-21 00:13:23,290:INFO: - Train metrics: accuracy: 0.770 ; loss: 0.898
2018-03-21 00:13:23,947:INFO: - Eval metrics : accuracy: 0.378 ; loss: 2.993
2018-03-21 00:13:23,960:INFO: Epoch 48/200
2018-03-21 00:13:33,501:INFO: - Train metrics: accuracy: 0.766 ; loss: 0.935
2018-03-21 00:13:34,148:INFO: - Eval metrics : accuracy: 0.479 ; loss: 2.437
2018-03-21 00:13:34,173:INFO: Epoch 49/200
2018-03-21 00:13:43,635:INFO: - Train metrics: accuracy: 0.766 ; loss: 0.928
2018-03-21 00:13:44,297:INFO: - Eval metrics : accuracy: 0.271 ; loss: 3.793
2018-03-21 00:13:44,312:INFO: Epoch 50/200
2018-03-21 00:13:53,782:INFO: - Train metrics: accuracy: 0.848 ; loss: 0.795
2018-03-21 00:13:54,438:INFO: - Eval metrics : accuracy: 0.400 ; loss: 2.923
2018-03-21 00:13:54,453:INFO: Epoch 51/200
2018-03-21 00:14:03,913:INFO: - Train metrics: accuracy: 0.793 ; loss: 0.876
2018-03-21 00:14:04,550:INFO: - Eval metrics : accuracy: 0.168 ; loss: 5.076
2018-03-21 00:14:04,569:INFO: Epoch 52/200
2018-03-21 00:14:14,055:INFO: - Train metrics: accuracy: 0.797 ; loss: 0.869
2018-03-21 00:14:14,708:INFO: - Eval metrics : accuracy: 0.174 ; loss: 4.899
2018-03-21 00:14:14,724:INFO: Epoch 53/200
2018-03-21 00:14:24,175:INFO: - Train metrics: accuracy: 0.754 ; loss: 0.883
2018-03-21 00:14:24,867:INFO: - Eval metrics : accuracy: 0.242 ; loss: 4.296
2018-03-21 00:14:24,900:INFO: Epoch 54/200
2018-03-21 00:14:34,374:INFO: - Train metrics: accuracy: 0.777 ; loss: 0.846
2018-03-21 00:14:35,038:INFO: - Eval metrics : accuracy: 0.408 ; loss: 2.925
2018-03-21 00:14:35,053:INFO: Epoch 55/200
2018-03-21 00:14:44,532:INFO: - Train metrics: accuracy: 0.820 ; loss: 0.749
2018-03-21 00:14:45,183:INFO: - Eval metrics : accuracy: 0.388 ; loss: 3.115
2018-03-21 00:14:45,195:INFO: Epoch 56/200
2018-03-21 00:14:54,684:INFO: - Train metrics: accuracy: 0.824 ; loss: 0.730
2018-03-21 00:14:55,342:INFO: - Eval metrics : accuracy: 0.258 ; loss: 4.331
2018-03-21 00:14:55,361:INFO: Epoch 57/200
2018-03-21 00:15:04,868:INFO: - Train metrics: accuracy: 0.828 ; loss: 0.710
2018-03-21 00:15:05,498:INFO: - Eval metrics : accuracy: 0.374 ; loss: 3.084
2018-03-21 00:15:05,513:INFO: Epoch 58/200
2018-03-21 00:15:14,992:INFO: - Train metrics: accuracy: 0.793 ; loss: 0.761
2018-03-21 00:15:15,645:INFO: - Eval metrics : accuracy: 0.442 ; loss: 2.711
2018-03-21 00:15:15,669:INFO: Epoch 59/200
2018-03-21 00:15:25,128:INFO: - Train metrics: accuracy: 0.812 ; loss: 0.744
2018-03-21 00:15:25,800:INFO: - Eval metrics : accuracy: 0.067 ; loss: 8.980
2018-03-21 00:15:25,816:INFO: Epoch 60/200
2018-03-21 00:15:35,276:INFO: - Train metrics: accuracy: 0.824 ; loss: 0.676
2018-03-21 00:15:35,944:INFO: - Eval metrics : accuracy: 0.111 ; loss: 6.620
2018-03-21 00:15:35,965:INFO: Epoch 61/200
2018-03-21 00:15:45,478:INFO: - Train metrics: accuracy: 0.867 ; loss: 0.619
2018-03-21 00:15:46,123:INFO: - Eval metrics : accuracy: 0.116 ; loss: 7.033
2018-03-21 00:15:46,149:INFO: Epoch 62/200
2018-03-21 00:15:55,624:INFO: - Train metrics: accuracy: 0.727 ; loss: 0.924
2018-03-21 00:15:56,273:INFO: - Eval metrics : accuracy: 0.159 ; loss: 5.640
2018-03-21 00:15:56,308:INFO: Epoch 63/200
2018-03-21 00:16:05,766:INFO: - Train metrics: accuracy: 0.801 ; loss: 0.728
2018-03-21 00:16:06,388:INFO: - Eval metrics : accuracy: 0.174 ; loss: 5.271
2018-03-21 00:16:06,413:INFO: Epoch 64/200
2018-03-21 00:16:15,831:INFO: - Train metrics: accuracy: 0.859 ; loss: 0.630
2018-03-21 00:16:16,489:INFO: - Eval metrics : accuracy: 0.255 ; loss: 4.089
2018-03-21 00:16:16,505:INFO: Epoch 65/200
2018-03-21 00:16:26,021:INFO: - Train metrics: accuracy: 0.809 ; loss: 0.718
2018-03-21 00:16:26,678:INFO: - Eval metrics : accuracy: 0.293 ; loss: 3.866
2018-03-21 00:16:26,692:INFO: Epoch 66/200
2018-03-21 00:16:36,171:INFO: - Train metrics: accuracy: 0.875 ; loss: 0.569
2018-03-21 00:16:36,834:INFO: - Eval metrics : accuracy: 0.113 ; loss: 6.897
2018-03-21 00:16:36,846:INFO: Epoch 67/200
2018-03-21 00:16:46,309:INFO: - Train metrics: accuracy: 0.852 ; loss: 0.613
2018-03-21 00:16:46,979:INFO: - Eval metrics : accuracy: 0.252 ; loss: 4.369
2018-03-21 00:16:46,997:INFO: Epoch 68/200
2018-03-21 00:16:56,476:INFO: - Train metrics: accuracy: 0.832 ; loss: 0.626
2018-03-21 00:16:57,122:INFO: - Eval metrics : accuracy: 0.207 ; loss: 5.115
2018-03-21 00:16:57,141:INFO: Epoch 69/200
2018-03-21 00:17:06,611:INFO: - Train metrics: accuracy: 0.852 ; loss: 0.594
2018-03-21 00:17:07,271:INFO: - Eval metrics : accuracy: 0.299 ; loss: 3.744
2018-03-21 00:17:07,292:INFO: Epoch 70/200
2018-03-21 00:17:16,760:INFO: - Train metrics: accuracy: 0.824 ; loss: 0.693
2018-03-21 00:17:17,440:INFO: - Eval metrics : accuracy: 0.322 ; loss: 3.552
2018-03-21 00:17:17,455:INFO: Epoch 71/200
2018-03-21 00:17:26,935:INFO: - Train metrics: accuracy: 0.801 ; loss: 0.695
2018-03-21 00:17:27,587:INFO: - Eval metrics : accuracy: 0.173 ; loss: 5.312
2018-03-21 00:17:27,625:INFO: Epoch 72/200
2018-03-21 00:17:37,098:INFO: - Train metrics: accuracy: 0.832 ; loss: 0.660
2018-03-21 00:17:37,752:INFO: - Eval metrics : accuracy: 0.240 ; loss: 4.305
2018-03-21 00:17:37,791:INFO: Epoch 73/200
2018-03-21 00:17:47,242:INFO: - Train metrics: accuracy: 0.879 ; loss: 0.555
2018-03-21 00:17:47,914:INFO: - Eval metrics : accuracy: 0.111 ; loss: 6.231
2018-03-21 00:17:47,937:INFO: Epoch 74/200
2018-03-21 00:17:57,404:INFO: - Train metrics: accuracy: 0.855 ; loss: 0.646
2018-03-21 00:17:58,089:INFO: - Eval metrics : accuracy: 0.479 ; loss: 2.589
2018-03-21 00:17:58,105:INFO: Epoch 75/200
2018-03-21 00:18:07,564:INFO: - Train metrics: accuracy: 0.855 ; loss: 0.579
2018-03-21 00:18:08,211:INFO: - Eval metrics : accuracy: 0.325 ; loss: 3.443
2018-03-21 00:18:08,245:INFO: Epoch 76/200
2018-03-21 00:18:17,688:INFO: - Train metrics: accuracy: 0.875 ; loss: 0.602
2018-03-21 00:18:18,328:INFO: - Eval metrics : accuracy: 0.373 ; loss: 3.266
2018-03-21 00:18:18,344:INFO: Epoch 77/200
2018-03-21 00:18:27,821:INFO: - Train metrics: accuracy: 0.883 ; loss: 0.549
2018-03-21 00:18:28,479:INFO: - Eval metrics : accuracy: 0.233 ; loss: 4.734
2018-03-21 00:18:28,491:INFO: Epoch 78/200
2018-03-21 00:18:38,045:INFO: - Train metrics: accuracy: 0.816 ; loss: 0.763
2018-03-21 00:18:38,697:INFO: - Eval metrics : accuracy: 0.442 ; loss: 2.675
2018-03-21 00:18:38,725:INFO: Epoch 79/200
2018-03-21 00:18:48,204:INFO: - Train metrics: accuracy: 0.855 ; loss: 0.547
2018-03-21 00:18:48,878:INFO: - Eval metrics : accuracy: 0.096 ; loss: 7.666
2018-03-21 00:18:48,897:INFO: Epoch 80/200
2018-03-21 00:18:58,392:INFO: - Train metrics: accuracy: 0.871 ; loss: 0.491
2018-03-21 00:18:59,045:INFO: - Eval metrics : accuracy: 0.200 ; loss: 5.508
2018-03-21 00:18:59,073:INFO: Epoch 81/200
2018-03-21 00:19:08,557:INFO: - Train metrics: accuracy: 0.867 ; loss: 0.574
2018-03-21 00:19:09,208:INFO: - Eval metrics : accuracy: 0.442 ; loss: 2.760
2018-03-21 00:19:09,229:INFO: Epoch 82/200
2018-03-21 00:19:18,677:INFO: - Train metrics: accuracy: 0.906 ; loss: 0.508
2018-03-21 00:19:19,361:INFO: - Eval metrics : accuracy: 0.453 ; loss: 2.737
2018-03-21 00:19:19,377:INFO: Epoch 83/200
2018-03-21 00:19:28,845:INFO: - Train metrics: accuracy: 0.887 ; loss: 0.516
2018-03-21 00:19:29,516:INFO: - Eval metrics : accuracy: 0.278 ; loss: 3.987
2018-03-21 00:19:29,532:INFO: Epoch 84/200
2018-03-21 00:19:39,026:INFO: - Train metrics: accuracy: 0.875 ; loss: 0.566
2018-03-21 00:19:39,693:INFO: - Eval metrics : accuracy: 0.294 ; loss: 3.952
2018-03-21 00:19:39,709:INFO: Epoch 85/200
2018-03-21 00:19:49,171:INFO: - Train metrics: accuracy: 0.883 ; loss: 0.523
2018-03-21 00:19:49,842:INFO: - Eval metrics : accuracy: 0.359 ; loss: 3.350
2018-03-21 00:19:49,865:INFO: Epoch 86/200
2018-03-21 00:19:59,341:INFO: - Train metrics: accuracy: 0.883 ; loss: 0.573
2018-03-21 00:19:59,980:INFO: - Eval metrics : accuracy: 0.399 ; loss: 3.235
2018-03-21 00:20:00,001:INFO: Epoch 87/200
2018-03-21 00:20:09,489:INFO: - Train metrics: accuracy: 0.875 ; loss: 0.603
2018-03-21 00:20:10,118:INFO: - Eval metrics : accuracy: 0.198 ; loss: 5.286
2018-03-21 00:20:10,133:INFO: Epoch 88/200
2018-03-21 00:20:19,605:INFO: - Train metrics: accuracy: 0.910 ; loss: 0.439
2018-03-21 00:20:20,246:INFO: - Eval metrics : accuracy: 0.142 ; loss: 5.664
2018-03-21 00:20:20,265:INFO: Epoch 89/200
2018-03-21 00:20:29,718:INFO: - Train metrics: accuracy: 0.887 ; loss: 0.557
2018-03-21 00:20:30,385:INFO: - Eval metrics : accuracy: 0.452 ; loss: 2.799
2018-03-21 00:20:30,401:INFO: Epoch 90/200
2018-03-21 00:20:39,939:INFO: - Train metrics: accuracy: 0.883 ; loss: 0.525
2018-03-21 00:20:40,587:INFO: - Eval metrics : accuracy: 0.184 ; loss: 5.311
2018-03-21 00:20:40,603:INFO: Epoch 91/200
2018-03-21 00:20:50,088:INFO: - Train metrics: accuracy: 0.883 ; loss: 0.528
2018-03-21 00:20:50,742:INFO: - Eval metrics : accuracy: 0.231 ; loss: 5.027
2018-03-21 00:20:50,769:INFO: Epoch 92/200
2018-03-21 00:21:00,223:INFO: - Train metrics: accuracy: 0.840 ; loss: 0.666
2018-03-21 00:21:00,868:INFO: - Eval metrics : accuracy: 0.207 ; loss: 5.335
2018-03-21 00:21:00,884:INFO: Epoch 93/200
2018-03-21 00:21:10,371:INFO: - Train metrics: accuracy: 0.867 ; loss: 0.550
2018-03-21 00:21:11,011:INFO: - Eval metrics : accuracy: 0.408 ; loss: 2.904
2018-03-21 00:21:11,027:INFO: Epoch 94/200
2018-03-21 00:21:20,576:INFO: - Train metrics: accuracy: 0.848 ; loss: 0.553
2018-03-21 00:21:21,217:INFO: - Eval metrics : accuracy: 0.333 ; loss: 3.599
2018-03-21 00:21:21,230:INFO: Epoch 95/200
2018-03-21 00:21:30,718:INFO: - Train metrics: accuracy: 0.859 ; loss: 0.535
2018-03-21 00:21:31,391:INFO: - Eval metrics : accuracy: 0.506 ; loss: 2.362
2018-03-21 00:21:31,407:INFO: Epoch 96/200
2018-03-21 00:21:40,870:INFO: - Train metrics: accuracy: 0.879 ; loss: 0.499
2018-03-21 00:21:41,525:INFO: - Eval metrics : accuracy: 0.108 ; loss: 7.134
2018-03-21 00:21:41,541:INFO: Epoch 97/200
2018-03-21 00:21:51,026:INFO: - Train metrics: accuracy: 0.844 ; loss: 0.616
2018-03-21 00:21:51,660:INFO: - Eval metrics : accuracy: 0.326 ; loss: 3.719
2018-03-21 00:21:51,682:INFO: Epoch 98/200
2018-03-21 00:22:01,167:INFO: - Train metrics: accuracy: 0.914 ; loss: 0.398
2018-03-21 00:22:01,818:INFO: - Eval metrics : accuracy: 0.237 ; loss: 4.582
2018-03-21 00:22:01,847:INFO: Epoch 99/200
2018-03-21 00:22:11,334:INFO: - Train metrics: accuracy: 0.906 ; loss: 0.414
2018-03-21 00:22:12,036:INFO: - Eval metrics : accuracy: 0.400 ; loss: 3.138
2018-03-21 00:22:12,061:INFO: Epoch 100/200
2018-03-21 00:22:21,479:INFO: - Train metrics: accuracy: 0.867 ; loss: 0.589
2018-03-21 00:22:22,133:INFO: - Eval metrics : accuracy: 0.509 ; loss: 2.444
2018-03-21 00:22:22,149:INFO: Epoch 101/200
2018-03-21 00:22:31,574:INFO: - Train metrics: accuracy: 0.883 ; loss: 0.481
2018-03-21 00:22:32,225:INFO: - Eval metrics : accuracy: 0.300 ; loss: 4.293
2018-03-21 00:22:32,245:INFO: Epoch 102/200
2018-03-21 00:22:41,694:INFO: - Train metrics: accuracy: 0.906 ; loss: 0.437
2018-03-21 00:22:42,346:INFO: - Eval metrics : accuracy: 0.384 ; loss: 3.283
2018-03-21 00:22:42,363:INFO: Epoch 103/200
2018-03-21 00:22:51,870:INFO: - Train metrics: accuracy: 0.887 ; loss: 0.415
2018-03-21 00:22:52,547:INFO: - Eval metrics : accuracy: 0.467 ; loss: 2.767
2018-03-21 00:22:52,573:INFO: Epoch 104/200
2018-03-21 00:23:02,054:INFO: - Train metrics: accuracy: 0.906 ; loss: 0.447
2018-03-21 00:23:02,707:INFO: - Eval metrics : accuracy: 0.351 ; loss: 3.597
2018-03-21 00:23:02,719:INFO: Epoch 105/200
2018-03-21 00:23:12,161:INFO: - Train metrics: accuracy: 0.879 ; loss: 0.532
2018-03-21 00:23:12,797:INFO: - Eval metrics : accuracy: 0.514 ; loss: 2.445
2018-03-21 00:23:12,812:INFO: Epoch 106/200
2018-03-21 00:23:22,272:INFO: - Train metrics: accuracy: 0.863 ; loss: 0.570
2018-03-21 00:23:22,902:INFO: - Eval metrics : accuracy: 0.143 ; loss: 5.934
2018-03-21 00:23:22,918:INFO: Epoch 107/200
2018-03-21 00:23:32,372:INFO: - Train metrics: accuracy: 0.855 ; loss: 0.530
2018-03-21 00:23:33,016:INFO: - Eval metrics : accuracy: 0.200 ; loss: 4.701
2018-03-21 00:23:33,033:INFO: Epoch 108/200
2018-03-21 00:23:42,547:INFO: - Train metrics: accuracy: 0.887 ; loss: 0.520
2018-03-21 00:23:43,180:INFO: - Eval metrics : accuracy: 0.257 ; loss: 4.517
2018-03-21 00:23:43,195:INFO: Epoch 109/200
2018-03-21 00:23:52,638:INFO: - Train metrics: accuracy: 0.902 ; loss: 0.446
2018-03-21 00:23:53,274:INFO: - Eval metrics : accuracy: 0.329 ; loss: 3.895
2018-03-21 00:23:53,289:INFO: Epoch 110/200
2018-03-21 00:24:02,711:INFO: - Train metrics: accuracy: 0.895 ; loss: 0.506
2018-03-21 00:24:03,353:INFO: - Eval metrics : accuracy: 0.340 ; loss: 3.482
2018-03-21 00:24:03,369:INFO: Epoch 111/200
2018-03-21 00:24:12,921:INFO: - Train metrics: accuracy: 0.844 ; loss: 0.555
2018-03-21 00:24:13,591:INFO: - Eval metrics : accuracy: 0.272 ; loss: 4.413
2018-03-21 00:24:13,608:INFO: Epoch 112/200
2018-03-21 00:24:23,104:INFO: - Train metrics: accuracy: 0.871 ; loss: 0.541
2018-03-21 00:24:23,768:INFO: - Eval metrics : accuracy: 0.416 ; loss: 2.967
2018-03-21 00:24:23,784:INFO: Epoch 113/200
2018-03-21 00:24:33,258:INFO: - Train metrics: accuracy: 0.902 ; loss: 0.398
2018-03-21 00:24:33,914:INFO: - Eval metrics : accuracy: 0.108 ; loss: 7.789
2018-03-21 00:24:33,933:INFO: Epoch 114/200
2018-03-21 00:24:43,376:INFO: - Train metrics: accuracy: 0.910 ; loss: 0.449
2018-03-21 00:24:44,034:INFO: - Eval metrics : accuracy: 0.411 ; loss: 3.072
2018-03-21 00:24:44,050:INFO: Epoch 115/200
2018-03-21 00:24:53,530:INFO: - Train metrics: accuracy: 0.879 ; loss: 0.527
2018-03-21 00:24:54,203:INFO: - Eval metrics : accuracy: 0.371 ; loss: 3.532
2018-03-21 00:24:54,221:INFO: Epoch 116/200
2018-03-21 00:25:03,699:INFO: - Train metrics: accuracy: 0.902 ; loss: 0.458
2018-03-21 00:25:04,347:INFO: - Eval metrics : accuracy: 0.481 ; loss: 2.691
2018-03-21 00:25:04,362:INFO: Epoch 117/200
2018-03-21 00:25:13,775:INFO: - Train metrics: accuracy: 0.910 ; loss: 0.404
2018-03-21 00:25:14,432:INFO: - Eval metrics : accuracy: 0.211 ; loss: 4.478
2018-03-21 00:25:14,448:INFO: Epoch 118/200
2018-03-21 00:25:23,921:INFO: - Train metrics: accuracy: 0.887 ; loss: 0.444
2018-03-21 00:25:24,582:INFO: - Eval metrics : accuracy: 0.281 ; loss: 4.088
2018-03-21 00:25:24,605:INFO: Epoch 119/200
2018-03-21 00:25:34,088:INFO: - Train metrics: accuracy: 0.855 ; loss: 0.486
2018-03-21 00:25:34,744:INFO: - Eval metrics : accuracy: 0.103 ; loss: 6.727
2018-03-21 00:25:34,759:INFO: Epoch 120/200
2018-03-21 00:25:44,232:INFO: - Train metrics: accuracy: 0.891 ; loss: 0.484
2018-03-21 00:25:44,920:INFO: - Eval metrics : accuracy: 0.336 ; loss: 3.518
2018-03-21 00:25:44,937:INFO: Epoch 121/200
2018-03-21 00:25:54,434:INFO: - Train metrics: accuracy: 0.859 ; loss: 0.532
2018-03-21 00:25:55,078:INFO: - Eval metrics : accuracy: 0.425 ; loss: 2.980
2018-03-21 00:25:55,094:INFO: Epoch 122/200
2018-03-21 00:26:04,570:INFO: - Train metrics: accuracy: 0.902 ; loss: 0.396
2018-03-21 00:26:05,245:INFO: - Eval metrics : accuracy: 0.297 ; loss: 3.841
2018-03-21 00:26:05,257:INFO: Epoch 123/200
2018-03-21 00:26:14,695:INFO: - Train metrics: accuracy: 0.867 ; loss: 0.503
2018-03-21 00:26:15,364:INFO: - Eval metrics : accuracy: 0.311 ; loss: 4.161
2018-03-21 00:26:15,379:INFO: Epoch 124/200
2018-03-21 00:26:24,909:INFO: - Train metrics: accuracy: 0.867 ; loss: 0.531
2018-03-21 00:26:25,570:INFO: - Eval metrics : accuracy: 0.471 ; loss: 2.863
2018-03-21 00:26:25,589:INFO: Epoch 125/200
2018-03-21 00:26:35,087:INFO: - Train metrics: accuracy: 0.891 ; loss: 0.451
2018-03-21 00:26:35,739:INFO: - Eval metrics : accuracy: 0.472 ; loss: 2.723
2018-03-21 00:26:35,751:INFO: Epoch 126/200
2018-03-21 00:26:45,202:INFO: - Train metrics: accuracy: 0.902 ; loss: 0.456
2018-03-21 00:26:45,839:INFO: - Eval metrics : accuracy: 0.129 ; loss: 5.631
2018-03-21 00:26:45,854:INFO: Epoch 127/200
2018-03-21 00:26:55,358:INFO: - Train metrics: accuracy: 0.930 ; loss: 0.383
2018-03-21 00:26:55,980:INFO: - Eval metrics : accuracy: 0.273 ; loss: 4.095
2018-03-21 00:26:55,993:INFO: Epoch 128/200
2018-03-21 00:27:05,473:INFO: - Train metrics: accuracy: 0.898 ; loss: 0.434
2018-03-21 00:27:06,129:INFO: - Eval metrics : accuracy: 0.251 ; loss: 4.872
2018-03-21 00:27:06,151:INFO: Epoch 129/200
2018-03-21 00:27:15,662:INFO: - Train metrics: accuracy: 0.898 ; loss: 0.445
2018-03-21 00:27:16,328:INFO: - Eval metrics : accuracy: 0.383 ; loss: 3.346
2018-03-21 00:27:16,353:INFO: Epoch 130/200
2018-03-21 00:27:25,791:INFO: - Train metrics: accuracy: 0.887 ; loss: 0.487
2018-03-21 00:27:26,452:INFO: - Eval metrics : accuracy: 0.326 ; loss: 3.615
2018-03-21 00:27:26,476:INFO: Epoch 131/200
2018-03-21 00:27:35,938:INFO: - Train metrics: accuracy: 0.922 ; loss: 0.376
2018-03-21 00:27:36,591:INFO: - Eval metrics : accuracy: 0.427 ; loss: 2.908
2018-03-21 00:27:36,617:INFO: Epoch 132/200
2018-03-21 00:27:46,095:INFO: - Train metrics: accuracy: 0.883 ; loss: 0.499
2018-03-21 00:27:46,774:INFO: - Eval metrics : accuracy: 0.331 ; loss: 3.936
2018-03-21 00:27:46,789:INFO: Epoch 133/200
2018-03-21 00:27:56,255:INFO: - Train metrics: accuracy: 0.895 ; loss: 0.458
2018-03-21 00:27:56,900:INFO: - Eval metrics : accuracy: 0.375 ; loss: 3.171
2018-03-21 00:27:56,912:INFO: Epoch 134/200
2018-03-21 00:28:06,404:INFO: - Train metrics: accuracy: 0.883 ; loss: 0.492
2018-03-21 00:28:07,048:INFO: - Eval metrics : accuracy: 0.277 ; loss: 3.967
2018-03-21 00:28:07,069:INFO: Epoch 135/200
2018-03-21 00:28:16,501:INFO: - Train metrics: accuracy: 0.914 ; loss: 0.448
2018-03-21 00:28:17,152:INFO: - Eval metrics : accuracy: 0.396 ; loss: 3.183
2018-03-21 00:28:17,168:INFO: Epoch 136/200
2018-03-21 00:28:26,626:INFO: - Train metrics: accuracy: 0.902 ; loss: 0.470
2018-03-21 00:28:27,269:INFO: - Eval metrics : accuracy: 0.466 ; loss: 2.677
2018-03-21 00:28:27,282:INFO: Epoch 137/200
2018-03-21 00:28:36,755:INFO: - Train metrics: accuracy: 0.918 ; loss: 0.400
2018-03-21 00:28:37,432:INFO: - Eval metrics : accuracy: 0.453 ; loss: 2.806
2018-03-21 00:28:37,448:INFO: Epoch 138/200
2018-03-21 00:28:46,926:INFO: - Train metrics: accuracy: 0.879 ; loss: 0.463
2018-03-21 00:28:47,626:INFO: - Eval metrics : accuracy: 0.412 ; loss: 2.967
2018-03-21 00:28:47,653:INFO: Epoch 139/200
2018-03-21 00:28:57,144:INFO: - Train metrics: accuracy: 0.910 ; loss: 0.413
2018-03-21 00:28:57,815:INFO: - Eval metrics : accuracy: 0.213 ; loss: 4.711
2018-03-21 00:28:57,833:INFO: Epoch 140/200
2018-03-21 00:29:07,284:INFO: - Train metrics: accuracy: 0.887 ; loss: 0.461
2018-03-21 00:29:07,963:INFO: - Eval metrics : accuracy: 0.037 ; loss: 11.417
2018-03-21 00:29:07,979:INFO: Epoch 141/200
2018-03-21 00:29:17,438:INFO: - Train metrics: accuracy: 0.906 ; loss: 0.385
2018-03-21 00:29:18,116:INFO: - Eval metrics : accuracy: 0.347 ; loss: 3.880
2018-03-21 00:29:18,131:INFO: Epoch 142/200
2018-03-21 00:29:27,580:INFO: - Train metrics: accuracy: 0.914 ; loss: 0.402
2018-03-21 00:29:28,224:INFO: - Eval metrics : accuracy: 0.276 ; loss: 4.215
2018-03-21 00:29:28,236:INFO: Epoch 143/200
2018-03-21 00:29:37,732:INFO: - Train metrics: accuracy: 0.875 ; loss: 0.531
2018-03-21 00:29:38,369:INFO: - Eval metrics : accuracy: 0.312 ; loss: 3.644
2018-03-21 00:29:38,385:INFO: Epoch 144/200
2018-03-21 00:29:47,852:INFO: - Train metrics: accuracy: 0.902 ; loss: 0.436
2018-03-21 00:29:48,518:INFO: - Eval metrics : accuracy: 0.326 ; loss: 3.782
2018-03-21 00:29:48,545:INFO: Epoch 145/200
2018-03-21 00:29:57,999:INFO: - Train metrics: accuracy: 0.879 ; loss: 0.486
2018-03-21 00:29:58,671:INFO: - Eval metrics : accuracy: 0.472 ; loss: 2.728
2018-03-21 00:29:58,697:INFO: Epoch 146/200
2018-03-21 00:30:08,152:INFO: - Train metrics: accuracy: 0.914 ; loss: 0.390
2018-03-21 00:30:08,802:INFO: - Eval metrics : accuracy: 0.437 ; loss: 2.961
2018-03-21 00:30:08,836:INFO: Epoch 147/200
2018-03-21 00:30:18,257:INFO: - Train metrics: accuracy: 0.883 ; loss: 0.454
2018-03-21 00:30:18,903:INFO: - Eval metrics : accuracy: 0.365 ; loss: 3.566
2018-03-21 00:30:18,915:INFO: Epoch 148/200
2018-03-21 00:30:28,379:INFO: - Train metrics: accuracy: 0.918 ; loss: 0.396
2018-03-21 00:30:29,026:INFO: - Eval metrics : accuracy: 0.514 ; loss: 2.449
2018-03-21 00:30:29,041:INFO: Epoch 149/200
2018-03-21 00:30:38,466:INFO: - Train metrics: accuracy: 0.910 ; loss: 0.381
2018-03-21 00:30:39,142:INFO: - Eval metrics : accuracy: 0.525 ; loss: 2.392
2018-03-21 00:30:39,157:INFO: Epoch 150/200
2018-03-21 00:30:48,673:INFO: - Train metrics: accuracy: 0.906 ; loss: 0.432
2018-03-21 00:30:49,311:INFO: - Eval metrics : accuracy: 0.472 ; loss: 2.706
2018-03-21 00:30:49,327:INFO: Epoch 151/200
2018-03-21 00:30:58,814:INFO: - Train metrics: accuracy: 0.922 ; loss: 0.436
2018-03-21 00:30:59,467:INFO: - Eval metrics : accuracy: 0.204 ; loss: 4.936
2018-03-21 00:30:59,483:INFO: Epoch 152/200
2018-03-21 00:31:08,969:INFO: - Train metrics: accuracy: 0.926 ; loss: 0.402
2018-03-21 00:31:09,622:INFO: - Eval metrics : accuracy: 0.410 ; loss: 3.290
2018-03-21 00:31:09,641:INFO: Epoch 153/200
2018-03-21 00:31:19,073:INFO: - Train metrics: accuracy: 0.938 ; loss: 0.347
2018-03-21 00:31:19,694:INFO: - Eval metrics : accuracy: 0.264 ; loss: 4.171
2018-03-21 00:31:19,717:INFO: Epoch 154/200
2018-03-21 00:31:29,194:INFO: - Train metrics: accuracy: 0.902 ; loss: 0.349
2018-03-21 00:31:29,858:INFO: - Eval metrics : accuracy: 0.256 ; loss: 4.254
2018-03-21 00:31:29,884:INFO: Epoch 155/200
2018-03-21 00:31:39,325:INFO: - Train metrics: accuracy: 0.883 ; loss: 0.444
2018-03-21 00:31:40,005:INFO: - Eval metrics : accuracy: 0.364 ; loss: 3.382
2018-03-21 00:31:40,021:INFO: Epoch 156/200
2018-03-21 00:31:49,497:INFO: - Train metrics: accuracy: 0.891 ; loss: 0.402
2018-03-21 00:31:50,146:INFO: - Eval metrics : accuracy: 0.389 ; loss: 3.295
2018-03-21 00:31:50,165:INFO: Epoch 157/200
2018-03-21 00:31:59,639:INFO: - Train metrics: accuracy: 0.891 ; loss: 0.483
2018-03-21 00:32:00,292:INFO: - Eval metrics : accuracy: 0.205 ; loss: 5.603
2018-03-21 00:32:00,309:INFO: Epoch 158/200
2018-03-21 00:32:09,796:INFO: - Train metrics: accuracy: 0.902 ; loss: 0.426
2018-03-21 00:32:10,480:INFO: - Eval metrics : accuracy: 0.477 ; loss: 2.632
2018-03-21 00:32:10,496:INFO: Epoch 159/200
2018-03-21 00:32:19,965:INFO: - Train metrics: accuracy: 0.879 ; loss: 0.520
2018-03-21 00:32:20,607:INFO: - Eval metrics : accuracy: 0.321 ; loss: 3.728
2018-03-21 00:32:20,647:INFO: Epoch 160/200
2018-03-21 00:32:30,087:INFO: - Train metrics: accuracy: 0.926 ; loss: 0.357
2018-03-21 00:32:30,749:INFO: - Eval metrics : accuracy: 0.461 ; loss: 2.819
2018-03-21 00:32:30,765:INFO: Epoch 161/200
2018-03-21 00:32:40,188:INFO: - Train metrics: accuracy: 0.875 ; loss: 0.509
2018-03-21 00:32:40,819:INFO: - Eval metrics : accuracy: 0.398 ; loss: 3.064
2018-03-21 00:32:40,833:INFO: Epoch 162/200
2018-03-21 00:32:50,270:INFO: - Train metrics: accuracy: 0.918 ; loss: 0.412
2018-03-21 00:32:50,902:INFO: - Eval metrics : accuracy: 0.319 ; loss: 3.728
2018-03-21 00:32:50,929:INFO: Epoch 163/200
2018-03-21 00:33:00,402:INFO: - Train metrics: accuracy: 0.895 ; loss: 0.435
2018-03-21 00:33:01,072:INFO: - Eval metrics : accuracy: 0.161 ; loss: 5.408
2018-03-21 00:33:01,087:INFO: Epoch 164/200
2018-03-21 00:33:10,527:INFO: - Train metrics: accuracy: 0.922 ; loss: 0.376
2018-03-21 00:33:11,206:INFO: - Eval metrics : accuracy: 0.273 ; loss: 4.004
2018-03-21 00:33:11,233:INFO: Epoch 165/200
2018-03-21 00:33:20,653:INFO: - Train metrics: accuracy: 0.883 ; loss: 0.457
2018-03-21 00:33:21,303:INFO: - Eval metrics : accuracy: 0.213 ; loss: 4.581
2018-03-21 00:33:21,325:INFO: Epoch 166/200
2018-03-21 00:33:30,775:INFO: - Train metrics: accuracy: 0.906 ; loss: 0.431
2018-03-21 00:33:31,422:INFO: - Eval metrics : accuracy: 0.407 ; loss: 3.102
2018-03-21 00:33:31,445:INFO: Epoch 167/200
2018-03-21 00:33:40,927:INFO: - Train metrics: accuracy: 0.867 ; loss: 0.505
2018-03-21 00:33:41,598:INFO: - Eval metrics : accuracy: 0.279 ; loss: 4.294
2018-03-21 00:33:41,625:INFO: Epoch 168/200
2018-03-21 00:33:51,035:INFO: - Train metrics: accuracy: 0.902 ; loss: 0.409
2018-03-21 00:33:51,705:INFO: - Eval metrics : accuracy: 0.182 ; loss: 5.652
2018-03-21 00:33:51,721:INFO: Epoch 169/200
2018-03-21 00:34:01,194:INFO: - Train metrics: accuracy: 0.887 ; loss: 0.462
2018-03-21 00:34:01,871:INFO: - Eval metrics : accuracy: 0.253 ; loss: 4.474
2018-03-21 00:34:01,883:INFO: Epoch 170/200
2018-03-21 00:34:11,376:INFO: - Train metrics: accuracy: 0.902 ; loss: 0.377
2018-03-21 00:34:12,040:INFO: - Eval metrics : accuracy: 0.370 ; loss: 3.292
2018-03-21 00:34:12,055:INFO: Epoch 171/200
2018-03-21 00:34:21,552:INFO: - Train metrics: accuracy: 0.902 ; loss: 0.477
2018-03-21 00:34:22,223:INFO: - Eval metrics : accuracy: 0.390 ; loss: 3.234
2018-03-21 00:34:22,239:INFO: Epoch 172/200
2018-03-21 00:34:31,695:INFO: - Train metrics: accuracy: 0.902 ; loss: 0.435
2018-03-21 00:34:32,344:INFO: - Eval metrics : accuracy: 0.203 ; loss: 4.868
2018-03-21 00:34:32,361:INFO: Epoch 173/200
2018-03-21 00:34:41,826:INFO: - Train metrics: accuracy: 0.875 ; loss: 0.465
2018-03-21 00:34:42,465:INFO: - Eval metrics : accuracy: 0.211 ; loss: 5.152
2018-03-21 00:34:42,477:INFO: Epoch 174/200
2018-03-21 00:34:51,926:INFO: - Train metrics: accuracy: 0.930 ; loss: 0.378
2018-03-21 00:34:52,564:INFO: - Eval metrics : accuracy: 0.074 ; loss: 7.164
2018-03-21 00:34:52,579:INFO: Epoch 175/200
2018-03-21 00:35:02,029:INFO: - Train metrics: accuracy: 0.934 ; loss: 0.330
2018-03-21 00:35:02,662:INFO: - Eval metrics : accuracy: 0.189 ; loss: 5.651
2018-03-21 00:35:02,685:INFO: Epoch 176/200
2018-03-21 00:35:12,189:INFO: - Train metrics: accuracy: 0.898 ; loss: 0.476
2018-03-21 00:35:12,844:INFO: - Eval metrics : accuracy: 0.470 ; loss: 2.818
2018-03-21 00:35:12,860:INFO: Epoch 177/200
2018-03-21 00:35:22,384:INFO: - Train metrics: accuracy: 0.871 ; loss: 0.523
2018-03-21 00:35:23,028:INFO: - Eval metrics : accuracy: 0.234 ; loss: 4.952
2018-03-21 00:35:23,044:INFO: Epoch 178/200
2018-03-21 00:35:32,472:INFO: - Train metrics: accuracy: 0.934 ; loss: 0.333
2018-03-21 00:35:33,130:INFO: - Eval metrics : accuracy: 0.515 ; loss: 2.421
2018-03-21 00:35:33,162:INFO: Epoch 179/200
2018-03-21 00:35:42,587:INFO: - Train metrics: accuracy: 0.902 ; loss: 0.462
2018-03-21 00:35:43,235:INFO: - Eval metrics : accuracy: 0.130 ; loss: 7.137
2018-03-21 00:35:43,253:INFO: Epoch 180/200
2018-03-21 00:35:52,745:INFO: - Train metrics: accuracy: 0.938 ; loss: 0.332
2018-03-21 00:35:53,403:INFO: - Eval metrics : accuracy: 0.385 ; loss: 3.322
2018-03-21 00:35:53,419:INFO: Epoch 181/200
2018-03-21 00:36:02,870:INFO: - Train metrics: accuracy: 0.922 ; loss: 0.383
2018-03-21 00:36:03,559:INFO: - Eval metrics : accuracy: 0.231 ; loss: 4.717
2018-03-21 00:36:03,593:INFO: Epoch 182/200
2018-03-21 00:36:13,098:INFO: - Train metrics: accuracy: 0.902 ; loss: 0.487
2018-03-21 00:36:13,764:INFO: - Eval metrics : accuracy: 0.423 ; loss: 3.154
2018-03-21 00:36:13,797:INFO: Epoch 183/200
2018-03-21 00:36:23,225:INFO: - Train metrics: accuracy: 0.922 ; loss: 0.370
2018-03-21 00:36:23,860:INFO: - Eval metrics : accuracy: 0.515 ; loss: 2.423
2018-03-21 00:36:23,872:INFO: Epoch 184/200
2018-03-21 00:36:33,345:INFO: - Train metrics: accuracy: 0.930 ; loss: 0.366
2018-03-21 00:36:34,011:INFO: - Eval metrics : accuracy: 0.459 ; loss: 2.866
2018-03-21 00:36:34,035:INFO: Epoch 185/200
2018-03-21 00:36:43,475:INFO: - Train metrics: accuracy: 0.898 ; loss: 0.395
2018-03-21 00:36:44,147:INFO: - Eval metrics : accuracy: 0.462 ; loss: 2.764
2018-03-21 00:36:44,169:INFO: Epoch 186/200
2018-03-21 00:36:53,619:INFO: - Train metrics: accuracy: 0.902 ; loss: 0.446
2018-03-21 00:36:54,274:INFO: - Eval metrics : accuracy: 0.445 ; loss: 2.812
2018-03-21 00:36:54,287:INFO: Epoch 187/200
2018-03-21 00:37:03,747:INFO: - Train metrics: accuracy: 0.891 ; loss: 0.454
2018-03-21 00:37:04,417:INFO: - Eval metrics : accuracy: 0.328 ; loss: 3.672
2018-03-21 00:37:04,432:INFO: Epoch 188/200
2018-03-21 00:37:13,887:INFO: - Train metrics: accuracy: 0.883 ; loss: 0.441
2018-03-21 00:37:14,570:INFO: - Eval metrics : accuracy: 0.392 ; loss: 3.356
2018-03-21 00:37:14,604:INFO: Epoch 189/200
2018-03-21 00:37:24,058:INFO: - Train metrics: accuracy: 0.902 ; loss: 0.428
2018-03-21 00:37:24,716:INFO: - Eval metrics : accuracy: 0.106 ; loss: 6.475
2018-03-21 00:37:24,733:INFO: Epoch 190/200
2018-03-21 00:37:34,216:INFO: - Train metrics: accuracy: 0.902 ; loss: 0.395
2018-03-21 00:37:34,843:INFO: - Eval metrics : accuracy: 0.379 ; loss: 3.236
2018-03-21 00:37:34,865:INFO: Epoch 191/200
2018-03-21 00:37:44,286:INFO: - Train metrics: accuracy: 0.902 ; loss: 0.447
2018-03-21 00:37:44,926:INFO: - Eval metrics : accuracy: 0.250 ; loss: 4.793
2018-03-21 00:37:44,965:INFO: Epoch 192/200
2018-03-21 00:37:54,373:INFO: - Train metrics: accuracy: 0.926 ; loss: 0.390
2018-03-21 00:37:55,075:INFO: - Eval metrics : accuracy: 0.292 ; loss: 3.814
2018-03-21 00:37:55,091:INFO: Epoch 193/200
2018-03-21 00:38:04,573:INFO: - Train metrics: accuracy: 0.914 ; loss: 0.424
2018-03-21 00:38:05,201:INFO: - Eval metrics : accuracy: 0.279 ; loss: 4.213
2018-03-21 00:38:05,217:INFO: Epoch 194/200
2018-03-21 00:38:14,660:INFO: - Train metrics: accuracy: 0.891 ; loss: 0.414
2018-03-21 00:38:15,317:INFO: - Eval metrics : accuracy: 0.392 ; loss: 3.377
2018-03-21 00:38:15,333:INFO: Epoch 195/200
2018-03-21 00:38:24,774:INFO: - Train metrics: accuracy: 0.941 ; loss: 0.326
2018-03-21 00:38:25,418:INFO: - Eval metrics : accuracy: 0.229 ; loss: 4.604
2018-03-21 00:38:25,441:INFO: Epoch 196/200
2018-03-21 00:38:34,936:INFO: - Train metrics: accuracy: 0.898 ; loss: 0.430
2018-03-21 00:38:35,618:INFO: - Eval metrics : accuracy: 0.224 ; loss: 4.457
2018-03-21 00:38:35,635:INFO: Epoch 197/200
2018-03-21 00:38:45,092:INFO: - Train metrics: accuracy: 0.918 ; loss: 0.365
2018-03-21 00:38:45,726:INFO: - Eval metrics : accuracy: 0.467 ; loss: 2.699
2018-03-21 00:38:45,754:INFO: Epoch 198/200
2018-03-21 00:38:55,224:INFO: - Train metrics: accuracy: 0.902 ; loss: 0.424
2018-03-21 00:38:55,881:INFO: - Eval metrics : accuracy: 0.418 ; loss: 2.917
2018-03-21 00:38:55,896:INFO: Epoch 199/200
2018-03-21 00:39:05,337:INFO: - Train metrics: accuracy: 0.898 ; loss: 0.389
2018-03-21 00:39:05,998:INFO: - Eval metrics : accuracy: 0.200 ; loss: 5.088
2018-03-21 00:39:06,017:INFO: Epoch 200/200
2018-03-21 00:39:15,484:INFO: - Train metrics: accuracy: 0.910 ; loss: 0.445
2018-03-21 00:39:16,173:INFO: - Eval metrics : accuracy: 0.289 ; loss: 3.972
