2018-03-20 05:46:33,812:INFO: Loading the datasets...
2018-03-20 05:46:33,875:INFO: - done.
2018-03-20 05:46:36,178:INFO: Starting training for 40 epoch(s)
2018-03-20 05:46:36,178:INFO: Epoch 1/40
2018-03-20 05:46:48,266:INFO: - Train metrics: accuracy: 0.027 ; loss: 5.455
2018-03-20 05:46:48,870:INFO: - Eval metrics : accuracy: 0.015 ; loss: 5.154
2018-03-20 05:46:48,887:INFO: - Found new lowest loss
2018-03-20 05:46:48,888:INFO: Epoch 2/40
2018-03-20 05:47:00,353:INFO: - Train metrics: accuracy: 0.062 ; loss: 4.745
2018-03-20 05:47:00,964:INFO: - Eval metrics : accuracy: 0.113 ; loss: 4.345
2018-03-20 05:47:01,113:INFO: - Found new lowest loss
2018-03-20 05:47:01,114:INFO: Epoch 3/40
2018-03-20 05:47:12,558:INFO: - Train metrics: accuracy: 0.117 ; loss: 4.124
2018-03-20 05:47:13,154:INFO: - Eval metrics : accuracy: 0.097 ; loss: 4.371
2018-03-20 05:47:13,170:INFO: Epoch 4/40
2018-03-20 05:47:24,606:INFO: - Train metrics: accuracy: 0.152 ; loss: 3.905
2018-03-20 05:47:25,197:INFO: - Eval metrics : accuracy: 0.039 ; loss: 5.541
2018-03-20 05:47:25,209:INFO: Epoch 5/40
2018-03-20 05:47:36,670:INFO: - Train metrics: accuracy: 0.273 ; loss: 3.402
2018-03-20 05:47:37,294:INFO: - Eval metrics : accuracy: 0.270 ; loss: 3.314
2018-03-20 05:47:37,322:INFO: - Found new lowest loss
2018-03-20 05:47:37,323:INFO: Epoch 6/40
2018-03-20 05:47:48,766:INFO: - Train metrics: accuracy: 0.316 ; loss: 3.057
2018-03-20 05:47:49,390:INFO: - Eval metrics : accuracy: 0.056 ; loss: 5.830
2018-03-20 05:47:49,406:INFO: Epoch 7/40
2018-03-20 05:48:00,820:INFO: - Train metrics: accuracy: 0.250 ; loss: 3.107
2018-03-20 05:48:01,441:INFO: - Eval metrics : accuracy: 0.169 ; loss: 3.934
2018-03-20 05:48:01,461:INFO: Epoch 8/40
2018-03-20 05:48:12,863:INFO: - Train metrics: accuracy: 0.359 ; loss: 2.695
2018-03-20 05:48:13,458:INFO: - Eval metrics : accuracy: 0.169 ; loss: 3.907
2018-03-20 05:48:13,488:INFO: Epoch 9/40
2018-03-20 05:48:24,901:INFO: - Train metrics: accuracy: 0.348 ; loss: 2.596
2018-03-20 05:48:25,533:INFO: - Eval metrics : accuracy: 0.087 ; loss: 4.848
2018-03-20 05:48:25,550:INFO: Epoch 10/40
2018-03-20 05:48:36,949:INFO: - Train metrics: accuracy: 0.383 ; loss: 2.461
2018-03-20 05:48:37,551:INFO: - Eval metrics : accuracy: 0.084 ; loss: 4.765
2018-03-20 05:48:37,580:INFO: Epoch 11/40
2018-03-20 05:48:48,961:INFO: - Train metrics: accuracy: 0.434 ; loss: 2.162
2018-03-20 05:48:49,551:INFO: - Eval metrics : accuracy: 0.328 ; loss: 2.817
2018-03-20 05:48:49,579:INFO: - Found new lowest loss
2018-03-20 05:48:49,580:INFO: Epoch 12/40
2018-03-20 05:49:00,979:INFO: - Train metrics: accuracy: 0.465 ; loss: 2.147
2018-03-20 05:49:01,558:INFO: - Eval metrics : accuracy: 0.110 ; loss: 5.036
2018-03-20 05:49:01,574:INFO: Epoch 13/40
2018-03-20 05:49:12,998:INFO: - Train metrics: accuracy: 0.512 ; loss: 2.043
2018-03-20 05:49:13,605:INFO: - Eval metrics : accuracy: 0.400 ; loss: 2.427
2018-03-20 05:49:13,633:INFO: - Found new lowest loss
2018-03-20 05:49:13,634:INFO: Epoch 14/40
2018-03-20 05:49:25,062:INFO: - Train metrics: accuracy: 0.531 ; loss: 1.863
2018-03-20 05:49:25,665:INFO: - Eval metrics : accuracy: 0.092 ; loss: 5.344
2018-03-20 05:49:25,681:INFO: Epoch 15/40
2018-03-20 05:49:37,073:INFO: - Train metrics: accuracy: 0.523 ; loss: 1.871
2018-03-20 05:49:37,654:INFO: - Eval metrics : accuracy: 0.139 ; loss: 4.608
2018-03-20 05:49:37,669:INFO: Epoch 16/40
2018-03-20 05:49:49,086:INFO: - Train metrics: accuracy: 0.621 ; loss: 1.633
2018-03-20 05:49:49,700:INFO: - Eval metrics : accuracy: 0.570 ; loss: 1.662
2018-03-20 05:49:49,729:INFO: - Found new lowest loss
2018-03-20 05:49:49,730:INFO: Epoch 17/40
2018-03-20 05:50:01,134:INFO: - Train metrics: accuracy: 0.547 ; loss: 1.858
2018-03-20 05:50:01,766:INFO: - Eval metrics : accuracy: 0.502 ; loss: 2.024
2018-03-20 05:50:01,785:INFO: Epoch 18/40
2018-03-20 05:50:13,206:INFO: - Train metrics: accuracy: 0.543 ; loss: 1.724
2018-03-20 05:50:13,813:INFO: - Eval metrics : accuracy: 0.247 ; loss: 3.692
2018-03-20 05:50:13,829:INFO: Epoch 19/40
2018-03-20 05:50:25,211:INFO: - Train metrics: accuracy: 0.609 ; loss: 1.512
2018-03-20 05:50:25,817:INFO: - Eval metrics : accuracy: 0.405 ; loss: 2.529
2018-03-20 05:50:25,833:INFO: Epoch 20/40
2018-03-20 05:50:37,213:INFO: - Train metrics: accuracy: 0.555 ; loss: 1.777
2018-03-20 05:50:37,823:INFO: - Eval metrics : accuracy: 0.136 ; loss: 4.477
2018-03-20 05:50:37,841:INFO: Epoch 21/40
2018-03-20 05:50:49,258:INFO: - Train metrics: accuracy: 0.562 ; loss: 1.530
2018-03-20 05:50:49,871:INFO: - Eval metrics : accuracy: 0.092 ; loss: 5.758
2018-03-20 05:50:49,887:INFO: Epoch 22/40
2018-03-20 05:51:01,267:INFO: - Train metrics: accuracy: 0.617 ; loss: 1.490
2018-03-20 05:51:01,870:INFO: - Eval metrics : accuracy: 0.251 ; loss: 3.574
2018-03-20 05:51:01,895:INFO: Epoch 23/40
2018-03-20 05:51:13,290:INFO: - Train metrics: accuracy: 0.559 ; loss: 1.598
2018-03-20 05:51:13,921:INFO: - Eval metrics : accuracy: 0.472 ; loss: 2.042
2018-03-20 05:51:13,955:INFO: Epoch 24/40
2018-03-20 05:51:25,349:INFO: - Train metrics: accuracy: 0.703 ; loss: 1.296
2018-03-20 05:51:25,955:INFO: - Eval metrics : accuracy: 0.359 ; loss: 2.665
2018-03-20 05:51:25,970:INFO: Epoch 25/40
2018-03-20 05:51:37,370:INFO: - Train metrics: accuracy: 0.586 ; loss: 1.473
2018-03-20 05:51:37,974:INFO: - Eval metrics : accuracy: 0.315 ; loss: 2.825
2018-03-20 05:51:37,991:INFO: Epoch 26/40
2018-03-20 05:51:49,369:INFO: - Train metrics: accuracy: 0.586 ; loss: 1.525
2018-03-20 05:51:49,976:INFO: - Eval metrics : accuracy: 0.600 ; loss: 1.544
2018-03-20 05:51:50,004:INFO: - Found new lowest loss
2018-03-20 05:51:50,005:INFO: Epoch 27/40
2018-03-20 05:52:01,411:INFO: - Train metrics: accuracy: 0.629 ; loss: 1.369
2018-03-20 05:52:02,027:INFO: - Eval metrics : accuracy: 0.381 ; loss: 2.663
2018-03-20 05:52:02,043:INFO: Epoch 28/40
2018-03-20 05:52:13,450:INFO: - Train metrics: accuracy: 0.629 ; loss: 1.348
2018-03-20 05:52:14,060:INFO: - Eval metrics : accuracy: 0.557 ; loss: 1.784
2018-03-20 05:52:14,076:INFO: Epoch 29/40
2018-03-20 05:52:25,496:INFO: - Train metrics: accuracy: 0.621 ; loss: 1.331
2018-03-20 05:52:26,115:INFO: - Eval metrics : accuracy: 0.324 ; loss: 3.094
2018-03-20 05:52:26,131:INFO: Epoch 30/40
2018-03-20 05:52:37,515:INFO: - Train metrics: accuracy: 0.703 ; loss: 1.148
2018-03-20 05:52:38,145:INFO: - Eval metrics : accuracy: 0.209 ; loss: 3.840
2018-03-20 05:52:38,169:INFO: Epoch 31/40
2018-03-20 05:52:49,618:INFO: - Train metrics: accuracy: 0.703 ; loss: 1.161
2018-03-20 05:52:50,239:INFO: - Eval metrics : accuracy: 0.599 ; loss: 1.505
2018-03-20 05:52:50,282:INFO: - Found new lowest loss
2018-03-20 05:52:50,282:INFO: Epoch 32/40
2018-03-20 05:53:01,675:INFO: - Train metrics: accuracy: 0.645 ; loss: 1.316
2018-03-20 05:53:02,275:INFO: - Eval metrics : accuracy: 0.077 ; loss: 5.578
2018-03-20 05:53:02,293:INFO: Epoch 33/40
2018-03-20 05:53:13,673:INFO: - Train metrics: accuracy: 0.703 ; loss: 1.061
2018-03-20 05:53:14,279:INFO: - Eval metrics : accuracy: 0.206 ; loss: 3.946
2018-03-20 05:53:14,295:INFO: Epoch 34/40
2018-03-20 05:53:25,704:INFO: - Train metrics: accuracy: 0.715 ; loss: 1.009
2018-03-20 05:53:26,298:INFO: - Eval metrics : accuracy: 0.077 ; loss: 6.326
2018-03-20 05:53:26,321:INFO: Epoch 35/40
2018-03-20 05:53:37,714:INFO: - Train metrics: accuracy: 0.684 ; loss: 1.137
2018-03-20 05:53:38,327:INFO: - Eval metrics : accuracy: 0.230 ; loss: 3.883
2018-03-20 05:53:38,343:INFO: Epoch 36/40
2018-03-20 05:53:49,721:INFO: - Train metrics: accuracy: 0.660 ; loss: 1.200
2018-03-20 05:53:50,329:INFO: - Eval metrics : accuracy: 0.329 ; loss: 3.272
2018-03-20 05:53:50,345:INFO: Epoch 37/40
2018-03-20 05:54:01,710:INFO: - Train metrics: accuracy: 0.727 ; loss: 1.055
2018-03-20 05:54:02,326:INFO: - Eval metrics : accuracy: 0.654 ; loss: 1.334
2018-03-20 05:54:02,355:INFO: - Found new lowest loss
2018-03-20 05:54:02,356:INFO: Epoch 38/40
2018-03-20 05:54:13,775:INFO: - Train metrics: accuracy: 0.691 ; loss: 0.992
2018-03-20 05:54:14,381:INFO: - Eval metrics : accuracy: 0.753 ; loss: 0.917
2018-03-20 05:54:14,409:INFO: - Found new lowest loss
2018-03-20 05:54:14,410:INFO: Epoch 39/40
2018-03-20 05:54:25,800:INFO: - Train metrics: accuracy: 0.777 ; loss: 0.830
2018-03-20 05:54:26,400:INFO: - Eval metrics : accuracy: 0.341 ; loss: 2.897
2018-03-20 05:54:26,412:INFO: Epoch 40/40
2018-03-20 05:54:37,776:INFO: - Train metrics: accuracy: 0.699 ; loss: 1.065
2018-03-20 05:54:38,399:INFO: - Eval metrics : accuracy: 0.225 ; loss: 4.872
