2018-03-21 02:21:26,966:INFO: Loading the datasets...
2018-03-21 02:21:27,018:INFO: - done.
2018-03-21 02:21:29,289:INFO: Starting training for 200 epoch(s)
2018-03-21 02:21:29,289:INFO: Epoch 1/200
2018-03-21 02:21:39,433:INFO: - Train metrics: accuracy: 0.027 ; loss: 5.920
2018-03-21 02:21:40,110:INFO: - Eval metrics : accuracy: 0.024 ; loss: 5.622
2018-03-21 02:21:40,128:INFO: - Found new lowest loss
2018-03-21 02:21:40,129:INFO: Epoch 2/200
2018-03-21 02:21:49,654:INFO: - Train metrics: accuracy: 0.031 ; loss: 5.306
2018-03-21 02:21:50,314:INFO: - Eval metrics : accuracy: 0.085 ; loss: 5.059
2018-03-21 02:21:50,342:INFO: - Found new lowest loss
2018-03-21 02:21:50,342:INFO: Epoch 3/200
2018-03-21 02:21:59,855:INFO: - Train metrics: accuracy: 0.102 ; loss: 4.878
2018-03-21 02:22:00,522:INFO: - Eval metrics : accuracy: 0.116 ; loss: 4.697
2018-03-21 02:22:00,553:INFO: - Found new lowest loss
2018-03-21 02:22:00,554:INFO: Epoch 4/200
2018-03-21 02:22:10,037:INFO: - Train metrics: accuracy: 0.148 ; loss: 4.485
2018-03-21 02:22:10,691:INFO: - Eval metrics : accuracy: 0.143 ; loss: 4.445
2018-03-21 02:22:10,720:INFO: - Found new lowest loss
2018-03-21 02:22:10,721:INFO: Epoch 5/200
2018-03-21 02:22:20,200:INFO: - Train metrics: accuracy: 0.199 ; loss: 4.173
2018-03-21 02:22:20,859:INFO: - Eval metrics : accuracy: 0.234 ; loss: 4.016
2018-03-21 02:22:20,886:INFO: - Found new lowest loss
2018-03-21 02:22:20,887:INFO: Epoch 6/200
2018-03-21 02:22:30,406:INFO: - Train metrics: accuracy: 0.191 ; loss: 3.770
2018-03-21 02:22:31,081:INFO: - Eval metrics : accuracy: 0.102 ; loss: 4.886
2018-03-21 02:22:31,093:INFO: Epoch 7/200
2018-03-21 02:22:40,646:INFO: - Train metrics: accuracy: 0.316 ; loss: 3.262
2018-03-21 02:22:41,315:INFO: - Eval metrics : accuracy: 0.048 ; loss: 5.825
2018-03-21 02:22:41,330:INFO: Epoch 8/200
2018-03-21 02:22:50,824:INFO: - Train metrics: accuracy: 0.332 ; loss: 3.190
2018-03-21 02:22:51,488:INFO: - Eval metrics : accuracy: 0.045 ; loss: 5.704
2018-03-21 02:22:51,521:INFO: Epoch 9/200
2018-03-21 02:23:00,987:INFO: - Train metrics: accuracy: 0.348 ; loss: 3.061
2018-03-21 02:23:01,642:INFO: - Eval metrics : accuracy: 0.012 ; loss: 9.463
2018-03-21 02:23:01,658:INFO: Epoch 10/200
2018-03-21 02:23:11,181:INFO: - Train metrics: accuracy: 0.418 ; loss: 2.638
2018-03-21 02:23:11,840:INFO: - Eval metrics : accuracy: 0.218 ; loss: 3.942
2018-03-21 02:23:11,869:INFO: - Found new lowest loss
2018-03-21 02:23:11,870:INFO: Epoch 11/200
2018-03-21 02:23:21,346:INFO: - Train metrics: accuracy: 0.449 ; loss: 2.888
2018-03-21 02:23:22,018:INFO: - Eval metrics : accuracy: 0.305 ; loss: 3.324
2018-03-21 02:23:22,054:INFO: - Found new lowest loss
2018-03-21 02:23:22,055:INFO: Epoch 12/200
2018-03-21 02:23:31,557:INFO: - Train metrics: accuracy: 0.438 ; loss: 2.589
2018-03-21 02:23:32,228:INFO: - Eval metrics : accuracy: 0.085 ; loss: 5.578
2018-03-21 02:23:32,244:INFO: Epoch 13/200
2018-03-21 02:23:41,741:INFO: - Train metrics: accuracy: 0.473 ; loss: 2.476
2018-03-21 02:23:42,391:INFO: - Eval metrics : accuracy: 0.059 ; loss: 6.063
2018-03-21 02:23:42,409:INFO: Epoch 14/200
2018-03-21 02:23:51,927:INFO: - Train metrics: accuracy: 0.492 ; loss: 2.423
2018-03-21 02:23:52,607:INFO: - Eval metrics : accuracy: 0.070 ; loss: 6.090
2018-03-21 02:23:52,625:INFO: Epoch 15/200
2018-03-21 02:24:02,144:INFO: - Train metrics: accuracy: 0.438 ; loss: 2.465
2018-03-21 02:24:02,818:INFO: - Eval metrics : accuracy: 0.241 ; loss: 3.822
2018-03-21 02:24:02,841:INFO: Epoch 16/200
2018-03-21 02:24:12,377:INFO: - Train metrics: accuracy: 0.480 ; loss: 2.380
2018-03-21 02:24:13,027:INFO: - Eval metrics : accuracy: 0.075 ; loss: 6.185
2018-03-21 02:24:13,040:INFO: Epoch 17/200
2018-03-21 02:24:22,543:INFO: - Train metrics: accuracy: 0.527 ; loss: 1.995
2018-03-21 02:24:23,220:INFO: - Eval metrics : accuracy: 0.055 ; loss: 6.243
2018-03-21 02:24:23,236:INFO: Epoch 18/200
2018-03-21 02:24:32,761:INFO: - Train metrics: accuracy: 0.512 ; loss: 2.080
2018-03-21 02:24:33,419:INFO: - Eval metrics : accuracy: 0.193 ; loss: 4.307
2018-03-21 02:24:33,435:INFO: Epoch 19/200
2018-03-21 02:24:43,006:INFO: - Train metrics: accuracy: 0.523 ; loss: 2.036
2018-03-21 02:24:43,650:INFO: - Eval metrics : accuracy: 0.215 ; loss: 4.319
2018-03-21 02:24:43,667:INFO: Epoch 20/200
2018-03-21 02:24:53,189:INFO: - Train metrics: accuracy: 0.566 ; loss: 1.931
2018-03-21 02:24:53,827:INFO: - Eval metrics : accuracy: 0.488 ; loss: 2.393
2018-03-21 02:24:53,861:INFO: - Found new lowest loss
2018-03-21 02:24:53,862:INFO: Epoch 21/200
2018-03-21 02:25:03,328:INFO: - Train metrics: accuracy: 0.578 ; loss: 1.813
2018-03-21 02:25:04,001:INFO: - Eval metrics : accuracy: 0.261 ; loss: 3.943
2018-03-21 02:25:04,037:INFO: Epoch 22/200
2018-03-21 02:25:13,550:INFO: - Train metrics: accuracy: 0.625 ; loss: 1.654
2018-03-21 02:25:14,244:INFO: - Eval metrics : accuracy: 0.278 ; loss: 3.625
2018-03-21 02:25:14,260:INFO: Epoch 23/200
2018-03-21 02:25:23,785:INFO: - Train metrics: accuracy: 0.602 ; loss: 1.750
2018-03-21 02:25:24,436:INFO: - Eval metrics : accuracy: 0.429 ; loss: 2.631
2018-03-21 02:25:24,448:INFO: Epoch 24/200
2018-03-21 02:25:33,967:INFO: - Train metrics: accuracy: 0.609 ; loss: 1.698
2018-03-21 02:25:34,652:INFO: - Eval metrics : accuracy: 0.121 ; loss: 5.906
2018-03-21 02:25:34,680:INFO: Epoch 25/200
2018-03-21 02:25:44,225:INFO: - Train metrics: accuracy: 0.617 ; loss: 1.691
2018-03-21 02:25:44,886:INFO: - Eval metrics : accuracy: 0.392 ; loss: 2.883
2018-03-21 02:25:44,905:INFO: Epoch 26/200
2018-03-21 02:25:54,433:INFO: - Train metrics: accuracy: 0.645 ; loss: 1.552
2018-03-21 02:25:55,062:INFO: - Eval metrics : accuracy: 0.231 ; loss: 4.006
2018-03-21 02:25:55,089:INFO: Epoch 27/200
2018-03-21 02:26:04,582:INFO: - Train metrics: accuracy: 0.625 ; loss: 1.599
2018-03-21 02:26:05,238:INFO: - Eval metrics : accuracy: 0.115 ; loss: 5.670
2018-03-21 02:26:05,250:INFO: Epoch 28/200
2018-03-21 02:26:14,743:INFO: - Train metrics: accuracy: 0.715 ; loss: 1.224
2018-03-21 02:26:15,438:INFO: - Eval metrics : accuracy: 0.009 ; loss: 10.572
2018-03-21 02:26:15,455:INFO: Epoch 29/200
2018-03-21 02:26:25,016:INFO: - Train metrics: accuracy: 0.684 ; loss: 1.328
2018-03-21 02:26:25,675:INFO: - Eval metrics : accuracy: 0.029 ; loss: 8.119
2018-03-21 02:26:25,693:INFO: Epoch 30/200
2018-03-21 02:26:35,232:INFO: - Train metrics: accuracy: 0.652 ; loss: 1.509
2018-03-21 02:26:35,893:INFO: - Eval metrics : accuracy: 0.245 ; loss: 4.292
2018-03-21 02:26:35,912:INFO: Epoch 31/200
2018-03-21 02:26:45,413:INFO: - Train metrics: accuracy: 0.699 ; loss: 1.223
2018-03-21 02:26:46,079:INFO: - Eval metrics : accuracy: 0.081 ; loss: 6.806
2018-03-21 02:26:46,091:INFO: Epoch 32/200
2018-03-21 02:26:55,572:INFO: - Train metrics: accuracy: 0.656 ; loss: 1.449
2018-03-21 02:26:56,221:INFO: - Eval metrics : accuracy: 0.058 ; loss: 6.835
2018-03-21 02:26:56,237:INFO: Epoch 33/200
2018-03-21 02:27:05,758:INFO: - Train metrics: accuracy: 0.754 ; loss: 1.059
2018-03-21 02:27:06,423:INFO: - Eval metrics : accuracy: 0.126 ; loss: 5.330
2018-03-21 02:27:06,456:INFO: Epoch 34/200
2018-03-21 02:27:15,961:INFO: - Train metrics: accuracy: 0.723 ; loss: 1.222
2018-03-21 02:27:16,665:INFO: - Eval metrics : accuracy: 0.070 ; loss: 8.242
2018-03-21 02:27:16,699:INFO: Epoch 35/200
2018-03-21 02:27:26,153:INFO: - Train metrics: accuracy: 0.684 ; loss: 1.353
2018-03-21 02:27:26,821:INFO: - Eval metrics : accuracy: 0.166 ; loss: 5.497
2018-03-21 02:27:26,837:INFO: Epoch 36/200
2018-03-21 02:27:36,342:INFO: - Train metrics: accuracy: 0.715 ; loss: 1.180
2018-03-21 02:27:37,014:INFO: - Eval metrics : accuracy: 0.184 ; loss: 5.178
2018-03-21 02:27:37,030:INFO: Epoch 37/200
2018-03-21 02:27:46,526:INFO: - Train metrics: accuracy: 0.730 ; loss: 1.180
2018-03-21 02:27:47,156:INFO: - Eval metrics : accuracy: 0.528 ; loss: 2.131
2018-03-21 02:27:47,184:INFO: - Found new lowest loss
2018-03-21 02:27:47,185:INFO: Epoch 38/200
2018-03-21 02:27:56,650:INFO: - Train metrics: accuracy: 0.781 ; loss: 0.929
2018-03-21 02:27:57,316:INFO: - Eval metrics : accuracy: 0.338 ; loss: 3.412
2018-03-21 02:27:57,328:INFO: Epoch 39/200
2018-03-21 02:28:06,821:INFO: - Train metrics: accuracy: 0.723 ; loss: 1.063
2018-03-21 02:28:07,481:INFO: - Eval metrics : accuracy: 0.069 ; loss: 6.723
2018-03-21 02:28:07,505:INFO: Epoch 40/200
2018-03-21 02:28:16,967:INFO: - Train metrics: accuracy: 0.754 ; loss: 1.050
2018-03-21 02:28:17,611:INFO: - Eval metrics : accuracy: 0.147 ; loss: 6.309
2018-03-21 02:28:17,624:INFO: Epoch 41/200
2018-03-21 02:28:27,137:INFO: - Train metrics: accuracy: 0.750 ; loss: 1.139
2018-03-21 02:28:27,809:INFO: - Eval metrics : accuracy: 0.209 ; loss: 4.801
2018-03-21 02:28:27,837:INFO: Epoch 42/200
2018-03-21 02:28:37,353:INFO: - Train metrics: accuracy: 0.770 ; loss: 0.953
2018-03-21 02:28:38,012:INFO: - Eval metrics : accuracy: 0.066 ; loss: 7.195
2018-03-21 02:28:38,033:INFO: Epoch 43/200
2018-03-21 02:28:47,557:INFO: - Train metrics: accuracy: 0.781 ; loss: 0.896
2018-03-21 02:28:48,215:INFO: - Eval metrics : accuracy: 0.278 ; loss: 4.236
2018-03-21 02:28:48,231:INFO: Epoch 44/200
2018-03-21 02:28:57,747:INFO: - Train metrics: accuracy: 0.777 ; loss: 0.923
2018-03-21 02:28:58,414:INFO: - Eval metrics : accuracy: 0.434 ; loss: 2.665
2018-03-21 02:28:58,438:INFO: Epoch 45/200
2018-03-21 02:29:07,931:INFO: - Train metrics: accuracy: 0.828 ; loss: 0.835
2018-03-21 02:29:08,622:INFO: - Eval metrics : accuracy: 0.344 ; loss: 3.270
2018-03-21 02:29:08,649:INFO: Epoch 46/200
2018-03-21 02:29:18,159:INFO: - Train metrics: accuracy: 0.781 ; loss: 0.961
2018-03-21 02:29:18,804:INFO: - Eval metrics : accuracy: 0.498 ; loss: 2.431
2018-03-21 02:29:18,821:INFO: Epoch 47/200
2018-03-21 02:29:28,313:INFO: - Train metrics: accuracy: 0.746 ; loss: 0.994
2018-03-21 02:29:28,954:INFO: - Eval metrics : accuracy: 0.281 ; loss: 3.835
2018-03-21 02:29:28,970:INFO: Epoch 48/200
2018-03-21 02:29:38,435:INFO: - Train metrics: accuracy: 0.801 ; loss: 0.896
2018-03-21 02:29:39,101:INFO: - Eval metrics : accuracy: 0.433 ; loss: 2.731
2018-03-21 02:29:39,116:INFO: Epoch 49/200
2018-03-21 02:29:48,591:INFO: - Train metrics: accuracy: 0.770 ; loss: 0.942
2018-03-21 02:29:49,239:INFO: - Eval metrics : accuracy: 0.172 ; loss: 5.379
2018-03-21 02:29:49,261:INFO: Epoch 50/200
2018-03-21 02:29:58,783:INFO: - Train metrics: accuracy: 0.773 ; loss: 0.919
2018-03-21 02:29:59,452:INFO: - Eval metrics : accuracy: 0.278 ; loss: 3.900
2018-03-21 02:29:59,468:INFO: Epoch 51/200
2018-03-21 02:30:08,986:INFO: - Train metrics: accuracy: 0.812 ; loss: 0.798
2018-03-21 02:30:09,668:INFO: - Eval metrics : accuracy: 0.277 ; loss: 3.709
2018-03-21 02:30:09,694:INFO: Epoch 52/200
2018-03-21 02:30:19,213:INFO: - Train metrics: accuracy: 0.758 ; loss: 0.972
2018-03-21 02:30:19,888:INFO: - Eval metrics : accuracy: 0.266 ; loss: 3.899
2018-03-21 02:30:19,904:INFO: Epoch 53/200
2018-03-21 02:30:29,409:INFO: - Train metrics: accuracy: 0.805 ; loss: 0.842
2018-03-21 02:30:30,063:INFO: - Eval metrics : accuracy: 0.407 ; loss: 2.987
2018-03-21 02:30:30,076:INFO: Epoch 54/200
2018-03-21 02:30:39,596:INFO: - Train metrics: accuracy: 0.789 ; loss: 0.825
2018-03-21 02:30:40,265:INFO: - Eval metrics : accuracy: 0.454 ; loss: 2.803
2018-03-21 02:30:40,302:INFO: Epoch 55/200
2018-03-21 02:30:49,755:INFO: - Train metrics: accuracy: 0.777 ; loss: 0.877
2018-03-21 02:30:50,420:INFO: - Eval metrics : accuracy: 0.375 ; loss: 3.177
2018-03-21 02:30:50,456:INFO: Epoch 56/200
2018-03-21 02:30:59,974:INFO: - Train metrics: accuracy: 0.754 ; loss: 0.934
2018-03-21 02:31:00,623:INFO: - Eval metrics : accuracy: 0.231 ; loss: 4.235
2018-03-21 02:31:00,645:INFO: Epoch 57/200
2018-03-21 02:31:10,177:INFO: - Train metrics: accuracy: 0.824 ; loss: 0.690
2018-03-21 02:31:10,819:INFO: - Eval metrics : accuracy: 0.335 ; loss: 3.698
2018-03-21 02:31:10,856:INFO: Epoch 58/200
2018-03-21 02:31:20,302:INFO: - Train metrics: accuracy: 0.824 ; loss: 0.729
2018-03-21 02:31:20,971:INFO: - Eval metrics : accuracy: 0.206 ; loss: 4.735
2018-03-21 02:31:21,005:INFO: Epoch 59/200
2018-03-21 02:31:30,558:INFO: - Train metrics: accuracy: 0.801 ; loss: 0.827
2018-03-21 02:31:31,192:INFO: - Eval metrics : accuracy: 0.249 ; loss: 4.517
2018-03-21 02:31:31,208:INFO: Epoch 60/200
2018-03-21 02:31:40,725:INFO: - Train metrics: accuracy: 0.852 ; loss: 0.683
2018-03-21 02:31:41,389:INFO: - Eval metrics : accuracy: 0.139 ; loss: 5.217
2018-03-21 02:31:41,405:INFO: Epoch 61/200
2018-03-21 02:31:50,882:INFO: - Train metrics: accuracy: 0.809 ; loss: 0.724
2018-03-21 02:31:51,539:INFO: - Eval metrics : accuracy: 0.204 ; loss: 4.819
2018-03-21 02:31:51,565:INFO: Epoch 62/200
2018-03-21 02:32:01,056:INFO: - Train metrics: accuracy: 0.801 ; loss: 0.805
2018-03-21 02:32:01,710:INFO: - Eval metrics : accuracy: 0.352 ; loss: 3.352
2018-03-21 02:32:01,729:INFO: Epoch 63/200
2018-03-21 02:32:11,250:INFO: - Train metrics: accuracy: 0.879 ; loss: 0.582
2018-03-21 02:32:11,917:INFO: - Eval metrics : accuracy: 0.349 ; loss: 3.425
2018-03-21 02:32:11,937:INFO: Epoch 64/200
2018-03-21 02:32:21,479:INFO: - Train metrics: accuracy: 0.844 ; loss: 0.626
2018-03-21 02:32:22,159:INFO: - Eval metrics : accuracy: 0.280 ; loss: 4.155
2018-03-21 02:32:22,176:INFO: Epoch 65/200
2018-03-21 02:32:31,681:INFO: - Train metrics: accuracy: 0.832 ; loss: 0.741
2018-03-21 02:32:32,344:INFO: - Eval metrics : accuracy: 0.468 ; loss: 2.549
2018-03-21 02:32:32,360:INFO: Epoch 66/200
2018-03-21 02:32:41,884:INFO: - Train metrics: accuracy: 0.855 ; loss: 0.623
2018-03-21 02:32:42,559:INFO: - Eval metrics : accuracy: 0.206 ; loss: 4.665
2018-03-21 02:32:42,577:INFO: Epoch 67/200
2018-03-21 02:32:52,071:INFO: - Train metrics: accuracy: 0.855 ; loss: 0.667
2018-03-21 02:32:52,756:INFO: - Eval metrics : accuracy: 0.273 ; loss: 4.034
2018-03-21 02:32:52,773:INFO: Epoch 68/200
2018-03-21 02:33:02,258:INFO: - Train metrics: accuracy: 0.879 ; loss: 0.580
2018-03-21 02:33:02,915:INFO: - Eval metrics : accuracy: 0.287 ; loss: 3.920
2018-03-21 02:33:02,928:INFO: Epoch 69/200
2018-03-21 02:33:12,460:INFO: - Train metrics: accuracy: 0.844 ; loss: 0.608
2018-03-21 02:33:13,101:INFO: - Eval metrics : accuracy: 0.267 ; loss: 4.038
2018-03-21 02:33:13,116:INFO: Epoch 70/200
2018-03-21 02:33:22,588:INFO: - Train metrics: accuracy: 0.828 ; loss: 0.737
2018-03-21 02:33:23,230:INFO: - Eval metrics : accuracy: 0.500 ; loss: 2.429
2018-03-21 02:33:23,249:INFO: Epoch 71/200
2018-03-21 02:33:32,730:INFO: - Train metrics: accuracy: 0.828 ; loss: 0.714
2018-03-21 02:33:33,388:INFO: - Eval metrics : accuracy: 0.346 ; loss: 3.434
2018-03-21 02:33:33,404:INFO: Epoch 72/200
2018-03-21 02:33:42,950:INFO: - Train metrics: accuracy: 0.848 ; loss: 0.666
2018-03-21 02:33:43,604:INFO: - Eval metrics : accuracy: 0.054 ; loss: 11.083
2018-03-21 02:33:43,620:INFO: Epoch 73/200
2018-03-21 02:33:53,132:INFO: - Train metrics: accuracy: 0.832 ; loss: 0.690
2018-03-21 02:33:53,769:INFO: - Eval metrics : accuracy: 0.367 ; loss: 3.384
2018-03-21 02:33:53,781:INFO: Epoch 74/200
2018-03-21 02:34:03,255:INFO: - Train metrics: accuracy: 0.809 ; loss: 0.718
2018-03-21 02:34:03,919:INFO: - Eval metrics : accuracy: 0.468 ; loss: 2.684
2018-03-21 02:34:03,931:INFO: Epoch 75/200
2018-03-21 02:34:13,403:INFO: - Train metrics: accuracy: 0.875 ; loss: 0.595
2018-03-21 02:34:14,052:INFO: - Eval metrics : accuracy: 0.166 ; loss: 4.886
2018-03-21 02:34:14,068:INFO: Epoch 76/200
2018-03-21 02:34:23,587:INFO: - Train metrics: accuracy: 0.863 ; loss: 0.593
2018-03-21 02:34:24,245:INFO: - Eval metrics : accuracy: 0.216 ; loss: 4.390
2018-03-21 02:34:24,261:INFO: Epoch 77/200
2018-03-21 02:34:33,782:INFO: - Train metrics: accuracy: 0.855 ; loss: 0.579
2018-03-21 02:34:34,454:INFO: - Eval metrics : accuracy: 0.095 ; loss: 6.481
2018-03-21 02:34:34,475:INFO: Epoch 78/200
2018-03-21 02:34:43,985:INFO: - Train metrics: accuracy: 0.871 ; loss: 0.618
2018-03-21 02:34:44,639:INFO: - Eval metrics : accuracy: 0.507 ; loss: 2.391
2018-03-21 02:34:44,657:INFO: Epoch 79/200
2018-03-21 02:34:54,131:INFO: - Train metrics: accuracy: 0.855 ; loss: 0.581
2018-03-21 02:34:54,813:INFO: - Eval metrics : accuracy: 0.269 ; loss: 4.351
2018-03-21 02:34:54,829:INFO: Epoch 80/200
2018-03-21 02:35:04,287:INFO: - Train metrics: accuracy: 0.895 ; loss: 0.515
2018-03-21 02:35:04,975:INFO: - Eval metrics : accuracy: 0.114 ; loss: 5.970
2018-03-21 02:35:05,001:INFO: Epoch 81/200
2018-03-21 02:35:14,459:INFO: - Train metrics: accuracy: 0.887 ; loss: 0.570
2018-03-21 02:35:15,132:INFO: - Eval metrics : accuracy: 0.137 ; loss: 6.532
2018-03-21 02:35:15,164:INFO: Epoch 82/200
2018-03-21 02:35:24,623:INFO: - Train metrics: accuracy: 0.926 ; loss: 0.430
2018-03-21 02:35:25,291:INFO: - Eval metrics : accuracy: 0.160 ; loss: 5.441
2018-03-21 02:35:25,307:INFO: Epoch 83/200
2018-03-21 02:35:34,798:INFO: - Train metrics: accuracy: 0.812 ; loss: 0.665
2018-03-21 02:35:35,458:INFO: - Eval metrics : accuracy: 0.410 ; loss: 3.203
2018-03-21 02:35:35,476:INFO: Epoch 84/200
2018-03-21 02:35:44,934:INFO: - Train metrics: accuracy: 0.895 ; loss: 0.508
2018-03-21 02:35:45,583:INFO: - Eval metrics : accuracy: 0.331 ; loss: 3.671
2018-03-21 02:35:45,598:INFO: Epoch 85/200
2018-03-21 02:35:55,136:INFO: - Train metrics: accuracy: 0.840 ; loss: 0.605
2018-03-21 02:35:55,801:INFO: - Eval metrics : accuracy: 0.458 ; loss: 2.827
2018-03-21 02:35:55,825:INFO: Epoch 86/200
2018-03-21 02:36:05,368:INFO: - Train metrics: accuracy: 0.848 ; loss: 0.640
2018-03-21 02:36:06,015:INFO: - Eval metrics : accuracy: 0.269 ; loss: 4.072
2018-03-21 02:36:06,041:INFO: Epoch 87/200
2018-03-21 02:36:15,497:INFO: - Train metrics: accuracy: 0.836 ; loss: 0.649
2018-03-21 02:36:16,153:INFO: - Eval metrics : accuracy: 0.185 ; loss: 4.858
2018-03-21 02:36:16,173:INFO: Epoch 88/200
2018-03-21 02:36:25,655:INFO: - Train metrics: accuracy: 0.883 ; loss: 0.501
2018-03-21 02:36:26,289:INFO: - Eval metrics : accuracy: 0.431 ; loss: 2.972
2018-03-21 02:36:26,300:INFO: Epoch 89/200
2018-03-21 02:36:35,836:INFO: - Train metrics: accuracy: 0.824 ; loss: 0.682
2018-03-21 02:36:36,491:INFO: - Eval metrics : accuracy: 0.265 ; loss: 4.039
2018-03-21 02:36:36,507:INFO: Epoch 90/200
2018-03-21 02:36:46,071:INFO: - Train metrics: accuracy: 0.844 ; loss: 0.674
2018-03-21 02:36:46,751:INFO: - Eval metrics : accuracy: 0.320 ; loss: 3.558
2018-03-21 02:36:46,763:INFO: Epoch 91/200
2018-03-21 02:36:56,246:INFO: - Train metrics: accuracy: 0.879 ; loss: 0.497
2018-03-21 02:36:56,916:INFO: - Eval metrics : accuracy: 0.343 ; loss: 3.524
2018-03-21 02:36:56,932:INFO: Epoch 92/200
2018-03-21 02:37:06,380:INFO: - Train metrics: accuracy: 0.848 ; loss: 0.612
2018-03-21 02:37:07,027:INFO: - Eval metrics : accuracy: 0.248 ; loss: 4.404
2018-03-21 02:37:07,058:INFO: Epoch 93/200
2018-03-21 02:37:16,523:INFO: - Train metrics: accuracy: 0.895 ; loss: 0.479
2018-03-21 02:37:17,183:INFO: - Eval metrics : accuracy: 0.092 ; loss: 7.290
2018-03-21 02:37:17,215:INFO: Epoch 94/200
2018-03-21 02:37:26,680:INFO: - Train metrics: accuracy: 0.852 ; loss: 0.607
2018-03-21 02:37:27,361:INFO: - Eval metrics : accuracy: 0.104 ; loss: 6.660
2018-03-21 02:37:27,394:INFO: Epoch 95/200
2018-03-21 02:37:36,874:INFO: - Train metrics: accuracy: 0.914 ; loss: 0.467
2018-03-21 02:37:37,545:INFO: - Eval metrics : accuracy: 0.358 ; loss: 3.383
2018-03-21 02:37:37,560:INFO: Epoch 96/200
2018-03-21 02:37:47,049:INFO: - Train metrics: accuracy: 0.855 ; loss: 0.602
2018-03-21 02:37:47,717:INFO: - Eval metrics : accuracy: 0.372 ; loss: 3.335
2018-03-21 02:37:47,732:INFO: Epoch 97/200
2018-03-21 02:37:57,258:INFO: - Train metrics: accuracy: 0.879 ; loss: 0.548
2018-03-21 02:37:57,907:INFO: - Eval metrics : accuracy: 0.485 ; loss: 2.516
2018-03-21 02:37:57,924:INFO: Epoch 98/200
2018-03-21 02:38:07,405:INFO: - Train metrics: accuracy: 0.910 ; loss: 0.414
2018-03-21 02:38:08,081:INFO: - Eval metrics : accuracy: 0.024 ; loss: 10.070
2018-03-21 02:38:08,093:INFO: Epoch 99/200
2018-03-21 02:38:17,641:INFO: - Train metrics: accuracy: 0.922 ; loss: 0.389
2018-03-21 02:38:18,295:INFO: - Eval metrics : accuracy: 0.381 ; loss: 3.270
2018-03-21 02:38:18,313:INFO: Epoch 100/200
2018-03-21 02:38:27,806:INFO: - Train metrics: accuracy: 0.859 ; loss: 0.608
2018-03-21 02:38:28,473:INFO: - Eval metrics : accuracy: 0.266 ; loss: 4.512
2018-03-21 02:38:28,489:INFO: Epoch 101/200
2018-03-21 02:38:38,004:INFO: - Train metrics: accuracy: 0.875 ; loss: 0.548
2018-03-21 02:38:38,700:INFO: - Eval metrics : accuracy: 0.458 ; loss: 2.708
2018-03-21 02:38:38,716:INFO: Epoch 102/200
2018-03-21 02:38:48,221:INFO: - Train metrics: accuracy: 0.867 ; loss: 0.532
2018-03-21 02:38:48,888:INFO: - Eval metrics : accuracy: 0.347 ; loss: 3.523
2018-03-21 02:38:48,905:INFO: Epoch 103/200
2018-03-21 02:38:58,460:INFO: - Train metrics: accuracy: 0.895 ; loss: 0.446
2018-03-21 02:38:59,119:INFO: - Eval metrics : accuracy: 0.299 ; loss: 4.226
2018-03-21 02:38:59,143:INFO: Epoch 104/200
2018-03-21 02:39:08,659:INFO: - Train metrics: accuracy: 0.926 ; loss: 0.401
2018-03-21 02:39:09,321:INFO: - Eval metrics : accuracy: 0.364 ; loss: 3.553
2018-03-21 02:39:09,341:INFO: Epoch 105/200
2018-03-21 02:39:18,822:INFO: - Train metrics: accuracy: 0.887 ; loss: 0.519
2018-03-21 02:39:19,499:INFO: - Eval metrics : accuracy: 0.431 ; loss: 2.956
2018-03-21 02:39:19,511:INFO: Epoch 106/200
2018-03-21 02:39:29,036:INFO: - Train metrics: accuracy: 0.867 ; loss: 0.514
2018-03-21 02:39:29,696:INFO: - Eval metrics : accuracy: 0.261 ; loss: 4.274
2018-03-21 02:39:29,712:INFO: Epoch 107/200
2018-03-21 02:39:39,204:INFO: - Train metrics: accuracy: 0.930 ; loss: 0.438
2018-03-21 02:39:39,862:INFO: - Eval metrics : accuracy: 0.350 ; loss: 3.562
2018-03-21 02:39:39,895:INFO: Epoch 108/200
2018-03-21 02:39:49,371:INFO: - Train metrics: accuracy: 0.918 ; loss: 0.440
2018-03-21 02:39:50,032:INFO: - Eval metrics : accuracy: 0.323 ; loss: 3.795
2018-03-21 02:39:50,057:INFO: Epoch 109/200
2018-03-21 02:39:59,549:INFO: - Train metrics: accuracy: 0.902 ; loss: 0.429
2018-03-21 02:40:00,197:INFO: - Eval metrics : accuracy: 0.227 ; loss: 4.673
2018-03-21 02:40:00,213:INFO: Epoch 110/200
2018-03-21 02:40:09,728:INFO: - Train metrics: accuracy: 0.906 ; loss: 0.438
2018-03-21 02:40:10,409:INFO: - Eval metrics : accuracy: 0.293 ; loss: 3.957
2018-03-21 02:40:10,440:INFO: Epoch 111/200
2018-03-21 02:40:19,886:INFO: - Train metrics: accuracy: 0.895 ; loss: 0.459
2018-03-21 02:40:20,549:INFO: - Eval metrics : accuracy: 0.110 ; loss: 8.162
2018-03-21 02:40:20,569:INFO: Epoch 112/200
2018-03-21 02:40:30,056:INFO: - Train metrics: accuracy: 0.902 ; loss: 0.470
2018-03-21 02:40:30,692:INFO: - Eval metrics : accuracy: 0.453 ; loss: 2.782
2018-03-21 02:40:30,704:INFO: Epoch 113/200
2018-03-21 02:40:40,187:INFO: - Train metrics: accuracy: 0.871 ; loss: 0.555
2018-03-21 02:40:40,838:INFO: - Eval metrics : accuracy: 0.252 ; loss: 4.844
2018-03-21 02:40:40,861:INFO: Epoch 114/200
2018-03-21 02:40:50,369:INFO: - Train metrics: accuracy: 0.852 ; loss: 0.566
2018-03-21 02:40:51,039:INFO: - Eval metrics : accuracy: 0.429 ; loss: 2.823
2018-03-21 02:40:51,065:INFO: Epoch 115/200
2018-03-21 02:41:00,521:INFO: - Train metrics: accuracy: 0.891 ; loss: 0.483
2018-03-21 02:41:01,173:INFO: - Eval metrics : accuracy: 0.385 ; loss: 3.130
2018-03-21 02:41:01,188:INFO: Epoch 116/200
2018-03-21 02:41:10,703:INFO: - Train metrics: accuracy: 0.871 ; loss: 0.512
2018-03-21 02:41:11,354:INFO: - Eval metrics : accuracy: 0.434 ; loss: 2.998
2018-03-21 02:41:11,372:INFO: Epoch 117/200
2018-03-21 02:41:20,873:INFO: - Train metrics: accuracy: 0.887 ; loss: 0.483
2018-03-21 02:41:21,539:INFO: - Eval metrics : accuracy: 0.448 ; loss: 2.744
2018-03-21 02:41:21,551:INFO: Epoch 118/200
2018-03-21 02:41:31,034:INFO: - Train metrics: accuracy: 0.906 ; loss: 0.457
2018-03-21 02:41:31,678:INFO: - Eval metrics : accuracy: 0.467 ; loss: 2.803
2018-03-21 02:41:31,693:INFO: Epoch 119/200
2018-03-21 02:41:41,176:INFO: - Train metrics: accuracy: 0.895 ; loss: 0.437
2018-03-21 02:41:41,826:INFO: - Eval metrics : accuracy: 0.121 ; loss: 7.243
2018-03-21 02:41:41,840:INFO: Epoch 120/200
2018-03-21 02:41:51,305:INFO: - Train metrics: accuracy: 0.926 ; loss: 0.383
2018-03-21 02:41:51,948:INFO: - Eval metrics : accuracy: 0.271 ; loss: 4.308
2018-03-21 02:41:51,983:INFO: Epoch 121/200
2018-03-21 02:42:01,440:INFO: - Train metrics: accuracy: 0.906 ; loss: 0.438
2018-03-21 02:42:02,112:INFO: - Eval metrics : accuracy: 0.106 ; loss: 7.625
2018-03-21 02:42:02,129:INFO: Epoch 122/200
2018-03-21 02:42:11,655:INFO: - Train metrics: accuracy: 0.898 ; loss: 0.453
2018-03-21 02:42:12,303:INFO: - Eval metrics : accuracy: 0.163 ; loss: 5.283
2018-03-21 02:42:12,336:INFO: Epoch 123/200
2018-03-21 02:42:21,804:INFO: - Train metrics: accuracy: 0.887 ; loss: 0.452
2018-03-21 02:42:22,466:INFO: - Eval metrics : accuracy: 0.363 ; loss: 3.345
2018-03-21 02:42:22,493:INFO: Epoch 124/200
2018-03-21 02:42:31,968:INFO: - Train metrics: accuracy: 0.895 ; loss: 0.462
2018-03-21 02:42:32,621:INFO: - Eval metrics : accuracy: 0.299 ; loss: 4.050
2018-03-21 02:42:32,640:INFO: Epoch 125/200
2018-03-21 02:42:42,100:INFO: - Train metrics: accuracy: 0.906 ; loss: 0.471
2018-03-21 02:42:42,754:INFO: - Eval metrics : accuracy: 0.336 ; loss: 3.951
2018-03-21 02:42:42,789:INFO: Epoch 126/200
2018-03-21 02:42:52,280:INFO: - Train metrics: accuracy: 0.871 ; loss: 0.522
2018-03-21 02:42:52,943:INFO: - Eval metrics : accuracy: 0.361 ; loss: 3.767
2018-03-21 02:42:52,977:INFO: Epoch 127/200
2018-03-21 02:43:02,507:INFO: - Train metrics: accuracy: 0.895 ; loss: 0.467
2018-03-21 02:43:03,192:INFO: - Eval metrics : accuracy: 0.287 ; loss: 4.040
2018-03-21 02:43:03,217:INFO: Epoch 128/200
2018-03-21 02:43:12,746:INFO: - Train metrics: accuracy: 0.871 ; loss: 0.531
2018-03-21 02:43:13,409:INFO: - Eval metrics : accuracy: 0.074 ; loss: 9.156
2018-03-21 02:43:13,429:INFO: Epoch 129/200
2018-03-21 02:43:22,904:INFO: - Train metrics: accuracy: 0.914 ; loss: 0.405
2018-03-21 02:43:23,548:INFO: - Eval metrics : accuracy: 0.305 ; loss: 4.019
2018-03-21 02:43:23,563:INFO: Epoch 130/200
2018-03-21 02:43:33,054:INFO: - Train metrics: accuracy: 0.871 ; loss: 0.522
2018-03-21 02:43:33,692:INFO: - Eval metrics : accuracy: 0.156 ; loss: 6.220
2018-03-21 02:43:33,708:INFO: Epoch 131/200
2018-03-21 02:43:43,170:INFO: - Train metrics: accuracy: 0.887 ; loss: 0.442
2018-03-21 02:43:43,817:INFO: - Eval metrics : accuracy: 0.235 ; loss: 4.463
2018-03-21 02:43:43,832:INFO: Epoch 132/200
2018-03-21 02:43:53,380:INFO: - Train metrics: accuracy: 0.910 ; loss: 0.382
2018-03-21 02:43:54,017:INFO: - Eval metrics : accuracy: 0.514 ; loss: 2.425
2018-03-21 02:43:54,033:INFO: Epoch 133/200
2018-03-21 02:44:03,533:INFO: - Train metrics: accuracy: 0.898 ; loss: 0.523
2018-03-21 02:44:04,184:INFO: - Eval metrics : accuracy: 0.450 ; loss: 2.816
2018-03-21 02:44:04,355:INFO: Epoch 134/200
2018-03-21 02:44:13,817:INFO: - Train metrics: accuracy: 0.875 ; loss: 0.523
2018-03-21 02:44:14,481:INFO: - Eval metrics : accuracy: 0.340 ; loss: 3.566
2018-03-21 02:44:14,495:INFO: Epoch 135/200
2018-03-21 02:44:24,057:INFO: - Train metrics: accuracy: 0.902 ; loss: 0.443
2018-03-21 02:44:24,713:INFO: - Eval metrics : accuracy: 0.416 ; loss: 3.251
2018-03-21 02:44:24,729:INFO: Epoch 136/200
2018-03-21 02:44:34,305:INFO: - Train metrics: accuracy: 0.875 ; loss: 0.500
2018-03-21 02:44:34,944:INFO: - Eval metrics : accuracy: 0.197 ; loss: 5.511
2018-03-21 02:44:34,960:INFO: Epoch 137/200
2018-03-21 02:44:44,456:INFO: - Train metrics: accuracy: 0.875 ; loss: 0.446
2018-03-21 02:44:45,121:INFO: - Eval metrics : accuracy: 0.284 ; loss: 3.999
2018-03-21 02:44:45,137:INFO: Epoch 138/200
2018-03-21 02:44:54,595:INFO: - Train metrics: accuracy: 0.922 ; loss: 0.383
2018-03-21 02:44:55,252:INFO: - Eval metrics : accuracy: 0.212 ; loss: 5.132
2018-03-21 02:44:55,287:INFO: Epoch 139/200
2018-03-21 02:45:04,784:INFO: - Train metrics: accuracy: 0.918 ; loss: 0.408
2018-03-21 02:45:05,448:INFO: - Eval metrics : accuracy: 0.225 ; loss: 4.537
2018-03-21 02:45:05,469:INFO: Epoch 140/200
2018-03-21 02:45:14,983:INFO: - Train metrics: accuracy: 0.910 ; loss: 0.449
2018-03-21 02:45:15,634:INFO: - Eval metrics : accuracy: 0.494 ; loss: 2.615
2018-03-21 02:45:15,646:INFO: Epoch 141/200
2018-03-21 02:45:25,169:INFO: - Train metrics: accuracy: 0.906 ; loss: 0.402
2018-03-21 02:45:25,815:INFO: - Eval metrics : accuracy: 0.471 ; loss: 2.814
2018-03-21 02:45:25,851:INFO: Epoch 142/200
2018-03-21 02:45:35,293:INFO: - Train metrics: accuracy: 0.902 ; loss: 0.443
2018-03-21 02:45:35,934:INFO: - Eval metrics : accuracy: 0.358 ; loss: 3.566
2018-03-21 02:45:35,949:INFO: Epoch 143/200
2018-03-21 02:45:45,439:INFO: - Train metrics: accuracy: 0.906 ; loss: 0.438
2018-03-21 02:45:46,104:INFO: - Eval metrics : accuracy: 0.455 ; loss: 2.968
2018-03-21 02:45:46,138:INFO: Epoch 144/200
2018-03-21 02:45:55,651:INFO: - Train metrics: accuracy: 0.887 ; loss: 0.493
2018-03-21 02:45:56,327:INFO: - Eval metrics : accuracy: 0.403 ; loss: 3.134
2018-03-21 02:45:56,339:INFO: Epoch 145/200
2018-03-21 02:46:05,844:INFO: - Train metrics: accuracy: 0.891 ; loss: 0.474
2018-03-21 02:46:06,524:INFO: - Eval metrics : accuracy: 0.256 ; loss: 4.411
2018-03-21 02:46:06,540:INFO: Epoch 146/200
2018-03-21 02:46:16,006:INFO: - Train metrics: accuracy: 0.918 ; loss: 0.417
2018-03-21 02:46:16,652:INFO: - Eval metrics : accuracy: 0.318 ; loss: 3.597
2018-03-21 02:46:16,667:INFO: Epoch 147/200
2018-03-21 02:46:26,190:INFO: - Train metrics: accuracy: 0.891 ; loss: 0.447
2018-03-21 02:46:26,833:INFO: - Eval metrics : accuracy: 0.423 ; loss: 3.011
2018-03-21 02:46:26,850:INFO: Epoch 148/200
2018-03-21 02:46:36,377:INFO: - Train metrics: accuracy: 0.895 ; loss: 0.490
2018-03-21 02:46:37,074:INFO: - Eval metrics : accuracy: 0.209 ; loss: 4.655
2018-03-21 02:46:37,087:INFO: Epoch 149/200
2018-03-21 02:46:46,575:INFO: - Train metrics: accuracy: 0.902 ; loss: 0.399
2018-03-21 02:46:47,243:INFO: - Eval metrics : accuracy: 0.411 ; loss: 3.056
2018-03-21 02:46:47,269:INFO: Epoch 150/200
2018-03-21 02:46:56,719:INFO: - Train metrics: accuracy: 0.930 ; loss: 0.367
2018-03-21 02:46:57,395:INFO: - Eval metrics : accuracy: 0.266 ; loss: 4.164
2018-03-21 02:46:57,411:INFO: Epoch 151/200
2018-03-21 02:47:06,888:INFO: - Train metrics: accuracy: 0.898 ; loss: 0.444
2018-03-21 02:47:07,567:INFO: - Eval metrics : accuracy: 0.165 ; loss: 5.139
2018-03-21 02:47:07,604:INFO: Epoch 152/200
2018-03-21 02:47:17,060:INFO: - Train metrics: accuracy: 0.891 ; loss: 0.433
2018-03-21 02:47:17,715:INFO: - Eval metrics : accuracy: 0.389 ; loss: 3.311
2018-03-21 02:47:17,731:INFO: Epoch 153/200
2018-03-21 02:47:27,240:INFO: - Train metrics: accuracy: 0.891 ; loss: 0.470
2018-03-21 02:47:27,878:INFO: - Eval metrics : accuracy: 0.386 ; loss: 3.362
2018-03-21 02:47:27,893:INFO: Epoch 154/200
2018-03-21 02:47:37,371:INFO: - Train metrics: accuracy: 0.902 ; loss: 0.439
2018-03-21 02:47:38,012:INFO: - Eval metrics : accuracy: 0.336 ; loss: 3.730
2018-03-21 02:47:38,032:INFO: Epoch 155/200
2018-03-21 02:47:47,487:INFO: - Train metrics: accuracy: 0.891 ; loss: 0.472
2018-03-21 02:47:48,163:INFO: - Eval metrics : accuracy: 0.405 ; loss: 3.143
2018-03-21 02:47:48,178:INFO: Epoch 156/200
2018-03-21 02:47:57,703:INFO: - Train metrics: accuracy: 0.883 ; loss: 0.522
2018-03-21 02:47:58,348:INFO: - Eval metrics : accuracy: 0.215 ; loss: 4.643
2018-03-21 02:47:58,383:INFO: Epoch 157/200
2018-03-21 02:48:07,852:INFO: - Train metrics: accuracy: 0.895 ; loss: 0.471
2018-03-21 02:48:08,493:INFO: - Eval metrics : accuracy: 0.402 ; loss: 3.283
2018-03-21 02:48:08,529:INFO: Epoch 158/200
2018-03-21 02:48:17,993:INFO: - Train metrics: accuracy: 0.910 ; loss: 0.437
2018-03-21 02:48:18,629:INFO: - Eval metrics : accuracy: 0.170 ; loss: 5.569
2018-03-21 02:48:18,660:INFO: Epoch 159/200
2018-03-21 02:48:28,092:INFO: - Train metrics: accuracy: 0.887 ; loss: 0.473
2018-03-21 02:48:28,773:INFO: - Eval metrics : accuracy: 0.251 ; loss: 4.420
2018-03-21 02:48:28,799:INFO: Epoch 160/200
2018-03-21 02:48:38,338:INFO: - Train metrics: accuracy: 0.910 ; loss: 0.442
2018-03-21 02:48:39,010:INFO: - Eval metrics : accuracy: 0.427 ; loss: 2.985
2018-03-21 02:48:39,025:INFO: Epoch 161/200
2018-03-21 02:48:48,492:INFO: - Train metrics: accuracy: 0.883 ; loss: 0.505
2018-03-21 02:48:49,138:INFO: - Eval metrics : accuracy: 0.355 ; loss: 3.546
2018-03-21 02:48:49,155:INFO: Epoch 162/200
2018-03-21 02:48:58,616:INFO: - Train metrics: accuracy: 0.934 ; loss: 0.391
2018-03-21 02:48:59,269:INFO: - Eval metrics : accuracy: 0.454 ; loss: 2.763
2018-03-21 02:48:59,285:INFO: Epoch 163/200
2018-03-21 02:49:08,772:INFO: - Train metrics: accuracy: 0.898 ; loss: 0.463
2018-03-21 02:49:09,421:INFO: - Eval metrics : accuracy: 0.267 ; loss: 4.392
2018-03-21 02:49:09,437:INFO: Epoch 164/200
2018-03-21 02:49:18,976:INFO: - Train metrics: accuracy: 0.879 ; loss: 0.493
2018-03-21 02:49:19,635:INFO: - Eval metrics : accuracy: 0.436 ; loss: 2.872
2018-03-21 02:49:19,657:INFO: Epoch 165/200
2018-03-21 02:49:29,145:INFO: - Train metrics: accuracy: 0.883 ; loss: 0.471
2018-03-21 02:49:29,815:INFO: - Eval metrics : accuracy: 0.111 ; loss: 7.361
2018-03-21 02:49:29,831:INFO: Epoch 166/200
2018-03-21 02:49:39,319:INFO: - Train metrics: accuracy: 0.938 ; loss: 0.335
2018-03-21 02:49:39,979:INFO: - Eval metrics : accuracy: 0.149 ; loss: 6.191
2018-03-21 02:49:39,997:INFO: Epoch 167/200
2018-03-21 02:49:49,467:INFO: - Train metrics: accuracy: 0.914 ; loss: 0.381
2018-03-21 02:49:50,130:INFO: - Eval metrics : accuracy: 0.326 ; loss: 3.771
2018-03-21 02:49:50,146:INFO: Epoch 168/200
2018-03-21 02:49:59,655:INFO: - Train metrics: accuracy: 0.887 ; loss: 0.494
2018-03-21 02:50:00,296:INFO: - Eval metrics : accuracy: 0.450 ; loss: 2.956
2018-03-21 02:50:00,317:INFO: Epoch 169/200
2018-03-21 02:50:09,796:INFO: - Train metrics: accuracy: 0.922 ; loss: 0.348
2018-03-21 02:50:10,444:INFO: - Eval metrics : accuracy: 0.502 ; loss: 2.548
2018-03-21 02:50:10,471:INFO: Epoch 170/200
2018-03-21 02:50:19,935:INFO: - Train metrics: accuracy: 0.934 ; loss: 0.353
2018-03-21 02:50:20,585:INFO: - Eval metrics : accuracy: 0.354 ; loss: 3.588
2018-03-21 02:50:20,601:INFO: Epoch 171/200
2018-03-21 02:50:30,060:INFO: - Train metrics: accuracy: 0.926 ; loss: 0.376
2018-03-21 02:50:30,698:INFO: - Eval metrics : accuracy: 0.339 ; loss: 3.428
2018-03-21 02:50:30,717:INFO: Epoch 172/200
2018-03-21 02:50:40,178:INFO: - Train metrics: accuracy: 0.898 ; loss: 0.462
2018-03-21 02:50:40,829:INFO: - Eval metrics : accuracy: 0.216 ; loss: 5.557
2018-03-21 02:50:40,842:INFO: Epoch 173/200
2018-03-21 02:50:50,411:INFO: - Train metrics: accuracy: 0.922 ; loss: 0.390
2018-03-21 02:50:51,079:INFO: - Eval metrics : accuracy: 0.172 ; loss: 5.285
2018-03-21 02:50:51,095:INFO: Epoch 174/200
2018-03-21 02:51:00,640:INFO: - Train metrics: accuracy: 0.883 ; loss: 0.509
2018-03-21 02:51:01,309:INFO: - Eval metrics : accuracy: 0.460 ; loss: 2.808
2018-03-21 02:51:01,333:INFO: Epoch 175/200
2018-03-21 02:51:10,789:INFO: - Train metrics: accuracy: 0.898 ; loss: 0.448
2018-03-21 02:51:11,416:INFO: - Eval metrics : accuracy: 0.492 ; loss: 2.619
2018-03-21 02:51:11,432:INFO: Epoch 176/200
2018-03-21 02:51:20,922:INFO: - Train metrics: accuracy: 0.906 ; loss: 0.440
2018-03-21 02:51:21,571:INFO: - Eval metrics : accuracy: 0.409 ; loss: 3.083
2018-03-21 02:51:21,587:INFO: Epoch 177/200
2018-03-21 02:51:31,094:INFO: - Train metrics: accuracy: 0.934 ; loss: 0.402
2018-03-21 02:51:31,741:INFO: - Eval metrics : accuracy: 0.359 ; loss: 3.559
2018-03-21 02:51:31,756:INFO: Epoch 178/200
2018-03-21 02:51:41,233:INFO: - Train metrics: accuracy: 0.883 ; loss: 0.482
2018-03-21 02:51:41,908:INFO: - Eval metrics : accuracy: 0.448 ; loss: 2.934
2018-03-21 02:51:41,925:INFO: Epoch 179/200
2018-03-21 02:51:51,400:INFO: - Train metrics: accuracy: 0.918 ; loss: 0.470
2018-03-21 02:51:52,065:INFO: - Eval metrics : accuracy: 0.209 ; loss: 5.290
2018-03-21 02:51:52,087:INFO: Epoch 180/200
2018-03-21 02:52:01,588:INFO: - Train metrics: accuracy: 0.910 ; loss: 0.380
2018-03-21 02:52:02,252:INFO: - Eval metrics : accuracy: 0.163 ; loss: 6.223
2018-03-21 02:52:02,286:INFO: Epoch 181/200
2018-03-21 02:52:11,743:INFO: - Train metrics: accuracy: 0.926 ; loss: 0.370
2018-03-21 02:52:12,415:INFO: - Eval metrics : accuracy: 0.325 ; loss: 3.640
2018-03-21 02:52:12,433:INFO: Epoch 182/200
2018-03-21 02:52:21,919:INFO: - Train metrics: accuracy: 0.887 ; loss: 0.464
2018-03-21 02:52:22,631:INFO: - Eval metrics : accuracy: 0.357 ; loss: 3.518
2018-03-21 02:52:22,668:INFO: Epoch 183/200
2018-03-21 02:52:32,113:INFO: - Train metrics: accuracy: 0.926 ; loss: 0.376
2018-03-21 02:52:32,772:INFO: - Eval metrics : accuracy: 0.395 ; loss: 3.122
2018-03-21 02:52:32,789:INFO: Epoch 184/200
2018-03-21 02:52:42,230:INFO: - Train metrics: accuracy: 0.906 ; loss: 0.412
2018-03-21 02:52:42,896:INFO: - Eval metrics : accuracy: 0.410 ; loss: 3.253
2018-03-21 02:52:42,911:INFO: Epoch 185/200
2018-03-21 02:52:52,417:INFO: - Train metrics: accuracy: 0.918 ; loss: 0.384
2018-03-21 02:52:53,069:INFO: - Eval metrics : accuracy: 0.268 ; loss: 4.359
2018-03-21 02:52:53,085:INFO: Epoch 186/200
2018-03-21 02:53:02,595:INFO: - Train metrics: accuracy: 0.891 ; loss: 0.412
2018-03-21 02:53:03,274:INFO: - Eval metrics : accuracy: 0.222 ; loss: 4.690
2018-03-21 02:53:03,307:INFO: Epoch 187/200
2018-03-21 02:53:12,787:INFO: - Train metrics: accuracy: 0.910 ; loss: 0.441
2018-03-21 02:53:13,455:INFO: - Eval metrics : accuracy: 0.505 ; loss: 2.495
2018-03-21 02:53:13,472:INFO: Epoch 188/200
2018-03-21 02:53:22,988:INFO: - Train metrics: accuracy: 0.883 ; loss: 0.485
2018-03-21 02:53:23,642:INFO: - Eval metrics : accuracy: 0.249 ; loss: 4.527
2018-03-21 02:53:23,657:INFO: Epoch 189/200
2018-03-21 02:53:33,184:INFO: - Train metrics: accuracy: 0.902 ; loss: 0.497
2018-03-21 02:53:33,818:INFO: - Eval metrics : accuracy: 0.421 ; loss: 3.027
2018-03-21 02:53:33,834:INFO: Epoch 190/200
2018-03-21 02:53:43,303:INFO: - Train metrics: accuracy: 0.914 ; loss: 0.335
2018-03-21 02:53:43,940:INFO: - Eval metrics : accuracy: 0.174 ; loss: 4.796
2018-03-21 02:53:43,955:INFO: Epoch 191/200
2018-03-21 02:53:53,466:INFO: - Train metrics: accuracy: 0.941 ; loss: 0.359
2018-03-21 02:53:54,100:INFO: - Eval metrics : accuracy: 0.118 ; loss: 6.183
2018-03-21 02:53:54,112:INFO: Epoch 192/200
2018-03-21 02:54:03,619:INFO: - Train metrics: accuracy: 0.887 ; loss: 0.474
2018-03-21 02:54:04,275:INFO: - Eval metrics : accuracy: 0.076 ; loss: 6.943
2018-03-21 02:54:04,287:INFO: Epoch 193/200
2018-03-21 02:54:13,803:INFO: - Train metrics: accuracy: 0.934 ; loss: 0.373
2018-03-21 02:54:14,496:INFO: - Eval metrics : accuracy: 0.231 ; loss: 4.993
2018-03-21 02:54:14,512:INFO: Epoch 194/200
2018-03-21 02:54:24,064:INFO: - Train metrics: accuracy: 0.902 ; loss: 0.442
2018-03-21 02:54:24,724:INFO: - Eval metrics : accuracy: 0.387 ; loss: 3.379
2018-03-21 02:54:24,756:INFO: Epoch 195/200
2018-03-21 02:54:34,250:INFO: - Train metrics: accuracy: 0.902 ; loss: 0.450
2018-03-21 02:54:34,914:INFO: - Eval metrics : accuracy: 0.423 ; loss: 2.957
2018-03-21 02:54:34,930:INFO: Epoch 196/200
2018-03-21 02:54:44,406:INFO: - Train metrics: accuracy: 0.906 ; loss: 0.422
2018-03-21 02:54:45,085:INFO: - Eval metrics : accuracy: 0.458 ; loss: 2.710
2018-03-21 02:54:45,105:INFO: Epoch 197/200
2018-03-21 02:54:54,559:INFO: - Train metrics: accuracy: 0.934 ; loss: 0.379
2018-03-21 02:54:55,207:INFO: - Eval metrics : accuracy: 0.236 ; loss: 4.473
2018-03-21 02:54:55,229:INFO: Epoch 198/200
2018-03-21 02:55:04,721:INFO: - Train metrics: accuracy: 0.938 ; loss: 0.390
2018-03-21 02:55:05,398:INFO: - Eval metrics : accuracy: 0.485 ; loss: 2.604
2018-03-21 02:55:05,414:INFO: Epoch 199/200
2018-03-21 02:55:14,943:INFO: - Train metrics: accuracy: 0.930 ; loss: 0.389
2018-03-21 02:55:15,597:INFO: - Eval metrics : accuracy: 0.320 ; loss: 3.744
2018-03-21 02:55:15,613:INFO: Epoch 200/200
2018-03-21 02:55:25,069:INFO: - Train metrics: accuracy: 0.906 ; loss: 0.468
2018-03-21 02:55:25,740:INFO: - Eval metrics : accuracy: 0.191 ; loss: 5.207
