2018-03-20 05:54:39,217:INFO: Loading the datasets...
2018-03-20 05:54:39,280:INFO: - done.
2018-03-20 05:54:41,512:INFO: Starting training for 40 epoch(s)
2018-03-20 05:54:41,512:INFO: Epoch 1/40
2018-03-20 05:54:53,741:INFO: - Train metrics: accuracy: 0.004 ; loss: 5.764
2018-03-20 05:54:54,341:INFO: - Eval metrics : accuracy: 0.030 ; loss: 5.141
2018-03-20 05:54:54,362:INFO: - Found new lowest loss
2018-03-20 05:54:54,363:INFO: Epoch 2/40
2018-03-20 05:55:05,795:INFO: - Train metrics: accuracy: 0.020 ; loss: 5.126
2018-03-20 05:55:06,381:INFO: - Eval metrics : accuracy: 0.048 ; loss: 4.822
2018-03-20 05:55:06,410:INFO: - Found new lowest loss
2018-03-20 05:55:06,411:INFO: Epoch 3/40
2018-03-20 05:55:17,849:INFO: - Train metrics: accuracy: 0.082 ; loss: 4.693
2018-03-20 05:55:18,456:INFO: - Eval metrics : accuracy: 0.068 ; loss: 4.639
2018-03-20 05:55:18,485:INFO: - Found new lowest loss
2018-03-20 05:55:18,486:INFO: Epoch 4/40
2018-03-20 05:55:29,899:INFO: - Train metrics: accuracy: 0.082 ; loss: 4.388
2018-03-20 05:55:30,527:INFO: - Eval metrics : accuracy: 0.111 ; loss: 4.243
2018-03-20 05:55:30,553:INFO: - Found new lowest loss
2018-03-20 05:55:30,554:INFO: Epoch 5/40
2018-03-20 05:55:42,005:INFO: - Train metrics: accuracy: 0.203 ; loss: 3.774
2018-03-20 05:55:42,584:INFO: - Eval metrics : accuracy: 0.285 ; loss: 3.474
2018-03-20 05:55:42,615:INFO: - Found new lowest loss
2018-03-20 05:55:42,615:INFO: Epoch 6/40
2018-03-20 05:55:54,029:INFO: - Train metrics: accuracy: 0.215 ; loss: 3.578
2018-03-20 05:55:54,624:INFO: - Eval metrics : accuracy: 0.110 ; loss: 4.600
2018-03-20 05:55:54,639:INFO: Epoch 7/40
2018-03-20 05:56:06,074:INFO: - Train metrics: accuracy: 0.230 ; loss: 3.372
2018-03-20 05:56:06,658:INFO: - Eval metrics : accuracy: 0.099 ; loss: 4.498
2018-03-20 05:56:06,681:INFO: Epoch 8/40
2018-03-20 05:56:18,113:INFO: - Train metrics: accuracy: 0.266 ; loss: 3.090
2018-03-20 05:56:18,715:INFO: - Eval metrics : accuracy: 0.425 ; loss: 2.674
2018-03-20 05:56:18,742:INFO: - Found new lowest loss
2018-03-20 05:56:18,743:INFO: Epoch 9/40
2018-03-20 05:56:30,162:INFO: - Train metrics: accuracy: 0.293 ; loss: 2.878
2018-03-20 05:56:30,763:INFO: - Eval metrics : accuracy: 0.478 ; loss: 2.426
2018-03-20 05:56:30,793:INFO: - Found new lowest loss
2018-03-20 05:56:30,794:INFO: Epoch 10/40
2018-03-20 05:56:42,244:INFO: - Train metrics: accuracy: 0.355 ; loss: 2.904
2018-03-20 05:56:42,839:INFO: - Eval metrics : accuracy: 0.427 ; loss: 2.502
2018-03-20 05:56:42,856:INFO: Epoch 11/40
2018-03-20 05:56:54,280:INFO: - Train metrics: accuracy: 0.441 ; loss: 2.510
2018-03-20 05:56:54,899:INFO: - Eval metrics : accuracy: 0.032 ; loss: 6.644
2018-03-20 05:56:54,915:INFO: Epoch 12/40
2018-03-20 05:57:06,347:INFO: - Train metrics: accuracy: 0.414 ; loss: 2.347
2018-03-20 05:57:06,947:INFO: - Eval metrics : accuracy: 0.042 ; loss: 5.818
2018-03-20 05:57:06,973:INFO: Epoch 13/40
2018-03-20 05:57:18,418:INFO: - Train metrics: accuracy: 0.430 ; loss: 2.494
2018-03-20 05:57:19,020:INFO: - Eval metrics : accuracy: 0.253 ; loss: 3.334
2018-03-20 05:57:19,037:INFO: Epoch 14/40
2018-03-20 05:57:30,447:INFO: - Train metrics: accuracy: 0.449 ; loss: 2.259
2018-03-20 05:57:31,043:INFO: - Eval metrics : accuracy: 0.060 ; loss: 6.271
2018-03-20 05:57:31,064:INFO: Epoch 15/40
2018-03-20 05:57:42,480:INFO: - Train metrics: accuracy: 0.488 ; loss: 2.119
2018-03-20 05:57:43,086:INFO: - Eval metrics : accuracy: 0.252 ; loss: 3.586
2018-03-20 05:57:43,105:INFO: Epoch 16/40
2018-03-20 05:57:54,523:INFO: - Train metrics: accuracy: 0.574 ; loss: 1.733
2018-03-20 05:57:55,133:INFO: - Eval metrics : accuracy: 0.069 ; loss: 6.185
2018-03-20 05:57:55,157:INFO: Epoch 17/40
2018-03-20 05:58:06,548:INFO: - Train metrics: accuracy: 0.480 ; loss: 2.064
2018-03-20 05:58:07,127:INFO: - Eval metrics : accuracy: 0.133 ; loss: 4.678
2018-03-20 05:58:07,145:INFO: Epoch 18/40
2018-03-20 05:58:18,520:INFO: - Train metrics: accuracy: 0.555 ; loss: 1.837
2018-03-20 05:58:19,117:INFO: - Eval metrics : accuracy: 0.062 ; loss: 6.148
2018-03-20 05:58:19,137:INFO: Epoch 19/40
2018-03-20 05:58:30,590:INFO: - Train metrics: accuracy: 0.613 ; loss: 1.628
2018-03-20 05:58:31,180:INFO: - Eval metrics : accuracy: 0.377 ; loss: 2.663
2018-03-20 05:58:31,197:INFO: Epoch 20/40
2018-03-20 05:58:42,625:INFO: - Train metrics: accuracy: 0.559 ; loss: 1.787
2018-03-20 05:58:43,213:INFO: - Eval metrics : accuracy: 0.241 ; loss: 3.464
2018-03-20 05:58:43,226:INFO: Epoch 21/40
2018-03-20 05:58:54,603:INFO: - Train metrics: accuracy: 0.570 ; loss: 1.573
2018-03-20 05:58:55,205:INFO: - Eval metrics : accuracy: 0.165 ; loss: 4.329
2018-03-20 05:58:55,218:INFO: Epoch 22/40
2018-03-20 05:59:06,672:INFO: - Train metrics: accuracy: 0.645 ; loss: 1.534
2018-03-20 05:59:07,273:INFO: - Eval metrics : accuracy: 0.180 ; loss: 3.819
2018-03-20 05:59:07,289:INFO: Epoch 23/40
2018-03-20 05:59:18,686:INFO: - Train metrics: accuracy: 0.621 ; loss: 1.527
2018-03-20 05:59:19,297:INFO: - Eval metrics : accuracy: 0.407 ; loss: 2.390
2018-03-20 05:59:19,326:INFO: - Found new lowest loss
2018-03-20 05:59:19,327:INFO: Epoch 24/40
2018-03-20 05:59:30,732:INFO: - Train metrics: accuracy: 0.648 ; loss: 1.435
2018-03-20 05:59:31,349:INFO: - Eval metrics : accuracy: 0.241 ; loss: 3.813
2018-03-20 05:59:31,373:INFO: Epoch 25/40
2018-03-20 05:59:42,754:INFO: - Train metrics: accuracy: 0.605 ; loss: 1.462
2018-03-20 05:59:43,380:INFO: - Eval metrics : accuracy: 0.162 ; loss: 4.723
2018-03-20 05:59:43,396:INFO: Epoch 26/40
2018-03-20 05:59:54,824:INFO: - Train metrics: accuracy: 0.645 ; loss: 1.365
2018-03-20 05:59:55,412:INFO: - Eval metrics : accuracy: 0.064 ; loss: 6.708
2018-03-20 05:59:55,429:INFO: Epoch 27/40
2018-03-20 06:00:06,839:INFO: - Train metrics: accuracy: 0.617 ; loss: 1.488
2018-03-20 06:00:07,422:INFO: - Eval metrics : accuracy: 0.187 ; loss: 4.357
2018-03-20 06:00:07,439:INFO: Epoch 28/40
2018-03-20 06:00:18,880:INFO: - Train metrics: accuracy: 0.656 ; loss: 1.287
2018-03-20 06:00:19,494:INFO: - Eval metrics : accuracy: 0.585 ; loss: 1.561
2018-03-20 06:00:19,522:INFO: - Found new lowest loss
2018-03-20 06:00:19,523:INFO: Epoch 29/40
2018-03-20 06:00:30,926:INFO: - Train metrics: accuracy: 0.617 ; loss: 1.360
2018-03-20 06:00:31,536:INFO: - Eval metrics : accuracy: 0.194 ; loss: 4.261
2018-03-20 06:00:31,552:INFO: Epoch 30/40
2018-03-20 06:00:42,965:INFO: - Train metrics: accuracy: 0.621 ; loss: 1.379
2018-03-20 06:00:43,575:INFO: - Eval metrics : accuracy: 0.203 ; loss: 4.002
2018-03-20 06:00:43,593:INFO: Epoch 31/40
2018-03-20 06:00:54,980:INFO: - Train metrics: accuracy: 0.629 ; loss: 1.321
2018-03-20 06:00:55,578:INFO: - Eval metrics : accuracy: 0.315 ; loss: 3.059
2018-03-20 06:00:55,595:INFO: Epoch 32/40
2018-03-20 06:01:06,995:INFO: - Train metrics: accuracy: 0.680 ; loss: 1.116
2018-03-20 06:01:07,624:INFO: - Eval metrics : accuracy: 0.436 ; loss: 2.184
2018-03-20 06:01:07,641:INFO: Epoch 33/40
2018-03-20 06:01:19,076:INFO: - Train metrics: accuracy: 0.703 ; loss: 1.115
2018-03-20 06:01:19,654:INFO: - Eval metrics : accuracy: 0.056 ; loss: 7.258
2018-03-20 06:01:19,680:INFO: Epoch 34/40
2018-03-20 06:01:31,072:INFO: - Train metrics: accuracy: 0.703 ; loss: 1.054
2018-03-20 06:01:31,652:INFO: - Eval metrics : accuracy: 0.248 ; loss: 3.573
2018-03-20 06:01:31,677:INFO: Epoch 35/40
2018-03-20 06:01:43,067:INFO: - Train metrics: accuracy: 0.742 ; loss: 1.024
2018-03-20 06:01:43,659:INFO: - Eval metrics : accuracy: 0.075 ; loss: 6.760
2018-03-20 06:01:43,675:INFO: Epoch 36/40
2018-03-20 06:01:55,088:INFO: - Train metrics: accuracy: 0.723 ; loss: 1.055
2018-03-20 06:01:55,684:INFO: - Eval metrics : accuracy: 0.231 ; loss: 4.045
2018-03-20 06:01:55,699:INFO: Epoch 37/40
2018-03-20 06:02:07,113:INFO: - Train metrics: accuracy: 0.727 ; loss: 0.972
2018-03-20 06:02:07,723:INFO: - Eval metrics : accuracy: 0.731 ; loss: 1.035
2018-03-20 06:02:07,753:INFO: - Found new lowest loss
2018-03-20 06:02:07,754:INFO: Epoch 38/40
2018-03-20 06:02:19,172:INFO: - Train metrics: accuracy: 0.742 ; loss: 1.016
2018-03-20 06:02:19,776:INFO: - Eval metrics : accuracy: 0.296 ; loss: 3.273
2018-03-20 06:02:19,792:INFO: Epoch 39/40
2018-03-20 06:02:31,202:INFO: - Train metrics: accuracy: 0.758 ; loss: 0.956
2018-03-20 06:02:31,783:INFO: - Eval metrics : accuracy: 0.459 ; loss: 2.247
2018-03-20 06:02:31,809:INFO: Epoch 40/40
2018-03-20 06:02:43,197:INFO: - Train metrics: accuracy: 0.754 ; loss: 0.988
2018-03-20 06:02:43,781:INFO: - Eval metrics : accuracy: 0.217 ; loss: 4.592
