2018-03-20 05:37:46,059:INFO: Loading the datasets...
2018-03-20 05:37:46,121:INFO: - done.
2018-03-20 05:37:48,426:INFO: Starting training for 40 epoch(s)
2018-03-20 05:37:48,426:INFO: Epoch 1/40
2018-03-20 05:38:01,618:INFO: - Train metrics: accuracy: 0.031 ; loss: 5.277
2018-03-20 05:38:02,267:INFO: - Eval metrics : accuracy: 0.039 ; loss: 4.891
2018-03-20 05:38:02,285:INFO: - Found new lowest loss
2018-03-20 05:38:02,285:INFO: Epoch 2/40
2018-03-20 05:38:14,763:INFO: - Train metrics: accuracy: 0.059 ; loss: 4.458
2018-03-20 05:38:15,402:INFO: - Eval metrics : accuracy: 0.100 ; loss: 4.292
2018-03-20 05:38:15,436:INFO: - Found new lowest loss
2018-03-20 05:38:15,436:INFO: Epoch 3/40
2018-03-20 05:38:27,855:INFO: - Train metrics: accuracy: 0.168 ; loss: 3.822
2018-03-20 05:38:28,487:INFO: - Eval metrics : accuracy: 0.025 ; loss: 6.060
2018-03-20 05:38:28,504:INFO: Epoch 4/40
2018-03-20 05:38:41,018:INFO: - Train metrics: accuracy: 0.270 ; loss: 3.363
2018-03-20 05:38:41,633:INFO: - Eval metrics : accuracy: 0.101 ; loss: 4.349
2018-03-20 05:38:41,648:INFO: Epoch 5/40
2018-03-20 05:38:54,158:INFO: - Train metrics: accuracy: 0.281 ; loss: 3.112
2018-03-20 05:38:54,779:INFO: - Eval metrics : accuracy: 0.070 ; loss: 4.791
2018-03-20 05:38:54,804:INFO: Epoch 6/40
2018-03-20 05:39:07,217:INFO: - Train metrics: accuracy: 0.320 ; loss: 2.976
2018-03-20 05:39:07,835:INFO: - Eval metrics : accuracy: 0.012 ; loss: 8.078
2018-03-20 05:39:07,858:INFO: Epoch 7/40
2018-03-20 05:39:20,347:INFO: - Train metrics: accuracy: 0.309 ; loss: 2.841
2018-03-20 05:39:20,963:INFO: - Eval metrics : accuracy: 0.181 ; loss: 3.758
2018-03-20 05:39:20,989:INFO: - Found new lowest loss
2018-03-20 05:39:20,990:INFO: Epoch 8/40
2018-03-20 05:39:33,438:INFO: - Train metrics: accuracy: 0.379 ; loss: 2.584
2018-03-20 05:39:34,059:INFO: - Eval metrics : accuracy: 0.028 ; loss: 7.001
2018-03-20 05:39:34,083:INFO: Epoch 9/40
2018-03-20 05:39:46,535:INFO: - Train metrics: accuracy: 0.422 ; loss: 2.314
2018-03-20 05:39:47,166:INFO: - Eval metrics : accuracy: 0.066 ; loss: 5.273
2018-03-20 05:39:47,182:INFO: Epoch 10/40
2018-03-20 05:39:59,689:INFO: - Train metrics: accuracy: 0.422 ; loss: 2.312
2018-03-20 05:40:00,292:INFO: - Eval metrics : accuracy: 0.021 ; loss: 7.857
2018-03-20 05:40:00,308:INFO: Epoch 11/40
2018-03-20 05:40:12,802:INFO: - Train metrics: accuracy: 0.457 ; loss: 2.151
2018-03-20 05:40:13,461:INFO: - Eval metrics : accuracy: 0.451 ; loss: 2.151
2018-03-20 05:40:13,489:INFO: - Found new lowest loss
2018-03-20 05:40:13,489:INFO: Epoch 12/40
2018-03-20 05:40:25,935:INFO: - Train metrics: accuracy: 0.492 ; loss: 2.011
2018-03-20 05:40:26,556:INFO: - Eval metrics : accuracy: 0.146 ; loss: 4.374
2018-03-20 05:40:26,572:INFO: Epoch 13/40
2018-03-20 05:40:38,982:INFO: - Train metrics: accuracy: 0.547 ; loss: 1.891
2018-03-20 05:40:39,637:INFO: - Eval metrics : accuracy: 0.281 ; loss: 3.328
2018-03-20 05:40:39,653:INFO: Epoch 14/40
2018-03-20 05:40:52,135:INFO: - Train metrics: accuracy: 0.535 ; loss: 1.804
2018-03-20 05:40:52,768:INFO: - Eval metrics : accuracy: 0.219 ; loss: 3.636
2018-03-20 05:40:52,785:INFO: Epoch 15/40
2018-03-20 05:41:05,193:INFO: - Train metrics: accuracy: 0.512 ; loss: 1.933
2018-03-20 05:41:05,820:INFO: - Eval metrics : accuracy: 0.102 ; loss: 5.368
2018-03-20 05:41:05,836:INFO: Epoch 16/40
2018-03-20 05:41:18,254:INFO: - Train metrics: accuracy: 0.562 ; loss: 1.704
2018-03-20 05:41:18,895:INFO: - Eval metrics : accuracy: 0.392 ; loss: 2.615
2018-03-20 05:41:18,908:INFO: Epoch 17/40
2018-03-20 05:41:31,361:INFO: - Train metrics: accuracy: 0.613 ; loss: 1.621
2018-03-20 05:41:31,972:INFO: - Eval metrics : accuracy: 0.224 ; loss: 4.098
2018-03-20 05:41:31,988:INFO: Epoch 18/40
2018-03-20 05:41:44,443:INFO: - Train metrics: accuracy: 0.582 ; loss: 1.726
2018-03-20 05:41:45,069:INFO: - Eval metrics : accuracy: 0.195 ; loss: 3.852
2018-03-20 05:41:45,085:INFO: Epoch 19/40
2018-03-20 05:41:57,470:INFO: - Train metrics: accuracy: 0.559 ; loss: 1.667
2018-03-20 05:41:58,077:INFO: - Eval metrics : accuracy: 0.079 ; loss: 6.015
2018-03-20 05:41:58,093:INFO: Epoch 20/40
2018-03-20 05:42:10,526:INFO: - Train metrics: accuracy: 0.520 ; loss: 1.705
2018-03-20 05:42:11,168:INFO: - Eval metrics : accuracy: 0.069 ; loss: 6.591
2018-03-20 05:42:11,184:INFO: Epoch 21/40
2018-03-20 05:42:23,680:INFO: - Train metrics: accuracy: 0.637 ; loss: 1.428
2018-03-20 05:42:24,292:INFO: - Eval metrics : accuracy: 0.294 ; loss: 3.369
2018-03-20 05:42:24,313:INFO: Epoch 22/40
2018-03-20 05:42:36,716:INFO: - Train metrics: accuracy: 0.590 ; loss: 1.507
2018-03-20 05:42:37,337:INFO: - Eval metrics : accuracy: 0.462 ; loss: 2.132
2018-03-20 05:42:37,366:INFO: - Found new lowest loss
2018-03-20 05:42:37,367:INFO: Epoch 23/40
2018-03-20 05:42:49,813:INFO: - Train metrics: accuracy: 0.582 ; loss: 1.531
2018-03-20 05:42:50,436:INFO: - Eval metrics : accuracy: 0.344 ; loss: 2.846
2018-03-20 05:42:50,452:INFO: Epoch 24/40
2018-03-20 05:43:02,918:INFO: - Train metrics: accuracy: 0.633 ; loss: 1.362
2018-03-20 05:43:03,553:INFO: - Eval metrics : accuracy: 0.343 ; loss: 2.625
2018-03-20 05:43:03,569:INFO: Epoch 25/40
2018-03-20 05:43:16,018:INFO: - Train metrics: accuracy: 0.637 ; loss: 1.513
2018-03-20 05:43:16,621:INFO: - Eval metrics : accuracy: 0.645 ; loss: 1.326
2018-03-20 05:43:16,650:INFO: - Found new lowest loss
2018-03-20 05:43:16,651:INFO: Epoch 26/40
2018-03-20 05:43:29,078:INFO: - Train metrics: accuracy: 0.633 ; loss: 1.539
2018-03-20 05:43:29,705:INFO: - Eval metrics : accuracy: 0.166 ; loss: 4.476
2018-03-20 05:43:29,720:INFO: Epoch 27/40
2018-03-20 05:43:42,179:INFO: - Train metrics: accuracy: 0.699 ; loss: 1.136
2018-03-20 05:43:42,841:INFO: - Eval metrics : accuracy: 0.419 ; loss: 2.456
2018-03-20 05:43:42,857:INFO: Epoch 28/40
2018-03-20 05:43:55,228:INFO: - Train metrics: accuracy: 0.629 ; loss: 1.485
2018-03-20 05:43:55,861:INFO: - Eval metrics : accuracy: 0.204 ; loss: 4.390
2018-03-20 05:43:55,885:INFO: Epoch 29/40
2018-03-20 05:44:08,274:INFO: - Train metrics: accuracy: 0.652 ; loss: 1.271
2018-03-20 05:44:08,922:INFO: - Eval metrics : accuracy: 0.600 ; loss: 1.632
2018-03-20 05:44:08,941:INFO: Epoch 30/40
2018-03-20 05:44:21,437:INFO: - Train metrics: accuracy: 0.680 ; loss: 1.237
2018-03-20 05:44:22,075:INFO: - Eval metrics : accuracy: 0.526 ; loss: 1.822
2018-03-20 05:44:22,090:INFO: Epoch 31/40
2018-03-20 05:44:34,550:INFO: - Train metrics: accuracy: 0.684 ; loss: 1.235
2018-03-20 05:44:35,161:INFO: - Eval metrics : accuracy: 0.213 ; loss: 3.947
2018-03-20 05:44:35,177:INFO: Epoch 32/40
2018-03-20 05:44:47,623:INFO: - Train metrics: accuracy: 0.668 ; loss: 1.358
2018-03-20 05:44:48,239:INFO: - Eval metrics : accuracy: 0.690 ; loss: 1.139
2018-03-20 05:44:48,271:INFO: - Found new lowest loss
2018-03-20 05:44:48,274:INFO: Epoch 33/40
2018-03-20 05:45:00,740:INFO: - Train metrics: accuracy: 0.695 ; loss: 1.158
2018-03-20 05:45:01,365:INFO: - Eval metrics : accuracy: 0.128 ; loss: 5.649
2018-03-20 05:45:01,381:INFO: Epoch 34/40
2018-03-20 05:45:13,882:INFO: - Train metrics: accuracy: 0.684 ; loss: 1.198
2018-03-20 05:45:14,499:INFO: - Eval metrics : accuracy: 0.441 ; loss: 2.344
2018-03-20 05:45:14,517:INFO: Epoch 35/40
2018-03-20 05:45:27,018:INFO: - Train metrics: accuracy: 0.629 ; loss: 1.300
2018-03-20 05:45:27,648:INFO: - Eval metrics : accuracy: 0.599 ; loss: 1.540
2018-03-20 05:45:27,664:INFO: Epoch 36/40
2018-03-20 05:45:40,131:INFO: - Train metrics: accuracy: 0.688 ; loss: 1.162
2018-03-20 05:45:40,763:INFO: - Eval metrics : accuracy: 0.142 ; loss: 4.768
2018-03-20 05:45:40,781:INFO: Epoch 37/40
2018-03-20 05:45:53,175:INFO: - Train metrics: accuracy: 0.641 ; loss: 1.252
2018-03-20 05:45:53,804:INFO: - Eval metrics : accuracy: 0.384 ; loss: 2.694
2018-03-20 05:45:53,816:INFO: Epoch 38/40
2018-03-20 05:46:06,214:INFO: - Train metrics: accuracy: 0.672 ; loss: 1.268
2018-03-20 05:46:06,825:INFO: - Eval metrics : accuracy: 0.310 ; loss: 3.073
2018-03-20 05:46:06,840:INFO: Epoch 39/40
2018-03-20 05:46:19,268:INFO: - Train metrics: accuracy: 0.680 ; loss: 1.210
2018-03-20 05:46:19,925:INFO: - Eval metrics : accuracy: 0.532 ; loss: 1.907
2018-03-20 05:46:19,942:INFO: Epoch 40/40
2018-03-20 05:46:32,354:INFO: - Train metrics: accuracy: 0.664 ; loss: 1.180
2018-03-20 05:46:32,991:INFO: - Eval metrics : accuracy: 0.109 ; loss: 5.785
