2018-03-22 00:25:12,078:INFO: Loading the datasets...
2018-03-22 00:25:12,129:INFO: - done.
2018-03-22 00:25:14,361:INFO: Starting training for 100 epoch(s)
2018-03-22 00:25:14,361:INFO: Epoch 1/100
2018-03-22 00:25:43,782:INFO: - Train metrics: accuracy: 0.010 ; loss: 5.516
2018-03-22 00:25:45,278:INFO: - Eval metrics : accuracy: 0.052 ; loss: 5.061
2018-03-22 00:25:45,311:INFO: - Found new best accuracy
2018-03-22 00:25:45,311:INFO: Epoch 2/100
2018-03-22 00:26:13,887:INFO: - Train metrics: accuracy: 0.052 ; loss: 4.911
2018-03-22 00:26:15,401:INFO: - Eval metrics : accuracy: 0.125 ; loss: 4.466
2018-03-22 00:26:15,526:INFO: - Found new best accuracy
2018-03-22 00:26:15,528:INFO: Epoch 3/100
2018-03-22 00:26:44,109:INFO: - Train metrics: accuracy: 0.125 ; loss: 4.426
2018-03-22 00:26:45,551:INFO: - Eval metrics : accuracy: 0.216 ; loss: 3.794
2018-03-22 00:26:45,627:INFO: - Found new best accuracy
2018-03-22 00:26:45,629:INFO: Epoch 4/100
2018-03-22 00:27:14,207:INFO: - Train metrics: accuracy: 0.245 ; loss: 3.680
2018-03-22 00:27:15,698:INFO: - Eval metrics : accuracy: 0.301 ; loss: 3.396
2018-03-22 00:27:15,777:INFO: - Found new best accuracy
2018-03-22 00:27:15,778:INFO: Epoch 5/100
2018-03-22 00:27:44,338:INFO: - Train metrics: accuracy: 0.193 ; loss: 3.608
2018-03-22 00:27:45,809:INFO: - Eval metrics : accuracy: 0.357 ; loss: 3.075
2018-03-22 00:27:45,883:INFO: - Found new best accuracy
2018-03-22 00:27:45,884:INFO: Epoch 6/100
2018-03-22 00:28:14,439:INFO: - Train metrics: accuracy: 0.370 ; loss: 3.008
2018-03-22 00:28:15,938:INFO: - Eval metrics : accuracy: 0.312 ; loss: 3.199
2018-03-22 00:28:15,981:INFO: Epoch 7/100
2018-03-22 00:28:44,547:INFO: - Train metrics: accuracy: 0.339 ; loss: 2.839
2018-03-22 00:28:46,045:INFO: - Eval metrics : accuracy: 0.424 ; loss: 2.700
2018-03-22 00:28:46,121:INFO: - Found new best accuracy
2018-03-22 00:28:46,121:INFO: Epoch 8/100
2018-03-22 00:29:14,695:INFO: - Train metrics: accuracy: 0.354 ; loss: 2.711
2018-03-22 00:29:16,193:INFO: - Eval metrics : accuracy: 0.444 ; loss: 2.537
2018-03-22 00:29:16,278:INFO: - Found new best accuracy
2018-03-22 00:29:16,279:INFO: Epoch 9/100
2018-03-22 00:29:44,815:INFO: - Train metrics: accuracy: 0.427 ; loss: 2.492
2018-03-22 00:29:46,310:INFO: - Eval metrics : accuracy: 0.483 ; loss: 2.292
2018-03-22 00:29:46,391:INFO: - Found new best accuracy
2018-03-22 00:29:46,392:INFO: Epoch 10/100
2018-03-22 00:30:14,999:INFO: - Train metrics: accuracy: 0.432 ; loss: 2.275
2018-03-22 00:30:16,467:INFO: - Eval metrics : accuracy: 0.493 ; loss: 2.242
2018-03-22 00:30:16,545:INFO: - Found new best accuracy
2018-03-22 00:30:16,546:INFO: Epoch 11/100
2018-03-22 00:30:45,138:INFO: - Train metrics: accuracy: 0.458 ; loss: 2.331
2018-03-22 00:30:46,585:INFO: - Eval metrics : accuracy: 0.488 ; loss: 2.195
2018-03-22 00:30:46,628:INFO: Epoch 12/100
2018-03-22 00:31:15,167:INFO: - Train metrics: accuracy: 0.474 ; loss: 2.102
2018-03-22 00:31:16,643:INFO: - Eval metrics : accuracy: 0.494 ; loss: 2.210
2018-03-22 00:31:16,728:INFO: - Found new best accuracy
2018-03-22 00:31:16,728:INFO: Epoch 13/100
2018-03-22 00:31:45,379:INFO: - Train metrics: accuracy: 0.443 ; loss: 2.127
2018-03-22 00:31:46,895:INFO: - Eval metrics : accuracy: 0.495 ; loss: 2.176
2018-03-22 00:31:46,977:INFO: - Found new best accuracy
2018-03-22 00:31:46,977:INFO: Epoch 14/100
2018-03-22 00:32:15,482:INFO: - Train metrics: accuracy: 0.542 ; loss: 1.767
2018-03-22 00:32:16,958:INFO: - Eval metrics : accuracy: 0.504 ; loss: 2.102
2018-03-22 00:32:17,036:INFO: - Found new best accuracy
2018-03-22 00:32:17,037:INFO: Epoch 15/100
2018-03-22 00:32:45,514:INFO: - Train metrics: accuracy: 0.578 ; loss: 1.717
2018-03-22 00:32:47,006:INFO: - Eval metrics : accuracy: 0.516 ; loss: 2.002
2018-03-22 00:32:47,098:INFO: - Found new best accuracy
2018-03-22 00:32:47,098:INFO: Epoch 16/100
2018-03-22 00:33:15,626:INFO: - Train metrics: accuracy: 0.573 ; loss: 1.745
2018-03-22 00:33:17,073:INFO: - Eval metrics : accuracy: 0.578 ; loss: 1.815
2018-03-22 00:33:17,148:INFO: - Found new best accuracy
2018-03-22 00:33:17,148:INFO: Epoch 17/100
2018-03-22 00:33:45,652:INFO: - Train metrics: accuracy: 0.531 ; loss: 1.972
2018-03-22 00:33:47,121:INFO: - Eval metrics : accuracy: 0.513 ; loss: 2.038
2018-03-22 00:33:47,164:INFO: Epoch 18/100
2018-03-22 00:34:15,706:INFO: - Train metrics: accuracy: 0.641 ; loss: 1.555
2018-03-22 00:34:17,155:INFO: - Eval metrics : accuracy: 0.555 ; loss: 1.826
2018-03-22 00:34:17,198:INFO: Epoch 19/100
2018-03-22 00:34:45,794:INFO: - Train metrics: accuracy: 0.536 ; loss: 1.841
2018-03-22 00:34:47,273:INFO: - Eval metrics : accuracy: 0.429 ; loss: 2.433
2018-03-22 00:34:47,316:INFO: Epoch 20/100
2018-03-22 00:35:15,808:INFO: - Train metrics: accuracy: 0.562 ; loss: 1.645
2018-03-22 00:35:17,284:INFO: - Eval metrics : accuracy: 0.546 ; loss: 1.848
2018-03-22 00:35:17,328:INFO: Epoch 21/100
2018-03-22 00:35:45,867:INFO: - Train metrics: accuracy: 0.635 ; loss: 1.506
2018-03-22 00:35:47,342:INFO: - Eval metrics : accuracy: 0.592 ; loss: 1.669
2018-03-22 00:35:47,422:INFO: - Found new best accuracy
2018-03-22 00:35:47,423:INFO: Epoch 22/100
2018-03-22 00:36:16,026:INFO: - Train metrics: accuracy: 0.682 ; loss: 1.317
2018-03-22 00:36:17,510:INFO: - Eval metrics : accuracy: 0.600 ; loss: 1.681
2018-03-22 00:36:17,583:INFO: - Found new best accuracy
2018-03-22 00:36:17,584:INFO: Epoch 23/100
2018-03-22 00:36:46,068:INFO: - Train metrics: accuracy: 0.641 ; loss: 1.474
2018-03-22 00:36:47,560:INFO: - Eval metrics : accuracy: 0.600 ; loss: 1.622
2018-03-22 00:36:47,636:INFO: - Found new best accuracy
2018-03-22 00:36:47,638:INFO: Epoch 24/100
2018-03-22 00:37:16,224:INFO: - Train metrics: accuracy: 0.646 ; loss: 1.363
2018-03-22 00:37:17,708:INFO: - Eval metrics : accuracy: 0.587 ; loss: 1.616
2018-03-22 00:37:17,753:INFO: Epoch 25/100
2018-03-22 00:37:46,218:INFO: - Train metrics: accuracy: 0.630 ; loss: 1.442
2018-03-22 00:37:47,707:INFO: - Eval metrics : accuracy: 0.585 ; loss: 1.684
2018-03-22 00:37:47,758:INFO: Epoch 26/100
2018-03-22 00:38:16,212:INFO: - Train metrics: accuracy: 0.641 ; loss: 1.335
2018-03-22 00:38:17,655:INFO: - Eval metrics : accuracy: 0.588 ; loss: 1.726
2018-03-22 00:38:17,700:INFO: Epoch 27/100
2018-03-22 00:38:46,250:INFO: - Train metrics: accuracy: 0.630 ; loss: 1.389
2018-03-22 00:38:47,741:INFO: - Eval metrics : accuracy: 0.573 ; loss: 1.753
2018-03-22 00:38:47,784:INFO: Epoch 28/100
2018-03-22 00:39:16,357:INFO: - Train metrics: accuracy: 0.646 ; loss: 1.470
2018-03-22 00:39:17,869:INFO: - Eval metrics : accuracy: 0.398 ; loss: 2.624
2018-03-22 00:39:17,913:INFO: Epoch 29/100
2018-03-22 00:39:46,388:INFO: - Train metrics: accuracy: 0.651 ; loss: 1.240
2018-03-22 00:39:47,841:INFO: - Eval metrics : accuracy: 0.577 ; loss: 1.744
2018-03-22 00:39:47,883:INFO: Epoch 30/100
2018-03-22 00:40:16,356:INFO: - Train metrics: accuracy: 0.734 ; loss: 1.194
2018-03-22 00:40:17,842:INFO: - Eval metrics : accuracy: 0.593 ; loss: 1.619
2018-03-22 00:40:17,902:INFO: Epoch 31/100
2018-03-22 00:40:46,361:INFO: - Train metrics: accuracy: 0.682 ; loss: 1.217
2018-03-22 00:40:47,859:INFO: - Eval metrics : accuracy: 0.559 ; loss: 1.779
2018-03-22 00:40:47,901:INFO: Epoch 32/100
2018-03-22 00:41:16,282:INFO: - Train metrics: accuracy: 0.672 ; loss: 1.106
2018-03-22 00:41:17,778:INFO: - Eval metrics : accuracy: 0.597 ; loss: 1.617
2018-03-22 00:41:17,820:INFO: Epoch 33/100
2018-03-22 00:41:46,268:INFO: - Train metrics: accuracy: 0.651 ; loss: 1.272
2018-03-22 00:41:47,735:INFO: - Eval metrics : accuracy: 0.578 ; loss: 1.700
2018-03-22 00:41:47,780:INFO: Epoch 34/100
2018-03-22 00:42:16,232:INFO: - Train metrics: accuracy: 0.714 ; loss: 1.072
2018-03-22 00:42:17,729:INFO: - Eval metrics : accuracy: 0.580 ; loss: 1.718
2018-03-22 00:42:17,770:INFO: Epoch 35/100
2018-03-22 00:42:46,192:INFO: - Train metrics: accuracy: 0.688 ; loss: 1.194
2018-03-22 00:42:47,662:INFO: - Eval metrics : accuracy: 0.608 ; loss: 1.591
2018-03-22 00:42:47,748:INFO: - Found new best accuracy
2018-03-22 00:42:47,749:INFO: Epoch 36/100
2018-03-22 00:43:16,201:INFO: - Train metrics: accuracy: 0.729 ; loss: 1.039
2018-03-22 00:43:17,696:INFO: - Eval metrics : accuracy: 0.564 ; loss: 1.826
2018-03-22 00:43:17,740:INFO: Epoch 37/100
2018-03-22 00:43:46,151:INFO: - Train metrics: accuracy: 0.771 ; loss: 0.982
2018-03-22 00:43:47,691:INFO: - Eval metrics : accuracy: 0.595 ; loss: 1.650
2018-03-22 00:43:47,734:INFO: Epoch 38/100
2018-03-22 00:44:16,227:INFO: - Train metrics: accuracy: 0.734 ; loss: 1.005
2018-03-22 00:44:17,713:INFO: - Eval metrics : accuracy: 0.582 ; loss: 1.638
2018-03-22 00:44:17,757:INFO: Epoch 39/100
2018-03-22 00:44:46,223:INFO: - Train metrics: accuracy: 0.635 ; loss: 1.309
2018-03-22 00:44:47,684:INFO: - Eval metrics : accuracy: 0.615 ; loss: 1.616
2018-03-22 00:44:47,751:INFO: - Found new best accuracy
2018-03-22 00:44:47,752:INFO: Epoch 40/100
2018-03-22 00:45:16,244:INFO: - Train metrics: accuracy: 0.667 ; loss: 1.110
2018-03-22 00:45:17,698:INFO: - Eval metrics : accuracy: 0.615 ; loss: 1.568
2018-03-22 00:45:17,765:INFO: - Found new best accuracy
2018-03-22 00:45:17,766:INFO: Epoch 41/100
2018-03-22 00:45:46,166:INFO: - Train metrics: accuracy: 0.719 ; loss: 1.011
2018-03-22 00:45:47,672:INFO: - Eval metrics : accuracy: 0.608 ; loss: 1.611
2018-03-22 00:45:47,715:INFO: Epoch 42/100
2018-03-22 00:46:16,165:INFO: - Train metrics: accuracy: 0.745 ; loss: 1.014
2018-03-22 00:46:17,642:INFO: - Eval metrics : accuracy: 0.616 ; loss: 1.554
2018-03-22 00:46:17,718:INFO: - Found new best accuracy
2018-03-22 00:46:17,718:INFO: Epoch 43/100
2018-03-22 00:46:46,228:INFO: - Train metrics: accuracy: 0.693 ; loss: 1.145
2018-03-22 00:46:47,719:INFO: - Eval metrics : accuracy: 0.614 ; loss: 1.570
2018-03-22 00:46:47,763:INFO: Epoch 44/100
2018-03-22 00:47:16,174:INFO: - Train metrics: accuracy: 0.688 ; loss: 1.229
2018-03-22 00:47:17,678:INFO: - Eval metrics : accuracy: 0.583 ; loss: 1.671
2018-03-22 00:47:17,723:INFO: Epoch 45/100
2018-03-22 00:47:46,182:INFO: - Train metrics: accuracy: 0.792 ; loss: 0.896
2018-03-22 00:47:47,645:INFO: - Eval metrics : accuracy: 0.552 ; loss: 1.834
2018-03-22 00:47:47,688:INFO: Epoch 46/100
2018-03-22 00:48:16,192:INFO: - Train metrics: accuracy: 0.792 ; loss: 0.909
2018-03-22 00:48:17,700:INFO: - Eval metrics : accuracy: 0.511 ; loss: 2.094
2018-03-22 00:48:17,747:INFO: Epoch 47/100
2018-03-22 00:48:46,162:INFO: - Train metrics: accuracy: 0.714 ; loss: 0.931
2018-03-22 00:48:47,647:INFO: - Eval metrics : accuracy: 0.569 ; loss: 1.780
2018-03-22 00:48:47,691:INFO: Epoch 48/100
2018-03-22 00:49:16,050:INFO: - Train metrics: accuracy: 0.802 ; loss: 0.818
2018-03-22 00:49:17,562:INFO: - Eval metrics : accuracy: 0.600 ; loss: 1.640
2018-03-22 00:49:17,601:INFO: Epoch 49/100
2018-03-22 00:49:46,030:INFO: - Train metrics: accuracy: 0.734 ; loss: 0.978
2018-03-22 00:49:47,499:INFO: - Eval metrics : accuracy: 0.604 ; loss: 1.607
2018-03-22 00:49:47,543:INFO: Epoch 50/100
2018-03-22 00:50:15,867:INFO: - Train metrics: accuracy: 0.771 ; loss: 0.858
2018-03-22 00:50:17,310:INFO: - Eval metrics : accuracy: 0.637 ; loss: 1.525
2018-03-22 00:50:17,388:INFO: - Found new best accuracy
2018-03-22 00:50:17,388:INFO: Epoch 51/100
2018-03-22 00:50:45,747:INFO: - Train metrics: accuracy: 0.797 ; loss: 0.825
2018-03-22 00:50:47,216:INFO: - Eval metrics : accuracy: 0.642 ; loss: 1.471
2018-03-22 00:50:47,293:INFO: - Found new best accuracy
2018-03-22 00:50:47,294:INFO: Epoch 52/100
2018-03-22 00:51:15,671:INFO: - Train metrics: accuracy: 0.781 ; loss: 0.820
2018-03-22 00:51:17,172:INFO: - Eval metrics : accuracy: 0.579 ; loss: 1.712
2018-03-22 00:51:17,219:INFO: Epoch 53/100
2018-03-22 00:51:45,645:INFO: - Train metrics: accuracy: 0.812 ; loss: 0.824
2018-03-22 00:51:47,129:INFO: - Eval metrics : accuracy: 0.607 ; loss: 1.609
2018-03-22 00:51:47,173:INFO: Epoch 54/100
2018-03-22 00:52:17,146:INFO: - Train metrics: accuracy: 0.729 ; loss: 0.873
2018-03-22 00:52:18,618:INFO: - Eval metrics : accuracy: 0.515 ; loss: 2.047
2018-03-22 00:52:18,663:INFO: Epoch 55/100
2018-03-22 00:52:47,012:INFO: - Train metrics: accuracy: 0.740 ; loss: 0.935
2018-03-22 00:52:48,498:INFO: - Eval metrics : accuracy: 0.610 ; loss: 1.630
2018-03-22 00:52:48,541:INFO: Epoch 56/100
2018-03-22 00:53:16,989:INFO: - Train metrics: accuracy: 0.771 ; loss: 0.854
2018-03-22 00:53:18,465:INFO: - Eval metrics : accuracy: 0.555 ; loss: 1.834
2018-03-22 00:53:18,517:INFO: Epoch 57/100
2018-03-22 00:53:46,894:INFO: - Train metrics: accuracy: 0.760 ; loss: 0.894
2018-03-22 00:53:48,396:INFO: - Eval metrics : accuracy: 0.595 ; loss: 1.703
2018-03-22 00:53:48,440:INFO: Epoch 58/100
2018-03-22 00:54:16,816:INFO: - Train metrics: accuracy: 0.797 ; loss: 0.787
2018-03-22 00:54:18,282:INFO: - Eval metrics : accuracy: 0.622 ; loss: 1.505
2018-03-22 00:54:18,334:INFO: Epoch 59/100
2018-03-22 00:54:46,691:INFO: - Train metrics: accuracy: 0.776 ; loss: 0.890
2018-03-22 00:54:48,163:INFO: - Eval metrics : accuracy: 0.596 ; loss: 1.681
2018-03-22 00:54:48,206:INFO: Epoch 60/100
2018-03-22 00:55:16,560:INFO: - Train metrics: accuracy: 0.760 ; loss: 0.932
2018-03-22 00:55:18,048:INFO: - Eval metrics : accuracy: 0.615 ; loss: 1.587
2018-03-22 00:55:18,093:INFO: Epoch 61/100
2018-03-22 00:55:46,448:INFO: - Train metrics: accuracy: 0.740 ; loss: 0.973
2018-03-22 00:55:47,971:INFO: - Eval metrics : accuracy: 0.609 ; loss: 1.609
2018-03-22 00:55:48,008:INFO: Epoch 62/100
2018-03-22 00:56:16,396:INFO: - Train metrics: accuracy: 0.776 ; loss: 0.741
2018-03-22 00:56:17,917:INFO: - Eval metrics : accuracy: 0.607 ; loss: 1.631
2018-03-22 00:56:17,961:INFO: Epoch 63/100
2018-03-22 00:56:46,332:INFO: - Train metrics: accuracy: 0.849 ; loss: 0.680
2018-03-22 00:56:47,798:INFO: - Eval metrics : accuracy: 0.403 ; loss: 2.647
2018-03-22 00:56:47,841:INFO: Epoch 64/100
2018-03-22 00:57:16,202:INFO: - Train metrics: accuracy: 0.766 ; loss: 0.906
2018-03-22 00:57:17,668:INFO: - Eval metrics : accuracy: 0.581 ; loss: 1.742
2018-03-22 00:57:17,711:INFO: Epoch 65/100
2018-03-22 00:57:46,034:INFO: - Train metrics: accuracy: 0.786 ; loss: 0.831
2018-03-22 00:57:47,524:INFO: - Eval metrics : accuracy: 0.572 ; loss: 1.779
2018-03-22 00:57:47,569:INFO: Epoch 66/100
2018-03-22 00:58:15,879:INFO: - Train metrics: accuracy: 0.792 ; loss: 0.754
2018-03-22 00:58:17,347:INFO: - Eval metrics : accuracy: 0.484 ; loss: 2.149
2018-03-22 00:58:17,392:INFO: Epoch 67/100
2018-03-22 00:58:45,722:INFO: - Train metrics: accuracy: 0.760 ; loss: 0.918
2018-03-22 00:58:47,193:INFO: - Eval metrics : accuracy: 0.560 ; loss: 1.830
2018-03-22 00:58:47,236:INFO: Epoch 68/100
2018-03-22 00:59:15,673:INFO: - Train metrics: accuracy: 0.823 ; loss: 0.657
2018-03-22 00:59:17,162:INFO: - Eval metrics : accuracy: 0.604 ; loss: 1.605
2018-03-22 00:59:17,204:INFO: Epoch 69/100
2018-03-22 00:59:45,653:INFO: - Train metrics: accuracy: 0.776 ; loss: 0.803
2018-03-22 00:59:47,124:INFO: - Eval metrics : accuracy: 0.622 ; loss: 1.596
2018-03-22 00:59:47,178:INFO: Epoch 70/100
2018-03-22 01:00:15,577:INFO: - Train metrics: accuracy: 0.797 ; loss: 0.738
2018-03-22 01:00:17,055:INFO: - Eval metrics : accuracy: 0.595 ; loss: 1.641
2018-03-22 01:00:17,098:INFO: Epoch 71/100
2018-03-22 01:00:45,485:INFO: - Train metrics: accuracy: 0.771 ; loss: 0.802
2018-03-22 01:00:46,962:INFO: - Eval metrics : accuracy: 0.564 ; loss: 1.855
2018-03-22 01:00:47,006:INFO: Epoch 72/100
2018-03-22 01:01:15,397:INFO: - Train metrics: accuracy: 0.776 ; loss: 0.819
2018-03-22 01:01:16,874:INFO: - Eval metrics : accuracy: 0.508 ; loss: 2.105
2018-03-22 01:01:16,919:INFO: Epoch 73/100
2018-03-22 01:01:45,290:INFO: - Train metrics: accuracy: 0.802 ; loss: 0.733
2018-03-22 01:01:46,747:INFO: - Eval metrics : accuracy: 0.606 ; loss: 1.601
2018-03-22 01:01:46,790:INFO: Epoch 74/100
2018-03-22 01:02:15,234:INFO: - Train metrics: accuracy: 0.802 ; loss: 0.693
2018-03-22 01:02:16,711:INFO: - Eval metrics : accuracy: 0.620 ; loss: 1.586
2018-03-22 01:02:16,757:INFO: Epoch 75/100
2018-03-22 01:02:45,156:INFO: - Train metrics: accuracy: 0.802 ; loss: 0.761
2018-03-22 01:02:46,653:INFO: - Eval metrics : accuracy: 0.628 ; loss: 1.544
2018-03-22 01:02:46,698:INFO: Epoch 76/100
2018-03-22 01:03:15,128:INFO: - Train metrics: accuracy: 0.833 ; loss: 0.648
2018-03-22 01:03:16,602:INFO: - Eval metrics : accuracy: 0.614 ; loss: 1.590
2018-03-22 01:03:16,647:INFO: Epoch 77/100
2018-03-22 01:03:45,112:INFO: - Train metrics: accuracy: 0.828 ; loss: 0.687
2018-03-22 01:03:46,605:INFO: - Eval metrics : accuracy: 0.610 ; loss: 1.611
2018-03-22 01:03:46,646:INFO: Epoch 78/100
2018-03-22 01:04:15,069:INFO: - Train metrics: accuracy: 0.828 ; loss: 0.736
2018-03-22 01:04:16,538:INFO: - Eval metrics : accuracy: 0.539 ; loss: 1.912
2018-03-22 01:04:16,580:INFO: Epoch 79/100
2018-03-22 01:04:44,911:INFO: - Train metrics: accuracy: 0.828 ; loss: 0.670
2018-03-22 01:04:46,385:INFO: - Eval metrics : accuracy: 0.496 ; loss: 2.206
2018-03-22 01:04:46,429:INFO: Epoch 80/100
2018-03-22 01:05:14,761:INFO: - Train metrics: accuracy: 0.792 ; loss: 0.745
2018-03-22 01:05:16,215:INFO: - Eval metrics : accuracy: 0.627 ; loss: 1.512
2018-03-22 01:05:16,259:INFO: Epoch 81/100
2018-03-22 01:05:45,966:INFO: - Train metrics: accuracy: 0.823 ; loss: 0.656
2018-03-22 01:05:47,477:INFO: - Eval metrics : accuracy: 0.495 ; loss: 2.153
2018-03-22 01:05:47,519:INFO: Epoch 82/100
2018-03-22 01:06:15,931:INFO: - Train metrics: accuracy: 0.807 ; loss: 0.830
2018-03-22 01:06:17,426:INFO: - Eval metrics : accuracy: 0.545 ; loss: 1.907
2018-03-22 01:06:17,469:INFO: Epoch 83/100
2018-03-22 01:06:45,783:INFO: - Train metrics: accuracy: 0.792 ; loss: 0.747
2018-03-22 01:06:47,257:INFO: - Eval metrics : accuracy: 0.390 ; loss: 2.840
2018-03-22 01:06:47,299:INFO: Epoch 84/100
2018-03-22 01:07:17,159:INFO: - Train metrics: accuracy: 0.828 ; loss: 0.674
2018-03-22 01:07:18,620:INFO: - Eval metrics : accuracy: 0.606 ; loss: 1.579
2018-03-22 01:07:18,664:INFO: Epoch 85/100
2018-03-22 01:07:46,950:INFO: - Train metrics: accuracy: 0.786 ; loss: 0.773
2018-03-22 01:07:48,417:INFO: - Eval metrics : accuracy: 0.552 ; loss: 1.889
2018-03-22 01:07:48,459:INFO: Epoch 86/100
2018-03-22 01:08:16,786:INFO: - Train metrics: accuracy: 0.833 ; loss: 0.661
2018-03-22 01:08:18,242:INFO: - Eval metrics : accuracy: 0.546 ; loss: 1.901
2018-03-22 01:08:18,292:INFO: Epoch 87/100
2018-03-22 01:08:46,634:INFO: - Train metrics: accuracy: 0.812 ; loss: 0.694
2018-03-22 01:08:48,130:INFO: - Eval metrics : accuracy: 0.591 ; loss: 1.677
2018-03-22 01:08:48,173:INFO: Epoch 88/100
2018-03-22 01:09:16,477:INFO: - Train metrics: accuracy: 0.854 ; loss: 0.682
2018-03-22 01:09:17,942:INFO: - Eval metrics : accuracy: 0.604 ; loss: 1.615
2018-03-22 01:09:18,000:INFO: Epoch 89/100
2018-03-22 01:09:46,309:INFO: - Train metrics: accuracy: 0.797 ; loss: 0.728
2018-03-22 01:09:47,785:INFO: - Eval metrics : accuracy: 0.458 ; loss: 2.339
2018-03-22 01:09:47,824:INFO: Epoch 90/100
2018-03-22 01:10:16,136:INFO: - Train metrics: accuracy: 0.786 ; loss: 0.766
2018-03-22 01:10:17,662:INFO: - Eval metrics : accuracy: 0.624 ; loss: 1.580
2018-03-22 01:10:17,705:INFO: Epoch 91/100
2018-03-22 01:10:46,056:INFO: - Train metrics: accuracy: 0.844 ; loss: 0.607
2018-03-22 01:10:47,557:INFO: - Eval metrics : accuracy: 0.628 ; loss: 1.570
2018-03-22 01:10:47,603:INFO: Epoch 92/100
2018-03-22 01:11:15,992:INFO: - Train metrics: accuracy: 0.891 ; loss: 0.464
2018-03-22 01:11:17,447:INFO: - Eval metrics : accuracy: 0.562 ; loss: 1.829
2018-03-22 01:11:17,494:INFO: Epoch 93/100
2018-03-22 01:11:45,818:INFO: - Train metrics: accuracy: 0.797 ; loss: 0.748
2018-03-22 01:11:47,294:INFO: - Eval metrics : accuracy: 0.600 ; loss: 1.682
2018-03-22 01:11:47,338:INFO: Epoch 94/100
2018-03-22 01:12:15,728:INFO: - Train metrics: accuracy: 0.781 ; loss: 0.756
2018-03-22 01:12:17,261:INFO: - Eval metrics : accuracy: 0.611 ; loss: 1.611
2018-03-22 01:12:17,305:INFO: Epoch 95/100
2018-03-22 01:12:45,710:INFO: - Train metrics: accuracy: 0.833 ; loss: 0.660
2018-03-22 01:12:47,210:INFO: - Eval metrics : accuracy: 0.484 ; loss: 2.279
2018-03-22 01:12:47,247:INFO: Epoch 96/100
2018-03-22 01:13:15,587:INFO: - Train metrics: accuracy: 0.844 ; loss: 0.592
2018-03-22 01:13:17,046:INFO: - Eval metrics : accuracy: 0.620 ; loss: 1.560
2018-03-22 01:13:17,090:INFO: Epoch 97/100
2018-03-22 01:13:45,381:INFO: - Train metrics: accuracy: 0.844 ; loss: 0.618
2018-03-22 01:13:46,872:INFO: - Eval metrics : accuracy: 0.591 ; loss: 1.669
2018-03-22 01:13:46,916:INFO: Epoch 98/100
2018-03-22 01:14:15,298:INFO: - Train metrics: accuracy: 0.854 ; loss: 0.588
2018-03-22 01:14:16,766:INFO: - Eval metrics : accuracy: 0.586 ; loss: 1.752
2018-03-22 01:14:16,811:INFO: Epoch 99/100
2018-03-22 01:14:45,150:INFO: - Train metrics: accuracy: 0.828 ; loss: 0.616
2018-03-22 01:14:46,651:INFO: - Eval metrics : accuracy: 0.513 ; loss: 2.112
2018-03-22 01:14:46,694:INFO: Epoch 100/100
2018-03-22 01:15:15,093:INFO: - Train metrics: accuracy: 0.849 ; loss: 0.553
2018-03-22 01:15:16,560:INFO: - Eval metrics : accuracy: 0.581 ; loss: 1.773
