2018-03-21 04:35:27,354:INFO: Loading the datasets...
2018-03-21 04:35:27,406:INFO: - done.
2018-03-21 04:35:29,666:INFO: Starting training for 200 epoch(s)
2018-03-21 04:35:29,666:INFO: Epoch 1/200
2018-03-21 04:35:39,809:INFO: - Train metrics: accuracy: 0.004 ; loss: 5.718
2018-03-21 04:35:40,447:INFO: - Eval metrics : accuracy: 0.014 ; loss: 5.362
2018-03-21 04:35:40,475:INFO: - Found new lowest loss
2018-03-21 04:35:40,476:INFO: Epoch 2/200
2018-03-21 04:35:49,748:INFO: - Train metrics: accuracy: 0.020 ; loss: 5.206
2018-03-21 04:35:50,393:INFO: - Eval metrics : accuracy: 0.024 ; loss: 5.032
2018-03-21 04:35:50,423:INFO: - Found new lowest loss
2018-03-21 04:35:50,424:INFO: Epoch 3/200
2018-03-21 04:35:59,740:INFO: - Train metrics: accuracy: 0.059 ; loss: 4.822
2018-03-21 04:36:00,377:INFO: - Eval metrics : accuracy: 0.110 ; loss: 4.528
2018-03-21 04:36:00,405:INFO: - Found new lowest loss
2018-03-21 04:36:00,406:INFO: Epoch 4/200
2018-03-21 04:36:09,736:INFO: - Train metrics: accuracy: 0.074 ; loss: 4.486
2018-03-21 04:36:10,386:INFO: - Eval metrics : accuracy: 0.050 ; loss: 4.665
2018-03-21 04:36:10,413:INFO: Epoch 5/200
2018-03-21 04:36:19,748:INFO: - Train metrics: accuracy: 0.145 ; loss: 4.172
2018-03-21 04:36:20,385:INFO: - Eval metrics : accuracy: 0.013 ; loss: 5.704
2018-03-21 04:36:20,406:INFO: Epoch 6/200
2018-03-21 04:36:29,770:INFO: - Train metrics: accuracy: 0.191 ; loss: 3.772
2018-03-21 04:36:30,429:INFO: - Eval metrics : accuracy: 0.082 ; loss: 4.852
2018-03-21 04:36:30,457:INFO: Epoch 7/200
2018-03-21 04:36:39,772:INFO: - Train metrics: accuracy: 0.262 ; loss: 3.512
2018-03-21 04:36:40,423:INFO: - Eval metrics : accuracy: 0.011 ; loss: 7.512
2018-03-21 04:36:40,449:INFO: Epoch 8/200
2018-03-21 04:36:49,770:INFO: - Train metrics: accuracy: 0.312 ; loss: 3.296
2018-03-21 04:36:50,435:INFO: - Eval metrics : accuracy: 0.180 ; loss: 3.915
2018-03-21 04:36:50,466:INFO: - Found new lowest loss
2018-03-21 04:36:50,466:INFO: Epoch 9/200
2018-03-21 04:36:59,813:INFO: - Train metrics: accuracy: 0.266 ; loss: 3.080
2018-03-21 04:37:00,448:INFO: - Eval metrics : accuracy: 0.201 ; loss: 3.578
2018-03-21 04:37:00,476:INFO: - Found new lowest loss
2018-03-21 04:37:00,477:INFO: Epoch 10/200
2018-03-21 04:37:09,809:INFO: - Train metrics: accuracy: 0.336 ; loss: 2.823
2018-03-21 04:37:10,446:INFO: - Eval metrics : accuracy: 0.200 ; loss: 3.675
2018-03-21 04:37:10,462:INFO: Epoch 11/200
2018-03-21 04:37:19,789:INFO: - Train metrics: accuracy: 0.352 ; loss: 2.827
2018-03-21 04:37:20,415:INFO: - Eval metrics : accuracy: 0.088 ; loss: 4.486
2018-03-21 04:37:20,431:INFO: Epoch 12/200
2018-03-21 04:37:29,776:INFO: - Train metrics: accuracy: 0.410 ; loss: 2.622
2018-03-21 04:37:30,405:INFO: - Eval metrics : accuracy: 0.138 ; loss: 4.185
2018-03-21 04:37:30,433:INFO: Epoch 13/200
2018-03-21 04:37:39,810:INFO: - Train metrics: accuracy: 0.426 ; loss: 2.481
2018-03-21 04:37:40,449:INFO: - Eval metrics : accuracy: 0.349 ; loss: 2.884
2018-03-21 04:37:40,484:INFO: - Found new lowest loss
2018-03-21 04:37:40,485:INFO: Epoch 14/200
2018-03-21 04:37:49,828:INFO: - Train metrics: accuracy: 0.484 ; loss: 2.337
2018-03-21 04:37:50,443:INFO: - Eval metrics : accuracy: 0.292 ; loss: 3.069
2018-03-21 04:37:50,459:INFO: Epoch 15/200
2018-03-21 04:37:59,801:INFO: - Train metrics: accuracy: 0.391 ; loss: 2.441
2018-03-21 04:38:00,466:INFO: - Eval metrics : accuracy: 0.086 ; loss: 5.390
2018-03-21 04:38:00,489:INFO: Epoch 16/200
2018-03-21 04:38:09,848:INFO: - Train metrics: accuracy: 0.461 ; loss: 2.266
2018-03-21 04:38:10,484:INFO: - Eval metrics : accuracy: 0.039 ; loss: 5.856
2018-03-21 04:38:10,509:INFO: Epoch 17/200
2018-03-21 04:38:19,880:INFO: - Train metrics: accuracy: 0.512 ; loss: 1.956
2018-03-21 04:38:20,541:INFO: - Eval metrics : accuracy: 0.083 ; loss: 5.255
2018-03-21 04:38:20,557:INFO: Epoch 18/200
2018-03-21 04:38:29,909:INFO: - Train metrics: accuracy: 0.465 ; loss: 2.064
2018-03-21 04:38:30,588:INFO: - Eval metrics : accuracy: 0.294 ; loss: 3.085
2018-03-21 04:38:30,603:INFO: Epoch 19/200
2018-03-21 04:38:39,931:INFO: - Train metrics: accuracy: 0.520 ; loss: 2.058
2018-03-21 04:38:40,572:INFO: - Eval metrics : accuracy: 0.164 ; loss: 4.192
2018-03-21 04:38:40,597:INFO: Epoch 20/200
2018-03-21 04:38:49,903:INFO: - Train metrics: accuracy: 0.543 ; loss: 1.852
2018-03-21 04:38:50,550:INFO: - Eval metrics : accuracy: 0.389 ; loss: 2.484
2018-03-21 04:38:50,590:INFO: - Found new lowest loss
2018-03-21 04:38:50,590:INFO: Epoch 21/200
2018-03-21 04:38:59,878:INFO: - Train metrics: accuracy: 0.539 ; loss: 1.764
2018-03-21 04:39:00,521:INFO: - Eval metrics : accuracy: 0.447 ; loss: 2.277
2018-03-21 04:39:00,549:INFO: - Found new lowest loss
2018-03-21 04:39:00,550:INFO: Epoch 22/200
2018-03-21 04:39:09,902:INFO: - Train metrics: accuracy: 0.586 ; loss: 1.521
2018-03-21 04:39:10,524:INFO: - Eval metrics : accuracy: 0.308 ; loss: 2.973
2018-03-21 04:39:10,540:INFO: Epoch 23/200
2018-03-21 04:39:19,886:INFO: - Train metrics: accuracy: 0.535 ; loss: 1.830
2018-03-21 04:39:20,517:INFO: - Eval metrics : accuracy: 0.174 ; loss: 4.142
2018-03-21 04:39:20,538:INFO: Epoch 24/200
2018-03-21 04:39:29,884:INFO: - Train metrics: accuracy: 0.566 ; loss: 1.506
2018-03-21 04:39:30,521:INFO: - Eval metrics : accuracy: 0.266 ; loss: 3.320
2018-03-21 04:39:30,545:INFO: Epoch 25/200
2018-03-21 04:39:39,787:INFO: - Train metrics: accuracy: 0.660 ; loss: 1.488
2018-03-21 04:39:40,414:INFO: - Eval metrics : accuracy: 0.145 ; loss: 4.384
2018-03-21 04:39:40,433:INFO: Epoch 26/200
2018-03-21 04:39:49,749:INFO: - Train metrics: accuracy: 0.609 ; loss: 1.412
2018-03-21 04:39:50,394:INFO: - Eval metrics : accuracy: 0.269 ; loss: 3.294
2018-03-21 04:39:50,409:INFO: Epoch 27/200
2018-03-21 04:39:59,789:INFO: - Train metrics: accuracy: 0.660 ; loss: 1.394
2018-03-21 04:40:00,437:INFO: - Eval metrics : accuracy: 0.363 ; loss: 2.678
2018-03-21 04:40:00,451:INFO: Epoch 28/200
2018-03-21 04:40:09,814:INFO: - Train metrics: accuracy: 0.715 ; loss: 1.237
2018-03-21 04:40:10,463:INFO: - Eval metrics : accuracy: 0.286 ; loss: 3.161
2018-03-21 04:40:10,480:INFO: Epoch 29/200
2018-03-21 04:40:19,819:INFO: - Train metrics: accuracy: 0.672 ; loss: 1.318
2018-03-21 04:40:20,445:INFO: - Eval metrics : accuracy: 0.083 ; loss: 5.906
2018-03-21 04:40:20,465:INFO: Epoch 30/200
2018-03-21 04:40:29,803:INFO: - Train metrics: accuracy: 0.621 ; loss: 1.360
2018-03-21 04:40:30,471:INFO: - Eval metrics : accuracy: 0.285 ; loss: 3.665
2018-03-21 04:40:30,487:INFO: Epoch 31/200
2018-03-21 04:40:39,799:INFO: - Train metrics: accuracy: 0.723 ; loss: 1.145
2018-03-21 04:40:40,481:INFO: - Eval metrics : accuracy: 0.347 ; loss: 2.792
2018-03-21 04:40:40,501:INFO: Epoch 32/200
2018-03-21 04:40:49,828:INFO: - Train metrics: accuracy: 0.672 ; loss: 1.279
2018-03-21 04:40:50,473:INFO: - Eval metrics : accuracy: 0.221 ; loss: 4.182
2018-03-21 04:40:50,493:INFO: Epoch 33/200
2018-03-21 04:40:59,808:INFO: - Train metrics: accuracy: 0.738 ; loss: 0.998
2018-03-21 04:41:00,455:INFO: - Eval metrics : accuracy: 0.071 ; loss: 6.351
2018-03-21 04:41:00,471:INFO: Epoch 34/200
2018-03-21 04:41:09,814:INFO: - Train metrics: accuracy: 0.695 ; loss: 1.128
2018-03-21 04:41:10,455:INFO: - Eval metrics : accuracy: 0.189 ; loss: 4.000
2018-03-21 04:41:10,471:INFO: Epoch 35/200
2018-03-21 04:41:19,802:INFO: - Train metrics: accuracy: 0.699 ; loss: 1.134
2018-03-21 04:41:20,462:INFO: - Eval metrics : accuracy: 0.385 ; loss: 2.663
2018-03-21 04:41:20,485:INFO: Epoch 36/200
2018-03-21 04:41:29,853:INFO: - Train metrics: accuracy: 0.699 ; loss: 1.061
2018-03-21 04:41:30,478:INFO: - Eval metrics : accuracy: 0.269 ; loss: 3.400
2018-03-21 04:41:30,497:INFO: Epoch 37/200
2018-03-21 04:41:39,794:INFO: - Train metrics: accuracy: 0.773 ; loss: 0.914
2018-03-21 04:41:40,428:INFO: - Eval metrics : accuracy: 0.348 ; loss: 2.830
2018-03-21 04:41:40,453:INFO: Epoch 38/200
2018-03-21 04:41:49,741:INFO: - Train metrics: accuracy: 0.738 ; loss: 0.914
2018-03-21 04:41:50,379:INFO: - Eval metrics : accuracy: 0.073 ; loss: 5.805
2018-03-21 04:41:50,395:INFO: Epoch 39/200
2018-03-21 04:41:59,725:INFO: - Train metrics: accuracy: 0.715 ; loss: 0.954
2018-03-21 04:42:00,374:INFO: - Eval metrics : accuracy: 0.132 ; loss: 5.419
2018-03-21 04:42:00,391:INFO: Epoch 40/200
2018-03-21 04:42:09,728:INFO: - Train metrics: accuracy: 0.742 ; loss: 1.018
2018-03-21 04:42:10,370:INFO: - Eval metrics : accuracy: 0.488 ; loss: 2.097
2018-03-21 04:42:10,405:INFO: - Found new lowest loss
2018-03-21 04:42:10,407:INFO: Epoch 41/200
2018-03-21 04:42:19,724:INFO: - Train metrics: accuracy: 0.750 ; loss: 0.939
2018-03-21 04:42:20,358:INFO: - Eval metrics : accuracy: 0.251 ; loss: 3.946
2018-03-21 04:42:20,377:INFO: Epoch 42/200
2018-03-21 04:42:29,692:INFO: - Train metrics: accuracy: 0.785 ; loss: 0.811
2018-03-21 04:42:30,349:INFO: - Eval metrics : accuracy: 0.229 ; loss: 4.262
2018-03-21 04:42:30,373:INFO: Epoch 43/200
2018-03-21 04:42:39,736:INFO: - Train metrics: accuracy: 0.793 ; loss: 0.775
2018-03-21 04:42:40,363:INFO: - Eval metrics : accuracy: 0.467 ; loss: 2.192
2018-03-21 04:42:40,379:INFO: Epoch 44/200
2018-03-21 04:42:49,725:INFO: - Train metrics: accuracy: 0.785 ; loss: 0.830
2018-03-21 04:42:50,357:INFO: - Eval metrics : accuracy: 0.168 ; loss: 4.875
2018-03-21 04:42:50,381:INFO: Epoch 45/200
2018-03-21 04:42:59,702:INFO: - Train metrics: accuracy: 0.828 ; loss: 0.726
2018-03-21 04:43:00,317:INFO: - Eval metrics : accuracy: 0.300 ; loss: 3.307
2018-03-21 04:43:00,333:INFO: Epoch 46/200
2018-03-21 04:43:09,634:INFO: - Train metrics: accuracy: 0.758 ; loss: 0.806
2018-03-21 04:43:10,239:INFO: - Eval metrics : accuracy: 0.235 ; loss: 4.313
2018-03-21 04:43:10,256:INFO: Epoch 47/200
2018-03-21 04:43:19,576:INFO: - Train metrics: accuracy: 0.828 ; loss: 0.653
2018-03-21 04:43:20,225:INFO: - Eval metrics : accuracy: 0.467 ; loss: 2.275
2018-03-21 04:43:20,245:INFO: Epoch 48/200
2018-03-21 04:43:29,565:INFO: - Train metrics: accuracy: 0.809 ; loss: 0.756
2018-03-21 04:43:30,222:INFO: - Eval metrics : accuracy: 0.205 ; loss: 4.222
2018-03-21 04:43:30,241:INFO: Epoch 49/200
2018-03-21 04:43:39,526:INFO: - Train metrics: accuracy: 0.805 ; loss: 0.858
2018-03-21 04:43:40,189:INFO: - Eval metrics : accuracy: 0.441 ; loss: 2.457
2018-03-21 04:43:40,205:INFO: Epoch 50/200
2018-03-21 04:43:49,523:INFO: - Train metrics: accuracy: 0.859 ; loss: 0.651
2018-03-21 04:43:50,161:INFO: - Eval metrics : accuracy: 0.448 ; loss: 2.374
2018-03-21 04:43:50,181:INFO: Epoch 51/200
2018-03-21 04:43:59,503:INFO: - Train metrics: accuracy: 0.777 ; loss: 0.744
2018-03-21 04:44:00,125:INFO: - Eval metrics : accuracy: 0.162 ; loss: 4.991
2018-03-21 04:44:00,159:INFO: Epoch 52/200
2018-03-21 04:44:09,466:INFO: - Train metrics: accuracy: 0.812 ; loss: 0.767
2018-03-21 04:44:10,140:INFO: - Eval metrics : accuracy: 0.359 ; loss: 2.999
2018-03-21 04:44:10,162:INFO: Epoch 53/200
2018-03-21 04:44:19,474:INFO: - Train metrics: accuracy: 0.840 ; loss: 0.588
2018-03-21 04:44:20,124:INFO: - Eval metrics : accuracy: 0.141 ; loss: 5.337
2018-03-21 04:44:20,141:INFO: Epoch 54/200
2018-03-21 04:44:29,477:INFO: - Train metrics: accuracy: 0.836 ; loss: 0.670
2018-03-21 04:44:30,103:INFO: - Eval metrics : accuracy: 0.262 ; loss: 3.636
2018-03-21 04:44:30,121:INFO: Epoch 55/200
2018-03-21 04:44:39,493:INFO: - Train metrics: accuracy: 0.824 ; loss: 0.687
2018-03-21 04:44:40,142:INFO: - Eval metrics : accuracy: 0.146 ; loss: 6.691
2018-03-21 04:44:40,158:INFO: Epoch 56/200
2018-03-21 04:44:49,516:INFO: - Train metrics: accuracy: 0.797 ; loss: 0.658
2018-03-21 04:44:50,148:INFO: - Eval metrics : accuracy: 0.243 ; loss: 3.818
2018-03-21 04:44:50,163:INFO: Epoch 57/200
2018-03-21 04:44:59,517:INFO: - Train metrics: accuracy: 0.852 ; loss: 0.557
2018-03-21 04:45:00,142:INFO: - Eval metrics : accuracy: 0.472 ; loss: 2.297
2018-03-21 04:45:00,158:INFO: Epoch 58/200
2018-03-21 04:45:09,464:INFO: - Train metrics: accuracy: 0.863 ; loss: 0.589
2018-03-21 04:45:10,076:INFO: - Eval metrics : accuracy: 0.064 ; loss: 6.547
2018-03-21 04:45:10,093:INFO: Epoch 59/200
2018-03-21 04:45:19,369:INFO: - Train metrics: accuracy: 0.844 ; loss: 0.577
2018-03-21 04:45:19,990:INFO: - Eval metrics : accuracy: 0.378 ; loss: 2.913
2018-03-21 04:45:20,019:INFO: Epoch 60/200
2018-03-21 04:45:29,354:INFO: - Train metrics: accuracy: 0.840 ; loss: 0.598
2018-03-21 04:45:29,985:INFO: - Eval metrics : accuracy: 0.204 ; loss: 4.463
2018-03-21 04:45:30,009:INFO: Epoch 61/200
2018-03-21 04:45:39,330:INFO: - Train metrics: accuracy: 0.887 ; loss: 0.488
2018-03-21 04:45:39,981:INFO: - Eval metrics : accuracy: 0.374 ; loss: 2.947
2018-03-21 04:45:40,001:INFO: Epoch 62/200
2018-03-21 04:45:49,311:INFO: - Train metrics: accuracy: 0.855 ; loss: 0.616
2018-03-21 04:45:49,928:INFO: - Eval metrics : accuracy: 0.413 ; loss: 2.538
2018-03-21 04:45:49,945:INFO: Epoch 63/200
2018-03-21 04:45:59,228:INFO: - Train metrics: accuracy: 0.863 ; loss: 0.534
2018-03-21 04:45:59,851:INFO: - Eval metrics : accuracy: 0.104 ; loss: 6.961
2018-03-21 04:45:59,867:INFO: Epoch 64/200
2018-03-21 04:46:09,165:INFO: - Train metrics: accuracy: 0.871 ; loss: 0.559
2018-03-21 04:46:09,777:INFO: - Eval metrics : accuracy: 0.416 ; loss: 2.637
2018-03-21 04:46:09,792:INFO: Epoch 65/200
2018-03-21 04:46:19,109:INFO: - Train metrics: accuracy: 0.824 ; loss: 0.643
2018-03-21 04:46:19,781:INFO: - Eval metrics : accuracy: 0.335 ; loss: 3.287
2018-03-21 04:46:19,801:INFO: Epoch 66/200
2018-03-21 04:46:29,115:INFO: - Train metrics: accuracy: 0.871 ; loss: 0.517
2018-03-21 04:46:29,751:INFO: - Eval metrics : accuracy: 0.317 ; loss: 3.452
2018-03-21 04:46:29,769:INFO: Epoch 67/200
2018-03-21 04:46:39,115:INFO: - Train metrics: accuracy: 0.859 ; loss: 0.480
2018-03-21 04:46:39,757:INFO: - Eval metrics : accuracy: 0.368 ; loss: 2.969
2018-03-21 04:46:39,777:INFO: Epoch 68/200
2018-03-21 04:46:49,067:INFO: - Train metrics: accuracy: 0.887 ; loss: 0.466
2018-03-21 04:46:49,733:INFO: - Eval metrics : accuracy: 0.362 ; loss: 3.094
2018-03-21 04:46:49,753:INFO: Epoch 69/200
2018-03-21 04:46:59,092:INFO: - Train metrics: accuracy: 0.871 ; loss: 0.494
2018-03-21 04:46:59,701:INFO: - Eval metrics : accuracy: 0.328 ; loss: 3.076
2018-03-21 04:46:59,716:INFO: Epoch 70/200
2018-03-21 04:47:09,005:INFO: - Train metrics: accuracy: 0.879 ; loss: 0.509
2018-03-21 04:47:09,627:INFO: - Eval metrics : accuracy: 0.154 ; loss: 4.828
2018-03-21 04:47:09,643:INFO: Epoch 71/200
2018-03-21 04:47:18,914:INFO: - Train metrics: accuracy: 0.895 ; loss: 0.469
2018-03-21 04:47:19,556:INFO: - Eval metrics : accuracy: 0.201 ; loss: 4.237
2018-03-21 04:47:19,571:INFO: Epoch 72/200
2018-03-21 04:47:28,862:INFO: - Train metrics: accuracy: 0.844 ; loss: 0.555
2018-03-21 04:47:29,500:INFO: - Eval metrics : accuracy: 0.375 ; loss: 2.982
2018-03-21 04:47:29,516:INFO: Epoch 73/200
2018-03-21 04:47:38,807:INFO: - Train metrics: accuracy: 0.898 ; loss: 0.482
2018-03-21 04:47:39,460:INFO: - Eval metrics : accuracy: 0.158 ; loss: 5.689
2018-03-21 04:47:39,473:INFO: Epoch 74/200
2018-03-21 04:47:48,761:INFO: - Train metrics: accuracy: 0.891 ; loss: 0.447
2018-03-21 04:47:49,428:INFO: - Eval metrics : accuracy: 0.201 ; loss: 4.484
2018-03-21 04:47:49,444:INFO: Epoch 75/200
2018-03-21 04:47:58,755:INFO: - Train metrics: accuracy: 0.902 ; loss: 0.450
2018-03-21 04:47:59,378:INFO: - Eval metrics : accuracy: 0.165 ; loss: 5.367
2018-03-21 04:47:59,401:INFO: Epoch 76/200
2018-03-21 04:48:08,699:INFO: - Train metrics: accuracy: 0.895 ; loss: 0.420
2018-03-21 04:48:09,330:INFO: - Eval metrics : accuracy: 0.323 ; loss: 3.215
2018-03-21 04:48:09,342:INFO: Epoch 77/200
2018-03-21 04:48:18,657:INFO: - Train metrics: accuracy: 0.898 ; loss: 0.448
2018-03-21 04:48:19,286:INFO: - Eval metrics : accuracy: 0.391 ; loss: 2.829
2018-03-21 04:48:19,305:INFO: Epoch 78/200
2018-03-21 04:48:28,619:INFO: - Train metrics: accuracy: 0.859 ; loss: 0.467
2018-03-21 04:48:29,264:INFO: - Eval metrics : accuracy: 0.433 ; loss: 2.741
2018-03-21 04:48:29,279:INFO: Epoch 79/200
2018-03-21 04:48:38,580:INFO: - Train metrics: accuracy: 0.898 ; loss: 0.447
2018-03-21 04:48:39,216:INFO: - Eval metrics : accuracy: 0.330 ; loss: 3.205
2018-03-21 04:48:39,232:INFO: Epoch 80/200
2018-03-21 04:48:48,542:INFO: - Train metrics: accuracy: 0.930 ; loss: 0.379
2018-03-21 04:48:49,194:INFO: - Eval metrics : accuracy: 0.374 ; loss: 3.134
2018-03-21 04:48:49,217:INFO: Epoch 81/200
2018-03-21 04:48:58,545:INFO: - Train metrics: accuracy: 0.930 ; loss: 0.340
2018-03-21 04:48:59,226:INFO: - Eval metrics : accuracy: 0.228 ; loss: 4.733
2018-03-21 04:48:59,258:INFO: Epoch 82/200
2018-03-21 04:49:08,570:INFO: - Train metrics: accuracy: 0.914 ; loss: 0.384
2018-03-21 04:49:09,176:INFO: - Eval metrics : accuracy: 0.207 ; loss: 4.439
2018-03-21 04:49:09,193:INFO: Epoch 83/200
2018-03-21 04:49:18,517:INFO: - Train metrics: accuracy: 0.898 ; loss: 0.449
2018-03-21 04:49:19,171:INFO: - Eval metrics : accuracy: 0.232 ; loss: 4.038
2018-03-21 04:49:19,187:INFO: Epoch 84/200
2018-03-21 04:49:28,499:INFO: - Train metrics: accuracy: 0.934 ; loss: 0.353
2018-03-21 04:49:29,147:INFO: - Eval metrics : accuracy: 0.301 ; loss: 3.844
2018-03-21 04:49:29,169:INFO: Epoch 85/200
2018-03-21 04:49:38,460:INFO: - Train metrics: accuracy: 0.910 ; loss: 0.352
2018-03-21 04:49:39,103:INFO: - Eval metrics : accuracy: 0.127 ; loss: 6.107
2018-03-21 04:49:39,119:INFO: Epoch 86/200
2018-03-21 04:49:48,419:INFO: - Train metrics: accuracy: 0.875 ; loss: 0.435
2018-03-21 04:49:49,072:INFO: - Eval metrics : accuracy: 0.329 ; loss: 3.458
2018-03-21 04:49:49,088:INFO: Epoch 87/200
2018-03-21 04:49:58,442:INFO: - Train metrics: accuracy: 0.910 ; loss: 0.351
2018-03-21 04:49:59,112:INFO: - Eval metrics : accuracy: 0.356 ; loss: 3.358
2018-03-21 04:49:59,137:INFO: Epoch 88/200
2018-03-21 04:50:08,459:INFO: - Train metrics: accuracy: 0.930 ; loss: 0.360
2018-03-21 04:50:09,119:INFO: - Eval metrics : accuracy: 0.461 ; loss: 2.441
2018-03-21 04:50:09,135:INFO: Epoch 89/200
2018-03-21 04:50:18,397:INFO: - Train metrics: accuracy: 0.918 ; loss: 0.389
2018-03-21 04:50:19,028:INFO: - Eval metrics : accuracy: 0.444 ; loss: 2.699
2018-03-21 04:50:19,048:INFO: Epoch 90/200
2018-03-21 04:50:28,335:INFO: - Train metrics: accuracy: 0.895 ; loss: 0.402
2018-03-21 04:50:28,964:INFO: - Eval metrics : accuracy: 0.351 ; loss: 3.301
2018-03-21 04:50:28,981:INFO: Epoch 91/200
2018-03-21 04:50:38,276:INFO: - Train metrics: accuracy: 0.914 ; loss: 0.363
2018-03-21 04:50:38,921:INFO: - Eval metrics : accuracy: 0.276 ; loss: 4.205
2018-03-21 04:50:38,938:INFO: Epoch 92/200
2018-03-21 04:50:48,286:INFO: - Train metrics: accuracy: 0.898 ; loss: 0.389
2018-03-21 04:50:48,931:INFO: - Eval metrics : accuracy: 0.464 ; loss: 2.451
2018-03-21 04:50:48,947:INFO: Epoch 93/200
2018-03-21 04:50:58,270:INFO: - Train metrics: accuracy: 0.898 ; loss: 0.392
2018-03-21 04:50:58,921:INFO: - Eval metrics : accuracy: 0.377 ; loss: 2.942
2018-03-21 04:50:58,937:INFO: Epoch 94/200
2018-03-21 04:51:08,248:INFO: - Train metrics: accuracy: 0.930 ; loss: 0.361
2018-03-21 04:51:08,900:INFO: - Eval metrics : accuracy: 0.125 ; loss: 6.711
2018-03-21 04:51:08,916:INFO: Epoch 95/200
2018-03-21 04:51:18,249:INFO: - Train metrics: accuracy: 0.938 ; loss: 0.305
2018-03-21 04:51:18,885:INFO: - Eval metrics : accuracy: 0.206 ; loss: 4.437
2018-03-21 04:51:18,912:INFO: Epoch 96/200
2018-03-21 04:51:28,221:INFO: - Train metrics: accuracy: 0.949 ; loss: 0.298
2018-03-21 04:51:28,865:INFO: - Eval metrics : accuracy: 0.396 ; loss: 2.903
2018-03-21 04:51:28,885:INFO: Epoch 97/200
2018-03-21 04:51:38,189:INFO: - Train metrics: accuracy: 0.922 ; loss: 0.341
2018-03-21 04:51:38,842:INFO: - Eval metrics : accuracy: 0.372 ; loss: 3.057
2018-03-21 04:51:38,861:INFO: Epoch 98/200
2018-03-21 04:51:48,154:INFO: - Train metrics: accuracy: 0.930 ; loss: 0.343
2018-03-21 04:51:48,799:INFO: - Eval metrics : accuracy: 0.300 ; loss: 3.621
2018-03-21 04:51:48,821:INFO: Epoch 99/200
2018-03-21 04:51:58,124:INFO: - Train metrics: accuracy: 0.910 ; loss: 0.354
2018-03-21 04:51:58,755:INFO: - Eval metrics : accuracy: 0.425 ; loss: 2.642
2018-03-21 04:51:58,772:INFO: Epoch 100/200
2018-03-21 04:52:08,091:INFO: - Train metrics: accuracy: 0.902 ; loss: 0.397
2018-03-21 04:52:08,758:INFO: - Eval metrics : accuracy: 0.385 ; loss: 2.836
2018-03-21 04:52:08,785:INFO: Epoch 101/200
2018-03-21 04:52:18,150:INFO: - Train metrics: accuracy: 0.914 ; loss: 0.331
2018-03-21 04:52:18,818:INFO: - Eval metrics : accuracy: 0.426 ; loss: 2.677
2018-03-21 04:52:18,841:INFO: Epoch 102/200
2018-03-21 04:52:28,137:INFO: - Train metrics: accuracy: 0.926 ; loss: 0.354
2018-03-21 04:52:28,757:INFO: - Eval metrics : accuracy: 0.199 ; loss: 4.488
2018-03-21 04:52:28,781:INFO: Epoch 103/200
2018-03-21 04:52:38,099:INFO: - Train metrics: accuracy: 0.922 ; loss: 0.330
2018-03-21 04:52:38,791:INFO: - Eval metrics : accuracy: 0.446 ; loss: 2.782
2018-03-21 04:52:38,809:INFO: Epoch 104/200
2018-03-21 04:52:48,163:INFO: - Train metrics: accuracy: 0.918 ; loss: 0.385
2018-03-21 04:52:48,786:INFO: - Eval metrics : accuracy: 0.185 ; loss: 5.155
2018-03-21 04:52:48,809:INFO: Epoch 105/200
2018-03-21 04:52:58,129:INFO: - Train metrics: accuracy: 0.926 ; loss: 0.306
2018-03-21 04:52:58,752:INFO: - Eval metrics : accuracy: 0.166 ; loss: 5.874
2018-03-21 04:52:58,777:INFO: Epoch 106/200
2018-03-21 04:53:08,095:INFO: - Train metrics: accuracy: 0.914 ; loss: 0.402
2018-03-21 04:53:08,691:INFO: - Eval metrics : accuracy: 0.270 ; loss: 4.397
2018-03-21 04:53:08,708:INFO: Epoch 107/200
2018-03-21 04:53:17,962:INFO: - Train metrics: accuracy: 0.938 ; loss: 0.312
2018-03-21 04:53:18,601:INFO: - Eval metrics : accuracy: 0.201 ; loss: 4.511
2018-03-21 04:53:18,615:INFO: Epoch 108/200
2018-03-21 04:53:27,986:INFO: - Train metrics: accuracy: 0.910 ; loss: 0.386
2018-03-21 04:53:28,613:INFO: - Eval metrics : accuracy: 0.366 ; loss: 3.162
2018-03-21 04:53:28,628:INFO: Epoch 109/200
2018-03-21 04:53:37,955:INFO: - Train metrics: accuracy: 0.938 ; loss: 0.311
2018-03-21 04:53:38,591:INFO: - Eval metrics : accuracy: 0.398 ; loss: 3.082
2018-03-21 04:53:38,618:INFO: Epoch 110/200
2018-03-21 04:53:47,934:INFO: - Train metrics: accuracy: 0.914 ; loss: 0.371
2018-03-21 04:53:48,558:INFO: - Eval metrics : accuracy: 0.220 ; loss: 4.420
2018-03-21 04:53:48,577:INFO: Epoch 111/200
2018-03-21 04:53:57,897:INFO: - Train metrics: accuracy: 0.914 ; loss: 0.360
2018-03-21 04:53:58,535:INFO: - Eval metrics : accuracy: 0.194 ; loss: 5.392
2018-03-21 04:53:58,553:INFO: Epoch 112/200
2018-03-21 04:54:07,861:INFO: - Train metrics: accuracy: 0.898 ; loss: 0.407
2018-03-21 04:54:08,499:INFO: - Eval metrics : accuracy: 0.158 ; loss: 5.406
2018-03-21 04:54:08,515:INFO: Epoch 113/200
2018-03-21 04:54:17,793:INFO: - Train metrics: accuracy: 0.965 ; loss: 0.294
2018-03-21 04:54:18,440:INFO: - Eval metrics : accuracy: 0.393 ; loss: 2.819
2018-03-21 04:54:18,455:INFO: Epoch 114/200
2018-03-21 04:54:27,824:INFO: - Train metrics: accuracy: 0.910 ; loss: 0.366
2018-03-21 04:54:28,438:INFO: - Eval metrics : accuracy: 0.251 ; loss: 4.435
2018-03-21 04:54:28,453:INFO: Epoch 115/200
2018-03-21 04:54:37,766:INFO: - Train metrics: accuracy: 0.914 ; loss: 0.339
2018-03-21 04:54:38,427:INFO: - Eval metrics : accuracy: 0.192 ; loss: 4.870
2018-03-21 04:54:38,453:INFO: Epoch 116/200
2018-03-21 04:54:47,740:INFO: - Train metrics: accuracy: 0.914 ; loss: 0.369
2018-03-21 04:54:48,383:INFO: - Eval metrics : accuracy: 0.268 ; loss: 3.795
2018-03-21 04:54:48,399:INFO: Epoch 117/200
2018-03-21 04:54:57,745:INFO: - Train metrics: accuracy: 0.930 ; loss: 0.300
2018-03-21 04:54:58,371:INFO: - Eval metrics : accuracy: 0.084 ; loss: 8.832
2018-03-21 04:54:58,389:INFO: Epoch 118/200
2018-03-21 04:55:07,731:INFO: - Train metrics: accuracy: 0.922 ; loss: 0.335
2018-03-21 04:55:08,368:INFO: - Eval metrics : accuracy: 0.377 ; loss: 3.003
2018-03-21 04:55:08,383:INFO: Epoch 119/200
2018-03-21 04:55:17,724:INFO: - Train metrics: accuracy: 0.941 ; loss: 0.310
2018-03-21 04:55:18,354:INFO: - Eval metrics : accuracy: 0.382 ; loss: 2.912
2018-03-21 04:55:18,373:INFO: Epoch 120/200
2018-03-21 04:55:27,725:INFO: - Train metrics: accuracy: 0.953 ; loss: 0.237
2018-03-21 04:55:28,371:INFO: - Eval metrics : accuracy: 0.350 ; loss: 3.318
2018-03-21 04:55:28,388:INFO: Epoch 121/200
2018-03-21 04:55:37,759:INFO: - Train metrics: accuracy: 0.941 ; loss: 0.318
2018-03-21 04:55:38,442:INFO: - Eval metrics : accuracy: 0.322 ; loss: 3.633
2018-03-21 04:55:38,458:INFO: Epoch 122/200
2018-03-21 04:55:47,805:INFO: - Train metrics: accuracy: 0.922 ; loss: 0.319
2018-03-21 04:55:48,457:INFO: - Eval metrics : accuracy: 0.367 ; loss: 3.239
2018-03-21 04:55:48,474:INFO: Epoch 123/200
2018-03-21 04:55:57,769:INFO: - Train metrics: accuracy: 0.926 ; loss: 0.321
2018-03-21 04:55:58,414:INFO: - Eval metrics : accuracy: 0.387 ; loss: 3.201
2018-03-21 04:55:58,441:INFO: Epoch 124/200
2018-03-21 04:56:07,733:INFO: - Train metrics: accuracy: 0.902 ; loss: 0.401
2018-03-21 04:56:08,373:INFO: - Eval metrics : accuracy: 0.276 ; loss: 4.247
2018-03-21 04:56:08,389:INFO: Epoch 125/200
2018-03-21 04:56:17,719:INFO: - Train metrics: accuracy: 0.910 ; loss: 0.334
2018-03-21 04:56:18,389:INFO: - Eval metrics : accuracy: 0.265 ; loss: 3.647
2018-03-21 04:56:18,405:INFO: Epoch 126/200
2018-03-21 04:56:27,752:INFO: - Train metrics: accuracy: 0.926 ; loss: 0.332
2018-03-21 04:56:28,376:INFO: - Eval metrics : accuracy: 0.380 ; loss: 2.914
2018-03-21 04:56:28,397:INFO: Epoch 127/200
2018-03-21 04:56:37,698:INFO: - Train metrics: accuracy: 0.910 ; loss: 0.321
2018-03-21 04:56:38,328:INFO: - Eval metrics : accuracy: 0.168 ; loss: 5.775
2018-03-21 04:56:38,344:INFO: Epoch 128/200
2018-03-21 04:56:47,680:INFO: - Train metrics: accuracy: 0.941 ; loss: 0.285
2018-03-21 04:56:48,338:INFO: - Eval metrics : accuracy: 0.331 ; loss: 3.376
2018-03-21 04:56:48,357:INFO: Epoch 129/200
2018-03-21 04:56:57,719:INFO: - Train metrics: accuracy: 0.887 ; loss: 0.386
2018-03-21 04:56:58,344:INFO: - Eval metrics : accuracy: 0.475 ; loss: 2.337
2018-03-21 04:56:58,360:INFO: Epoch 130/200
2018-03-21 04:57:07,714:INFO: - Train metrics: accuracy: 0.945 ; loss: 0.240
2018-03-21 04:57:08,325:INFO: - Eval metrics : accuracy: 0.318 ; loss: 3.663
2018-03-21 04:57:08,341:INFO: Epoch 131/200
2018-03-21 04:57:17,627:INFO: - Train metrics: accuracy: 0.918 ; loss: 0.355
2018-03-21 04:57:18,257:INFO: - Eval metrics : accuracy: 0.457 ; loss: 2.573
2018-03-21 04:57:18,277:INFO: Epoch 132/200
2018-03-21 04:57:27,591:INFO: - Train metrics: accuracy: 0.918 ; loss: 0.344
2018-03-21 04:57:28,193:INFO: - Eval metrics : accuracy: 0.308 ; loss: 4.019
2018-03-21 04:57:28,209:INFO: Epoch 133/200
2018-03-21 04:57:37,556:INFO: - Train metrics: accuracy: 0.941 ; loss: 0.276
2018-03-21 04:57:38,178:INFO: - Eval metrics : accuracy: 0.427 ; loss: 2.729
2018-03-21 04:57:38,197:INFO: Epoch 134/200
2018-03-21 04:57:47,521:INFO: - Train metrics: accuracy: 0.910 ; loss: 0.364
2018-03-21 04:57:48,174:INFO: - Eval metrics : accuracy: 0.277 ; loss: 4.044
2018-03-21 04:57:48,191:INFO: Epoch 135/200
2018-03-21 04:57:57,552:INFO: - Train metrics: accuracy: 0.918 ; loss: 0.336
2018-03-21 04:57:58,202:INFO: - Eval metrics : accuracy: 0.288 ; loss: 3.912
2018-03-21 04:57:58,230:INFO: Epoch 136/200
2018-03-21 04:58:07,504:INFO: - Train metrics: accuracy: 0.938 ; loss: 0.292
2018-03-21 04:58:08,122:INFO: - Eval metrics : accuracy: 0.405 ; loss: 2.888
2018-03-21 04:58:08,137:INFO: Epoch 137/200
2018-03-21 04:58:17,456:INFO: - Train metrics: accuracy: 0.930 ; loss: 0.319
2018-03-21 04:58:18,102:INFO: - Eval metrics : accuracy: 0.255 ; loss: 4.632
2018-03-21 04:58:18,129:INFO: Epoch 138/200
2018-03-21 04:58:27,418:INFO: - Train metrics: accuracy: 0.938 ; loss: 0.307
2018-03-21 04:58:28,053:INFO: - Eval metrics : accuracy: 0.393 ; loss: 2.887
2018-03-21 04:58:28,070:INFO: Epoch 139/200
2018-03-21 04:58:37,401:INFO: - Train metrics: accuracy: 0.938 ; loss: 0.305
2018-03-21 04:58:38,048:INFO: - Eval metrics : accuracy: 0.060 ; loss: 7.458
2018-03-21 04:58:38,065:INFO: Epoch 140/200
2018-03-21 04:58:47,375:INFO: - Train metrics: accuracy: 0.953 ; loss: 0.248
2018-03-21 04:58:48,021:INFO: - Eval metrics : accuracy: 0.400 ; loss: 3.224
2018-03-21 04:58:48,036:INFO: Epoch 141/200
2018-03-21 04:58:57,354:INFO: - Train metrics: accuracy: 0.926 ; loss: 0.326
2018-03-21 04:58:58,024:INFO: - Eval metrics : accuracy: 0.345 ; loss: 3.180
2018-03-21 04:58:58,040:INFO: Epoch 142/200
2018-03-21 04:59:07,324:INFO: - Train metrics: accuracy: 0.941 ; loss: 0.337
2018-03-21 04:59:07,937:INFO: - Eval metrics : accuracy: 0.378 ; loss: 3.352
2018-03-21 04:59:07,961:INFO: Epoch 143/200
2018-03-21 04:59:17,263:INFO: - Train metrics: accuracy: 0.918 ; loss: 0.307
2018-03-21 04:59:17,909:INFO: - Eval metrics : accuracy: 0.281 ; loss: 3.895
2018-03-21 04:59:17,925:INFO: Epoch 144/200
2018-03-21 04:59:27,196:INFO: - Train metrics: accuracy: 0.961 ; loss: 0.259
2018-03-21 04:59:27,819:INFO: - Eval metrics : accuracy: 0.446 ; loss: 2.631
2018-03-21 04:59:27,835:INFO: Epoch 145/200
2018-03-21 04:59:37,104:INFO: - Train metrics: accuracy: 0.934 ; loss: 0.300
2018-03-21 04:59:37,730:INFO: - Eval metrics : accuracy: 0.458 ; loss: 2.624
2018-03-21 04:59:37,746:INFO: Epoch 146/200
2018-03-21 04:59:47,070:INFO: - Train metrics: accuracy: 0.941 ; loss: 0.242
2018-03-21 04:59:47,715:INFO: - Eval metrics : accuracy: 0.239 ; loss: 4.698
2018-03-21 04:59:47,730:INFO: Epoch 147/200
2018-03-21 04:59:57,055:INFO: - Train metrics: accuracy: 0.941 ; loss: 0.300
2018-03-21 04:59:57,682:INFO: - Eval metrics : accuracy: 0.216 ; loss: 4.969
2018-03-21 04:59:57,699:INFO: Epoch 148/200
2018-03-21 05:00:07,041:INFO: - Train metrics: accuracy: 0.953 ; loss: 0.305
2018-03-21 05:00:07,689:INFO: - Eval metrics : accuracy: 0.412 ; loss: 2.785
2018-03-21 05:00:07,704:INFO: Epoch 149/200
2018-03-21 05:00:17,031:INFO: - Train metrics: accuracy: 0.930 ; loss: 0.273
2018-03-21 05:00:17,649:INFO: - Eval metrics : accuracy: 0.434 ; loss: 2.814
2018-03-21 05:00:17,665:INFO: Epoch 150/200
2018-03-21 05:00:27,008:INFO: - Train metrics: accuracy: 0.949 ; loss: 0.283
2018-03-21 05:00:27,667:INFO: - Eval metrics : accuracy: 0.249 ; loss: 4.439
2018-03-21 05:00:27,689:INFO: Epoch 151/200
2018-03-21 05:00:36,993:INFO: - Train metrics: accuracy: 0.945 ; loss: 0.250
2018-03-21 05:00:37,653:INFO: - Eval metrics : accuracy: 0.369 ; loss: 3.057
2018-03-21 05:00:37,677:INFO: Epoch 152/200
2018-03-21 05:00:46,984:INFO: - Train metrics: accuracy: 0.934 ; loss: 0.275
2018-03-21 05:00:47,618:INFO: - Eval metrics : accuracy: 0.125 ; loss: 5.894
2018-03-21 05:00:47,637:INFO: Epoch 153/200
2018-03-21 05:00:56,917:INFO: - Train metrics: accuracy: 0.965 ; loss: 0.228
2018-03-21 05:00:57,530:INFO: - Eval metrics : accuracy: 0.445 ; loss: 2.764
2018-03-21 05:00:57,549:INFO: Epoch 154/200
2018-03-21 05:01:06,910:INFO: - Train metrics: accuracy: 0.945 ; loss: 0.244
2018-03-21 05:01:07,563:INFO: - Eval metrics : accuracy: 0.347 ; loss: 3.576
2018-03-21 05:01:07,589:INFO: Epoch 155/200
2018-03-21 05:01:16,864:INFO: - Train metrics: accuracy: 0.945 ; loss: 0.259
2018-03-21 05:01:17,514:INFO: - Eval metrics : accuracy: 0.281 ; loss: 3.877
2018-03-21 05:01:17,547:INFO: Epoch 156/200
2018-03-21 05:01:26,872:INFO: - Train metrics: accuracy: 0.957 ; loss: 0.259
2018-03-21 05:01:27,525:INFO: - Eval metrics : accuracy: 0.382 ; loss: 3.082
2018-03-21 05:01:27,540:INFO: Epoch 157/200
2018-03-21 05:01:36,849:INFO: - Train metrics: accuracy: 0.969 ; loss: 0.257
2018-03-21 05:01:37,489:INFO: - Eval metrics : accuracy: 0.111 ; loss: 6.871
2018-03-21 05:01:37,505:INFO: Epoch 158/200
2018-03-21 05:01:46,841:INFO: - Train metrics: accuracy: 0.953 ; loss: 0.268
2018-03-21 05:01:47,471:INFO: - Eval metrics : accuracy: 0.296 ; loss: 3.727
2018-03-21 05:01:47,497:INFO: Epoch 159/200
2018-03-21 05:01:56,842:INFO: - Train metrics: accuracy: 0.957 ; loss: 0.228
2018-03-21 05:01:57,466:INFO: - Eval metrics : accuracy: 0.264 ; loss: 3.721
2018-03-21 05:01:57,493:INFO: Epoch 160/200
2018-03-21 05:02:06,785:INFO: - Train metrics: accuracy: 0.945 ; loss: 0.284
2018-03-21 05:02:07,406:INFO: - Eval metrics : accuracy: 0.428 ; loss: 2.700
2018-03-21 05:02:07,424:INFO: Epoch 161/200
2018-03-21 05:02:16,716:INFO: - Train metrics: accuracy: 0.957 ; loss: 0.270
2018-03-21 05:02:17,346:INFO: - Eval metrics : accuracy: 0.215 ; loss: 4.347
2018-03-21 05:02:17,383:INFO: Epoch 162/200
2018-03-21 05:02:26,692:INFO: - Train metrics: accuracy: 0.930 ; loss: 0.320
2018-03-21 05:02:27,386:INFO: - Eval metrics : accuracy: 0.261 ; loss: 4.275
2018-03-21 05:02:27,403:INFO: Epoch 163/200
2018-03-21 05:02:36,713:INFO: - Train metrics: accuracy: 0.930 ; loss: 0.256
2018-03-21 05:02:37,345:INFO: - Eval metrics : accuracy: 0.369 ; loss: 3.237
2018-03-21 05:02:37,360:INFO: Epoch 164/200
2018-03-21 05:02:46,719:INFO: - Train metrics: accuracy: 0.934 ; loss: 0.274
2018-03-21 05:02:47,378:INFO: - Eval metrics : accuracy: 0.219 ; loss: 4.416
2018-03-21 05:02:47,405:INFO: Epoch 165/200
2018-03-21 05:02:56,696:INFO: - Train metrics: accuracy: 0.957 ; loss: 0.248
2018-03-21 05:02:57,311:INFO: - Eval metrics : accuracy: 0.190 ; loss: 4.740
2018-03-21 05:02:57,333:INFO: Epoch 166/200
2018-03-21 05:03:06,634:INFO: - Train metrics: accuracy: 0.918 ; loss: 0.336
2018-03-21 05:03:07,243:INFO: - Eval metrics : accuracy: 0.305 ; loss: 4.078
2018-03-21 05:03:07,261:INFO: Epoch 167/200
2018-03-21 05:03:16,576:INFO: - Train metrics: accuracy: 0.949 ; loss: 0.284
2018-03-21 05:03:17,213:INFO: - Eval metrics : accuracy: 0.294 ; loss: 3.802
2018-03-21 05:03:17,233:INFO: Epoch 168/200
2018-03-21 05:03:26,550:INFO: - Train metrics: accuracy: 0.949 ; loss: 0.263
2018-03-21 05:03:27,210:INFO: - Eval metrics : accuracy: 0.183 ; loss: 5.354
2018-03-21 05:03:27,237:INFO: Epoch 169/200
2018-03-21 05:03:36,548:INFO: - Train metrics: accuracy: 0.934 ; loss: 0.279
2018-03-21 05:03:37,182:INFO: - Eval metrics : accuracy: 0.260 ; loss: 4.027
2018-03-21 05:03:37,201:INFO: Epoch 170/200
2018-03-21 05:03:46,514:INFO: - Train metrics: accuracy: 0.961 ; loss: 0.239
2018-03-21 05:03:47,170:INFO: - Eval metrics : accuracy: 0.410 ; loss: 2.760
2018-03-21 05:03:47,193:INFO: Epoch 171/200
2018-03-21 05:03:56,516:INFO: - Train metrics: accuracy: 0.953 ; loss: 0.284
2018-03-21 05:03:57,194:INFO: - Eval metrics : accuracy: 0.512 ; loss: 2.240
2018-03-21 05:03:57,209:INFO: Epoch 172/200
2018-03-21 05:04:06,528:INFO: - Train metrics: accuracy: 0.957 ; loss: 0.245
2018-03-21 05:04:07,178:INFO: - Eval metrics : accuracy: 0.114 ; loss: 5.738
2018-03-21 05:04:07,194:INFO: Epoch 173/200
2018-03-21 05:04:16,547:INFO: - Train metrics: accuracy: 0.934 ; loss: 0.287
2018-03-21 05:04:17,167:INFO: - Eval metrics : accuracy: 0.179 ; loss: 4.562
2018-03-21 05:04:17,189:INFO: Epoch 174/200
2018-03-21 05:04:26,481:INFO: - Train metrics: accuracy: 0.938 ; loss: 0.253
2018-03-21 05:04:27,135:INFO: - Eval metrics : accuracy: 0.107 ; loss: 6.374
2018-03-21 05:04:27,153:INFO: Epoch 175/200
2018-03-21 05:04:36,447:INFO: - Train metrics: accuracy: 0.953 ; loss: 0.268
2018-03-21 05:04:37,107:INFO: - Eval metrics : accuracy: 0.169 ; loss: 4.898
2018-03-21 05:04:37,123:INFO: Epoch 176/200
2018-03-21 05:04:46,468:INFO: - Train metrics: accuracy: 0.922 ; loss: 0.317
2018-03-21 05:04:47,127:INFO: - Eval metrics : accuracy: 0.364 ; loss: 3.309
2018-03-21 05:04:47,143:INFO: Epoch 177/200
2018-03-21 05:04:56,444:INFO: - Train metrics: accuracy: 0.949 ; loss: 0.263
2018-03-21 05:04:57,077:INFO: - Eval metrics : accuracy: 0.431 ; loss: 2.709
2018-03-21 05:04:57,112:INFO: Epoch 178/200
2018-03-21 05:05:06,389:INFO: - Train metrics: accuracy: 0.965 ; loss: 0.238
2018-03-21 05:05:07,014:INFO: - Eval metrics : accuracy: 0.310 ; loss: 3.495
2018-03-21 05:05:07,036:INFO: Epoch 179/200
2018-03-21 05:05:16,344:INFO: - Train metrics: accuracy: 0.945 ; loss: 0.244
2018-03-21 05:05:16,968:INFO: - Eval metrics : accuracy: 0.298 ; loss: 3.695
2018-03-21 05:05:16,981:INFO: Epoch 180/200
2018-03-21 05:05:26,323:INFO: - Train metrics: accuracy: 0.969 ; loss: 0.196
2018-03-21 05:05:26,959:INFO: - Eval metrics : accuracy: 0.315 ; loss: 3.800
2018-03-21 05:05:26,981:INFO: Epoch 181/200
2018-03-21 05:05:36,254:INFO: - Train metrics: accuracy: 0.961 ; loss: 0.190
2018-03-21 05:05:36,904:INFO: - Eval metrics : accuracy: 0.334 ; loss: 3.412
2018-03-21 05:05:36,920:INFO: Epoch 182/200
2018-03-21 05:05:46,200:INFO: - Train metrics: accuracy: 0.941 ; loss: 0.281
2018-03-21 05:05:46,845:INFO: - Eval metrics : accuracy: 0.401 ; loss: 2.992
2018-03-21 05:05:46,873:INFO: Epoch 183/200
2018-03-21 05:05:56,153:INFO: - Train metrics: accuracy: 0.953 ; loss: 0.260
2018-03-21 05:05:56,790:INFO: - Eval metrics : accuracy: 0.264 ; loss: 4.091
2018-03-21 05:05:56,806:INFO: Epoch 184/200
2018-03-21 05:06:06,108:INFO: - Train metrics: accuracy: 0.957 ; loss: 0.248
2018-03-21 05:06:06,747:INFO: - Eval metrics : accuracy: 0.429 ; loss: 2.860
2018-03-21 05:06:06,765:INFO: Epoch 185/200
2018-03-21 05:06:16,101:INFO: - Train metrics: accuracy: 0.977 ; loss: 0.207
2018-03-21 05:06:16,738:INFO: - Eval metrics : accuracy: 0.358 ; loss: 3.090
2018-03-21 05:06:16,758:INFO: Epoch 186/200
2018-03-21 05:06:26,094:INFO: - Train metrics: accuracy: 0.938 ; loss: 0.247
2018-03-21 05:06:26,717:INFO: - Eval metrics : accuracy: 0.345 ; loss: 3.416
2018-03-21 05:06:26,735:INFO: Epoch 187/200
2018-03-21 05:06:36,070:INFO: - Train metrics: accuracy: 0.945 ; loss: 0.228
2018-03-21 05:06:36,726:INFO: - Eval metrics : accuracy: 0.382 ; loss: 3.207
2018-03-21 05:06:36,745:INFO: Epoch 188/200
2018-03-21 05:06:46,032:INFO: - Train metrics: accuracy: 0.949 ; loss: 0.244
2018-03-21 05:06:46,683:INFO: - Eval metrics : accuracy: 0.250 ; loss: 4.091
2018-03-21 05:06:46,709:INFO: Epoch 189/200
2018-03-21 05:06:56,003:INFO: - Train metrics: accuracy: 0.953 ; loss: 0.242
2018-03-21 05:06:56,620:INFO: - Eval metrics : accuracy: 0.194 ; loss: 4.461
2018-03-21 05:06:56,641:INFO: Epoch 190/200
2018-03-21 05:07:05,949:INFO: - Train metrics: accuracy: 0.965 ; loss: 0.213
2018-03-21 05:07:06,559:INFO: - Eval metrics : accuracy: 0.157 ; loss: 4.779
2018-03-21 05:07:06,575:INFO: Epoch 191/200
2018-03-21 05:07:15,869:INFO: - Train metrics: accuracy: 0.957 ; loss: 0.243
2018-03-21 05:07:16,514:INFO: - Eval metrics : accuracy: 0.242 ; loss: 4.773
2018-03-21 05:07:16,533:INFO: Epoch 192/200
2018-03-21 05:07:25,817:INFO: - Train metrics: accuracy: 0.941 ; loss: 0.281
2018-03-21 05:07:26,452:INFO: - Eval metrics : accuracy: 0.435 ; loss: 2.725
2018-03-21 05:07:26,473:INFO: Epoch 193/200
2018-03-21 05:07:35,789:INFO: - Train metrics: accuracy: 0.949 ; loss: 0.243
2018-03-21 05:07:36,436:INFO: - Eval metrics : accuracy: 0.314 ; loss: 3.703
2018-03-21 05:07:36,452:INFO: Epoch 194/200
2018-03-21 05:07:45,765:INFO: - Train metrics: accuracy: 0.949 ; loss: 0.280
2018-03-21 05:07:46,449:INFO: - Eval metrics : accuracy: 0.159 ; loss: 5.178
2018-03-21 05:07:46,473:INFO: Epoch 195/200
2018-03-21 05:07:55,806:INFO: - Train metrics: accuracy: 0.977 ; loss: 0.206
2018-03-21 05:07:56,457:INFO: - Eval metrics : accuracy: 0.259 ; loss: 4.520
2018-03-21 05:07:56,473:INFO: Epoch 196/200
2018-03-21 05:08:05,801:INFO: - Train metrics: accuracy: 0.969 ; loss: 0.201
2018-03-21 05:08:06,446:INFO: - Eval metrics : accuracy: 0.252 ; loss: 4.317
2018-03-21 05:08:06,469:INFO: Epoch 197/200
2018-03-21 05:08:15,803:INFO: - Train metrics: accuracy: 0.926 ; loss: 0.316
2018-03-21 05:08:16,490:INFO: - Eval metrics : accuracy: 0.181 ; loss: 5.240
2018-03-21 05:08:16,517:INFO: Epoch 198/200
2018-03-21 05:08:25,788:INFO: - Train metrics: accuracy: 0.953 ; loss: 0.222
2018-03-21 05:08:26,389:INFO: - Eval metrics : accuracy: 0.390 ; loss: 3.035
2018-03-21 05:08:26,409:INFO: Epoch 199/200
2018-03-21 05:08:35,708:INFO: - Train metrics: accuracy: 0.934 ; loss: 0.300
2018-03-21 05:08:36,338:INFO: - Eval metrics : accuracy: 0.278 ; loss: 4.056
2018-03-21 05:08:36,354:INFO: Epoch 200/200
2018-03-21 05:08:45,635:INFO: - Train metrics: accuracy: 0.930 ; loss: 0.245
2018-03-21 05:08:46,271:INFO: - Eval metrics : accuracy: 0.385 ; loss: 3.026
