2018-03-20 11:46:03,785:INFO: Loading the datasets...
2018-03-20 11:46:03,849:INFO: - done.
2018-03-20 11:46:06,104:INFO: Starting training for 50 epoch(s)
2018-03-20 11:46:06,105:INFO: Epoch 1/50
2018-03-20 11:46:20,310:INFO: - Train metrics: accuracy: 0.023 ; loss: 5.939
2018-03-20 11:46:21,021:INFO: - Eval metrics : accuracy: 0.046 ; loss: 5.432
2018-03-20 11:46:21,039:INFO: - Found new lowest loss
2018-03-20 11:46:21,039:INFO: Epoch 2/50
2018-03-20 11:46:34,535:INFO: - Train metrics: accuracy: 0.086 ; loss: 5.113
2018-03-20 11:46:35,253:INFO: - Eval metrics : accuracy: 0.086 ; loss: 5.053
2018-03-20 11:46:35,281:INFO: - Found new lowest loss
2018-03-20 11:46:35,282:INFO: Epoch 3/50
2018-03-20 11:46:48,779:INFO: - Train metrics: accuracy: 0.156 ; loss: 4.412
2018-03-20 11:46:49,495:INFO: - Eval metrics : accuracy: 0.087 ; loss: 5.049
2018-03-20 11:46:49,520:INFO: - Found new lowest loss
2018-03-20 11:46:49,521:INFO: Epoch 4/50
2018-03-20 11:47:03,066:INFO: - Train metrics: accuracy: 0.227 ; loss: 3.911
2018-03-20 11:47:03,775:INFO: - Eval metrics : accuracy: 0.019 ; loss: 8.276
2018-03-20 11:47:03,799:INFO: Epoch 5/50
2018-03-20 11:47:17,297:INFO: - Train metrics: accuracy: 0.316 ; loss: 3.589
2018-03-20 11:47:18,005:INFO: - Eval metrics : accuracy: 0.027 ; loss: 6.476
2018-03-20 11:47:18,020:INFO: Epoch 6/50
2018-03-20 11:47:31,535:INFO: - Train metrics: accuracy: 0.320 ; loss: 3.463
2018-03-20 11:47:32,253:INFO: - Eval metrics : accuracy: 0.074 ; loss: 5.934
2018-03-20 11:47:32,269:INFO: Epoch 7/50
2018-03-20 11:47:45,781:INFO: - Train metrics: accuracy: 0.309 ; loss: 3.360
2018-03-20 11:47:46,485:INFO: - Eval metrics : accuracy: 0.091 ; loss: 5.482
2018-03-20 11:47:46,501:INFO: Epoch 8/50
2018-03-20 11:48:00,127:INFO: - Train metrics: accuracy: 0.395 ; loss: 2.966
2018-03-20 11:48:00,844:INFO: - Eval metrics : accuracy: 0.025 ; loss: 8.572
2018-03-20 11:48:00,860:INFO: Epoch 9/50
2018-03-20 11:48:14,305:INFO: - Train metrics: accuracy: 0.402 ; loss: 2.724
2018-03-20 11:48:15,031:INFO: - Eval metrics : accuracy: 0.071 ; loss: 5.993
2018-03-20 11:48:15,046:INFO: Epoch 10/50
2018-03-20 11:48:28,537:INFO: - Train metrics: accuracy: 0.387 ; loss: 2.762
2018-03-20 11:48:29,259:INFO: - Eval metrics : accuracy: 0.056 ; loss: 7.274
2018-03-20 11:48:29,275:INFO: Epoch 11/50
2018-03-20 11:48:42,845:INFO: - Train metrics: accuracy: 0.496 ; loss: 2.359
2018-03-20 11:48:43,544:INFO: - Eval metrics : accuracy: 0.048 ; loss: 7.749
2018-03-20 11:48:43,559:INFO: Epoch 12/50
2018-03-20 11:48:57,037:INFO: - Train metrics: accuracy: 0.484 ; loss: 2.316
2018-03-20 11:48:57,751:INFO: - Eval metrics : accuracy: 0.100 ; loss: 5.708
2018-03-20 11:48:57,764:INFO: Epoch 13/50
2018-03-20 11:49:11,204:INFO: - Train metrics: accuracy: 0.531 ; loss: 2.278
2018-03-20 11:49:11,931:INFO: - Eval metrics : accuracy: 0.203 ; loss: 4.463
2018-03-20 11:49:11,966:INFO: - Found new lowest loss
2018-03-20 11:49:11,967:INFO: Epoch 14/50
2018-03-20 11:49:25,515:INFO: - Train metrics: accuracy: 0.461 ; loss: 2.236
2018-03-20 11:49:26,243:INFO: - Eval metrics : accuracy: 0.553 ; loss: 2.093
2018-03-20 11:49:26,270:INFO: - Found new lowest loss
2018-03-20 11:49:26,271:INFO: Epoch 15/50
2018-03-20 11:49:39,733:INFO: - Train metrics: accuracy: 0.566 ; loss: 2.066
2018-03-20 11:49:40,463:INFO: - Eval metrics : accuracy: 0.357 ; loss: 3.058
2018-03-20 11:49:40,479:INFO: Epoch 16/50
2018-03-20 11:49:53,834:INFO: - Train metrics: accuracy: 0.562 ; loss: 1.980
2018-03-20 11:49:54,554:INFO: - Eval metrics : accuracy: 0.283 ; loss: 3.734
2018-03-20 11:49:54,567:INFO: Epoch 17/50
2018-03-20 11:50:08,164:INFO: - Train metrics: accuracy: 0.602 ; loss: 1.897
2018-03-20 11:50:08,869:INFO: - Eval metrics : accuracy: 0.240 ; loss: 4.045
2018-03-20 11:50:08,885:INFO: Epoch 18/50
2018-03-20 11:50:22,457:INFO: - Train metrics: accuracy: 0.566 ; loss: 1.940
2018-03-20 11:50:23,192:INFO: - Eval metrics : accuracy: 0.292 ; loss: 3.687
2018-03-20 11:50:23,208:INFO: Epoch 19/50
2018-03-20 11:50:36,858:INFO: - Train metrics: accuracy: 0.566 ; loss: 1.838
2018-03-20 11:50:37,566:INFO: - Eval metrics : accuracy: 0.293 ; loss: 3.521
2018-03-20 11:50:37,584:INFO: Epoch 20/50
2018-03-20 11:50:50,995:INFO: - Train metrics: accuracy: 0.531 ; loss: 2.065
2018-03-20 11:50:51,724:INFO: - Eval metrics : accuracy: 0.542 ; loss: 2.220
2018-03-20 11:50:51,740:INFO: Epoch 21/50
2018-03-20 11:51:05,319:INFO: - Train metrics: accuracy: 0.586 ; loss: 1.874
2018-03-20 11:51:06,052:INFO: - Eval metrics : accuracy: 0.218 ; loss: 4.910
2018-03-20 11:51:06,068:INFO: Epoch 22/50
2018-03-20 11:51:19,550:INFO: - Train metrics: accuracy: 0.582 ; loss: 1.893
2018-03-20 11:51:20,274:INFO: - Eval metrics : accuracy: 0.118 ; loss: 5.438
2018-03-20 11:51:20,293:INFO: Epoch 23/50
2018-03-20 11:51:33,960:INFO: - Train metrics: accuracy: 0.582 ; loss: 1.792
2018-03-20 11:51:34,683:INFO: - Eval metrics : accuracy: 0.227 ; loss: 4.137
2018-03-20 11:51:34,699:INFO: Epoch 24/50
2018-03-20 11:51:48,173:INFO: - Train metrics: accuracy: 0.613 ; loss: 1.551
2018-03-20 11:51:48,901:INFO: - Eval metrics : accuracy: 0.109 ; loss: 6.705
2018-03-20 11:51:48,925:INFO: Epoch 25/50
2018-03-20 11:52:02,417:INFO: - Train metrics: accuracy: 0.586 ; loss: 1.870
2018-03-20 11:52:03,147:INFO: - Eval metrics : accuracy: 0.351 ; loss: 3.188
2018-03-20 11:52:03,165:INFO: Epoch 26/50
2018-03-20 11:52:16,728:INFO: - Train metrics: accuracy: 0.625 ; loss: 1.703
2018-03-20 11:52:17,461:INFO: - Eval metrics : accuracy: 0.119 ; loss: 6.147
2018-03-20 11:52:17,473:INFO: Epoch 27/50
2018-03-20 11:52:30,916:INFO: - Train metrics: accuracy: 0.609 ; loss: 1.586
2018-03-20 11:52:31,651:INFO: - Eval metrics : accuracy: 0.133 ; loss: 5.870
2018-03-20 11:52:31,664:INFO: Epoch 28/50
2018-03-20 11:52:45,053:INFO: - Train metrics: accuracy: 0.598 ; loss: 1.787
2018-03-20 11:52:45,787:INFO: - Eval metrics : accuracy: 0.121 ; loss: 5.441
2018-03-20 11:52:45,803:INFO: Epoch 29/50
2018-03-20 11:52:59,203:INFO: - Train metrics: accuracy: 0.617 ; loss: 1.619
2018-03-20 11:52:59,921:INFO: - Eval metrics : accuracy: 0.212 ; loss: 4.282
2018-03-20 11:52:59,937:INFO: Epoch 30/50
2018-03-20 11:53:13,410:INFO: - Train metrics: accuracy: 0.680 ; loss: 1.428
2018-03-20 11:53:14,112:INFO: - Eval metrics : accuracy: 0.482 ; loss: 2.420
2018-03-20 11:53:14,128:INFO: Epoch 31/50
2018-03-20 11:53:27,513:INFO: - Train metrics: accuracy: 0.645 ; loss: 1.482
2018-03-20 11:53:28,222:INFO: - Eval metrics : accuracy: 0.102 ; loss: 6.902
2018-03-20 11:53:28,241:INFO: Epoch 32/50
2018-03-20 11:53:41,725:INFO: - Train metrics: accuracy: 0.648 ; loss: 1.685
2018-03-20 11:53:42,433:INFO: - Eval metrics : accuracy: 0.112 ; loss: 6.379
2018-03-20 11:53:42,449:INFO: Epoch 33/50
2018-03-20 11:53:55,955:INFO: - Train metrics: accuracy: 0.664 ; loss: 1.504
2018-03-20 11:53:56,680:INFO: - Eval metrics : accuracy: 0.328 ; loss: 3.600
2018-03-20 11:53:56,696:INFO: Epoch 34/50
2018-03-20 11:54:10,291:INFO: - Train metrics: accuracy: 0.707 ; loss: 1.365
2018-03-20 11:54:11,018:INFO: - Eval metrics : accuracy: 0.484 ; loss: 2.425
2018-03-20 11:54:11,041:INFO: Epoch 35/50
2018-03-20 11:54:24,506:INFO: - Train metrics: accuracy: 0.641 ; loss: 1.544
2018-03-20 11:54:25,238:INFO: - Eval metrics : accuracy: 0.625 ; loss: 1.676
2018-03-20 11:54:25,266:INFO: - Found new lowest loss
2018-03-20 11:54:25,266:INFO: Epoch 36/50
2018-03-20 11:54:38,723:INFO: - Train metrics: accuracy: 0.672 ; loss: 1.520
2018-03-20 11:54:39,442:INFO: - Eval metrics : accuracy: 0.420 ; loss: 2.716
2018-03-20 11:54:39,457:INFO: Epoch 37/50
2018-03-20 11:54:52,956:INFO: - Train metrics: accuracy: 0.656 ; loss: 1.429
2018-03-20 11:54:53,676:INFO: - Eval metrics : accuracy: 0.240 ; loss: 4.358
2018-03-20 11:54:53,704:INFO: Epoch 38/50
2018-03-20 11:55:07,133:INFO: - Train metrics: accuracy: 0.703 ; loss: 1.380
2018-03-20 11:55:07,838:INFO: - Eval metrics : accuracy: 0.199 ; loss: 5.038
2018-03-20 11:55:07,854:INFO: Epoch 39/50
2018-03-20 11:55:21,441:INFO: - Train metrics: accuracy: 0.691 ; loss: 1.464
2018-03-20 11:55:22,169:INFO: - Eval metrics : accuracy: 0.231 ; loss: 4.765
2018-03-20 11:55:22,185:INFO: Epoch 40/50
2018-03-20 11:55:35,658:INFO: - Train metrics: accuracy: 0.629 ; loss: 1.500
2018-03-20 11:55:36,366:INFO: - Eval metrics : accuracy: 0.287 ; loss: 3.639
2018-03-20 11:55:36,390:INFO: Epoch 41/50
2018-03-20 11:55:50,011:INFO: - Train metrics: accuracy: 0.680 ; loss: 1.406
2018-03-20 11:55:50,735:INFO: - Eval metrics : accuracy: 0.403 ; loss: 2.962
2018-03-20 11:55:50,757:INFO: Epoch 42/50
2018-03-20 11:56:04,081:INFO: - Train metrics: accuracy: 0.641 ; loss: 1.486
2018-03-20 11:56:04,794:INFO: - Eval metrics : accuracy: 0.203 ; loss: 5.087
2018-03-20 11:56:04,809:INFO: Epoch 43/50
2018-03-20 11:56:18,336:INFO: - Train metrics: accuracy: 0.652 ; loss: 1.451
2018-03-20 11:56:19,049:INFO: - Eval metrics : accuracy: 0.139 ; loss: 5.948
2018-03-20 11:56:19,066:INFO: Epoch 44/50
2018-03-20 11:56:32,458:INFO: - Train metrics: accuracy: 0.672 ; loss: 1.329
2018-03-20 11:56:33,179:INFO: - Eval metrics : accuracy: 0.604 ; loss: 1.749
2018-03-20 11:56:33,197:INFO: Epoch 45/50
2018-03-20 11:56:46,610:INFO: - Train metrics: accuracy: 0.750 ; loss: 1.208
2018-03-20 11:56:47,325:INFO: - Eval metrics : accuracy: 0.555 ; loss: 2.014
2018-03-20 11:56:47,345:INFO: Epoch 46/50
2018-03-20 11:57:00,897:INFO: - Train metrics: accuracy: 0.723 ; loss: 1.204
2018-03-20 11:57:01,627:INFO: - Eval metrics : accuracy: 0.133 ; loss: 5.461
2018-03-20 11:57:01,640:INFO: Epoch 47/50
2018-03-20 11:57:14,978:INFO: - Train metrics: accuracy: 0.727 ; loss: 1.314
2018-03-20 11:57:15,716:INFO: - Eval metrics : accuracy: 0.433 ; loss: 2.632
2018-03-20 11:57:15,731:INFO: Epoch 48/50
2018-03-20 11:57:29,166:INFO: - Train metrics: accuracy: 0.703 ; loss: 1.288
2018-03-20 11:57:29,904:INFO: - Eval metrics : accuracy: 0.159 ; loss: 5.433
2018-03-20 11:57:29,920:INFO: Epoch 49/50
2018-03-20 11:57:43,518:INFO: - Train metrics: accuracy: 0.750 ; loss: 1.191
2018-03-20 11:57:44,242:INFO: - Eval metrics : accuracy: 0.581 ; loss: 1.868
2018-03-20 11:57:44,255:INFO: Epoch 50/50
2018-03-20 11:57:57,665:INFO: - Train metrics: accuracy: 0.734 ; loss: 1.151
2018-03-20 11:57:58,376:INFO: - Eval metrics : accuracy: 0.135 ; loss: 6.458
