2018-03-21 19:24:52,677:INFO: Loading the datasets...
2018-03-21 19:24:52,728:INFO: - done.
2018-03-21 19:24:54,972:INFO: Starting training for 100 epoch(s)
2018-03-21 19:24:54,972:INFO: Epoch 1/100
2018-03-21 19:25:24,249:INFO: - Train metrics: accuracy: 0.031 ; loss: 5.362
2018-03-21 19:25:25,734:INFO: - Eval metrics : accuracy: 0.056 ; loss: 4.910
2018-03-21 19:25:25,767:INFO: - Found new best accuracy
2018-03-21 19:25:25,768:INFO: Epoch 2/100
2018-03-21 19:25:54,532:INFO: - Train metrics: accuracy: 0.062 ; loss: 4.721
2018-03-21 19:25:56,045:INFO: - Eval metrics : accuracy: 0.130 ; loss: 4.330
2018-03-21 19:25:56,118:INFO: - Found new best accuracy
2018-03-21 19:25:56,119:INFO: Epoch 3/100
2018-03-21 19:26:24,796:INFO: - Train metrics: accuracy: 0.135 ; loss: 4.224
2018-03-21 19:26:26,275:INFO: - Eval metrics : accuracy: 0.186 ; loss: 3.944
2018-03-21 19:26:26,351:INFO: - Found new best accuracy
2018-03-21 19:26:26,351:INFO: Epoch 4/100
2018-03-21 19:26:55,054:INFO: - Train metrics: accuracy: 0.224 ; loss: 3.611
2018-03-21 19:26:56,520:INFO: - Eval metrics : accuracy: 0.292 ; loss: 3.331
2018-03-21 19:26:56,591:INFO: - Found new best accuracy
2018-03-21 19:26:56,591:INFO: Epoch 5/100
2018-03-21 19:27:25,324:INFO: - Train metrics: accuracy: 0.161 ; loss: 3.505
2018-03-21 19:27:26,819:INFO: - Eval metrics : accuracy: 0.301 ; loss: 3.147
2018-03-21 19:27:26,896:INFO: - Found new best accuracy
2018-03-21 19:27:26,896:INFO: Epoch 6/100
2018-03-21 19:27:55,590:INFO: - Train metrics: accuracy: 0.354 ; loss: 2.943
2018-03-21 19:27:57,085:INFO: - Eval metrics : accuracy: 0.345 ; loss: 2.927
2018-03-21 19:27:57,161:INFO: - Found new best accuracy
2018-03-21 19:27:57,162:INFO: Epoch 7/100
2018-03-21 19:28:25,836:INFO: - Train metrics: accuracy: 0.312 ; loss: 2.852
2018-03-21 19:28:27,384:INFO: - Eval metrics : accuracy: 0.412 ; loss: 2.630
2018-03-21 19:28:27,460:INFO: - Found new best accuracy
2018-03-21 19:28:27,460:INFO: Epoch 8/100
2018-03-21 19:28:56,171:INFO: - Train metrics: accuracy: 0.323 ; loss: 2.621
2018-03-21 19:28:57,636:INFO: - Eval metrics : accuracy: 0.487 ; loss: 2.320
2018-03-21 19:28:57,712:INFO: - Found new best accuracy
2018-03-21 19:28:57,712:INFO: Epoch 9/100
2018-03-21 19:29:26,342:INFO: - Train metrics: accuracy: 0.427 ; loss: 2.454
2018-03-21 19:29:27,838:INFO: - Eval metrics : accuracy: 0.496 ; loss: 2.214
2018-03-21 19:29:27,910:INFO: - Found new best accuracy
2018-03-21 19:29:27,911:INFO: Epoch 10/100
2018-03-21 19:29:56,492:INFO: - Train metrics: accuracy: 0.490 ; loss: 2.148
2018-03-21 19:29:57,987:INFO: - Eval metrics : accuracy: 0.509 ; loss: 2.123
2018-03-21 19:29:58,064:INFO: - Found new best accuracy
2018-03-21 19:29:58,065:INFO: Epoch 11/100
2018-03-21 19:30:26,650:INFO: - Train metrics: accuracy: 0.401 ; loss: 2.315
2018-03-21 19:30:28,148:INFO: - Eval metrics : accuracy: 0.518 ; loss: 2.067
2018-03-21 19:30:28,235:INFO: - Found new best accuracy
2018-03-21 19:30:28,237:INFO: Epoch 12/100
2018-03-21 19:30:56,856:INFO: - Train metrics: accuracy: 0.500 ; loss: 2.006
2018-03-21 19:30:58,323:INFO: - Eval metrics : accuracy: 0.481 ; loss: 2.167
2018-03-21 19:30:58,367:INFO: Epoch 13/100
2018-03-21 19:31:27,067:INFO: - Train metrics: accuracy: 0.500 ; loss: 2.059
2018-03-21 19:31:28,556:INFO: - Eval metrics : accuracy: 0.530 ; loss: 1.918
2018-03-21 19:31:28,639:INFO: - Found new best accuracy
2018-03-21 19:31:28,641:INFO: Epoch 14/100
2018-03-21 19:31:57,298:INFO: - Train metrics: accuracy: 0.583 ; loss: 1.802
2018-03-21 19:31:58,795:INFO: - Eval metrics : accuracy: 0.536 ; loss: 1.960
2018-03-21 19:31:58,882:INFO: - Found new best accuracy
2018-03-21 19:31:58,883:INFO: Epoch 15/100
2018-03-21 19:32:27,469:INFO: - Train metrics: accuracy: 0.635 ; loss: 1.615
2018-03-21 19:32:28,903:INFO: - Eval metrics : accuracy: 0.319 ; loss: 2.933
2018-03-21 19:32:28,947:INFO: Epoch 16/100
2018-03-21 19:32:57,500:INFO: - Train metrics: accuracy: 0.531 ; loss: 1.780
2018-03-21 19:32:59,002:INFO: - Eval metrics : accuracy: 0.537 ; loss: 1.948
2018-03-21 19:32:59,077:INFO: - Found new best accuracy
2018-03-21 19:32:59,077:INFO: Epoch 17/100
2018-03-21 19:33:27,641:INFO: - Train metrics: accuracy: 0.500 ; loss: 1.857
2018-03-21 19:33:29,167:INFO: - Eval metrics : accuracy: 0.574 ; loss: 1.706
2018-03-21 19:33:29,243:INFO: - Found new best accuracy
2018-03-21 19:33:29,243:INFO: Epoch 18/100
2018-03-21 19:33:57,900:INFO: - Train metrics: accuracy: 0.651 ; loss: 1.444
2018-03-21 19:33:59,391:INFO: - Eval metrics : accuracy: 0.513 ; loss: 1.992
2018-03-21 19:33:59,434:INFO: Epoch 19/100
2018-03-21 19:34:27,998:INFO: - Train metrics: accuracy: 0.521 ; loss: 1.673
2018-03-21 19:34:29,507:INFO: - Eval metrics : accuracy: 0.560 ; loss: 1.831
2018-03-21 19:34:29,559:INFO: Epoch 20/100
2018-03-21 19:34:58,081:INFO: - Train metrics: accuracy: 0.615 ; loss: 1.501
2018-03-21 19:34:59,561:INFO: - Eval metrics : accuracy: 0.549 ; loss: 1.795
2018-03-21 19:34:59,606:INFO: Epoch 21/100
2018-03-21 19:35:28,131:INFO: - Train metrics: accuracy: 0.620 ; loss: 1.413
2018-03-21 19:35:29,614:INFO: - Eval metrics : accuracy: 0.581 ; loss: 1.672
2018-03-21 19:35:29,681:INFO: - Found new best accuracy
2018-03-21 19:35:29,682:INFO: Epoch 22/100
2018-03-21 19:35:58,221:INFO: - Train metrics: accuracy: 0.682 ; loss: 1.254
2018-03-21 19:35:59,712:INFO: - Eval metrics : accuracy: 0.559 ; loss: 1.766
2018-03-21 19:35:59,756:INFO: Epoch 23/100
2018-03-21 19:36:28,405:INFO: - Train metrics: accuracy: 0.635 ; loss: 1.461
2018-03-21 19:36:29,920:INFO: - Eval metrics : accuracy: 0.574 ; loss: 1.666
2018-03-21 19:36:29,964:INFO: Epoch 24/100
2018-03-21 19:36:58,486:INFO: - Train metrics: accuracy: 0.646 ; loss: 1.282
2018-03-21 19:36:59,967:INFO: - Eval metrics : accuracy: 0.531 ; loss: 1.844
2018-03-21 19:37:00,011:INFO: Epoch 25/100
2018-03-21 19:37:28,573:INFO: - Train metrics: accuracy: 0.656 ; loss: 1.432
2018-03-21 19:37:30,044:INFO: - Eval metrics : accuracy: 0.505 ; loss: 2.040
2018-03-21 19:37:30,082:INFO: Epoch 26/100
2018-03-21 19:37:58,582:INFO: - Train metrics: accuracy: 0.594 ; loss: 1.387
2018-03-21 19:38:00,103:INFO: - Eval metrics : accuracy: 0.602 ; loss: 1.560
2018-03-21 19:38:00,179:INFO: - Found new best accuracy
2018-03-21 19:38:00,179:INFO: Epoch 27/100
2018-03-21 19:38:28,749:INFO: - Train metrics: accuracy: 0.630 ; loss: 1.386
2018-03-21 19:38:30,284:INFO: - Eval metrics : accuracy: 0.501 ; loss: 1.959
2018-03-21 19:38:30,326:INFO: Epoch 28/100
2018-03-21 19:38:58,879:INFO: - Train metrics: accuracy: 0.677 ; loss: 1.335
2018-03-21 19:39:00,348:INFO: - Eval metrics : accuracy: 0.572 ; loss: 1.697
2018-03-21 19:39:00,390:INFO: Epoch 29/100
2018-03-21 19:39:28,897:INFO: - Train metrics: accuracy: 0.635 ; loss: 1.246
2018-03-21 19:39:30,390:INFO: - Eval metrics : accuracy: 0.487 ; loss: 2.087
2018-03-21 19:39:30,432:INFO: Epoch 30/100
2018-03-21 19:39:58,938:INFO: - Train metrics: accuracy: 0.708 ; loss: 1.073
2018-03-21 19:40:00,405:INFO: - Eval metrics : accuracy: 0.583 ; loss: 1.594
2018-03-21 19:40:00,447:INFO: Epoch 31/100
2018-03-21 19:40:28,957:INFO: - Train metrics: accuracy: 0.703 ; loss: 1.107
2018-03-21 19:40:30,451:INFO: - Eval metrics : accuracy: 0.280 ; loss: 3.342
2018-03-21 19:40:30,497:INFO: Epoch 32/100
2018-03-21 19:40:58,967:INFO: - Train metrics: accuracy: 0.755 ; loss: 1.044
2018-03-21 19:41:00,462:INFO: - Eval metrics : accuracy: 0.508 ; loss: 2.063
2018-03-21 19:41:00,505:INFO: Epoch 33/100
2018-03-21 19:41:28,989:INFO: - Train metrics: accuracy: 0.656 ; loss: 1.256
2018-03-21 19:41:30,434:INFO: - Eval metrics : accuracy: 0.582 ; loss: 1.643
2018-03-21 19:41:30,480:INFO: Epoch 34/100
2018-03-21 19:41:58,951:INFO: - Train metrics: accuracy: 0.698 ; loss: 1.090
2018-03-21 19:42:00,456:INFO: - Eval metrics : accuracy: 0.455 ; loss: 2.349
2018-03-21 19:42:00,498:INFO: Epoch 35/100
2018-03-21 19:42:29,035:INFO: - Train metrics: accuracy: 0.708 ; loss: 0.992
2018-03-21 19:42:30,494:INFO: - Eval metrics : accuracy: 0.327 ; loss: 2.936
2018-03-21 19:42:30,537:INFO: Epoch 36/100
2018-03-21 19:42:58,991:INFO: - Train metrics: accuracy: 0.714 ; loss: 1.083
2018-03-21 19:43:00,468:INFO: - Eval metrics : accuracy: 0.428 ; loss: 2.470
2018-03-21 19:43:00,508:INFO: Epoch 37/100
2018-03-21 19:43:29,009:INFO: - Train metrics: accuracy: 0.724 ; loss: 0.998
2018-03-21 19:43:30,500:INFO: - Eval metrics : accuracy: 0.593 ; loss: 1.611
2018-03-21 19:43:30,543:INFO: Epoch 38/100
2018-03-21 19:43:59,030:INFO: - Train metrics: accuracy: 0.719 ; loss: 1.010
2018-03-21 19:44:00,502:INFO: - Eval metrics : accuracy: 0.434 ; loss: 2.292
2018-03-21 19:44:00,546:INFO: Epoch 39/100
2018-03-21 19:44:29,092:INFO: - Train metrics: accuracy: 0.656 ; loss: 1.209
2018-03-21 19:44:30,590:INFO: - Eval metrics : accuracy: 0.605 ; loss: 1.572
2018-03-21 19:44:30,666:INFO: - Found new best accuracy
2018-03-21 19:44:30,666:INFO: Epoch 40/100
2018-03-21 19:44:59,141:INFO: - Train metrics: accuracy: 0.714 ; loss: 1.001
2018-03-21 19:45:00,668:INFO: - Eval metrics : accuracy: 0.565 ; loss: 1.744
2018-03-21 19:45:00,716:INFO: Epoch 41/100
2018-03-21 19:45:29,177:INFO: - Train metrics: accuracy: 0.729 ; loss: 0.980
2018-03-21 19:45:30,701:INFO: - Eval metrics : accuracy: 0.395 ; loss: 2.631
2018-03-21 19:45:30,748:INFO: Epoch 42/100
2018-03-21 19:45:59,269:INFO: - Train metrics: accuracy: 0.740 ; loss: 0.918
2018-03-21 19:46:00,777:INFO: - Eval metrics : accuracy: 0.576 ; loss: 1.690
2018-03-21 19:46:00,822:INFO: Epoch 43/100
2018-03-21 19:46:29,222:INFO: - Train metrics: accuracy: 0.755 ; loss: 0.966
2018-03-21 19:46:30,715:INFO: - Eval metrics : accuracy: 0.612 ; loss: 1.550
2018-03-21 19:46:30,793:INFO: - Found new best accuracy
2018-03-21 19:46:30,803:INFO: Epoch 44/100
2018-03-21 19:46:59,348:INFO: - Train metrics: accuracy: 0.682 ; loss: 1.122
2018-03-21 19:47:00,861:INFO: - Eval metrics : accuracy: 0.625 ; loss: 1.522
2018-03-21 19:47:00,936:INFO: - Found new best accuracy
2018-03-21 19:47:00,936:INFO: Epoch 45/100
2018-03-21 19:47:29,435:INFO: - Train metrics: accuracy: 0.724 ; loss: 0.969
2018-03-21 19:47:30,927:INFO: - Eval metrics : accuracy: 0.448 ; loss: 2.330
2018-03-21 19:47:30,970:INFO: Epoch 46/100
2018-03-21 19:47:59,412:INFO: - Train metrics: accuracy: 0.776 ; loss: 0.866
2018-03-21 19:48:00,883:INFO: - Eval metrics : accuracy: 0.593 ; loss: 1.623
2018-03-21 19:48:00,928:INFO: Epoch 47/100
2018-03-21 19:48:29,340:INFO: - Train metrics: accuracy: 0.729 ; loss: 0.910
2018-03-21 19:48:30,811:INFO: - Eval metrics : accuracy: 0.576 ; loss: 1.686
2018-03-21 19:48:30,855:INFO: Epoch 48/100
2018-03-21 19:48:59,273:INFO: - Train metrics: accuracy: 0.745 ; loss: 0.890
2018-03-21 19:49:00,750:INFO: - Eval metrics : accuracy: 0.452 ; loss: 2.262
2018-03-21 19:49:00,799:INFO: Epoch 49/100
2018-03-21 19:49:29,357:INFO: - Train metrics: accuracy: 0.781 ; loss: 0.856
2018-03-21 19:49:30,847:INFO: - Eval metrics : accuracy: 0.518 ; loss: 1.969
2018-03-21 19:49:30,893:INFO: Epoch 50/100
2018-03-21 19:49:59,319:INFO: - Train metrics: accuracy: 0.750 ; loss: 0.819
2018-03-21 19:50:00,810:INFO: - Eval metrics : accuracy: 0.612 ; loss: 1.551
2018-03-21 19:50:00,862:INFO: Epoch 51/100
2018-03-21 19:50:29,286:INFO: - Train metrics: accuracy: 0.734 ; loss: 0.917
2018-03-21 19:50:30,773:INFO: - Eval metrics : accuracy: 0.611 ; loss: 1.565
2018-03-21 19:50:30,817:INFO: Epoch 52/100
2018-03-21 19:50:59,259:INFO: - Train metrics: accuracy: 0.760 ; loss: 0.821
2018-03-21 19:51:00,739:INFO: - Eval metrics : accuracy: 0.544 ; loss: 1.847
2018-03-21 19:51:00,783:INFO: Epoch 53/100
2018-03-21 19:51:29,221:INFO: - Train metrics: accuracy: 0.797 ; loss: 0.879
2018-03-21 19:51:30,717:INFO: - Eval metrics : accuracy: 0.606 ; loss: 1.518
2018-03-21 19:51:30,765:INFO: Epoch 54/100
2018-03-21 19:51:59,125:INFO: - Train metrics: accuracy: 0.786 ; loss: 0.816
2018-03-21 19:52:00,595:INFO: - Eval metrics : accuracy: 0.463 ; loss: 2.275
2018-03-21 19:52:00,637:INFO: Epoch 55/100
2018-03-21 19:52:29,065:INFO: - Train metrics: accuracy: 0.750 ; loss: 0.880
2018-03-21 19:52:30,555:INFO: - Eval metrics : accuracy: 0.603 ; loss: 1.591
2018-03-21 19:52:30,598:INFO: Epoch 56/100
2018-03-21 19:52:59,021:INFO: - Train metrics: accuracy: 0.781 ; loss: 0.738
2018-03-21 19:53:00,498:INFO: - Eval metrics : accuracy: 0.509 ; loss: 1.993
2018-03-21 19:53:00,553:INFO: Epoch 57/100
2018-03-21 19:53:28,989:INFO: - Train metrics: accuracy: 0.781 ; loss: 0.780
2018-03-21 19:53:30,490:INFO: - Eval metrics : accuracy: 0.601 ; loss: 1.562
2018-03-21 19:53:30,535:INFO: Epoch 58/100
2018-03-21 19:53:58,968:INFO: - Train metrics: accuracy: 0.812 ; loss: 0.727
2018-03-21 19:54:00,457:INFO: - Eval metrics : accuracy: 0.562 ; loss: 1.728
2018-03-21 19:54:00,500:INFO: Epoch 59/100
2018-03-21 19:54:28,934:INFO: - Train metrics: accuracy: 0.802 ; loss: 0.761
2018-03-21 19:54:30,417:INFO: - Eval metrics : accuracy: 0.599 ; loss: 1.621
2018-03-21 19:54:30,459:INFO: Epoch 60/100
2018-03-21 19:54:58,821:INFO: - Train metrics: accuracy: 0.760 ; loss: 0.863
2018-03-21 19:55:00,322:INFO: - Eval metrics : accuracy: 0.609 ; loss: 1.517
2018-03-21 19:55:00,367:INFO: Epoch 61/100
2018-03-21 19:55:28,739:INFO: - Train metrics: accuracy: 0.823 ; loss: 0.693
2018-03-21 19:55:30,214:INFO: - Eval metrics : accuracy: 0.610 ; loss: 1.517
2018-03-21 19:55:30,256:INFO: Epoch 62/100
2018-03-21 19:55:58,757:INFO: - Train metrics: accuracy: 0.781 ; loss: 0.870
2018-03-21 19:56:00,235:INFO: - Eval metrics : accuracy: 0.591 ; loss: 1.630
2018-03-21 19:56:00,279:INFO: Epoch 63/100
2018-03-21 19:56:28,802:INFO: - Train metrics: accuracy: 0.833 ; loss: 0.685
2018-03-21 19:56:30,270:INFO: - Eval metrics : accuracy: 0.625 ; loss: 1.501
2018-03-21 19:56:30,347:INFO: - Found new best accuracy
2018-03-21 19:56:30,348:INFO: Epoch 64/100
2018-03-21 19:56:58,715:INFO: - Train metrics: accuracy: 0.755 ; loss: 0.819
2018-03-21 19:57:00,231:INFO: - Eval metrics : accuracy: 0.547 ; loss: 1.888
2018-03-21 19:57:00,290:INFO: Epoch 65/100
2018-03-21 19:57:28,681:INFO: - Train metrics: accuracy: 0.745 ; loss: 0.807
2018-03-21 19:57:30,184:INFO: - Eval metrics : accuracy: 0.428 ; loss: 2.464
2018-03-21 19:57:30,228:INFO: Epoch 66/100
2018-03-21 19:57:58,646:INFO: - Train metrics: accuracy: 0.781 ; loss: 0.751
2018-03-21 19:58:00,138:INFO: - Eval metrics : accuracy: 0.583 ; loss: 1.677
2018-03-21 19:58:00,183:INFO: Epoch 67/100
2018-03-21 19:58:28,602:INFO: - Train metrics: accuracy: 0.781 ; loss: 0.759
2018-03-21 19:58:30,054:INFO: - Eval metrics : accuracy: 0.609 ; loss: 1.581
2018-03-21 19:58:30,117:INFO: Epoch 68/100
2018-03-21 19:58:58,536:INFO: - Train metrics: accuracy: 0.797 ; loss: 0.774
2018-03-21 19:59:00,009:INFO: - Eval metrics : accuracy: 0.608 ; loss: 1.599
2018-03-21 19:59:00,052:INFO: Epoch 69/100
2018-03-21 19:59:28,400:INFO: - Train metrics: accuracy: 0.792 ; loss: 0.725
2018-03-21 19:59:29,867:INFO: - Eval metrics : accuracy: 0.594 ; loss: 1.638
2018-03-21 19:59:29,910:INFO: Epoch 70/100
2018-03-21 19:59:58,332:INFO: - Train metrics: accuracy: 0.812 ; loss: 0.737
2018-03-21 19:59:59,797:INFO: - Eval metrics : accuracy: 0.577 ; loss: 1.729
2018-03-21 19:59:59,835:INFO: Epoch 71/100
2018-03-21 20:00:28,219:INFO: - Train metrics: accuracy: 0.734 ; loss: 0.893
2018-03-21 20:00:29,667:INFO: - Eval metrics : accuracy: 0.502 ; loss: 2.035
2018-03-21 20:00:29,708:INFO: Epoch 72/100
2018-03-21 20:00:58,026:INFO: - Train metrics: accuracy: 0.839 ; loss: 0.667
2018-03-21 20:00:59,486:INFO: - Eval metrics : accuracy: 0.521 ; loss: 1.998
2018-03-21 20:00:59,533:INFO: Epoch 73/100
2018-03-21 20:01:27,874:INFO: - Train metrics: accuracy: 0.823 ; loss: 0.686
2018-03-21 20:01:29,367:INFO: - Eval metrics : accuracy: 0.595 ; loss: 1.600
2018-03-21 20:01:29,422:INFO: Epoch 74/100
2018-03-21 20:01:57,761:INFO: - Train metrics: accuracy: 0.786 ; loss: 0.675
2018-03-21 20:01:59,289:INFO: - Eval metrics : accuracy: 0.608 ; loss: 1.573
2018-03-21 20:01:59,334:INFO: Epoch 75/100
2018-03-21 20:02:27,746:INFO: - Train metrics: accuracy: 0.797 ; loss: 0.702
2018-03-21 20:02:29,257:INFO: - Eval metrics : accuracy: 0.555 ; loss: 1.838
2018-03-21 20:02:29,321:INFO: Epoch 76/100
2018-03-21 20:02:57,644:INFO: - Train metrics: accuracy: 0.849 ; loss: 0.571
2018-03-21 20:02:59,097:INFO: - Eval metrics : accuracy: 0.603 ; loss: 1.555
2018-03-21 20:02:59,141:INFO: Epoch 77/100
2018-03-21 20:03:27,581:INFO: - Train metrics: accuracy: 0.812 ; loss: 0.685
2018-03-21 20:03:29,050:INFO: - Eval metrics : accuracy: 0.605 ; loss: 1.566
2018-03-21 20:03:29,094:INFO: Epoch 78/100
2018-03-21 20:03:57,456:INFO: - Train metrics: accuracy: 0.771 ; loss: 0.696
2018-03-21 20:03:58,937:INFO: - Eval metrics : accuracy: 0.566 ; loss: 1.778
2018-03-21 20:03:58,980:INFO: Epoch 79/100
2018-03-21 20:04:27,323:INFO: - Train metrics: accuracy: 0.854 ; loss: 0.606
2018-03-21 20:04:28,816:INFO: - Eval metrics : accuracy: 0.451 ; loss: 2.444
2018-03-21 20:04:28,857:INFO: Epoch 80/100
2018-03-21 20:04:57,177:INFO: - Train metrics: accuracy: 0.812 ; loss: 0.683
2018-03-21 20:04:58,648:INFO: - Eval metrics : accuracy: 0.595 ; loss: 1.667
2018-03-21 20:04:58,692:INFO: Epoch 81/100
2018-03-21 20:05:27,084:INFO: - Train metrics: accuracy: 0.839 ; loss: 0.610
2018-03-21 20:05:28,552:INFO: - Eval metrics : accuracy: 0.605 ; loss: 1.567
2018-03-21 20:05:28,594:INFO: Epoch 82/100
2018-03-21 20:05:57,034:INFO: - Train metrics: accuracy: 0.818 ; loss: 0.695
2018-03-21 20:05:58,502:INFO: - Eval metrics : accuracy: 0.596 ; loss: 1.639
2018-03-21 20:05:58,546:INFO: Epoch 83/100
2018-03-21 20:06:26,924:INFO: - Train metrics: accuracy: 0.854 ; loss: 0.597
2018-03-21 20:06:28,377:INFO: - Eval metrics : accuracy: 0.391 ; loss: 2.677
2018-03-21 20:06:28,418:INFO: Epoch 84/100
2018-03-21 20:06:56,755:INFO: - Train metrics: accuracy: 0.818 ; loss: 0.647
2018-03-21 20:06:58,214:INFO: - Eval metrics : accuracy: 0.579 ; loss: 1.706
2018-03-21 20:06:58,258:INFO: Epoch 85/100
2018-03-21 20:07:26,579:INFO: - Train metrics: accuracy: 0.807 ; loss: 0.667
2018-03-21 20:07:28,063:INFO: - Eval metrics : accuracy: 0.605 ; loss: 1.604
2018-03-21 20:07:28,105:INFO: Epoch 86/100
2018-03-21 20:07:56,511:INFO: - Train metrics: accuracy: 0.792 ; loss: 0.685
2018-03-21 20:07:57,999:INFO: - Eval metrics : accuracy: 0.550 ; loss: 1.859
2018-03-21 20:07:58,042:INFO: Epoch 87/100
2018-03-21 20:08:26,395:INFO: - Train metrics: accuracy: 0.823 ; loss: 0.671
2018-03-21 20:08:27,907:INFO: - Eval metrics : accuracy: 0.606 ; loss: 1.570
2018-03-21 20:08:27,950:INFO: Epoch 88/100
2018-03-21 20:08:56,280:INFO: - Train metrics: accuracy: 0.849 ; loss: 0.559
2018-03-21 20:08:57,765:INFO: - Eval metrics : accuracy: 0.618 ; loss: 1.543
2018-03-21 20:08:57,808:INFO: Epoch 89/100
2018-03-21 20:09:26,220:INFO: - Train metrics: accuracy: 0.828 ; loss: 0.618
2018-03-21 20:09:27,684:INFO: - Eval metrics : accuracy: 0.577 ; loss: 1.755
2018-03-21 20:09:27,723:INFO: Epoch 90/100
2018-03-21 20:09:56,110:INFO: - Train metrics: accuracy: 0.812 ; loss: 0.690
2018-03-21 20:09:57,593:INFO: - Eval metrics : accuracy: 0.623 ; loss: 1.533
2018-03-21 20:09:57,637:INFO: Epoch 91/100
2018-03-21 20:10:25,977:INFO: - Train metrics: accuracy: 0.844 ; loss: 0.620
2018-03-21 20:10:27,442:INFO: - Eval metrics : accuracy: 0.628 ; loss: 1.566
2018-03-21 20:10:27,523:INFO: - Found new best accuracy
2018-03-21 20:10:27,523:INFO: Epoch 92/100
2018-03-21 20:10:55,786:INFO: - Train metrics: accuracy: 0.797 ; loss: 0.650
2018-03-21 20:10:57,235:INFO: - Eval metrics : accuracy: 0.586 ; loss: 1.717
2018-03-21 20:10:57,276:INFO: Epoch 93/100
2018-03-21 20:11:25,605:INFO: - Train metrics: accuracy: 0.776 ; loss: 0.789
2018-03-21 20:11:27,100:INFO: - Eval metrics : accuracy: 0.594 ; loss: 1.680
2018-03-21 20:11:27,142:INFO: Epoch 94/100
2018-03-21 20:11:55,459:INFO: - Train metrics: accuracy: 0.828 ; loss: 0.577
2018-03-21 20:11:56,920:INFO: - Eval metrics : accuracy: 0.575 ; loss: 1.824
2018-03-21 20:11:56,974:INFO: Epoch 95/100
2018-03-21 20:12:25,472:INFO: - Train metrics: accuracy: 0.849 ; loss: 0.515
2018-03-21 20:12:27,004:INFO: - Eval metrics : accuracy: 0.406 ; loss: 2.677
2018-03-21 20:12:27,049:INFO: Epoch 96/100
2018-03-21 20:12:55,545:INFO: - Train metrics: accuracy: 0.859 ; loss: 0.564
2018-03-21 20:12:57,018:INFO: - Eval metrics : accuracy: 0.634 ; loss: 1.492
2018-03-21 20:12:57,088:INFO: - Found new best accuracy
2018-03-21 20:12:57,088:INFO: Epoch 97/100
2018-03-21 20:13:25,498:INFO: - Train metrics: accuracy: 0.839 ; loss: 0.579
2018-03-21 20:13:26,954:INFO: - Eval metrics : accuracy: 0.580 ; loss: 1.792
2018-03-21 20:13:26,998:INFO: Epoch 98/100
2018-03-21 20:13:55,283:INFO: - Train metrics: accuracy: 0.844 ; loss: 0.589
2018-03-21 20:13:56,775:INFO: - Eval metrics : accuracy: 0.597 ; loss: 1.646
2018-03-21 20:13:56,818:INFO: Epoch 99/100
2018-03-21 20:14:25,174:INFO: - Train metrics: accuracy: 0.792 ; loss: 0.604
2018-03-21 20:14:26,646:INFO: - Eval metrics : accuracy: 0.336 ; loss: 3.078
2018-03-21 20:14:26,692:INFO: Epoch 100/100
2018-03-21 20:14:55,019:INFO: - Train metrics: accuracy: 0.849 ; loss: 0.562
2018-03-21 20:14:56,515:INFO: - Eval metrics : accuracy: 0.633 ; loss: 1.524
