2018-03-22 06:15:47,545:INFO: Loading the datasets...
2018-03-22 06:15:47,596:INFO: - done.
2018-03-22 06:15:49,843:INFO: Starting training for 100 epoch(s)
2018-03-22 06:15:49,843:INFO: Epoch 1/100
2018-03-22 06:16:17,785:INFO: - Train metrics: accuracy: 0.004 ; loss: 6.521
2018-03-22 06:16:19,243:INFO: - Eval metrics : accuracy: 0.043 ; loss: 6.014
2018-03-22 06:16:19,276:INFO: - Found new best accuracy
2018-03-22 06:16:19,277:INFO: Epoch 2/100
2018-03-22 06:16:46,470:INFO: - Train metrics: accuracy: 0.055 ; loss: 5.860
2018-03-22 06:16:47,923:INFO: - Eval metrics : accuracy: 0.106 ; loss: 5.493
2018-03-22 06:16:47,993:INFO: - Found new best accuracy
2018-03-22 06:16:47,994:INFO: Epoch 3/100
2018-03-22 06:17:15,105:INFO: - Train metrics: accuracy: 0.074 ; loss: 5.499
2018-03-22 06:17:16,565:INFO: - Eval metrics : accuracy: 0.150 ; loss: 5.095
2018-03-22 06:17:16,646:INFO: - Found new best accuracy
2018-03-22 06:17:16,647:INFO: Epoch 4/100
2018-03-22 06:17:43,806:INFO: - Train metrics: accuracy: 0.164 ; loss: 4.815
2018-03-22 06:17:45,267:INFO: - Eval metrics : accuracy: 0.161 ; loss: 4.798
2018-03-22 06:17:45,347:INFO: - Found new best accuracy
2018-03-22 06:17:45,348:INFO: Epoch 5/100
2018-03-22 06:18:12,527:INFO: - Train metrics: accuracy: 0.219 ; loss: 4.452
2018-03-22 06:18:13,982:INFO: - Eval metrics : accuracy: 0.319 ; loss: 3.920
2018-03-22 06:18:14,061:INFO: - Found new best accuracy
2018-03-22 06:18:14,062:INFO: Epoch 6/100
2018-03-22 06:18:41,172:INFO: - Train metrics: accuracy: 0.316 ; loss: 3.826
2018-03-22 06:18:42,628:INFO: - Eval metrics : accuracy: 0.363 ; loss: 3.609
2018-03-22 06:18:42,708:INFO: - Found new best accuracy
2018-03-22 06:18:42,709:INFO: Epoch 7/100
2018-03-22 06:19:09,880:INFO: - Train metrics: accuracy: 0.316 ; loss: 3.682
2018-03-22 06:19:11,326:INFO: - Eval metrics : accuracy: 0.362 ; loss: 3.503
2018-03-22 06:19:11,368:INFO: Epoch 8/100
2018-03-22 06:19:38,525:INFO: - Train metrics: accuracy: 0.359 ; loss: 3.431
2018-03-22 06:19:39,959:INFO: - Eval metrics : accuracy: 0.392 ; loss: 3.320
2018-03-22 06:19:40,036:INFO: - Found new best accuracy
2018-03-22 06:19:40,036:INFO: Epoch 9/100
2018-03-22 06:20:07,162:INFO: - Train metrics: accuracy: 0.395 ; loss: 3.091
2018-03-22 06:20:08,598:INFO: - Eval metrics : accuracy: 0.455 ; loss: 2.937
2018-03-22 06:20:08,675:INFO: - Found new best accuracy
2018-03-22 06:20:08,676:INFO: Epoch 10/100
2018-03-22 06:20:35,779:INFO: - Train metrics: accuracy: 0.402 ; loss: 3.024
2018-03-22 06:20:37,236:INFO: - Eval metrics : accuracy: 0.419 ; loss: 3.147
2018-03-22 06:20:37,278:INFO: Epoch 11/100
2018-03-22 06:21:04,375:INFO: - Train metrics: accuracy: 0.426 ; loss: 2.855
2018-03-22 06:21:05,801:INFO: - Eval metrics : accuracy: 0.476 ; loss: 2.711
2018-03-22 06:21:05,878:INFO: - Found new best accuracy
2018-03-22 06:21:05,879:INFO: Epoch 12/100
2018-03-22 06:21:32,989:INFO: - Train metrics: accuracy: 0.465 ; loss: 2.681
2018-03-22 06:21:34,457:INFO: - Eval metrics : accuracy: 0.492 ; loss: 2.661
2018-03-22 06:21:34,651:INFO: - Found new best accuracy
2018-03-22 06:21:34,651:INFO: Epoch 13/100
2018-03-22 06:22:01,784:INFO: - Train metrics: accuracy: 0.547 ; loss: 2.389
2018-03-22 06:22:03,247:INFO: - Eval metrics : accuracy: 0.495 ; loss: 2.597
2018-03-22 06:22:03,468:INFO: - Found new best accuracy
2018-03-22 06:22:03,469:INFO: Epoch 14/100
2018-03-22 06:22:30,601:INFO: - Train metrics: accuracy: 0.492 ; loss: 2.427
2018-03-22 06:22:32,019:INFO: - Eval metrics : accuracy: 0.542 ; loss: 2.385
2018-03-22 06:22:32,090:INFO: - Found new best accuracy
2018-03-22 06:22:32,091:INFO: Epoch 15/100
2018-03-22 06:22:59,213:INFO: - Train metrics: accuracy: 0.566 ; loss: 2.201
2018-03-22 06:23:00,680:INFO: - Eval metrics : accuracy: 0.557 ; loss: 2.319
2018-03-22 06:23:00,758:INFO: - Found new best accuracy
2018-03-22 06:23:00,759:INFO: Epoch 16/100
2018-03-22 06:23:27,900:INFO: - Train metrics: accuracy: 0.570 ; loss: 2.279
2018-03-22 06:23:29,353:INFO: - Eval metrics : accuracy: 0.545 ; loss: 2.385
2018-03-22 06:23:29,396:INFO: Epoch 17/100
2018-03-22 06:23:56,519:INFO: - Train metrics: accuracy: 0.562 ; loss: 2.064
2018-03-22 06:23:57,958:INFO: - Eval metrics : accuracy: 0.574 ; loss: 2.176
2018-03-22 06:23:58,034:INFO: - Found new best accuracy
2018-03-22 06:23:58,035:INFO: Epoch 18/100
2018-03-22 06:24:25,176:INFO: - Train metrics: accuracy: 0.625 ; loss: 1.922
2018-03-22 06:24:26,610:INFO: - Eval metrics : accuracy: 0.471 ; loss: 2.716
2018-03-22 06:24:26,656:INFO: Epoch 19/100
2018-03-22 06:24:53,747:INFO: - Train metrics: accuracy: 0.621 ; loss: 1.946
2018-03-22 06:24:55,169:INFO: - Eval metrics : accuracy: 0.510 ; loss: 2.499
2018-03-22 06:24:55,212:INFO: Epoch 20/100
2018-03-22 06:25:22,341:INFO: - Train metrics: accuracy: 0.598 ; loss: 2.019
2018-03-22 06:25:23,769:INFO: - Eval metrics : accuracy: 0.575 ; loss: 2.133
2018-03-22 06:25:23,844:INFO: - Found new best accuracy
2018-03-22 06:25:23,844:INFO: Epoch 21/100
2018-03-22 06:25:50,946:INFO: - Train metrics: accuracy: 0.641 ; loss: 1.802
2018-03-22 06:25:52,409:INFO: - Eval metrics : accuracy: 0.561 ; loss: 2.257
2018-03-22 06:25:52,446:INFO: Epoch 22/100
2018-03-22 06:26:19,496:INFO: - Train metrics: accuracy: 0.656 ; loss: 1.699
2018-03-22 06:26:20,934:INFO: - Eval metrics : accuracy: 0.550 ; loss: 2.261
2018-03-22 06:26:20,970:INFO: Epoch 23/100
2018-03-22 06:26:48,042:INFO: - Train metrics: accuracy: 0.668 ; loss: 1.592
2018-03-22 06:26:49,501:INFO: - Eval metrics : accuracy: 0.536 ; loss: 2.341
2018-03-22 06:26:49,545:INFO: Epoch 24/100
2018-03-22 06:27:16,683:INFO: - Train metrics: accuracy: 0.668 ; loss: 1.605
2018-03-22 06:27:18,111:INFO: - Eval metrics : accuracy: 0.592 ; loss: 2.001
2018-03-22 06:27:18,188:INFO: - Found new best accuracy
2018-03-22 06:27:18,189:INFO: Epoch 25/100
2018-03-22 06:27:45,253:INFO: - Train metrics: accuracy: 0.680 ; loss: 1.487
2018-03-22 06:27:46,674:INFO: - Eval metrics : accuracy: 0.597 ; loss: 2.005
2018-03-22 06:27:46,752:INFO: - Found new best accuracy
2018-03-22 06:27:46,752:INFO: Epoch 26/100
2018-03-22 06:28:13,866:INFO: - Train metrics: accuracy: 0.648 ; loss: 1.686
2018-03-22 06:28:15,316:INFO: - Eval metrics : accuracy: 0.491 ; loss: 2.582
2018-03-22 06:28:15,365:INFO: Epoch 27/100
2018-03-22 06:28:42,401:INFO: - Train metrics: accuracy: 0.656 ; loss: 1.611
2018-03-22 06:28:43,845:INFO: - Eval metrics : accuracy: 0.585 ; loss: 2.102
2018-03-22 06:28:43,892:INFO: Epoch 28/100
2018-03-22 06:29:10,958:INFO: - Train metrics: accuracy: 0.688 ; loss: 1.463
2018-03-22 06:29:12,384:INFO: - Eval metrics : accuracy: 0.571 ; loss: 2.125
2018-03-22 06:29:12,428:INFO: Epoch 29/100
2018-03-22 06:29:39,466:INFO: - Train metrics: accuracy: 0.715 ; loss: 1.340
2018-03-22 06:29:40,896:INFO: - Eval metrics : accuracy: 0.612 ; loss: 1.931
2018-03-22 06:29:40,972:INFO: - Found new best accuracy
2018-03-22 06:29:40,972:INFO: Epoch 30/100
2018-03-22 06:30:08,071:INFO: - Train metrics: accuracy: 0.754 ; loss: 1.186
2018-03-22 06:30:09,489:INFO: - Eval metrics : accuracy: 0.600 ; loss: 1.978
2018-03-22 06:30:09,531:INFO: Epoch 31/100
2018-03-22 06:30:36,574:INFO: - Train metrics: accuracy: 0.754 ; loss: 1.182
2018-03-22 06:30:37,999:INFO: - Eval metrics : accuracy: 0.590 ; loss: 2.070
2018-03-22 06:30:38,037:INFO: Epoch 32/100
2018-03-22 06:31:05,067:INFO: - Train metrics: accuracy: 0.707 ; loss: 1.341
2018-03-22 06:31:06,519:INFO: - Eval metrics : accuracy: 0.466 ; loss: 2.780
2018-03-22 06:31:06,562:INFO: Epoch 33/100
2018-03-22 06:31:33,639:INFO: - Train metrics: accuracy: 0.727 ; loss: 1.269
2018-03-22 06:31:35,080:INFO: - Eval metrics : accuracy: 0.569 ; loss: 2.153
2018-03-22 06:31:35,123:INFO: Epoch 34/100
2018-03-22 06:32:02,160:INFO: - Train metrics: accuracy: 0.715 ; loss: 1.415
2018-03-22 06:32:03,590:INFO: - Eval metrics : accuracy: 0.604 ; loss: 1.945
2018-03-22 06:32:03,636:INFO: Epoch 35/100
2018-03-22 06:32:30,668:INFO: - Train metrics: accuracy: 0.691 ; loss: 1.385
2018-03-22 06:32:32,109:INFO: - Eval metrics : accuracy: 0.584 ; loss: 2.090
2018-03-22 06:32:32,174:INFO: Epoch 36/100
2018-03-22 06:32:59,159:INFO: - Train metrics: accuracy: 0.727 ; loss: 1.303
2018-03-22 06:33:00,619:INFO: - Eval metrics : accuracy: 0.590 ; loss: 2.072
2018-03-22 06:33:00,662:INFO: Epoch 37/100
2018-03-22 06:33:27,687:INFO: - Train metrics: accuracy: 0.766 ; loss: 1.080
2018-03-22 06:33:29,122:INFO: - Eval metrics : accuracy: 0.623 ; loss: 1.865
2018-03-22 06:33:29,197:INFO: - Found new best accuracy
2018-03-22 06:33:29,197:INFO: Epoch 38/100
2018-03-22 06:33:56,307:INFO: - Train metrics: accuracy: 0.707 ; loss: 1.223
2018-03-22 06:33:57,751:INFO: - Eval metrics : accuracy: 0.593 ; loss: 2.007
2018-03-22 06:33:57,795:INFO: Epoch 39/100
2018-03-22 06:34:24,865:INFO: - Train metrics: accuracy: 0.684 ; loss: 1.406
2018-03-22 06:34:26,286:INFO: - Eval metrics : accuracy: 0.569 ; loss: 2.156
2018-03-22 06:34:26,323:INFO: Epoch 40/100
2018-03-22 06:34:53,364:INFO: - Train metrics: accuracy: 0.754 ; loss: 1.130
2018-03-22 06:34:54,810:INFO: - Eval metrics : accuracy: 0.565 ; loss: 2.169
2018-03-22 06:34:54,854:INFO: Epoch 41/100
2018-03-22 06:35:21,898:INFO: - Train metrics: accuracy: 0.793 ; loss: 1.001
2018-03-22 06:35:23,339:INFO: - Eval metrics : accuracy: 0.615 ; loss: 1.936
2018-03-22 06:35:23,381:INFO: Epoch 42/100
2018-03-22 06:35:50,369:INFO: - Train metrics: accuracy: 0.746 ; loss: 1.174
2018-03-22 06:35:51,798:INFO: - Eval metrics : accuracy: 0.599 ; loss: 1.969
2018-03-22 06:35:51,840:INFO: Epoch 43/100
2018-03-22 06:36:18,858:INFO: - Train metrics: accuracy: 0.777 ; loss: 1.002
2018-03-22 06:36:20,286:INFO: - Eval metrics : accuracy: 0.587 ; loss: 2.044
2018-03-22 06:36:20,330:INFO: Epoch 44/100
2018-03-22 06:36:47,391:INFO: - Train metrics: accuracy: 0.785 ; loss: 1.031
2018-03-22 06:36:48,865:INFO: - Eval metrics : accuracy: 0.560 ; loss: 2.180
2018-03-22 06:36:48,909:INFO: Epoch 45/100
2018-03-22 06:37:15,923:INFO: - Train metrics: accuracy: 0.789 ; loss: 1.053
2018-03-22 06:37:17,387:INFO: - Eval metrics : accuracy: 0.614 ; loss: 1.912
2018-03-22 06:37:17,434:INFO: Epoch 46/100
2018-03-22 06:37:44,467:INFO: - Train metrics: accuracy: 0.785 ; loss: 1.007
2018-03-22 06:37:45,895:INFO: - Eval metrics : accuracy: 0.545 ; loss: 2.315
2018-03-22 06:37:45,945:INFO: Epoch 47/100
2018-03-22 06:38:13,004:INFO: - Train metrics: accuracy: 0.797 ; loss: 0.927
2018-03-22 06:38:14,418:INFO: - Eval metrics : accuracy: 0.628 ; loss: 1.842
2018-03-22 06:38:14,492:INFO: - Found new best accuracy
2018-03-22 06:38:14,492:INFO: Epoch 48/100
2018-03-22 06:38:41,510:INFO: - Train metrics: accuracy: 0.836 ; loss: 0.791
2018-03-22 06:38:42,931:INFO: - Eval metrics : accuracy: 0.511 ; loss: 2.493
2018-03-22 06:38:42,970:INFO: Epoch 49/100
2018-03-22 06:39:10,047:INFO: - Train metrics: accuracy: 0.816 ; loss: 0.873
2018-03-22 06:39:11,480:INFO: - Eval metrics : accuracy: 0.607 ; loss: 1.925
2018-03-22 06:39:11,522:INFO: Epoch 50/100
2018-03-22 06:39:38,478:INFO: - Train metrics: accuracy: 0.848 ; loss: 0.829
2018-03-22 06:39:39,934:INFO: - Eval metrics : accuracy: 0.604 ; loss: 1.915
2018-03-22 06:39:39,971:INFO: Epoch 51/100
2018-03-22 06:40:07,002:INFO: - Train metrics: accuracy: 0.840 ; loss: 0.814
2018-03-22 06:40:08,447:INFO: - Eval metrics : accuracy: 0.605 ; loss: 1.887
2018-03-22 06:40:08,490:INFO: Epoch 52/100
2018-03-22 06:40:35,489:INFO: - Train metrics: accuracy: 0.801 ; loss: 0.935
2018-03-22 06:40:36,936:INFO: - Eval metrics : accuracy: 0.588 ; loss: 2.061
2018-03-22 06:40:36,979:INFO: Epoch 53/100
2018-03-22 06:41:03,931:INFO: - Train metrics: accuracy: 0.816 ; loss: 0.879
2018-03-22 06:41:05,385:INFO: - Eval metrics : accuracy: 0.578 ; loss: 2.118
2018-03-22 06:41:05,430:INFO: Epoch 54/100
2018-03-22 06:41:32,483:INFO: - Train metrics: accuracy: 0.812 ; loss: 0.837
2018-03-22 06:41:33,919:INFO: - Eval metrics : accuracy: 0.601 ; loss: 1.982
2018-03-22 06:41:33,957:INFO: Epoch 55/100
2018-03-22 06:42:01,016:INFO: - Train metrics: accuracy: 0.797 ; loss: 0.891
2018-03-22 06:42:02,458:INFO: - Eval metrics : accuracy: 0.538 ; loss: 2.383
2018-03-22 06:42:02,501:INFO: Epoch 56/100
2018-03-22 06:42:29,494:INFO: - Train metrics: accuracy: 0.805 ; loss: 0.837
2018-03-22 06:42:30,959:INFO: - Eval metrics : accuracy: 0.584 ; loss: 2.123
2018-03-22 06:42:31,003:INFO: Epoch 57/100
2018-03-22 06:42:58,045:INFO: - Train metrics: accuracy: 0.828 ; loss: 0.825
2018-03-22 06:42:59,520:INFO: - Eval metrics : accuracy: 0.613 ; loss: 1.888
2018-03-22 06:42:59,563:INFO: Epoch 58/100
2018-03-22 06:43:26,487:INFO: - Train metrics: accuracy: 0.848 ; loss: 0.759
2018-03-22 06:43:27,933:INFO: - Eval metrics : accuracy: 0.469 ; loss: 2.786
2018-03-22 06:43:27,976:INFO: Epoch 59/100
2018-03-22 06:43:54,902:INFO: - Train metrics: accuracy: 0.812 ; loss: 0.763
2018-03-22 06:43:56,351:INFO: - Eval metrics : accuracy: 0.500 ; loss: 2.595
2018-03-22 06:43:56,395:INFO: Epoch 60/100
2018-03-22 06:44:23,357:INFO: - Train metrics: accuracy: 0.871 ; loss: 0.733
2018-03-22 06:44:24,795:INFO: - Eval metrics : accuracy: 0.590 ; loss: 2.090
2018-03-22 06:44:24,839:INFO: Epoch 61/100
2018-03-22 06:44:51,810:INFO: - Train metrics: accuracy: 0.832 ; loss: 0.774
2018-03-22 06:44:53,245:INFO: - Eval metrics : accuracy: 0.583 ; loss: 2.070
2018-03-22 06:44:53,302:INFO: Epoch 62/100
2018-03-22 06:45:20,282:INFO: - Train metrics: accuracy: 0.863 ; loss: 0.686
2018-03-22 06:45:21,743:INFO: - Eval metrics : accuracy: 0.621 ; loss: 1.881
2018-03-22 06:45:21,786:INFO: Epoch 63/100
2018-03-22 06:45:48,769:INFO: - Train metrics: accuracy: 0.852 ; loss: 0.679
2018-03-22 06:45:50,229:INFO: - Eval metrics : accuracy: 0.457 ; loss: 2.877
2018-03-22 06:45:50,271:INFO: Epoch 64/100
2018-03-22 06:46:17,220:INFO: - Train metrics: accuracy: 0.852 ; loss: 0.742
2018-03-22 06:46:18,692:INFO: - Eval metrics : accuracy: 0.601 ; loss: 2.047
2018-03-22 06:46:18,735:INFO: Epoch 65/100
2018-03-22 06:46:45,747:INFO: - Train metrics: accuracy: 0.879 ; loss: 0.638
2018-03-22 06:46:47,224:INFO: - Eval metrics : accuracy: 0.603 ; loss: 2.012
2018-03-22 06:46:47,268:INFO: Epoch 66/100
2018-03-22 06:47:14,273:INFO: - Train metrics: accuracy: 0.879 ; loss: 0.640
2018-03-22 06:47:15,727:INFO: - Eval metrics : accuracy: 0.607 ; loss: 1.982
2018-03-22 06:47:15,774:INFO: Epoch 67/100
2018-03-22 06:47:42,741:INFO: - Train metrics: accuracy: 0.812 ; loss: 0.754
2018-03-22 06:47:44,183:INFO: - Eval metrics : accuracy: 0.592 ; loss: 1.982
2018-03-22 06:47:44,221:INFO: Epoch 68/100
2018-03-22 06:48:11,314:INFO: - Train metrics: accuracy: 0.852 ; loss: 0.704
2018-03-22 06:48:12,757:INFO: - Eval metrics : accuracy: 0.546 ; loss: 2.372
2018-03-22 06:48:12,797:INFO: Epoch 69/100
2018-03-22 06:48:39,753:INFO: - Train metrics: accuracy: 0.852 ; loss: 0.664
2018-03-22 06:48:41,203:INFO: - Eval metrics : accuracy: 0.624 ; loss: 1.960
2018-03-22 06:48:41,247:INFO: Epoch 70/100
2018-03-22 06:49:08,204:INFO: - Train metrics: accuracy: 0.867 ; loss: 0.644
2018-03-22 06:49:09,645:INFO: - Eval metrics : accuracy: 0.615 ; loss: 1.913
2018-03-22 06:49:09,689:INFO: Epoch 71/100
2018-03-22 06:49:36,659:INFO: - Train metrics: accuracy: 0.891 ; loss: 0.581
2018-03-22 06:49:38,110:INFO: - Eval metrics : accuracy: 0.604 ; loss: 1.935
2018-03-22 06:49:38,154:INFO: Epoch 72/100
2018-03-22 06:50:05,162:INFO: - Train metrics: accuracy: 0.867 ; loss: 0.628
2018-03-22 06:50:06,601:INFO: - Eval metrics : accuracy: 0.606 ; loss: 1.965
2018-03-22 06:50:06,645:INFO: Epoch 73/100
2018-03-22 06:50:33,650:INFO: - Train metrics: accuracy: 0.887 ; loss: 0.627
2018-03-22 06:50:35,087:INFO: - Eval metrics : accuracy: 0.603 ; loss: 2.043
2018-03-22 06:50:35,128:INFO: Epoch 74/100
2018-03-22 06:51:02,132:INFO: - Train metrics: accuracy: 0.891 ; loss: 0.558
2018-03-22 06:51:03,558:INFO: - Eval metrics : accuracy: 0.591 ; loss: 2.057
2018-03-22 06:51:03,602:INFO: Epoch 75/100
2018-03-22 06:51:30,520:INFO: - Train metrics: accuracy: 0.863 ; loss: 0.609
2018-03-22 06:51:31,954:INFO: - Eval metrics : accuracy: 0.520 ; loss: 2.536
2018-03-22 06:51:31,998:INFO: Epoch 76/100
2018-03-22 06:51:58,973:INFO: - Train metrics: accuracy: 0.906 ; loss: 0.521
2018-03-22 06:52:00,415:INFO: - Eval metrics : accuracy: 0.576 ; loss: 2.185
2018-03-22 06:52:00,459:INFO: Epoch 77/100
2018-03-22 06:52:27,428:INFO: - Train metrics: accuracy: 0.875 ; loss: 0.564
2018-03-22 06:52:28,898:INFO: - Eval metrics : accuracy: 0.614 ; loss: 1.993
2018-03-22 06:52:28,952:INFO: Epoch 78/100
2018-03-22 06:52:55,882:INFO: - Train metrics: accuracy: 0.887 ; loss: 0.549
2018-03-22 06:52:57,336:INFO: - Eval metrics : accuracy: 0.597 ; loss: 2.068
2018-03-22 06:52:57,386:INFO: Epoch 79/100
2018-03-22 06:53:24,361:INFO: - Train metrics: accuracy: 0.875 ; loss: 0.597
2018-03-22 06:53:25,814:INFO: - Eval metrics : accuracy: 0.580 ; loss: 2.156
2018-03-22 06:53:25,858:INFO: Epoch 80/100
2018-03-22 06:53:52,798:INFO: - Train metrics: accuracy: 0.863 ; loss: 0.682
2018-03-22 06:53:54,210:INFO: - Eval metrics : accuracy: 0.608 ; loss: 1.943
2018-03-22 06:53:54,253:INFO: Epoch 81/100
2018-03-22 06:54:21,193:INFO: - Train metrics: accuracy: 0.871 ; loss: 0.599
2018-03-22 06:54:22,620:INFO: - Eval metrics : accuracy: 0.610 ; loss: 1.992
2018-03-22 06:54:22,666:INFO: Epoch 82/100
2018-03-22 06:54:49,709:INFO: - Train metrics: accuracy: 0.840 ; loss: 0.766
2018-03-22 06:54:51,143:INFO: - Eval metrics : accuracy: 0.583 ; loss: 2.114
2018-03-22 06:54:51,186:INFO: Epoch 83/100
2018-03-22 06:55:18,078:INFO: - Train metrics: accuracy: 0.895 ; loss: 0.540
2018-03-22 06:55:19,495:INFO: - Eval metrics : accuracy: 0.512 ; loss: 2.549
2018-03-22 06:55:19,538:INFO: Epoch 84/100
2018-03-22 06:55:46,516:INFO: - Train metrics: accuracy: 0.914 ; loss: 0.500
2018-03-22 06:55:47,955:INFO: - Eval metrics : accuracy: 0.597 ; loss: 2.112
2018-03-22 06:55:47,999:INFO: Epoch 85/100
2018-03-22 06:56:15,004:INFO: - Train metrics: accuracy: 0.891 ; loss: 0.561
2018-03-22 06:56:16,427:INFO: - Eval metrics : accuracy: 0.603 ; loss: 2.019
2018-03-22 06:56:16,471:INFO: Epoch 86/100
2018-03-22 06:56:43,367:INFO: - Train metrics: accuracy: 0.914 ; loss: 0.526
2018-03-22 06:56:44,820:INFO: - Eval metrics : accuracy: 0.501 ; loss: 2.555
2018-03-22 06:56:44,864:INFO: Epoch 87/100
2018-03-22 06:57:11,802:INFO: - Train metrics: accuracy: 0.898 ; loss: 0.502
2018-03-22 06:57:13,257:INFO: - Eval metrics : accuracy: 0.599 ; loss: 2.013
2018-03-22 06:57:13,294:INFO: Epoch 88/100
2018-03-22 06:57:40,246:INFO: - Train metrics: accuracy: 0.863 ; loss: 0.609
2018-03-22 06:57:41,671:INFO: - Eval metrics : accuracy: 0.569 ; loss: 2.256
2018-03-22 06:57:41,716:INFO: Epoch 89/100
2018-03-22 06:58:08,638:INFO: - Train metrics: accuracy: 0.918 ; loss: 0.533
2018-03-22 06:58:10,100:INFO: - Eval metrics : accuracy: 0.493 ; loss: 2.697
2018-03-22 06:58:10,146:INFO: Epoch 90/100
2018-03-22 06:58:37,029:INFO: - Train metrics: accuracy: 0.832 ; loss: 0.725
2018-03-22 06:58:38,481:INFO: - Eval metrics : accuracy: 0.608 ; loss: 2.015
2018-03-22 06:58:38,525:INFO: Epoch 91/100
2018-03-22 06:59:05,446:INFO: - Train metrics: accuracy: 0.891 ; loss: 0.556
2018-03-22 06:59:06,890:INFO: - Eval metrics : accuracy: 0.596 ; loss: 2.080
2018-03-22 06:59:06,937:INFO: Epoch 92/100
2018-03-22 06:59:33,873:INFO: - Train metrics: accuracy: 0.887 ; loss: 0.540
2018-03-22 06:59:35,324:INFO: - Eval metrics : accuracy: 0.604 ; loss: 2.053
2018-03-22 06:59:35,368:INFO: Epoch 93/100
2018-03-22 07:00:02,326:INFO: - Train metrics: accuracy: 0.855 ; loss: 0.649
2018-03-22 07:00:03,775:INFO: - Eval metrics : accuracy: 0.606 ; loss: 2.039
2018-03-22 07:00:03,821:INFO: Epoch 94/100
2018-03-22 07:00:30,682:INFO: - Train metrics: accuracy: 0.902 ; loss: 0.552
2018-03-22 07:00:32,128:INFO: - Eval metrics : accuracy: 0.607 ; loss: 1.992
2018-03-22 07:00:32,172:INFO: Epoch 95/100
2018-03-22 07:00:59,068:INFO: - Train metrics: accuracy: 0.855 ; loss: 0.612
2018-03-22 07:01:00,487:INFO: - Eval metrics : accuracy: 0.608 ; loss: 1.982
2018-03-22 07:01:00,527:INFO: Epoch 96/100
2018-03-22 07:01:27,415:INFO: - Train metrics: accuracy: 0.871 ; loss: 0.625
2018-03-22 07:01:28,850:INFO: - Eval metrics : accuracy: 0.599 ; loss: 2.059
2018-03-22 07:01:28,893:INFO: Epoch 97/100
2018-03-22 07:01:55,814:INFO: - Train metrics: accuracy: 0.855 ; loss: 0.645
2018-03-22 07:01:57,237:INFO: - Eval metrics : accuracy: 0.605 ; loss: 2.011
2018-03-22 07:01:57,275:INFO: Epoch 98/100
2018-03-22 07:02:24,229:INFO: - Train metrics: accuracy: 0.898 ; loss: 0.551
2018-03-22 07:02:25,650:INFO: - Eval metrics : accuracy: 0.516 ; loss: 2.564
2018-03-22 07:02:25,692:INFO: Epoch 99/100
2018-03-22 07:02:52,589:INFO: - Train metrics: accuracy: 0.883 ; loss: 0.585
2018-03-22 07:02:54,020:INFO: - Eval metrics : accuracy: 0.587 ; loss: 2.111
2018-03-22 07:02:54,063:INFO: Epoch 100/100
2018-03-22 07:03:20,990:INFO: - Train metrics: accuracy: 0.820 ; loss: 0.727
2018-03-22 07:03:22,428:INFO: - Eval metrics : accuracy: 0.604 ; loss: 2.065
