2018-03-21 03:28:45,069:INFO: Loading the datasets...
2018-03-21 03:28:45,122:INFO: - done.
2018-03-21 03:28:47,404:INFO: Starting training for 200 epoch(s)
2018-03-21 03:28:47,404:INFO: Epoch 1/200
2018-03-21 03:28:57,497:INFO: - Train metrics: accuracy: 0.008 ; loss: 6.125
2018-03-21 03:28:58,155:INFO: - Eval metrics : accuracy: 0.012 ; loss: 5.723
2018-03-21 03:28:58,173:INFO: - Found new lowest loss
2018-03-21 03:28:58,173:INFO: Epoch 2/200
2018-03-21 03:29:07,458:INFO: - Train metrics: accuracy: 0.020 ; loss: 5.578
2018-03-21 03:29:08,085:INFO: - Eval metrics : accuracy: 0.050 ; loss: 5.291
2018-03-21 03:29:08,112:INFO: - Found new lowest loss
2018-03-21 03:29:08,113:INFO: Epoch 3/200
2018-03-21 03:29:17,418:INFO: - Train metrics: accuracy: 0.070 ; loss: 5.224
2018-03-21 03:29:18,062:INFO: - Eval metrics : accuracy: 0.043 ; loss: 5.210
2018-03-21 03:29:18,112:INFO: - Found new lowest loss
2018-03-21 03:29:18,112:INFO: Epoch 4/200
2018-03-21 03:29:27,429:INFO: - Train metrics: accuracy: 0.102 ; loss: 4.873
2018-03-21 03:29:28,083:INFO: - Eval metrics : accuracy: 0.030 ; loss: 5.389
2018-03-21 03:29:28,099:INFO: Epoch 5/200
2018-03-21 03:29:37,385:INFO: - Train metrics: accuracy: 0.117 ; loss: 4.595
2018-03-21 03:29:38,062:INFO: - Eval metrics : accuracy: 0.150 ; loss: 4.441
2018-03-21 03:29:38,094:INFO: - Found new lowest loss
2018-03-21 03:29:38,094:INFO: Epoch 6/200
2018-03-21 03:29:47,467:INFO: - Train metrics: accuracy: 0.176 ; loss: 4.189
2018-03-21 03:29:48,097:INFO: - Eval metrics : accuracy: 0.096 ; loss: 4.802
2018-03-21 03:29:48,113:INFO: Epoch 7/200
2018-03-21 03:29:57,469:INFO: - Train metrics: accuracy: 0.234 ; loss: 3.887
2018-03-21 03:29:58,109:INFO: - Eval metrics : accuracy: 0.060 ; loss: 5.443
2018-03-21 03:29:58,129:INFO: Epoch 8/200
2018-03-21 03:30:07,408:INFO: - Train metrics: accuracy: 0.266 ; loss: 3.608
2018-03-21 03:30:08,073:INFO: - Eval metrics : accuracy: 0.234 ; loss: 3.829
2018-03-21 03:30:08,102:INFO: - Found new lowest loss
2018-03-21 03:30:08,103:INFO: Epoch 9/200
2018-03-21 03:30:17,397:INFO: - Train metrics: accuracy: 0.242 ; loss: 3.505
2018-03-21 03:30:18,041:INFO: - Eval metrics : accuracy: 0.123 ; loss: 4.536
2018-03-21 03:30:18,061:INFO: Epoch 10/200
2018-03-21 03:30:27,435:INFO: - Train metrics: accuracy: 0.301 ; loss: 3.225
2018-03-21 03:30:28,079:INFO: - Eval metrics : accuracy: 0.161 ; loss: 4.217
2018-03-21 03:30:28,095:INFO: Epoch 11/200
2018-03-21 03:30:37,476:INFO: - Train metrics: accuracy: 0.383 ; loss: 3.139
2018-03-21 03:30:38,132:INFO: - Eval metrics : accuracy: 0.242 ; loss: 3.692
2018-03-21 03:30:38,160:INFO: - Found new lowest loss
2018-03-21 03:30:38,161:INFO: Epoch 12/200
2018-03-21 03:30:47,473:INFO: - Train metrics: accuracy: 0.414 ; loss: 2.837
2018-03-21 03:30:48,122:INFO: - Eval metrics : accuracy: 0.192 ; loss: 4.049
2018-03-21 03:30:48,137:INFO: Epoch 13/200
2018-03-21 03:30:57,479:INFO: - Train metrics: accuracy: 0.445 ; loss: 2.659
2018-03-21 03:30:58,129:INFO: - Eval metrics : accuracy: 0.047 ; loss: 7.012
2018-03-21 03:30:58,144:INFO: Epoch 14/200
2018-03-21 03:31:07,482:INFO: - Train metrics: accuracy: 0.473 ; loss: 2.580
2018-03-21 03:31:08,123:INFO: - Eval metrics : accuracy: 0.147 ; loss: 4.700
2018-03-21 03:31:08,141:INFO: Epoch 15/200
2018-03-21 03:31:17,458:INFO: - Train metrics: accuracy: 0.352 ; loss: 2.772
2018-03-21 03:31:18,128:INFO: - Eval metrics : accuracy: 0.150 ; loss: 4.616
2018-03-21 03:31:18,140:INFO: Epoch 16/200
2018-03-21 03:31:27,484:INFO: - Train metrics: accuracy: 0.461 ; loss: 2.502
2018-03-21 03:31:28,142:INFO: - Eval metrics : accuracy: 0.305 ; loss: 3.277
2018-03-21 03:31:28,171:INFO: - Found new lowest loss
2018-03-21 03:31:28,171:INFO: Epoch 17/200
2018-03-21 03:31:37,495:INFO: - Train metrics: accuracy: 0.551 ; loss: 2.203
2018-03-21 03:31:38,141:INFO: - Eval metrics : accuracy: 0.144 ; loss: 4.534
2018-03-21 03:31:38,156:INFO: Epoch 18/200
2018-03-21 03:31:47,493:INFO: - Train metrics: accuracy: 0.469 ; loss: 2.436
2018-03-21 03:31:48,167:INFO: - Eval metrics : accuracy: 0.162 ; loss: 4.694
2018-03-21 03:31:48,184:INFO: Epoch 19/200
2018-03-21 03:31:57,586:INFO: - Train metrics: accuracy: 0.465 ; loss: 2.308
2018-03-21 03:31:58,245:INFO: - Eval metrics : accuracy: 0.165 ; loss: 4.331
2018-03-21 03:31:58,269:INFO: Epoch 20/200
2018-03-21 03:32:07,640:INFO: - Train metrics: accuracy: 0.508 ; loss: 2.052
2018-03-21 03:32:08,284:INFO: - Eval metrics : accuracy: 0.088 ; loss: 5.529
2018-03-21 03:32:08,300:INFO: Epoch 21/200
2018-03-21 03:32:17,629:INFO: - Train metrics: accuracy: 0.562 ; loss: 1.927
2018-03-21 03:32:18,256:INFO: - Eval metrics : accuracy: 0.191 ; loss: 4.348
2018-03-21 03:32:18,273:INFO: Epoch 22/200
2018-03-21 03:32:27,552:INFO: - Train metrics: accuracy: 0.645 ; loss: 1.692
2018-03-21 03:32:28,208:INFO: - Eval metrics : accuracy: 0.078 ; loss: 6.231
2018-03-21 03:32:28,240:INFO: Epoch 23/200
2018-03-21 03:32:37,616:INFO: - Train metrics: accuracy: 0.512 ; loss: 2.090
2018-03-21 03:32:38,263:INFO: - Eval metrics : accuracy: 0.158 ; loss: 4.870
2018-03-21 03:32:38,289:INFO: Epoch 24/200
2018-03-21 03:32:47,591:INFO: - Train metrics: accuracy: 0.559 ; loss: 1.819
2018-03-21 03:32:48,227:INFO: - Eval metrics : accuracy: 0.048 ; loss: 6.388
2018-03-21 03:32:48,253:INFO: Epoch 25/200
2018-03-21 03:32:57,594:INFO: - Train metrics: accuracy: 0.648 ; loss: 1.677
2018-03-21 03:32:58,233:INFO: - Eval metrics : accuracy: 0.397 ; loss: 2.870
2018-03-21 03:32:58,263:INFO: - Found new lowest loss
2018-03-21 03:32:58,263:INFO: Epoch 26/200
2018-03-21 03:33:07,529:INFO: - Train metrics: accuracy: 0.586 ; loss: 1.624
2018-03-21 03:33:08,182:INFO: - Eval metrics : accuracy: 0.047 ; loss: 7.393
2018-03-21 03:33:08,201:INFO: Epoch 27/200
2018-03-21 03:33:17,530:INFO: - Train metrics: accuracy: 0.609 ; loss: 1.632
2018-03-21 03:33:18,175:INFO: - Eval metrics : accuracy: 0.160 ; loss: 4.696
2018-03-21 03:33:18,207:INFO: Epoch 28/200
2018-03-21 03:33:27,523:INFO: - Train metrics: accuracy: 0.641 ; loss: 1.494
2018-03-21 03:33:28,151:INFO: - Eval metrics : accuracy: 0.387 ; loss: 2.894
2018-03-21 03:33:28,177:INFO: Epoch 29/200
2018-03-21 03:33:37,490:INFO: - Train metrics: accuracy: 0.621 ; loss: 1.611
2018-03-21 03:33:38,136:INFO: - Eval metrics : accuracy: 0.051 ; loss: 7.502
2018-03-21 03:33:38,154:INFO: Epoch 30/200
2018-03-21 03:33:47,493:INFO: - Train metrics: accuracy: 0.617 ; loss: 1.583
2018-03-21 03:33:48,147:INFO: - Eval metrics : accuracy: 0.067 ; loss: 6.831
2018-03-21 03:33:48,169:INFO: Epoch 31/200
2018-03-21 03:33:57,465:INFO: - Train metrics: accuracy: 0.688 ; loss: 1.349
2018-03-21 03:33:58,121:INFO: - Eval metrics : accuracy: 0.194 ; loss: 4.281
2018-03-21 03:33:58,149:INFO: Epoch 32/200
2018-03-21 03:34:07,480:INFO: - Train metrics: accuracy: 0.664 ; loss: 1.465
2018-03-21 03:34:08,150:INFO: - Eval metrics : accuracy: 0.397 ; loss: 2.858
2018-03-21 03:34:08,180:INFO: - Found new lowest loss
2018-03-21 03:34:08,181:INFO: Epoch 33/200
2018-03-21 03:34:17,496:INFO: - Train metrics: accuracy: 0.723 ; loss: 1.244
2018-03-21 03:34:18,143:INFO: - Eval metrics : accuracy: 0.212 ; loss: 4.243
2018-03-21 03:34:18,169:INFO: Epoch 34/200
2018-03-21 03:34:27,476:INFO: - Train metrics: accuracy: 0.695 ; loss: 1.322
2018-03-21 03:34:28,101:INFO: - Eval metrics : accuracy: 0.262 ; loss: 3.974
2018-03-21 03:34:28,118:INFO: Epoch 35/200
2018-03-21 03:34:37,439:INFO: - Train metrics: accuracy: 0.680 ; loss: 1.278
2018-03-21 03:34:38,137:INFO: - Eval metrics : accuracy: 0.277 ; loss: 3.504
2018-03-21 03:34:38,153:INFO: Epoch 36/200
2018-03-21 03:34:47,400:INFO: - Train metrics: accuracy: 0.688 ; loss: 1.264
2018-03-21 03:34:48,027:INFO: - Eval metrics : accuracy: 0.384 ; loss: 2.872
2018-03-21 03:34:48,045:INFO: Epoch 37/200
2018-03-21 03:34:57,349:INFO: - Train metrics: accuracy: 0.754 ; loss: 1.047
2018-03-21 03:34:57,973:INFO: - Eval metrics : accuracy: 0.098 ; loss: 6.028
2018-03-21 03:34:57,989:INFO: Epoch 38/200
2018-03-21 03:35:07,279:INFO: - Train metrics: accuracy: 0.758 ; loss: 1.057
2018-03-21 03:35:07,885:INFO: - Eval metrics : accuracy: 0.471 ; loss: 2.432
2018-03-21 03:35:07,913:INFO: - Found new lowest loss
2018-03-21 03:35:07,913:INFO: Epoch 39/200
2018-03-21 03:35:17,200:INFO: - Train metrics: accuracy: 0.742 ; loss: 1.013
2018-03-21 03:35:17,865:INFO: - Eval metrics : accuracy: 0.447 ; loss: 2.581
2018-03-21 03:35:17,882:INFO: Epoch 40/200
2018-03-21 03:35:27,198:INFO: - Train metrics: accuracy: 0.746 ; loss: 1.109
2018-03-21 03:35:27,829:INFO: - Eval metrics : accuracy: 0.197 ; loss: 4.569
2018-03-21 03:35:27,844:INFO: Epoch 41/200
2018-03-21 03:35:37,165:INFO: - Train metrics: accuracy: 0.777 ; loss: 1.005
2018-03-21 03:35:37,815:INFO: - Eval metrics : accuracy: 0.187 ; loss: 4.370
2018-03-21 03:35:37,839:INFO: Epoch 42/200
2018-03-21 03:35:47,163:INFO: - Train metrics: accuracy: 0.797 ; loss: 0.895
2018-03-21 03:35:47,824:INFO: - Eval metrics : accuracy: 0.374 ; loss: 3.075
2018-03-21 03:35:47,838:INFO: Epoch 43/200
2018-03-21 03:35:57,162:INFO: - Train metrics: accuracy: 0.777 ; loss: 0.959
2018-03-21 03:35:57,795:INFO: - Eval metrics : accuracy: 0.079 ; loss: 6.856
2018-03-21 03:35:57,813:INFO: Epoch 44/200
2018-03-21 03:36:07,148:INFO: - Train metrics: accuracy: 0.707 ; loss: 1.031
2018-03-21 03:36:07,797:INFO: - Eval metrics : accuracy: 0.367 ; loss: 3.128
2018-03-21 03:36:07,812:INFO: Epoch 45/200
2018-03-21 03:36:17,156:INFO: - Train metrics: accuracy: 0.805 ; loss: 0.880
2018-03-21 03:36:17,802:INFO: - Eval metrics : accuracy: 0.208 ; loss: 4.875
2018-03-21 03:36:17,818:INFO: Epoch 46/200
2018-03-21 03:36:27,138:INFO: - Train metrics: accuracy: 0.809 ; loss: 0.887
2018-03-21 03:36:27,785:INFO: - Eval metrics : accuracy: 0.308 ; loss: 3.657
2018-03-21 03:36:27,809:INFO: Epoch 47/200
2018-03-21 03:36:37,123:INFO: - Train metrics: accuracy: 0.824 ; loss: 0.806
2018-03-21 03:36:37,745:INFO: - Eval metrics : accuracy: 0.400 ; loss: 3.091
2018-03-21 03:36:37,761:INFO: Epoch 48/200
2018-03-21 03:36:47,074:INFO: - Train metrics: accuracy: 0.809 ; loss: 0.847
2018-03-21 03:36:47,726:INFO: - Eval metrics : accuracy: 0.109 ; loss: 6.597
2018-03-21 03:36:47,742:INFO: Epoch 49/200
2018-03-21 03:36:57,078:INFO: - Train metrics: accuracy: 0.785 ; loss: 0.962
2018-03-21 03:36:57,755:INFO: - Eval metrics : accuracy: 0.042 ; loss: 8.733
2018-03-21 03:36:57,769:INFO: Epoch 50/200
2018-03-21 03:37:07,061:INFO: - Train metrics: accuracy: 0.812 ; loss: 0.776
2018-03-21 03:37:07,705:INFO: - Eval metrics : accuracy: 0.202 ; loss: 4.897
2018-03-21 03:37:07,725:INFO: Epoch 51/200
2018-03-21 03:37:17,074:INFO: - Train metrics: accuracy: 0.777 ; loss: 0.836
2018-03-21 03:37:17,727:INFO: - Eval metrics : accuracy: 0.473 ; loss: 2.508
2018-03-21 03:37:17,749:INFO: Epoch 52/200
2018-03-21 03:37:27,017:INFO: - Train metrics: accuracy: 0.789 ; loss: 0.844
2018-03-21 03:37:27,684:INFO: - Eval metrics : accuracy: 0.320 ; loss: 3.712
2018-03-21 03:37:27,700:INFO: Epoch 53/200
2018-03-21 03:37:36,995:INFO: - Train metrics: accuracy: 0.855 ; loss: 0.640
2018-03-21 03:37:37,633:INFO: - Eval metrics : accuracy: 0.486 ; loss: 2.374
2018-03-21 03:37:37,664:INFO: - Found new lowest loss
2018-03-21 03:37:37,665:INFO: Epoch 54/200
2018-03-21 03:37:46,988:INFO: - Train metrics: accuracy: 0.809 ; loss: 0.898
2018-03-21 03:37:47,634:INFO: - Eval metrics : accuracy: 0.436 ; loss: 2.627
2018-03-21 03:37:47,650:INFO: Epoch 55/200
2018-03-21 03:37:56,923:INFO: - Train metrics: accuracy: 0.781 ; loss: 0.828
2018-03-21 03:37:57,551:INFO: - Eval metrics : accuracy: 0.429 ; loss: 2.842
2018-03-21 03:37:57,569:INFO: Epoch 56/200
2018-03-21 03:38:06,836:INFO: - Train metrics: accuracy: 0.871 ; loss: 0.648
2018-03-21 03:38:07,478:INFO: - Eval metrics : accuracy: 0.173 ; loss: 4.844
2018-03-21 03:38:07,494:INFO: Epoch 57/200
2018-03-21 03:38:16,849:INFO: - Train metrics: accuracy: 0.820 ; loss: 0.664
2018-03-21 03:38:17,491:INFO: - Eval metrics : accuracy: 0.428 ; loss: 2.753
2018-03-21 03:38:17,517:INFO: Epoch 58/200
2018-03-21 03:38:26,848:INFO: - Train metrics: accuracy: 0.848 ; loss: 0.691
2018-03-21 03:38:27,486:INFO: - Eval metrics : accuracy: 0.152 ; loss: 5.534
2018-03-21 03:38:27,505:INFO: Epoch 59/200
2018-03-21 03:38:36,799:INFO: - Train metrics: accuracy: 0.801 ; loss: 0.726
2018-03-21 03:38:37,451:INFO: - Eval metrics : accuracy: 0.115 ; loss: 7.938
2018-03-21 03:38:37,469:INFO: Epoch 60/200
2018-03-21 03:38:46,797:INFO: - Train metrics: accuracy: 0.832 ; loss: 0.731
2018-03-21 03:38:47,459:INFO: - Eval metrics : accuracy: 0.320 ; loss: 3.687
2018-03-21 03:38:47,476:INFO: Epoch 61/200
2018-03-21 03:38:56,752:INFO: - Train metrics: accuracy: 0.867 ; loss: 0.628
2018-03-21 03:38:57,408:INFO: - Eval metrics : accuracy: 0.424 ; loss: 2.772
2018-03-21 03:38:57,424:INFO: Epoch 62/200
2018-03-21 03:39:06,745:INFO: - Train metrics: accuracy: 0.867 ; loss: 0.628
2018-03-21 03:39:07,371:INFO: - Eval metrics : accuracy: 0.275 ; loss: 4.264
2018-03-21 03:39:07,397:INFO: Epoch 63/200
2018-03-21 03:39:16,723:INFO: - Train metrics: accuracy: 0.852 ; loss: 0.655
2018-03-21 03:39:17,371:INFO: - Eval metrics : accuracy: 0.239 ; loss: 4.520
2018-03-21 03:39:17,390:INFO: Epoch 64/200
2018-03-21 03:39:26,709:INFO: - Train metrics: accuracy: 0.848 ; loss: 0.624
2018-03-21 03:39:27,380:INFO: - Eval metrics : accuracy: 0.359 ; loss: 3.287
2018-03-21 03:39:27,397:INFO: Epoch 65/200
2018-03-21 03:39:36,759:INFO: - Train metrics: accuracy: 0.820 ; loss: 0.666
2018-03-21 03:39:37,407:INFO: - Eval metrics : accuracy: 0.352 ; loss: 3.572
2018-03-21 03:39:37,424:INFO: Epoch 66/200
2018-03-21 03:39:46,710:INFO: - Train metrics: accuracy: 0.844 ; loss: 0.631
2018-03-21 03:39:47,344:INFO: - Eval metrics : accuracy: 0.398 ; loss: 3.022
2018-03-21 03:39:47,360:INFO: Epoch 67/200
2018-03-21 03:39:56,683:INFO: - Train metrics: accuracy: 0.859 ; loss: 0.603
2018-03-21 03:39:57,333:INFO: - Eval metrics : accuracy: 0.214 ; loss: 4.426
2018-03-21 03:39:57,361:INFO: Epoch 68/200
2018-03-21 03:40:06,641:INFO: - Train metrics: accuracy: 0.855 ; loss: 0.573
2018-03-21 03:40:07,285:INFO: - Eval metrics : accuracy: 0.208 ; loss: 4.622
2018-03-21 03:40:07,302:INFO: Epoch 69/200
2018-03-21 03:40:16,604:INFO: - Train metrics: accuracy: 0.879 ; loss: 0.523
2018-03-21 03:40:17,248:INFO: - Eval metrics : accuracy: 0.263 ; loss: 4.162
2018-03-21 03:40:17,264:INFO: Epoch 70/200
2018-03-21 03:40:26,617:INFO: - Train metrics: accuracy: 0.863 ; loss: 0.613
2018-03-21 03:40:27,273:INFO: - Eval metrics : accuracy: 0.293 ; loss: 3.962
2018-03-21 03:40:27,301:INFO: Epoch 71/200
2018-03-21 03:40:36,609:INFO: - Train metrics: accuracy: 0.883 ; loss: 0.543
2018-03-21 03:40:37,278:INFO: - Eval metrics : accuracy: 0.234 ; loss: 5.303
2018-03-21 03:40:37,294:INFO: Epoch 72/200
2018-03-21 03:40:46,622:INFO: - Train metrics: accuracy: 0.883 ; loss: 0.556
2018-03-21 03:40:47,273:INFO: - Eval metrics : accuracy: 0.409 ; loss: 3.173
2018-03-21 03:40:47,301:INFO: Epoch 73/200
2018-03-21 03:40:56,591:INFO: - Train metrics: accuracy: 0.910 ; loss: 0.433
2018-03-21 03:40:57,202:INFO: - Eval metrics : accuracy: 0.357 ; loss: 3.176
2018-03-21 03:40:57,221:INFO: Epoch 74/200
2018-03-21 03:41:06,503:INFO: - Train metrics: accuracy: 0.883 ; loss: 0.486
2018-03-21 03:41:07,135:INFO: - Eval metrics : accuracy: 0.300 ; loss: 3.758
2018-03-21 03:41:07,151:INFO: Epoch 75/200
2018-03-21 03:41:16,469:INFO: - Train metrics: accuracy: 0.879 ; loss: 0.498
2018-03-21 03:41:17,095:INFO: - Eval metrics : accuracy: 0.281 ; loss: 4.148
2018-03-21 03:41:17,113:INFO: Epoch 76/200
2018-03-21 03:41:26,401:INFO: - Train metrics: accuracy: 0.910 ; loss: 0.426
2018-03-21 03:41:27,067:INFO: - Eval metrics : accuracy: 0.144 ; loss: 5.555
2018-03-21 03:41:27,083:INFO: Epoch 77/200
2018-03-21 03:41:36,446:INFO: - Train metrics: accuracy: 0.906 ; loss: 0.391
2018-03-21 03:41:37,084:INFO: - Eval metrics : accuracy: 0.082 ; loss: 7.032
2018-03-21 03:41:37,099:INFO: Epoch 78/200
2018-03-21 03:41:46,391:INFO: - Train metrics: accuracy: 0.895 ; loss: 0.543
2018-03-21 03:41:47,051:INFO: - Eval metrics : accuracy: 0.414 ; loss: 3.035
2018-03-21 03:41:47,068:INFO: Epoch 79/200
2018-03-21 03:41:56,433:INFO: - Train metrics: accuracy: 0.902 ; loss: 0.472
2018-03-21 03:41:57,109:INFO: - Eval metrics : accuracy: 0.448 ; loss: 2.794
2018-03-21 03:41:57,137:INFO: Epoch 80/200
2018-03-21 03:42:06,486:INFO: - Train metrics: accuracy: 0.930 ; loss: 0.410
2018-03-21 03:42:07,134:INFO: - Eval metrics : accuracy: 0.321 ; loss: 3.754
2018-03-21 03:42:07,153:INFO: Epoch 81/200
2018-03-21 03:42:16,463:INFO: - Train metrics: accuracy: 0.898 ; loss: 0.463
2018-03-21 03:42:17,092:INFO: - Eval metrics : accuracy: 0.126 ; loss: 5.740
2018-03-21 03:42:17,108:INFO: Epoch 82/200
2018-03-21 03:42:26,424:INFO: - Train metrics: accuracy: 0.883 ; loss: 0.477
2018-03-21 03:42:27,080:INFO: - Eval metrics : accuracy: 0.117 ; loss: 6.432
2018-03-21 03:42:27,096:INFO: Epoch 83/200
2018-03-21 03:42:36,377:INFO: - Train metrics: accuracy: 0.918 ; loss: 0.443
2018-03-21 03:42:37,023:INFO: - Eval metrics : accuracy: 0.282 ; loss: 4.272
2018-03-21 03:42:37,041:INFO: Epoch 84/200
2018-03-21 03:42:46,359:INFO: - Train metrics: accuracy: 0.895 ; loss: 0.458
2018-03-21 03:42:47,014:INFO: - Eval metrics : accuracy: 0.428 ; loss: 3.118
2018-03-21 03:42:47,041:INFO: Epoch 85/200
2018-03-21 03:42:56,350:INFO: - Train metrics: accuracy: 0.934 ; loss: 0.375
2018-03-21 03:42:57,007:INFO: - Eval metrics : accuracy: 0.220 ; loss: 4.811
2018-03-21 03:42:57,023:INFO: Epoch 86/200
2018-03-21 03:43:06,316:INFO: - Train metrics: accuracy: 0.930 ; loss: 0.386
2018-03-21 03:43:06,928:INFO: - Eval metrics : accuracy: 0.374 ; loss: 3.345
2018-03-21 03:43:06,944:INFO: Epoch 87/200
2018-03-21 03:43:16,296:INFO: - Train metrics: accuracy: 0.895 ; loss: 0.498
2018-03-21 03:43:16,928:INFO: - Eval metrics : accuracy: 0.267 ; loss: 4.354
2018-03-21 03:43:16,945:INFO: Epoch 88/200
2018-03-21 03:43:26,287:INFO: - Train metrics: accuracy: 0.910 ; loss: 0.394
2018-03-21 03:43:26,930:INFO: - Eval metrics : accuracy: 0.196 ; loss: 5.296
2018-03-21 03:43:26,949:INFO: Epoch 89/200
2018-03-21 03:43:36,235:INFO: - Train metrics: accuracy: 0.898 ; loss: 0.422
2018-03-21 03:43:36,875:INFO: - Eval metrics : accuracy: 0.384 ; loss: 3.142
2018-03-21 03:43:36,894:INFO: Epoch 90/200
2018-03-21 03:43:46,225:INFO: - Train metrics: accuracy: 0.941 ; loss: 0.352
2018-03-21 03:43:46,871:INFO: - Eval metrics : accuracy: 0.327 ; loss: 3.492
2018-03-21 03:43:46,887:INFO: Epoch 91/200
2018-03-21 03:43:56,220:INFO: - Train metrics: accuracy: 0.918 ; loss: 0.407
2018-03-21 03:43:56,845:INFO: - Eval metrics : accuracy: 0.384 ; loss: 3.363
2018-03-21 03:43:56,873:INFO: Epoch 92/200
2018-03-21 03:44:06,205:INFO: - Train metrics: accuracy: 0.898 ; loss: 0.397
2018-03-21 03:44:06,844:INFO: - Eval metrics : accuracy: 0.355 ; loss: 3.374
2018-03-21 03:44:06,878:INFO: Epoch 93/200
2018-03-21 03:44:16,175:INFO: - Train metrics: accuracy: 0.945 ; loss: 0.322
2018-03-21 03:44:16,825:INFO: - Eval metrics : accuracy: 0.223 ; loss: 4.863
2018-03-21 03:44:16,849:INFO: Epoch 94/200
2018-03-21 03:44:26,168:INFO: - Train metrics: accuracy: 0.910 ; loss: 0.418
2018-03-21 03:44:26,800:INFO: - Eval metrics : accuracy: 0.300 ; loss: 4.224
2018-03-21 03:44:26,816:INFO: Epoch 95/200
2018-03-21 03:44:36,173:INFO: - Train metrics: accuracy: 0.902 ; loss: 0.395
2018-03-21 03:44:36,802:INFO: - Eval metrics : accuracy: 0.310 ; loss: 4.055
2018-03-21 03:44:36,821:INFO: Epoch 96/200
2018-03-21 03:44:46,097:INFO: - Train metrics: accuracy: 0.938 ; loss: 0.366
2018-03-21 03:44:46,770:INFO: - Eval metrics : accuracy: 0.494 ; loss: 2.512
2018-03-21 03:44:46,789:INFO: Epoch 97/200
2018-03-21 03:44:56,102:INFO: - Train metrics: accuracy: 0.914 ; loss: 0.415
2018-03-21 03:44:56,719:INFO: - Eval metrics : accuracy: 0.417 ; loss: 2.877
2018-03-21 03:44:56,749:INFO: Epoch 98/200
2018-03-21 03:45:06,066:INFO: - Train metrics: accuracy: 0.910 ; loss: 0.391
2018-03-21 03:45:06,701:INFO: - Eval metrics : accuracy: 0.038 ; loss: 7.874
2018-03-21 03:45:06,717:INFO: Epoch 99/200
2018-03-21 03:45:16,032:INFO: - Train metrics: accuracy: 0.945 ; loss: 0.341
2018-03-21 03:45:16,699:INFO: - Eval metrics : accuracy: 0.369 ; loss: 3.663
2018-03-21 03:45:16,723:INFO: Epoch 100/200
2018-03-21 03:45:26,041:INFO: - Train metrics: accuracy: 0.918 ; loss: 0.400
2018-03-21 03:45:26,698:INFO: - Eval metrics : accuracy: 0.287 ; loss: 3.912
2018-03-21 03:45:26,721:INFO: Epoch 101/200
2018-03-21 03:45:35,997:INFO: - Train metrics: accuracy: 0.922 ; loss: 0.375
2018-03-21 03:45:36,649:INFO: - Eval metrics : accuracy: 0.356 ; loss: 3.474
2018-03-21 03:45:36,677:INFO: Epoch 102/200
2018-03-21 03:45:45,962:INFO: - Train metrics: accuracy: 0.910 ; loss: 0.445
2018-03-21 03:45:46,612:INFO: - Eval metrics : accuracy: 0.328 ; loss: 3.433
2018-03-21 03:45:46,628:INFO: Epoch 103/200
2018-03-21 03:45:55,927:INFO: - Train metrics: accuracy: 0.945 ; loss: 0.334
2018-03-21 03:45:56,597:INFO: - Eval metrics : accuracy: 0.340 ; loss: 3.452
2018-03-21 03:45:56,615:INFO: Epoch 104/200
2018-03-21 03:46:05,947:INFO: - Train metrics: accuracy: 0.910 ; loss: 0.406
2018-03-21 03:46:06,597:INFO: - Eval metrics : accuracy: 0.502 ; loss: 2.458
2018-03-21 03:46:06,611:INFO: Epoch 105/200
2018-03-21 03:46:15,966:INFO: - Train metrics: accuracy: 0.934 ; loss: 0.332
2018-03-21 03:46:16,626:INFO: - Eval metrics : accuracy: 0.216 ; loss: 5.010
2018-03-21 03:46:16,651:INFO: Epoch 106/200
2018-03-21 03:46:25,940:INFO: - Train metrics: accuracy: 0.918 ; loss: 0.419
2018-03-21 03:46:26,610:INFO: - Eval metrics : accuracy: 0.326 ; loss: 3.758
2018-03-21 03:46:26,628:INFO: Epoch 107/200
2018-03-21 03:46:35,956:INFO: - Train metrics: accuracy: 0.945 ; loss: 0.295
2018-03-21 03:46:36,587:INFO: - Eval metrics : accuracy: 0.445 ; loss: 2.958
2018-03-21 03:46:36,613:INFO: Epoch 108/200
2018-03-21 03:46:45,936:INFO: - Train metrics: accuracy: 0.941 ; loss: 0.360
2018-03-21 03:46:46,578:INFO: - Eval metrics : accuracy: 0.303 ; loss: 3.735
2018-03-21 03:46:46,594:INFO: Epoch 109/200
2018-03-21 03:46:55,925:INFO: - Train metrics: accuracy: 0.914 ; loss: 0.420
2018-03-21 03:46:56,556:INFO: - Eval metrics : accuracy: 0.392 ; loss: 3.421
2018-03-21 03:46:56,572:INFO: Epoch 110/200
2018-03-21 03:47:05,866:INFO: - Train metrics: accuracy: 0.922 ; loss: 0.400
2018-03-21 03:47:06,527:INFO: - Eval metrics : accuracy: 0.467 ; loss: 2.677
2018-03-21 03:47:06,544:INFO: Epoch 111/200
2018-03-21 03:47:15,903:INFO: - Train metrics: accuracy: 0.910 ; loss: 0.411
2018-03-21 03:47:16,535:INFO: - Eval metrics : accuracy: 0.374 ; loss: 3.238
2018-03-21 03:47:16,552:INFO: Epoch 112/200
2018-03-21 03:47:25,899:INFO: - Train metrics: accuracy: 0.902 ; loss: 0.399
2018-03-21 03:47:26,533:INFO: - Eval metrics : accuracy: 0.506 ; loss: 2.473
2018-03-21 03:47:26,549:INFO: Epoch 113/200
2018-03-21 03:47:35,839:INFO: - Train metrics: accuracy: 0.887 ; loss: 0.400
2018-03-21 03:47:36,491:INFO: - Eval metrics : accuracy: 0.225 ; loss: 4.903
2018-03-21 03:47:36,517:INFO: Epoch 114/200
2018-03-21 03:47:45,801:INFO: - Train metrics: accuracy: 0.941 ; loss: 0.348
2018-03-21 03:47:46,429:INFO: - Eval metrics : accuracy: 0.316 ; loss: 3.553
2018-03-21 03:47:46,444:INFO: Epoch 115/200
2018-03-21 03:47:55,752:INFO: - Train metrics: accuracy: 0.902 ; loss: 0.429
2018-03-21 03:47:56,398:INFO: - Eval metrics : accuracy: 0.476 ; loss: 2.739
2018-03-21 03:47:56,421:INFO: Epoch 116/200
2018-03-21 03:48:05,709:INFO: - Train metrics: accuracy: 0.922 ; loss: 0.360
2018-03-21 03:48:06,338:INFO: - Eval metrics : accuracy: 0.159 ; loss: 5.303
2018-03-21 03:48:06,354:INFO: Epoch 117/200
2018-03-21 03:48:15,659:INFO: - Train metrics: accuracy: 0.953 ; loss: 0.288
2018-03-21 03:48:16,307:INFO: - Eval metrics : accuracy: 0.517 ; loss: 2.387
2018-03-21 03:48:16,324:INFO: Epoch 118/200
2018-03-21 03:48:25,655:INFO: - Train metrics: accuracy: 0.918 ; loss: 0.373
2018-03-21 03:48:26,317:INFO: - Eval metrics : accuracy: 0.403 ; loss: 3.122
2018-03-21 03:48:26,332:INFO: Epoch 119/200
2018-03-21 03:48:35,626:INFO: - Train metrics: accuracy: 0.914 ; loss: 0.367
2018-03-21 03:48:36,265:INFO: - Eval metrics : accuracy: 0.341 ; loss: 3.629
2018-03-21 03:48:36,281:INFO: Epoch 120/200
2018-03-21 03:48:45,602:INFO: - Train metrics: accuracy: 0.926 ; loss: 0.358
2018-03-21 03:48:46,250:INFO: - Eval metrics : accuracy: 0.451 ; loss: 2.773
2018-03-21 03:48:46,277:INFO: Epoch 121/200
2018-03-21 03:48:55,572:INFO: - Train metrics: accuracy: 0.941 ; loss: 0.256
2018-03-21 03:48:56,235:INFO: - Eval metrics : accuracy: 0.226 ; loss: 4.271
2018-03-21 03:48:56,262:INFO: Epoch 122/200
2018-03-21 03:49:05,577:INFO: - Train metrics: accuracy: 0.941 ; loss: 0.306
2018-03-21 03:49:06,252:INFO: - Eval metrics : accuracy: 0.398 ; loss: 3.039
2018-03-21 03:49:06,273:INFO: Epoch 123/200
2018-03-21 03:49:15,612:INFO: - Train metrics: accuracy: 0.930 ; loss: 0.369
2018-03-21 03:49:16,301:INFO: - Eval metrics : accuracy: 0.403 ; loss: 3.194
2018-03-21 03:49:16,321:INFO: Epoch 124/200
2018-03-21 03:49:25,612:INFO: - Train metrics: accuracy: 0.938 ; loss: 0.314
2018-03-21 03:49:26,255:INFO: - Eval metrics : accuracy: 0.261 ; loss: 4.273
2018-03-21 03:49:26,271:INFO: Epoch 125/200
2018-03-21 03:49:35,584:INFO: - Train metrics: accuracy: 0.926 ; loss: 0.414
2018-03-21 03:49:36,211:INFO: - Eval metrics : accuracy: 0.404 ; loss: 3.206
2018-03-21 03:49:36,227:INFO: Epoch 126/200
2018-03-21 03:49:45,531:INFO: - Train metrics: accuracy: 0.918 ; loss: 0.382
2018-03-21 03:49:46,182:INFO: - Eval metrics : accuracy: 0.359 ; loss: 3.487
2018-03-21 03:49:46,201:INFO: Epoch 127/200
2018-03-21 03:49:55,531:INFO: - Train metrics: accuracy: 0.945 ; loss: 0.257
2018-03-21 03:49:56,188:INFO: - Eval metrics : accuracy: 0.415 ; loss: 3.034
2018-03-21 03:49:56,204:INFO: Epoch 128/200
2018-03-21 03:50:05,529:INFO: - Train metrics: accuracy: 0.930 ; loss: 0.342
2018-03-21 03:50:06,167:INFO: - Eval metrics : accuracy: 0.496 ; loss: 2.471
2018-03-21 03:50:06,185:INFO: Epoch 129/200
2018-03-21 03:50:15,493:INFO: - Train metrics: accuracy: 0.926 ; loss: 0.398
2018-03-21 03:50:16,146:INFO: - Eval metrics : accuracy: 0.414 ; loss: 3.071
2018-03-21 03:50:16,165:INFO: Epoch 130/200
2018-03-21 03:50:25,463:INFO: - Train metrics: accuracy: 0.934 ; loss: 0.334
2018-03-21 03:50:26,122:INFO: - Eval metrics : accuracy: 0.323 ; loss: 3.933
2018-03-21 03:50:26,138:INFO: Epoch 131/200
2018-03-21 03:50:35,434:INFO: - Train metrics: accuracy: 0.922 ; loss: 0.349
2018-03-21 03:50:36,065:INFO: - Eval metrics : accuracy: 0.397 ; loss: 3.172
2018-03-21 03:50:36,082:INFO: Epoch 132/200
2018-03-21 03:50:45,403:INFO: - Train metrics: accuracy: 0.926 ; loss: 0.339
2018-03-21 03:50:46,050:INFO: - Eval metrics : accuracy: 0.330 ; loss: 3.919
2018-03-21 03:50:46,073:INFO: Epoch 133/200
2018-03-21 03:50:55,388:INFO: - Train metrics: accuracy: 0.926 ; loss: 0.413
2018-03-21 03:50:56,049:INFO: - Eval metrics : accuracy: 0.294 ; loss: 4.318
2018-03-21 03:50:56,066:INFO: Epoch 134/200
2018-03-21 03:51:05,354:INFO: - Train metrics: accuracy: 0.957 ; loss: 0.290
2018-03-21 03:51:06,015:INFO: - Eval metrics : accuracy: 0.444 ; loss: 2.989
2018-03-21 03:51:06,031:INFO: Epoch 135/200
2018-03-21 03:51:15,390:INFO: - Train metrics: accuracy: 0.953 ; loss: 0.291
2018-03-21 03:51:16,028:INFO: - Eval metrics : accuracy: 0.225 ; loss: 5.484
2018-03-21 03:51:16,044:INFO: Epoch 136/200
2018-03-21 03:51:25,318:INFO: - Train metrics: accuracy: 0.945 ; loss: 0.350
2018-03-21 03:51:25,975:INFO: - Eval metrics : accuracy: 0.484 ; loss: 2.678
2018-03-21 03:51:25,991:INFO: Epoch 137/200
2018-03-21 03:51:35,316:INFO: - Train metrics: accuracy: 0.922 ; loss: 0.344
2018-03-21 03:51:35,983:INFO: - Eval metrics : accuracy: 0.371 ; loss: 3.331
2018-03-21 03:51:36,005:INFO: Epoch 138/200
2018-03-21 03:51:45,293:INFO: - Train metrics: accuracy: 0.980 ; loss: 0.233
2018-03-21 03:51:45,941:INFO: - Eval metrics : accuracy: 0.275 ; loss: 4.506
2018-03-21 03:51:45,961:INFO: Epoch 139/200
2018-03-21 03:51:55,266:INFO: - Train metrics: accuracy: 0.914 ; loss: 0.368
2018-03-21 03:51:55,905:INFO: - Eval metrics : accuracy: 0.375 ; loss: 3.271
2018-03-21 03:51:55,921:INFO: Epoch 140/200
2018-03-21 03:52:05,266:INFO: - Train metrics: accuracy: 0.926 ; loss: 0.349
2018-03-21 03:52:05,932:INFO: - Eval metrics : accuracy: 0.289 ; loss: 4.043
2018-03-21 03:52:05,948:INFO: Epoch 141/200
2018-03-21 03:52:15,260:INFO: - Train metrics: accuracy: 0.941 ; loss: 0.299
2018-03-21 03:52:15,902:INFO: - Eval metrics : accuracy: 0.347 ; loss: 3.856
2018-03-21 03:52:15,918:INFO: Epoch 142/200
2018-03-21 03:52:25,245:INFO: - Train metrics: accuracy: 0.945 ; loss: 0.314
2018-03-21 03:52:25,901:INFO: - Eval metrics : accuracy: 0.404 ; loss: 3.350
2018-03-21 03:52:25,916:INFO: Epoch 143/200
2018-03-21 03:52:35,271:INFO: - Train metrics: accuracy: 0.953 ; loss: 0.273
2018-03-21 03:52:35,926:INFO: - Eval metrics : accuracy: 0.425 ; loss: 3.086
2018-03-21 03:52:35,953:INFO: Epoch 144/200
2018-03-21 03:52:45,233:INFO: - Train metrics: accuracy: 0.961 ; loss: 0.285
2018-03-21 03:52:45,862:INFO: - Eval metrics : accuracy: 0.372 ; loss: 3.368
2018-03-21 03:52:45,878:INFO: Epoch 145/200
2018-03-21 03:52:55,210:INFO: - Train metrics: accuracy: 0.941 ; loss: 0.299
2018-03-21 03:52:55,868:INFO: - Eval metrics : accuracy: 0.293 ; loss: 4.129
2018-03-21 03:52:55,884:INFO: Epoch 146/200
2018-03-21 03:53:05,152:INFO: - Train metrics: accuracy: 0.961 ; loss: 0.278
2018-03-21 03:53:05,821:INFO: - Eval metrics : accuracy: 0.189 ; loss: 5.427
2018-03-21 03:53:05,837:INFO: Epoch 147/200
2018-03-21 03:53:15,143:INFO: - Train metrics: accuracy: 0.961 ; loss: 0.279
2018-03-21 03:53:15,777:INFO: - Eval metrics : accuracy: 0.377 ; loss: 3.348
2018-03-21 03:53:15,808:INFO: Epoch 148/200
2018-03-21 03:53:25,085:INFO: - Train metrics: accuracy: 0.961 ; loss: 0.274
2018-03-21 03:53:25,718:INFO: - Eval metrics : accuracy: 0.421 ; loss: 3.181
2018-03-21 03:53:25,741:INFO: Epoch 149/200
2018-03-21 03:53:35,060:INFO: - Train metrics: accuracy: 0.926 ; loss: 0.295
2018-03-21 03:53:35,706:INFO: - Eval metrics : accuracy: 0.397 ; loss: 3.155
2018-03-21 03:53:35,731:INFO: Epoch 150/200
2018-03-21 03:53:45,015:INFO: - Train metrics: accuracy: 0.953 ; loss: 0.293
2018-03-21 03:53:45,657:INFO: - Eval metrics : accuracy: 0.323 ; loss: 3.988
2018-03-21 03:53:45,669:INFO: Epoch 151/200
2018-03-21 03:53:55,048:INFO: - Train metrics: accuracy: 0.926 ; loss: 0.346
2018-03-21 03:53:55,698:INFO: - Eval metrics : accuracy: 0.299 ; loss: 3.961
2018-03-21 03:53:55,717:INFO: Epoch 152/200
2018-03-21 03:54:05,007:INFO: - Train metrics: accuracy: 0.977 ; loss: 0.239
2018-03-21 03:54:05,646:INFO: - Eval metrics : accuracy: 0.382 ; loss: 3.251
2018-03-21 03:54:05,673:INFO: Epoch 153/200
2018-03-21 03:54:14,986:INFO: - Train metrics: accuracy: 0.938 ; loss: 0.290
2018-03-21 03:54:15,660:INFO: - Eval metrics : accuracy: 0.346 ; loss: 3.803
2018-03-21 03:54:15,676:INFO: Epoch 154/200
2018-03-21 03:54:25,014:INFO: - Train metrics: accuracy: 0.949 ; loss: 0.256
2018-03-21 03:54:25,638:INFO: - Eval metrics : accuracy: 0.382 ; loss: 3.374
2018-03-21 03:54:25,665:INFO: Epoch 155/200
2018-03-21 03:54:34,985:INFO: - Train metrics: accuracy: 0.945 ; loss: 0.287
2018-03-21 03:54:35,649:INFO: - Eval metrics : accuracy: 0.471 ; loss: 2.693
2018-03-21 03:54:35,665:INFO: Epoch 156/200
2018-03-21 03:54:44,976:INFO: - Train metrics: accuracy: 0.930 ; loss: 0.328
2018-03-21 03:54:45,607:INFO: - Eval metrics : accuracy: 0.351 ; loss: 3.657
2018-03-21 03:54:45,625:INFO: Epoch 157/200
2018-03-21 03:54:54,946:INFO: - Train metrics: accuracy: 0.910 ; loss: 0.372
2018-03-21 03:54:55,618:INFO: - Eval metrics : accuracy: 0.369 ; loss: 3.629
2018-03-21 03:54:55,637:INFO: Epoch 158/200
2018-03-21 03:55:04,958:INFO: - Train metrics: accuracy: 0.934 ; loss: 0.304
2018-03-21 03:55:05,604:INFO: - Eval metrics : accuracy: 0.464 ; loss: 2.905
2018-03-21 03:55:05,620:INFO: Epoch 159/200
2018-03-21 03:55:14,977:INFO: - Train metrics: accuracy: 0.945 ; loss: 0.276
2018-03-21 03:55:15,629:INFO: - Eval metrics : accuracy: 0.164 ; loss: 6.161
2018-03-21 03:55:15,664:INFO: Epoch 160/200
2018-03-21 03:55:24,953:INFO: - Train metrics: accuracy: 0.914 ; loss: 0.341
2018-03-21 03:55:25,608:INFO: - Eval metrics : accuracy: 0.323 ; loss: 4.129
2018-03-21 03:55:25,621:INFO: Epoch 161/200
2018-03-21 03:55:34,917:INFO: - Train metrics: accuracy: 0.941 ; loss: 0.327
2018-03-21 03:55:35,575:INFO: - Eval metrics : accuracy: 0.257 ; loss: 4.171
2018-03-21 03:55:35,601:INFO: Epoch 162/200
2018-03-21 03:55:44,930:INFO: - Train metrics: accuracy: 0.918 ; loss: 0.345
2018-03-21 03:55:45,568:INFO: - Eval metrics : accuracy: 0.474 ; loss: 2.714
2018-03-21 03:55:45,584:INFO: Epoch 163/200
2018-03-21 03:55:54,916:INFO: - Train metrics: accuracy: 0.926 ; loss: 0.323
2018-03-21 03:55:55,557:INFO: - Eval metrics : accuracy: 0.282 ; loss: 4.259
2018-03-21 03:55:55,577:INFO: Epoch 164/200
2018-03-21 03:56:04,880:INFO: - Train metrics: accuracy: 0.934 ; loss: 0.317
2018-03-21 03:56:05,556:INFO: - Eval metrics : accuracy: 0.360 ; loss: 3.369
2018-03-21 03:56:05,572:INFO: Epoch 165/200
2018-03-21 03:56:14,895:INFO: - Train metrics: accuracy: 0.965 ; loss: 0.253
2018-03-21 03:56:15,539:INFO: - Eval metrics : accuracy: 0.372 ; loss: 3.279
2018-03-21 03:56:15,556:INFO: Epoch 166/200
2018-03-21 03:56:24,872:INFO: - Train metrics: accuracy: 0.934 ; loss: 0.298
2018-03-21 03:56:25,492:INFO: - Eval metrics : accuracy: 0.369 ; loss: 3.360
2018-03-21 03:56:25,508:INFO: Epoch 167/200
2018-03-21 03:56:34,844:INFO: - Train metrics: accuracy: 0.941 ; loss: 0.262
2018-03-21 03:56:35,521:INFO: - Eval metrics : accuracy: 0.201 ; loss: 6.122
2018-03-21 03:56:35,537:INFO: Epoch 168/200
2018-03-21 03:56:44,898:INFO: - Train metrics: accuracy: 0.934 ; loss: 0.329
2018-03-21 03:56:45,520:INFO: - Eval metrics : accuracy: 0.415 ; loss: 3.096
2018-03-21 03:56:45,537:INFO: Epoch 169/200
2018-03-21 03:56:54,811:INFO: - Train metrics: accuracy: 0.961 ; loss: 0.251
2018-03-21 03:56:55,471:INFO: - Eval metrics : accuracy: 0.210 ; loss: 4.608
2018-03-21 03:56:55,487:INFO: Epoch 170/200
2018-03-21 03:57:04,776:INFO: - Train metrics: accuracy: 0.977 ; loss: 0.181
2018-03-21 03:57:05,422:INFO: - Eval metrics : accuracy: 0.381 ; loss: 3.328
2018-03-21 03:57:05,439:INFO: Epoch 171/200
2018-03-21 03:57:14,736:INFO: - Train metrics: accuracy: 0.957 ; loss: 0.252
2018-03-21 03:57:15,371:INFO: - Eval metrics : accuracy: 0.184 ; loss: 5.306
2018-03-21 03:57:15,386:INFO: Epoch 172/200
2018-03-21 03:57:24,738:INFO: - Train metrics: accuracy: 0.941 ; loss: 0.309
2018-03-21 03:57:25,375:INFO: - Eval metrics : accuracy: 0.370 ; loss: 3.398
2018-03-21 03:57:25,401:INFO: Epoch 173/200
2018-03-21 03:57:34,697:INFO: - Train metrics: accuracy: 0.941 ; loss: 0.307
2018-03-21 03:57:35,349:INFO: - Eval metrics : accuracy: 0.374 ; loss: 3.768
2018-03-21 03:57:35,364:INFO: Epoch 174/200
2018-03-21 03:57:44,709:INFO: - Train metrics: accuracy: 0.922 ; loss: 0.311
2018-03-21 03:57:45,393:INFO: - Eval metrics : accuracy: 0.170 ; loss: 5.264
2018-03-21 03:57:45,421:INFO: Epoch 175/200
2018-03-21 03:57:54,734:INFO: - Train metrics: accuracy: 0.945 ; loss: 0.272
2018-03-21 03:57:55,365:INFO: - Eval metrics : accuracy: 0.268 ; loss: 4.017
2018-03-21 03:57:55,380:INFO: Epoch 176/200
2018-03-21 03:58:04,652:INFO: - Train metrics: accuracy: 0.953 ; loss: 0.272
2018-03-21 03:58:05,286:INFO: - Eval metrics : accuracy: 0.154 ; loss: 5.616
2018-03-21 03:58:05,302:INFO: Epoch 177/200
2018-03-21 03:58:14,605:INFO: - Train metrics: accuracy: 0.941 ; loss: 0.314
2018-03-21 03:58:15,235:INFO: - Eval metrics : accuracy: 0.436 ; loss: 2.895
2018-03-21 03:58:15,248:INFO: Epoch 178/200
2018-03-21 03:58:24,554:INFO: - Train metrics: accuracy: 0.969 ; loss: 0.248
2018-03-21 03:58:25,201:INFO: - Eval metrics : accuracy: 0.381 ; loss: 3.187
2018-03-21 03:58:25,220:INFO: Epoch 179/200
2018-03-21 03:58:34,557:INFO: - Train metrics: accuracy: 0.949 ; loss: 0.292
2018-03-21 03:58:35,168:INFO: - Eval metrics : accuracy: 0.400 ; loss: 3.295
2018-03-21 03:58:35,194:INFO: Epoch 180/200
2018-03-21 03:58:44,501:INFO: - Train metrics: accuracy: 0.938 ; loss: 0.293
2018-03-21 03:58:45,156:INFO: - Eval metrics : accuracy: 0.359 ; loss: 3.594
2018-03-21 03:58:45,171:INFO: Epoch 181/200
2018-03-21 03:58:54,490:INFO: - Train metrics: accuracy: 0.945 ; loss: 0.268
2018-03-21 03:58:55,163:INFO: - Eval metrics : accuracy: 0.353 ; loss: 3.322
2018-03-21 03:58:55,189:INFO: Epoch 182/200
2018-03-21 03:59:04,456:INFO: - Train metrics: accuracy: 0.941 ; loss: 0.292
2018-03-21 03:59:05,109:INFO: - Eval metrics : accuracy: 0.420 ; loss: 3.120
2018-03-21 03:59:05,129:INFO: Epoch 183/200
2018-03-21 03:59:14,481:INFO: - Train metrics: accuracy: 0.930 ; loss: 0.303
2018-03-21 03:59:15,128:INFO: - Eval metrics : accuracy: 0.112 ; loss: 7.077
2018-03-21 03:59:15,143:INFO: Epoch 184/200
2018-03-21 03:59:24,478:INFO: - Train metrics: accuracy: 0.961 ; loss: 0.251
2018-03-21 03:59:25,110:INFO: - Eval metrics : accuracy: 0.365 ; loss: 3.587
2018-03-21 03:59:25,137:INFO: Epoch 185/200
2018-03-21 03:59:34,434:INFO: - Train metrics: accuracy: 0.938 ; loss: 0.288
2018-03-21 03:59:35,080:INFO: - Eval metrics : accuracy: 0.259 ; loss: 4.217
2018-03-21 03:59:35,096:INFO: Epoch 186/200
2018-03-21 03:59:44,395:INFO: - Train metrics: accuracy: 0.945 ; loss: 0.254
2018-03-21 03:59:45,045:INFO: - Eval metrics : accuracy: 0.234 ; loss: 4.758
2018-03-21 03:59:45,062:INFO: Epoch 187/200
2018-03-21 03:59:54,420:INFO: - Train metrics: accuracy: 0.957 ; loss: 0.257
2018-03-21 03:59:55,049:INFO: - Eval metrics : accuracy: 0.307 ; loss: 3.838
2018-03-21 03:59:55,067:INFO: Epoch 188/200
2018-03-21 04:00:04,450:INFO: - Train metrics: accuracy: 0.934 ; loss: 0.289
2018-03-21 04:00:05,142:INFO: - Eval metrics : accuracy: 0.275 ; loss: 4.809
2018-03-21 04:00:05,156:INFO: Epoch 189/200
2018-03-21 04:00:14,450:INFO: - Train metrics: accuracy: 0.934 ; loss: 0.328
2018-03-21 04:00:15,108:INFO: - Eval metrics : accuracy: 0.458 ; loss: 2.842
2018-03-21 04:00:15,125:INFO: Epoch 190/200
2018-03-21 04:00:24,399:INFO: - Train metrics: accuracy: 0.953 ; loss: 0.249
2018-03-21 04:00:25,043:INFO: - Eval metrics : accuracy: 0.271 ; loss: 4.196
2018-03-21 04:00:25,061:INFO: Epoch 191/200
2018-03-21 04:00:34,357:INFO: - Train metrics: accuracy: 0.941 ; loss: 0.319
2018-03-21 04:00:35,012:INFO: - Eval metrics : accuracy: 0.325 ; loss: 3.786
2018-03-21 04:00:35,028:INFO: Epoch 192/200
2018-03-21 04:00:44,376:INFO: - Train metrics: accuracy: 0.941 ; loss: 0.294
2018-03-21 04:00:45,039:INFO: - Eval metrics : accuracy: 0.316 ; loss: 3.908
2018-03-21 04:00:45,055:INFO: Epoch 193/200
2018-03-21 04:00:54,387:INFO: - Train metrics: accuracy: 0.957 ; loss: 0.276
2018-03-21 04:00:55,013:INFO: - Eval metrics : accuracy: 0.424 ; loss: 3.024
2018-03-21 04:00:55,033:INFO: Epoch 194/200
2018-03-21 04:01:04,327:INFO: - Train metrics: accuracy: 0.941 ; loss: 0.306
2018-03-21 04:01:04,959:INFO: - Eval metrics : accuracy: 0.221 ; loss: 4.673
2018-03-21 04:01:04,974:INFO: Epoch 195/200
2018-03-21 04:01:14,280:INFO: - Train metrics: accuracy: 0.945 ; loss: 0.312
2018-03-21 04:01:14,919:INFO: - Eval metrics : accuracy: 0.203 ; loss: 4.792
2018-03-21 04:01:14,934:INFO: Epoch 196/200
2018-03-21 04:01:24,272:INFO: - Train metrics: accuracy: 0.961 ; loss: 0.203
2018-03-21 04:01:24,926:INFO: - Eval metrics : accuracy: 0.188 ; loss: 4.906
2018-03-21 04:01:25,027:INFO: Epoch 197/200
2018-03-21 04:01:34,306:INFO: - Train metrics: accuracy: 0.949 ; loss: 0.308
2018-03-21 04:01:34,933:INFO: - Eval metrics : accuracy: 0.144 ; loss: 5.580
2018-03-21 04:01:34,961:INFO: Epoch 198/200
2018-03-21 04:01:44,229:INFO: - Train metrics: accuracy: 0.961 ; loss: 0.250
2018-03-21 04:01:44,873:INFO: - Eval metrics : accuracy: 0.397 ; loss: 3.307
2018-03-21 04:01:44,889:INFO: Epoch 199/200
2018-03-21 04:01:54,209:INFO: - Train metrics: accuracy: 0.926 ; loss: 0.306
2018-03-21 04:01:54,852:INFO: - Eval metrics : accuracy: 0.386 ; loss: 3.191
2018-03-21 04:01:54,868:INFO: Epoch 200/200
2018-03-21 04:02:04,182:INFO: - Train metrics: accuracy: 0.953 ; loss: 0.260
2018-03-21 04:02:04,828:INFO: - Eval metrics : accuracy: 0.338 ; loss: 3.771
