2018-03-22 03:45:31,826:INFO: Loading the datasets...
2018-03-22 03:45:31,878:INFO: - done.
2018-03-22 03:45:34,155:INFO: Starting training for 100 epoch(s)
2018-03-22 03:45:34,155:INFO: Epoch 1/100
2018-03-22 03:46:03,586:INFO: - Train metrics: accuracy: 0.010 ; loss: 5.957
2018-03-22 03:46:05,083:INFO: - Eval metrics : accuracy: 0.045 ; loss: 5.519
2018-03-22 03:46:05,116:INFO: - Found new best accuracy
2018-03-22 03:46:05,117:INFO: Epoch 2/100
2018-03-22 03:46:33,888:INFO: - Train metrics: accuracy: 0.047 ; loss: 5.369
2018-03-22 03:46:35,395:INFO: - Eval metrics : accuracy: 0.079 ; loss: 5.060
2018-03-22 03:46:35,464:INFO: - Found new best accuracy
2018-03-22 03:46:35,465:INFO: Epoch 3/100
2018-03-22 03:47:04,119:INFO: - Train metrics: accuracy: 0.120 ; loss: 5.007
2018-03-22 03:47:05,613:INFO: - Eval metrics : accuracy: 0.158 ; loss: 4.553
2018-03-22 03:47:05,688:INFO: - Found new best accuracy
2018-03-22 03:47:05,689:INFO: Epoch 4/100
2018-03-22 03:47:34,299:INFO: - Train metrics: accuracy: 0.161 ; loss: 4.332
2018-03-22 03:47:35,771:INFO: - Eval metrics : accuracy: 0.244 ; loss: 3.953
2018-03-22 03:47:35,848:INFO: - Found new best accuracy
2018-03-22 03:47:35,849:INFO: Epoch 5/100
2018-03-22 03:48:04,523:INFO: - Train metrics: accuracy: 0.172 ; loss: 4.135
2018-03-22 03:48:06,020:INFO: - Eval metrics : accuracy: 0.314 ; loss: 3.469
2018-03-22 03:48:06,103:INFO: - Found new best accuracy
2018-03-22 03:48:06,104:INFO: Epoch 6/100
2018-03-22 03:48:34,715:INFO: - Train metrics: accuracy: 0.297 ; loss: 3.366
2018-03-22 03:48:36,245:INFO: - Eval metrics : accuracy: 0.167 ; loss: 4.214
2018-03-22 03:48:36,291:INFO: Epoch 7/100
2018-03-22 03:49:04,838:INFO: - Train metrics: accuracy: 0.328 ; loss: 3.394
2018-03-22 03:49:06,346:INFO: - Eval metrics : accuracy: 0.375 ; loss: 3.060
2018-03-22 03:49:06,422:INFO: - Found new best accuracy
2018-03-22 03:49:06,423:INFO: Epoch 8/100
2018-03-22 03:49:35,043:INFO: - Train metrics: accuracy: 0.302 ; loss: 3.199
2018-03-22 03:49:36,550:INFO: - Eval metrics : accuracy: 0.427 ; loss: 2.785
2018-03-22 03:49:36,625:INFO: - Found new best accuracy
2018-03-22 03:49:36,626:INFO: Epoch 9/100
2018-03-22 03:50:05,171:INFO: - Train metrics: accuracy: 0.375 ; loss: 2.871
2018-03-22 03:50:06,701:INFO: - Eval metrics : accuracy: 0.342 ; loss: 3.163
2018-03-22 03:50:06,747:INFO: Epoch 10/100
2018-03-22 03:50:35,283:INFO: - Train metrics: accuracy: 0.380 ; loss: 2.720
2018-03-22 03:50:36,781:INFO: - Eval metrics : accuracy: 0.432 ; loss: 2.798
2018-03-22 03:50:36,858:INFO: - Found new best accuracy
2018-03-22 03:50:36,859:INFO: Epoch 11/100
2018-03-22 03:51:05,467:INFO: - Train metrics: accuracy: 0.401 ; loss: 2.779
2018-03-22 03:51:07,000:INFO: - Eval metrics : accuracy: 0.486 ; loss: 2.451
2018-03-22 03:51:07,073:INFO: - Found new best accuracy
2018-03-22 03:51:07,074:INFO: Epoch 12/100
2018-03-22 03:51:35,622:INFO: - Train metrics: accuracy: 0.443 ; loss: 2.475
2018-03-22 03:51:37,128:INFO: - Eval metrics : accuracy: 0.520 ; loss: 2.295
2018-03-22 03:51:37,202:INFO: - Found new best accuracy
2018-03-22 03:51:37,203:INFO: Epoch 13/100
2018-03-22 03:52:05,749:INFO: - Train metrics: accuracy: 0.464 ; loss: 2.409
2018-03-22 03:52:07,265:INFO: - Eval metrics : accuracy: 0.508 ; loss: 2.361
2018-03-22 03:52:07,313:INFO: Epoch 14/100
2018-03-22 03:52:35,929:INFO: - Train metrics: accuracy: 0.578 ; loss: 2.017
2018-03-22 03:52:37,423:INFO: - Eval metrics : accuracy: 0.526 ; loss: 2.188
2018-03-22 03:52:37,501:INFO: - Found new best accuracy
2018-03-22 03:52:37,501:INFO: Epoch 15/100
2018-03-22 03:53:06,006:INFO: - Train metrics: accuracy: 0.510 ; loss: 2.039
2018-03-22 03:53:07,500:INFO: - Eval metrics : accuracy: 0.433 ; loss: 2.710
2018-03-22 03:53:07,542:INFO: Epoch 16/100
2018-03-22 03:53:36,058:INFO: - Train metrics: accuracy: 0.568 ; loss: 2.036
2018-03-22 03:53:37,545:INFO: - Eval metrics : accuracy: 0.266 ; loss: 3.732
2018-03-22 03:53:37,587:INFO: Epoch 17/100
2018-03-22 03:54:06,173:INFO: - Train metrics: accuracy: 0.500 ; loss: 2.197
2018-03-22 03:54:07,671:INFO: - Eval metrics : accuracy: 0.506 ; loss: 2.320
2018-03-22 03:54:07,715:INFO: Epoch 18/100
2018-03-22 03:54:36,258:INFO: - Train metrics: accuracy: 0.656 ; loss: 1.594
2018-03-22 03:54:37,718:INFO: - Eval metrics : accuracy: 0.570 ; loss: 1.973
2018-03-22 03:54:37,792:INFO: - Found new best accuracy
2018-03-22 03:54:37,793:INFO: Epoch 19/100
2018-03-22 03:55:06,388:INFO: - Train metrics: accuracy: 0.536 ; loss: 2.082
2018-03-22 03:55:07,868:INFO: - Eval metrics : accuracy: 0.557 ; loss: 2.042
2018-03-22 03:55:07,911:INFO: Epoch 20/100
2018-03-22 03:55:36,427:INFO: - Train metrics: accuracy: 0.542 ; loss: 2.104
2018-03-22 03:55:37,957:INFO: - Eval metrics : accuracy: 0.557 ; loss: 2.005
2018-03-22 03:55:38,000:INFO: Epoch 21/100
2018-03-22 03:56:06,545:INFO: - Train metrics: accuracy: 0.542 ; loss: 1.912
2018-03-22 03:56:08,052:INFO: - Eval metrics : accuracy: 0.541 ; loss: 2.067
2018-03-22 03:56:08,105:INFO: Epoch 22/100
2018-03-22 03:56:36,676:INFO: - Train metrics: accuracy: 0.661 ; loss: 1.488
2018-03-22 03:56:38,134:INFO: - Eval metrics : accuracy: 0.466 ; loss: 2.497
2018-03-22 03:56:38,176:INFO: Epoch 23/100
2018-03-22 03:57:06,773:INFO: - Train metrics: accuracy: 0.630 ; loss: 1.620
2018-03-22 03:57:08,278:INFO: - Eval metrics : accuracy: 0.553 ; loss: 2.076
2018-03-22 03:57:08,321:INFO: Epoch 24/100
2018-03-22 03:57:36,799:INFO: - Train metrics: accuracy: 0.677 ; loss: 1.417
2018-03-22 03:57:38,297:INFO: - Eval metrics : accuracy: 0.578 ; loss: 1.888
2018-03-22 03:57:38,372:INFO: - Found new best accuracy
2018-03-22 03:57:38,373:INFO: Epoch 25/100
2018-03-22 03:58:06,890:INFO: - Train metrics: accuracy: 0.646 ; loss: 1.544
2018-03-22 03:58:08,357:INFO: - Eval metrics : accuracy: 0.468 ; loss: 2.404
2018-03-22 03:58:08,399:INFO: Epoch 26/100
2018-03-22 03:58:36,928:INFO: - Train metrics: accuracy: 0.620 ; loss: 1.663
2018-03-22 03:58:38,420:INFO: - Eval metrics : accuracy: 0.572 ; loss: 1.879
2018-03-22 03:58:38,463:INFO: Epoch 27/100
2018-03-22 03:59:06,901:INFO: - Train metrics: accuracy: 0.594 ; loss: 1.721
2018-03-22 03:59:08,403:INFO: - Eval metrics : accuracy: 0.594 ; loss: 1.803
2018-03-22 03:59:08,481:INFO: - Found new best accuracy
2018-03-22 03:59:08,481:INFO: Epoch 28/100
2018-03-22 03:59:36,978:INFO: - Train metrics: accuracy: 0.661 ; loss: 1.483
2018-03-22 03:59:38,501:INFO: - Eval metrics : accuracy: 0.537 ; loss: 2.086
2018-03-22 03:59:38,544:INFO: Epoch 29/100
2018-03-22 04:00:07,041:INFO: - Train metrics: accuracy: 0.641 ; loss: 1.493
2018-03-22 04:00:08,508:INFO: - Eval metrics : accuracy: 0.389 ; loss: 2.886
2018-03-22 04:00:08,555:INFO: Epoch 30/100
2018-03-22 04:00:37,066:INFO: - Train metrics: accuracy: 0.688 ; loss: 1.312
2018-03-22 04:00:38,550:INFO: - Eval metrics : accuracy: 0.567 ; loss: 1.920
2018-03-22 04:00:38,588:INFO: Epoch 31/100
2018-03-22 04:01:07,094:INFO: - Train metrics: accuracy: 0.682 ; loss: 1.385
2018-03-22 04:01:08,583:INFO: - Eval metrics : accuracy: 0.591 ; loss: 1.843
2018-03-22 04:01:08,628:INFO: Epoch 32/100
2018-03-22 04:01:37,093:INFO: - Train metrics: accuracy: 0.719 ; loss: 1.238
2018-03-22 04:01:38,560:INFO: - Eval metrics : accuracy: 0.564 ; loss: 1.962
2018-03-22 04:01:38,604:INFO: Epoch 33/100
2018-03-22 04:02:07,064:INFO: - Train metrics: accuracy: 0.651 ; loss: 1.455
2018-03-22 04:02:08,515:INFO: - Eval metrics : accuracy: 0.569 ; loss: 1.882
2018-03-22 04:02:08,555:INFO: Epoch 34/100
2018-03-22 04:02:36,980:INFO: - Train metrics: accuracy: 0.688 ; loss: 1.274
2018-03-22 04:02:38,453:INFO: - Eval metrics : accuracy: 0.615 ; loss: 1.690
2018-03-22 04:02:38,531:INFO: - Found new best accuracy
2018-03-22 04:02:38,532:INFO: Epoch 35/100
2018-03-22 04:03:06,966:INFO: - Train metrics: accuracy: 0.729 ; loss: 1.223
2018-03-22 04:03:08,437:INFO: - Eval metrics : accuracy: 0.543 ; loss: 2.065
2018-03-22 04:03:08,482:INFO: Epoch 36/100
2018-03-22 04:03:37,035:INFO: - Train metrics: accuracy: 0.724 ; loss: 1.168
2018-03-22 04:03:38,540:INFO: - Eval metrics : accuracy: 0.609 ; loss: 1.732
2018-03-22 04:03:38,588:INFO: Epoch 37/100
2018-03-22 04:04:07,077:INFO: - Train metrics: accuracy: 0.698 ; loss: 1.240
2018-03-22 04:04:08,552:INFO: - Eval metrics : accuracy: 0.594 ; loss: 1.778
2018-03-22 04:04:08,595:INFO: Epoch 38/100
2018-03-22 04:04:37,087:INFO: - Train metrics: accuracy: 0.708 ; loss: 1.274
2018-03-22 04:04:38,592:INFO: - Eval metrics : accuracy: 0.549 ; loss: 2.044
2018-03-22 04:04:38,635:INFO: Epoch 39/100
2018-03-22 04:05:07,088:INFO: - Train metrics: accuracy: 0.630 ; loss: 1.592
2018-03-22 04:05:08,628:INFO: - Eval metrics : accuracy: 0.631 ; loss: 1.695
2018-03-22 04:05:08,705:INFO: - Found new best accuracy
2018-03-22 04:05:08,705:INFO: Epoch 40/100
2018-03-22 04:05:37,217:INFO: - Train metrics: accuracy: 0.667 ; loss: 1.386
2018-03-22 04:05:38,714:INFO: - Eval metrics : accuracy: 0.471 ; loss: 2.465
2018-03-22 04:05:38,756:INFO: Epoch 41/100
2018-03-22 04:06:07,225:INFO: - Train metrics: accuracy: 0.656 ; loss: 1.305
2018-03-22 04:06:08,723:INFO: - Eval metrics : accuracy: 0.586 ; loss: 1.806
2018-03-22 04:06:08,761:INFO: Epoch 42/100
2018-03-22 04:06:37,205:INFO: - Train metrics: accuracy: 0.703 ; loss: 1.260
2018-03-22 04:06:38,700:INFO: - Eval metrics : accuracy: 0.601 ; loss: 1.780
2018-03-22 04:06:38,742:INFO: Epoch 43/100
2018-03-22 04:07:07,208:INFO: - Train metrics: accuracy: 0.724 ; loss: 1.125
2018-03-22 04:07:08,667:INFO: - Eval metrics : accuracy: 0.603 ; loss: 1.746
2018-03-22 04:07:08,708:INFO: Epoch 44/100
2018-03-22 04:07:37,139:INFO: - Train metrics: accuracy: 0.698 ; loss: 1.245
2018-03-22 04:07:38,629:INFO: - Eval metrics : accuracy: 0.594 ; loss: 1.791
2018-03-22 04:07:38,685:INFO: Epoch 45/100
2018-03-22 04:08:07,103:INFO: - Train metrics: accuracy: 0.745 ; loss: 1.071
2018-03-22 04:08:08,577:INFO: - Eval metrics : accuracy: 0.585 ; loss: 1.840
2018-03-22 04:08:08,623:INFO: Epoch 46/100
2018-03-22 04:08:37,073:INFO: - Train metrics: accuracy: 0.781 ; loss: 0.982
2018-03-22 04:08:38,593:INFO: - Eval metrics : accuracy: 0.621 ; loss: 1.672
2018-03-22 04:08:38,648:INFO: Epoch 47/100
2018-03-22 04:09:07,031:INFO: - Train metrics: accuracy: 0.724 ; loss: 1.102
2018-03-22 04:09:08,565:INFO: - Eval metrics : accuracy: 0.582 ; loss: 1.864
2018-03-22 04:09:08,603:INFO: Epoch 48/100
2018-03-22 04:09:36,959:INFO: - Train metrics: accuracy: 0.776 ; loss: 0.961
2018-03-22 04:09:38,475:INFO: - Eval metrics : accuracy: 0.551 ; loss: 2.005
2018-03-22 04:09:38,518:INFO: Epoch 49/100
2018-03-22 04:10:06,898:INFO: - Train metrics: accuracy: 0.719 ; loss: 1.116
2018-03-22 04:10:08,370:INFO: - Eval metrics : accuracy: 0.608 ; loss: 1.705
2018-03-22 04:10:08,410:INFO: Epoch 50/100
2018-03-22 04:10:36,805:INFO: - Train metrics: accuracy: 0.750 ; loss: 1.071
2018-03-22 04:10:38,306:INFO: - Eval metrics : accuracy: 0.551 ; loss: 2.037
2018-03-22 04:10:38,348:INFO: Epoch 51/100
2018-03-22 04:11:06,708:INFO: - Train metrics: accuracy: 0.766 ; loss: 1.033
2018-03-22 04:11:08,207:INFO: - Eval metrics : accuracy: 0.297 ; loss: 3.634
2018-03-22 04:11:08,251:INFO: Epoch 52/100
2018-03-22 04:11:36,624:INFO: - Train metrics: accuracy: 0.786 ; loss: 0.949
2018-03-22 04:11:38,139:INFO: - Eval metrics : accuracy: 0.614 ; loss: 1.723
2018-03-22 04:11:38,183:INFO: Epoch 53/100
2018-03-22 04:12:06,595:INFO: - Train metrics: accuracy: 0.776 ; loss: 0.929
2018-03-22 04:12:08,093:INFO: - Eval metrics : accuracy: 0.606 ; loss: 1.730
2018-03-22 04:12:08,136:INFO: Epoch 54/100
2018-03-22 04:12:36,469:INFO: - Train metrics: accuracy: 0.719 ; loss: 1.067
2018-03-22 04:12:38,004:INFO: - Eval metrics : accuracy: 0.583 ; loss: 1.896
2018-03-22 04:12:38,047:INFO: Epoch 55/100
2018-03-22 04:13:06,470:INFO: - Train metrics: accuracy: 0.745 ; loss: 1.041
2018-03-22 04:13:07,925:INFO: - Eval metrics : accuracy: 0.581 ; loss: 1.842
2018-03-22 04:13:07,985:INFO: Epoch 56/100
2018-03-22 04:13:36,386:INFO: - Train metrics: accuracy: 0.771 ; loss: 0.959
2018-03-22 04:13:37,857:INFO: - Eval metrics : accuracy: 0.467 ; loss: 2.563
2018-03-22 04:13:37,896:INFO: Epoch 57/100
2018-03-22 04:14:06,377:INFO: - Train metrics: accuracy: 0.745 ; loss: 1.106
2018-03-22 04:14:07,858:INFO: - Eval metrics : accuracy: 0.607 ; loss: 1.740
2018-03-22 04:14:07,905:INFO: Epoch 58/100
2018-03-22 04:14:36,305:INFO: - Train metrics: accuracy: 0.781 ; loss: 0.931
2018-03-22 04:14:37,758:INFO: - Eval metrics : accuracy: 0.452 ; loss: 2.601
2018-03-22 04:14:37,796:INFO: Epoch 59/100
2018-03-22 04:15:06,187:INFO: - Train metrics: accuracy: 0.766 ; loss: 0.969
2018-03-22 04:15:07,677:INFO: - Eval metrics : accuracy: 0.611 ; loss: 1.759
2018-03-22 04:15:07,719:INFO: Epoch 60/100
2018-03-22 04:15:36,108:INFO: - Train metrics: accuracy: 0.672 ; loss: 1.249
2018-03-22 04:15:37,612:INFO: - Eval metrics : accuracy: 0.614 ; loss: 1.684
2018-03-22 04:15:37,656:INFO: Epoch 61/100
2018-03-22 04:16:06,039:INFO: - Train metrics: accuracy: 0.760 ; loss: 0.883
2018-03-22 04:16:07,560:INFO: - Eval metrics : accuracy: 0.605 ; loss: 1.768
2018-03-22 04:16:07,602:INFO: Epoch 62/100
2018-03-22 04:16:35,944:INFO: - Train metrics: accuracy: 0.797 ; loss: 0.854
2018-03-22 04:16:37,433:INFO: - Eval metrics : accuracy: 0.599 ; loss: 1.757
2018-03-22 04:16:37,478:INFO: Epoch 63/100
2018-03-22 04:17:05,832:INFO: - Train metrics: accuracy: 0.771 ; loss: 0.866
2018-03-22 04:17:07,269:INFO: - Eval metrics : accuracy: 0.606 ; loss: 1.804
2018-03-22 04:17:07,319:INFO: Epoch 64/100
2018-03-22 04:17:35,668:INFO: - Train metrics: accuracy: 0.781 ; loss: 1.002
2018-03-22 04:17:37,158:INFO: - Eval metrics : accuracy: 0.492 ; loss: 2.426
2018-03-22 04:17:37,201:INFO: Epoch 65/100
2018-03-22 04:18:05,543:INFO: - Train metrics: accuracy: 0.823 ; loss: 0.877
2018-03-22 04:18:07,010:INFO: - Eval metrics : accuracy: 0.610 ; loss: 1.683
2018-03-22 04:18:07,052:INFO: Epoch 66/100
2018-03-22 04:18:35,512:INFO: - Train metrics: accuracy: 0.797 ; loss: 0.852
2018-03-22 04:18:37,010:INFO: - Eval metrics : accuracy: 0.571 ; loss: 1.938
2018-03-22 04:18:37,054:INFO: Epoch 67/100
2018-03-22 04:19:05,433:INFO: - Train metrics: accuracy: 0.771 ; loss: 0.977
2018-03-22 04:19:06,943:INFO: - Eval metrics : accuracy: 0.329 ; loss: 3.390
2018-03-22 04:19:06,981:INFO: Epoch 68/100
2018-03-22 04:19:35,360:INFO: - Train metrics: accuracy: 0.786 ; loss: 0.796
2018-03-22 04:19:36,867:INFO: - Eval metrics : accuracy: 0.606 ; loss: 1.754
2018-03-22 04:19:36,911:INFO: Epoch 69/100
2018-03-22 04:20:05,255:INFO: - Train metrics: accuracy: 0.760 ; loss: 0.893
2018-03-22 04:20:06,764:INFO: - Eval metrics : accuracy: 0.615 ; loss: 1.731
2018-03-22 04:20:06,807:INFO: Epoch 70/100
2018-03-22 04:20:35,229:INFO: - Train metrics: accuracy: 0.828 ; loss: 0.750
2018-03-22 04:20:36,700:INFO: - Eval metrics : accuracy: 0.590 ; loss: 1.888
2018-03-22 04:20:36,737:INFO: Epoch 71/100
2018-03-22 04:21:05,135:INFO: - Train metrics: accuracy: 0.771 ; loss: 0.944
2018-03-22 04:21:06,603:INFO: - Eval metrics : accuracy: 0.479 ; loss: 2.464
2018-03-22 04:21:06,650:INFO: Epoch 72/100
2018-03-22 04:21:35,076:INFO: - Train metrics: accuracy: 0.854 ; loss: 0.699
2018-03-22 04:21:36,557:INFO: - Eval metrics : accuracy: 0.626 ; loss: 1.669
2018-03-22 04:21:36,603:INFO: Epoch 73/100
2018-03-22 04:22:05,041:INFO: - Train metrics: accuracy: 0.771 ; loss: 0.948
2018-03-22 04:22:06,499:INFO: - Eval metrics : accuracy: 0.541 ; loss: 2.211
2018-03-22 04:22:06,539:INFO: Epoch 74/100
2018-03-22 04:22:34,885:INFO: - Train metrics: accuracy: 0.786 ; loss: 0.844
2018-03-22 04:22:36,416:INFO: - Eval metrics : accuracy: 0.607 ; loss: 1.796
2018-03-22 04:22:36,454:INFO: Epoch 75/100
2018-03-22 04:23:04,788:INFO: - Train metrics: accuracy: 0.755 ; loss: 0.958
2018-03-22 04:23:06,286:INFO: - Eval metrics : accuracy: 0.621 ; loss: 1.734
2018-03-22 04:23:06,330:INFO: Epoch 76/100
2018-03-22 04:23:34,747:INFO: - Train metrics: accuracy: 0.812 ; loss: 0.719
2018-03-22 04:23:36,269:INFO: - Eval metrics : accuracy: 0.631 ; loss: 1.675
2018-03-22 04:23:36,313:INFO: Epoch 77/100
2018-03-22 04:24:04,750:INFO: - Train metrics: accuracy: 0.859 ; loss: 0.647
2018-03-22 04:24:06,221:INFO: - Eval metrics : accuracy: 0.332 ; loss: 3.315
2018-03-22 04:24:06,259:INFO: Epoch 78/100
2018-03-22 04:24:34,834:INFO: - Train metrics: accuracy: 0.771 ; loss: 0.961
2018-03-22 04:24:36,319:INFO: - Eval metrics : accuracy: 0.485 ; loss: 2.430
2018-03-22 04:24:36,358:INFO: Epoch 79/100
2018-03-22 04:25:04,803:INFO: - Train metrics: accuracy: 0.823 ; loss: 0.762
2018-03-22 04:25:06,305:INFO: - Eval metrics : accuracy: 0.635 ; loss: 1.642
2018-03-22 04:25:06,497:INFO: - Found new best accuracy
2018-03-22 04:25:06,498:INFO: Epoch 80/100
2018-03-22 04:25:34,862:INFO: - Train metrics: accuracy: 0.797 ; loss: 0.826
2018-03-22 04:25:36,356:INFO: - Eval metrics : accuracy: 0.617 ; loss: 1.739
2018-03-22 04:25:36,399:INFO: Epoch 81/100
2018-03-22 04:26:04,705:INFO: - Train metrics: accuracy: 0.781 ; loss: 0.858
2018-03-22 04:26:06,197:INFO: - Eval metrics : accuracy: 0.604 ; loss: 1.780
2018-03-22 04:26:06,239:INFO: Epoch 82/100
2018-03-22 04:26:34,587:INFO: - Train metrics: accuracy: 0.818 ; loss: 0.762
2018-03-22 04:26:36,090:INFO: - Eval metrics : accuracy: 0.606 ; loss: 1.783
2018-03-22 04:26:36,128:INFO: Epoch 83/100
2018-03-22 04:27:04,500:INFO: - Train metrics: accuracy: 0.786 ; loss: 0.860
2018-03-22 04:27:05,979:INFO: - Eval metrics : accuracy: 0.625 ; loss: 1.694
2018-03-22 04:27:06,022:INFO: Epoch 84/100
2018-03-22 04:27:34,368:INFO: - Train metrics: accuracy: 0.870 ; loss: 0.610
2018-03-22 04:27:35,844:INFO: - Eval metrics : accuracy: 0.630 ; loss: 1.719
2018-03-22 04:27:35,887:INFO: Epoch 85/100
2018-03-22 04:28:04,250:INFO: - Train metrics: accuracy: 0.807 ; loss: 0.836
2018-03-22 04:28:05,766:INFO: - Eval metrics : accuracy: 0.586 ; loss: 1.921
2018-03-22 04:28:05,810:INFO: Epoch 86/100
2018-03-22 04:28:34,097:INFO: - Train metrics: accuracy: 0.776 ; loss: 0.840
2018-03-22 04:28:35,611:INFO: - Eval metrics : accuracy: 0.607 ; loss: 1.750
2018-03-22 04:28:35,655:INFO: Epoch 87/100
2018-03-22 04:29:04,004:INFO: - Train metrics: accuracy: 0.844 ; loss: 0.756
2018-03-22 04:29:05,465:INFO: - Eval metrics : accuracy: 0.563 ; loss: 2.059
2018-03-22 04:29:05,506:INFO: Epoch 88/100
2018-03-22 04:29:33,886:INFO: - Train metrics: accuracy: 0.812 ; loss: 0.762
2018-03-22 04:29:35,370:INFO: - Eval metrics : accuracy: 0.560 ; loss: 2.092
2018-03-22 04:29:35,408:INFO: Epoch 89/100
2018-03-22 04:30:03,769:INFO: - Train metrics: accuracy: 0.781 ; loss: 0.845
2018-03-22 04:30:05,239:INFO: - Eval metrics : accuracy: 0.604 ; loss: 1.810
2018-03-22 04:30:05,284:INFO: Epoch 90/100
2018-03-22 04:30:33,587:INFO: - Train metrics: accuracy: 0.760 ; loss: 0.961
2018-03-22 04:30:35,067:INFO: - Eval metrics : accuracy: 0.607 ; loss: 1.733
2018-03-22 04:30:35,114:INFO: Epoch 91/100
2018-03-22 04:31:03,434:INFO: - Train metrics: accuracy: 0.823 ; loss: 0.682
2018-03-22 04:31:04,919:INFO: - Eval metrics : accuracy: 0.608 ; loss: 1.753
2018-03-22 04:31:04,956:INFO: Epoch 92/100
2018-03-22 04:31:33,288:INFO: - Train metrics: accuracy: 0.849 ; loss: 0.636
2018-03-22 04:31:34,791:INFO: - Eval metrics : accuracy: 0.517 ; loss: 2.244
2018-03-22 04:31:34,836:INFO: Epoch 93/100
2018-03-22 04:32:03,208:INFO: - Train metrics: accuracy: 0.818 ; loss: 0.812
2018-03-22 04:32:04,684:INFO: - Eval metrics : accuracy: 0.527 ; loss: 2.201
2018-03-22 04:32:04,721:INFO: Epoch 94/100
2018-03-22 04:32:33,091:INFO: - Train metrics: accuracy: 0.812 ; loss: 0.765
2018-03-22 04:32:34,610:INFO: - Eval metrics : accuracy: 0.581 ; loss: 1.904
2018-03-22 04:32:34,658:INFO: Epoch 95/100
2018-03-22 04:33:03,069:INFO: - Train metrics: accuracy: 0.823 ; loss: 0.695
2018-03-22 04:33:04,589:INFO: - Eval metrics : accuracy: 0.564 ; loss: 1.986
2018-03-22 04:33:04,627:INFO: Epoch 96/100
2018-03-22 04:33:32,971:INFO: - Train metrics: accuracy: 0.854 ; loss: 0.671
2018-03-22 04:33:34,469:INFO: - Eval metrics : accuracy: 0.606 ; loss: 1.791
2018-03-22 04:33:34,512:INFO: Epoch 97/100
2018-03-22 04:34:02,821:INFO: - Train metrics: accuracy: 0.802 ; loss: 0.817
2018-03-22 04:34:04,301:INFO: - Eval metrics : accuracy: 0.536 ; loss: 2.178
2018-03-22 04:34:04,342:INFO: Epoch 98/100
2018-03-22 04:34:32,665:INFO: - Train metrics: accuracy: 0.839 ; loss: 0.668
2018-03-22 04:34:34,177:INFO: - Eval metrics : accuracy: 0.595 ; loss: 1.869
2018-03-22 04:34:34,213:INFO: Epoch 99/100
2018-03-22 04:35:02,630:INFO: - Train metrics: accuracy: 0.823 ; loss: 0.686
2018-03-22 04:35:04,111:INFO: - Eval metrics : accuracy: 0.613 ; loss: 1.810
2018-03-22 04:35:04,154:INFO: Epoch 100/100
2018-03-22 04:35:32,424:INFO: - Train metrics: accuracy: 0.807 ; loss: 0.732
2018-03-22 04:35:33,900:INFO: - Eval metrics : accuracy: 0.592 ; loss: 1.865
