2018-03-20 19:22:05,659:INFO: Loading the datasets...
2018-03-20 19:22:05,722:INFO: - done.
2018-03-20 19:22:07,976:INFO: Starting training for 120 epoch(s)
2018-03-20 19:22:07,976:INFO: Epoch 1/120
2018-03-20 19:22:19,999:INFO: - Train metrics: accuracy: 0.004 ; loss: 6.244
2018-03-20 19:22:20,675:INFO: - Eval metrics : accuracy: 0.003 ; loss: 6.496
2018-03-20 19:22:20,692:INFO: - Found new lowest loss
2018-03-20 19:22:20,692:INFO: Epoch 2/120
2018-03-20 19:22:31,856:INFO: - Train metrics: accuracy: 0.025 ; loss: 5.773
2018-03-20 19:22:32,553:INFO: - Eval metrics : accuracy: 0.047 ; loss: 5.435
2018-03-20 19:22:32,581:INFO: - Found new lowest loss
2018-03-20 19:22:32,582:INFO: Epoch 3/120
2018-03-20 19:22:43,739:INFO: - Train metrics: accuracy: 0.045 ; loss: 5.448
2018-03-20 19:22:44,398:INFO: - Eval metrics : accuracy: 0.009 ; loss: 5.895
2018-03-20 19:22:44,414:INFO: Epoch 4/120
2018-03-20 19:22:55,586:INFO: - Train metrics: accuracy: 0.080 ; loss: 5.130
2018-03-20 19:22:56,267:INFO: - Eval metrics : accuracy: 0.028 ; loss: 5.443
2018-03-20 19:22:56,285:INFO: Epoch 5/120
2018-03-20 19:23:07,407:INFO: - Train metrics: accuracy: 0.123 ; loss: 4.786
2018-03-20 19:23:08,078:INFO: - Eval metrics : accuracy: 0.010 ; loss: 6.782
2018-03-20 19:23:08,097:INFO: Epoch 6/120
2018-03-20 19:23:19,223:INFO: - Train metrics: accuracy: 0.127 ; loss: 4.587
2018-03-20 19:23:19,902:INFO: - Eval metrics : accuracy: 0.137 ; loss: 4.562
2018-03-20 19:23:19,932:INFO: - Found new lowest loss
2018-03-20 19:23:19,932:INFO: Epoch 7/120
2018-03-20 19:23:31,064:INFO: - Train metrics: accuracy: 0.184 ; loss: 4.273
2018-03-20 19:23:31,745:INFO: - Eval metrics : accuracy: 0.102 ; loss: 4.916
2018-03-20 19:23:31,769:INFO: Epoch 8/120
2018-03-20 19:23:42,877:INFO: - Train metrics: accuracy: 0.219 ; loss: 3.991
2018-03-20 19:23:43,571:INFO: - Eval metrics : accuracy: 0.100 ; loss: 4.670
2018-03-20 19:23:43,589:INFO: Epoch 9/120
2018-03-20 19:23:54,769:INFO: - Train metrics: accuracy: 0.234 ; loss: 3.875
2018-03-20 19:23:55,440:INFO: - Eval metrics : accuracy: 0.216 ; loss: 4.060
2018-03-20 19:23:55,467:INFO: - Found new lowest loss
2018-03-20 19:23:55,467:INFO: Epoch 10/120
2018-03-20 19:24:06,558:INFO: - Train metrics: accuracy: 0.248 ; loss: 3.679
2018-03-20 19:24:07,205:INFO: - Eval metrics : accuracy: 0.026 ; loss: 6.426
2018-03-20 19:24:07,221:INFO: Epoch 11/120
2018-03-20 19:24:18,379:INFO: - Train metrics: accuracy: 0.287 ; loss: 3.511
2018-03-20 19:24:19,033:INFO: - Eval metrics : accuracy: 0.292 ; loss: 3.582
2018-03-20 19:24:19,062:INFO: - Found new lowest loss
2018-03-20 19:24:19,062:INFO: Epoch 12/120
2018-03-20 19:24:30,263:INFO: - Train metrics: accuracy: 0.328 ; loss: 3.312
2018-03-20 19:24:30,922:INFO: - Eval metrics : accuracy: 0.115 ; loss: 4.456
2018-03-20 19:24:30,941:INFO: Epoch 13/120
2018-03-20 19:24:42,060:INFO: - Train metrics: accuracy: 0.316 ; loss: 3.330
2018-03-20 19:24:42,751:INFO: - Eval metrics : accuracy: 0.349 ; loss: 3.218
2018-03-20 19:24:42,780:INFO: - Found new lowest loss
2018-03-20 19:24:42,781:INFO: Epoch 14/120
2018-03-20 19:24:53,925:INFO: - Train metrics: accuracy: 0.355 ; loss: 3.044
2018-03-20 19:24:54,625:INFO: - Eval metrics : accuracy: 0.288 ; loss: 3.472
2018-03-20 19:24:54,643:INFO: Epoch 15/120
2018-03-20 19:25:05,791:INFO: - Train metrics: accuracy: 0.379 ; loss: 2.916
2018-03-20 19:25:06,480:INFO: - Eval metrics : accuracy: 0.396 ; loss: 2.910
2018-03-20 19:25:06,507:INFO: - Found new lowest loss
2018-03-20 19:25:06,508:INFO: Epoch 16/120
2018-03-20 19:25:17,645:INFO: - Train metrics: accuracy: 0.488 ; loss: 2.553
2018-03-20 19:25:18,343:INFO: - Eval metrics : accuracy: 0.155 ; loss: 4.262
2018-03-20 19:25:18,357:INFO: Epoch 17/120
2018-03-20 19:25:29,505:INFO: - Train metrics: accuracy: 0.420 ; loss: 2.682
2018-03-20 19:25:30,194:INFO: - Eval metrics : accuracy: 0.277 ; loss: 3.560
2018-03-20 19:25:30,221:INFO: Epoch 18/120
2018-03-20 19:25:41,372:INFO: - Train metrics: accuracy: 0.467 ; loss: 2.565
2018-03-20 19:25:42,034:INFO: - Eval metrics : accuracy: 0.349 ; loss: 3.052
2018-03-20 19:25:42,050:INFO: Epoch 19/120
2018-03-20 19:25:53,241:INFO: - Train metrics: accuracy: 0.471 ; loss: 2.432
2018-03-20 19:25:53,921:INFO: - Eval metrics : accuracy: 0.109 ; loss: 5.646
2018-03-20 19:25:53,935:INFO: Epoch 20/120
2018-03-20 19:26:05,091:INFO: - Train metrics: accuracy: 0.484 ; loss: 2.480
2018-03-20 19:26:05,745:INFO: - Eval metrics : accuracy: 0.267 ; loss: 3.692
2018-03-20 19:26:05,758:INFO: Epoch 21/120
2018-03-20 19:26:16,879:INFO: - Train metrics: accuracy: 0.496 ; loss: 2.308
2018-03-20 19:26:17,532:INFO: - Eval metrics : accuracy: 0.032 ; loss: 6.772
2018-03-20 19:26:17,547:INFO: Epoch 22/120
2018-03-20 19:26:28,687:INFO: - Train metrics: accuracy: 0.529 ; loss: 2.269
2018-03-20 19:26:29,383:INFO: - Eval metrics : accuracy: 0.387 ; loss: 2.805
2018-03-20 19:26:29,408:INFO: - Found new lowest loss
2018-03-20 19:26:29,409:INFO: Epoch 23/120
2018-03-20 19:26:40,540:INFO: - Train metrics: accuracy: 0.551 ; loss: 2.174
2018-03-20 19:26:41,226:INFO: - Eval metrics : accuracy: 0.066 ; loss: 6.172
2018-03-20 19:26:41,241:INFO: Epoch 24/120
2018-03-20 19:26:52,349:INFO: - Train metrics: accuracy: 0.561 ; loss: 1.989
2018-03-20 19:26:53,012:INFO: - Eval metrics : accuracy: 0.127 ; loss: 4.902
2018-03-20 19:26:53,027:INFO: Epoch 25/120
2018-03-20 19:27:04,207:INFO: - Train metrics: accuracy: 0.547 ; loss: 1.992
2018-03-20 19:27:04,867:INFO: - Eval metrics : accuracy: 0.128 ; loss: 5.142
2018-03-20 19:27:04,889:INFO: Epoch 26/120
2018-03-20 19:27:16,021:INFO: - Train metrics: accuracy: 0.572 ; loss: 1.973
2018-03-20 19:27:16,725:INFO: - Eval metrics : accuracy: 0.541 ; loss: 2.106
2018-03-20 19:27:16,761:INFO: - Found new lowest loss
2018-03-20 19:27:16,761:INFO: Epoch 27/120
2018-03-20 19:27:27,891:INFO: - Train metrics: accuracy: 0.619 ; loss: 1.826
2018-03-20 19:27:28,570:INFO: - Eval metrics : accuracy: 0.428 ; loss: 2.589
2018-03-20 19:27:28,586:INFO: Epoch 28/120
2018-03-20 19:27:39,706:INFO: - Train metrics: accuracy: 0.596 ; loss: 1.756
2018-03-20 19:27:40,409:INFO: - Eval metrics : accuracy: 0.422 ; loss: 2.738
2018-03-20 19:27:40,424:INFO: Epoch 29/120
2018-03-20 19:27:51,559:INFO: - Train metrics: accuracy: 0.580 ; loss: 1.865
2018-03-20 19:27:52,231:INFO: - Eval metrics : accuracy: 0.447 ; loss: 2.480
2018-03-20 19:27:52,244:INFO: Epoch 30/120
2018-03-20 19:28:03,364:INFO: - Train metrics: accuracy: 0.586 ; loss: 1.811
2018-03-20 19:28:04,035:INFO: - Eval metrics : accuracy: 0.079 ; loss: 6.069
2018-03-20 19:28:04,051:INFO: Epoch 31/120
2018-03-20 19:28:15,186:INFO: - Train metrics: accuracy: 0.637 ; loss: 1.691
2018-03-20 19:28:15,893:INFO: - Eval metrics : accuracy: 0.214 ; loss: 4.003
2018-03-20 19:28:15,917:INFO: Epoch 32/120
2018-03-20 19:28:27,066:INFO: - Train metrics: accuracy: 0.615 ; loss: 1.656
2018-03-20 19:28:27,746:INFO: - Eval metrics : accuracy: 0.059 ; loss: 6.428
2018-03-20 19:28:27,769:INFO: Epoch 33/120
2018-03-20 19:28:38,910:INFO: - Train metrics: accuracy: 0.650 ; loss: 1.564
2018-03-20 19:28:39,582:INFO: - Eval metrics : accuracy: 0.567 ; loss: 1.954
2018-03-20 19:28:39,606:INFO: - Found new lowest loss
2018-03-20 19:28:39,607:INFO: Epoch 34/120
2018-03-20 19:28:50,737:INFO: - Train metrics: accuracy: 0.631 ; loss: 1.603
2018-03-20 19:28:51,409:INFO: - Eval metrics : accuracy: 0.518 ; loss: 2.180
2018-03-20 19:28:51,429:INFO: Epoch 35/120
2018-03-20 19:29:02,532:INFO: - Train metrics: accuracy: 0.645 ; loss: 1.556
2018-03-20 19:29:03,184:INFO: - Eval metrics : accuracy: 0.136 ; loss: 5.212
2018-03-20 19:29:03,199:INFO: Epoch 36/120
2018-03-20 19:29:14,290:INFO: - Train metrics: accuracy: 0.646 ; loss: 1.585
2018-03-20 19:29:14,947:INFO: - Eval metrics : accuracy: 0.153 ; loss: 4.969
2018-03-20 19:29:14,965:INFO: Epoch 37/120
2018-03-20 19:29:26,094:INFO: - Train metrics: accuracy: 0.682 ; loss: 1.390
2018-03-20 19:29:26,770:INFO: - Eval metrics : accuracy: 0.345 ; loss: 3.135
2018-03-20 19:29:26,790:INFO: Epoch 38/120
2018-03-20 19:29:37,916:INFO: - Train metrics: accuracy: 0.641 ; loss: 1.552
2018-03-20 19:29:38,592:INFO: - Eval metrics : accuracy: 0.218 ; loss: 4.197
2018-03-20 19:29:38,608:INFO: Epoch 39/120
2018-03-20 19:29:49,752:INFO: - Train metrics: accuracy: 0.656 ; loss: 1.475
2018-03-20 19:29:50,415:INFO: - Eval metrics : accuracy: 0.104 ; loss: 5.691
2018-03-20 19:29:50,437:INFO: Epoch 40/120
2018-03-20 19:30:01,555:INFO: - Train metrics: accuracy: 0.660 ; loss: 1.489
2018-03-20 19:30:02,227:INFO: - Eval metrics : accuracy: 0.399 ; loss: 2.717
2018-03-20 19:30:02,243:INFO: Epoch 41/120
2018-03-20 19:30:13,363:INFO: - Train metrics: accuracy: 0.719 ; loss: 1.284
2018-03-20 19:30:14,051:INFO: - Eval metrics : accuracy: 0.184 ; loss: 4.837
2018-03-20 19:30:14,070:INFO: Epoch 42/120
2018-03-20 19:30:25,184:INFO: - Train metrics: accuracy: 0.672 ; loss: 1.398
2018-03-20 19:30:25,869:INFO: - Eval metrics : accuracy: 0.110 ; loss: 7.310
2018-03-20 19:30:25,898:INFO: Epoch 43/120
2018-03-20 19:30:37,043:INFO: - Train metrics: accuracy: 0.693 ; loss: 1.328
2018-03-20 19:30:37,710:INFO: - Eval metrics : accuracy: 0.556 ; loss: 1.963
2018-03-20 19:30:37,729:INFO: Epoch 44/120
2018-03-20 19:30:48,828:INFO: - Train metrics: accuracy: 0.713 ; loss: 1.317
2018-03-20 19:30:49,483:INFO: - Eval metrics : accuracy: 0.328 ; loss: 3.514
2018-03-20 19:30:49,495:INFO: Epoch 45/120
2018-03-20 19:31:00,622:INFO: - Train metrics: accuracy: 0.711 ; loss: 1.259
2018-03-20 19:31:01,301:INFO: - Eval metrics : accuracy: 0.021 ; loss: 8.679
2018-03-20 19:31:01,315:INFO: Epoch 46/120
2018-03-20 19:31:12,430:INFO: - Train metrics: accuracy: 0.732 ; loss: 1.215
2018-03-20 19:31:13,093:INFO: - Eval metrics : accuracy: 0.567 ; loss: 1.931
2018-03-20 19:31:13,120:INFO: - Found new lowest loss
2018-03-20 19:31:13,121:INFO: Epoch 47/120
2018-03-20 19:31:24,246:INFO: - Train metrics: accuracy: 0.701 ; loss: 1.279
2018-03-20 19:31:24,931:INFO: - Eval metrics : accuracy: 0.355 ; loss: 3.105
2018-03-20 19:31:24,953:INFO: Epoch 48/120
2018-03-20 19:31:36,077:INFO: - Train metrics: accuracy: 0.748 ; loss: 1.154
2018-03-20 19:31:36,746:INFO: - Eval metrics : accuracy: 0.239 ; loss: 4.845
2018-03-20 19:31:36,761:INFO: Epoch 49/120
2018-03-20 19:31:47,880:INFO: - Train metrics: accuracy: 0.744 ; loss: 1.100
2018-03-20 19:31:48,552:INFO: - Eval metrics : accuracy: 0.210 ; loss: 4.445
2018-03-20 19:31:48,567:INFO: Epoch 50/120
2018-03-20 19:31:59,687:INFO: - Train metrics: accuracy: 0.777 ; loss: 0.974
2018-03-20 19:32:00,362:INFO: - Eval metrics : accuracy: 0.264 ; loss: 3.845
2018-03-20 19:32:00,378:INFO: Epoch 51/120
2018-03-20 19:32:11,488:INFO: - Train metrics: accuracy: 0.756 ; loss: 1.044
2018-03-20 19:32:12,166:INFO: - Eval metrics : accuracy: 0.276 ; loss: 3.705
2018-03-20 19:32:12,189:INFO: Epoch 52/120
2018-03-20 19:32:23,303:INFO: - Train metrics: accuracy: 0.740 ; loss: 1.158
2018-03-20 19:32:23,963:INFO: - Eval metrics : accuracy: 0.332 ; loss: 3.339
2018-03-20 19:32:23,985:INFO: Epoch 53/120
2018-03-20 19:32:35,098:INFO: - Train metrics: accuracy: 0.725 ; loss: 1.154
2018-03-20 19:32:35,783:INFO: - Eval metrics : accuracy: 0.680 ; loss: 1.353
2018-03-20 19:32:35,829:INFO: - Found new lowest loss
2018-03-20 19:32:35,830:INFO: Epoch 54/120
2018-03-20 19:32:46,926:INFO: - Train metrics: accuracy: 0.791 ; loss: 0.967
2018-03-20 19:32:47,593:INFO: - Eval metrics : accuracy: 0.387 ; loss: 2.941
2018-03-20 19:32:47,608:INFO: Epoch 55/120
2018-03-20 19:32:58,722:INFO: - Train metrics: accuracy: 0.768 ; loss: 1.020
2018-03-20 19:32:59,400:INFO: - Eval metrics : accuracy: 0.166 ; loss: 4.655
2018-03-20 19:32:59,416:INFO: Epoch 56/120
2018-03-20 19:33:10,546:INFO: - Train metrics: accuracy: 0.773 ; loss: 1.016
2018-03-20 19:33:11,221:INFO: - Eval metrics : accuracy: 0.615 ; loss: 1.574
2018-03-20 19:33:11,234:INFO: Epoch 57/120
