2018-03-21 00:39:17,327:INFO: Loading the datasets...
2018-03-21 00:39:17,379:INFO: - done.
2018-03-21 00:39:19,612:INFO: Starting training for 200 epoch(s)
2018-03-21 00:39:19,612:INFO: Epoch 1/200
2018-03-21 00:39:29,890:INFO: - Train metrics: accuracy: 0.008 ; loss: 5.962
2018-03-21 00:39:30,589:INFO: - Eval metrics : accuracy: 0.021 ; loss: 5.605
2018-03-21 00:39:30,618:INFO: - Found new lowest loss
2018-03-21 00:39:30,618:INFO: Epoch 2/200
2018-03-21 00:39:40,110:INFO: - Train metrics: accuracy: 0.039 ; loss: 5.313
2018-03-21 00:39:40,757:INFO: - Eval metrics : accuracy: 0.092 ; loss: 5.039
2018-03-21 00:39:40,785:INFO: - Found new lowest loss
2018-03-21 00:39:40,785:INFO: Epoch 3/200
2018-03-21 00:39:50,269:INFO: - Train metrics: accuracy: 0.105 ; loss: 4.819
2018-03-21 00:39:50,932:INFO: - Eval metrics : accuracy: 0.069 ; loss: 5.056
2018-03-21 00:39:50,949:INFO: Epoch 4/200
2018-03-21 00:40:00,524:INFO: - Train metrics: accuracy: 0.129 ; loss: 4.523
2018-03-21 00:40:01,200:INFO: - Eval metrics : accuracy: 0.201 ; loss: 4.213
2018-03-21 00:40:01,230:INFO: - Found new lowest loss
2018-03-21 00:40:01,231:INFO: Epoch 5/200
2018-03-21 00:40:10,776:INFO: - Train metrics: accuracy: 0.148 ; loss: 4.313
2018-03-21 00:40:11,422:INFO: - Eval metrics : accuracy: 0.027 ; loss: 6.963
2018-03-21 00:40:11,441:INFO: Epoch 6/200
2018-03-21 00:40:20,996:INFO: - Train metrics: accuracy: 0.219 ; loss: 3.768
2018-03-21 00:40:21,640:INFO: - Eval metrics : accuracy: 0.105 ; loss: 4.772
2018-03-21 00:40:21,654:INFO: Epoch 7/200
2018-03-21 00:40:31,132:INFO: - Train metrics: accuracy: 0.297 ; loss: 3.386
2018-03-21 00:40:31,765:INFO: - Eval metrics : accuracy: 0.195 ; loss: 4.110
2018-03-21 00:40:31,793:INFO: - Found new lowest loss
2018-03-21 00:40:31,793:INFO: Epoch 8/200
2018-03-21 00:40:41,344:INFO: - Train metrics: accuracy: 0.301 ; loss: 3.257
2018-03-21 00:40:42,038:INFO: - Eval metrics : accuracy: 0.193 ; loss: 4.168
2018-03-21 00:40:42,060:INFO: Epoch 9/200
2018-03-21 00:40:51,618:INFO: - Train metrics: accuracy: 0.344 ; loss: 3.077
2018-03-21 00:40:52,266:INFO: - Eval metrics : accuracy: 0.114 ; loss: 4.992
2018-03-21 00:40:52,282:INFO: Epoch 10/200
2018-03-21 00:41:01,850:INFO: - Train metrics: accuracy: 0.406 ; loss: 2.702
2018-03-21 00:41:02,476:INFO: - Eval metrics : accuracy: 0.063 ; loss: 6.256
2018-03-21 00:41:02,492:INFO: Epoch 11/200
2018-03-21 00:41:12,031:INFO: - Train metrics: accuracy: 0.387 ; loss: 2.952
2018-03-21 00:41:12,652:INFO: - Eval metrics : accuracy: 0.061 ; loss: 6.285
2018-03-21 00:41:12,669:INFO: Epoch 12/200
2018-03-21 00:41:22,190:INFO: - Train metrics: accuracy: 0.453 ; loss: 2.652
2018-03-21 00:41:22,828:INFO: - Eval metrics : accuracy: 0.087 ; loss: 5.389
2018-03-21 00:41:22,844:INFO: Epoch 13/200
2018-03-21 00:41:32,422:INFO: - Train metrics: accuracy: 0.488 ; loss: 2.351
2018-03-21 00:41:33,080:INFO: - Eval metrics : accuracy: 0.244 ; loss: 3.722
2018-03-21 00:41:33,106:INFO: - Found new lowest loss
2018-03-21 00:41:33,106:INFO: Epoch 14/200
2018-03-21 00:41:42,647:INFO: - Train metrics: accuracy: 0.465 ; loss: 2.519
2018-03-21 00:41:43,291:INFO: - Eval metrics : accuracy: 0.143 ; loss: 4.709
2018-03-21 00:41:43,308:INFO: Epoch 15/200
2018-03-21 00:41:52,828:INFO: - Train metrics: accuracy: 0.469 ; loss: 2.362
2018-03-21 00:41:53,479:INFO: - Eval metrics : accuracy: 0.254 ; loss: 3.671
2018-03-21 00:41:53,507:INFO: - Found new lowest loss
2018-03-21 00:41:53,508:INFO: Epoch 16/200
2018-03-21 00:42:03,007:INFO: - Train metrics: accuracy: 0.465 ; loss: 2.465
2018-03-21 00:42:03,644:INFO: - Eval metrics : accuracy: 0.243 ; loss: 3.677
2018-03-21 00:42:03,660:INFO: Epoch 17/200
2018-03-21 00:42:13,237:INFO: - Train metrics: accuracy: 0.496 ; loss: 2.216
2018-03-21 00:42:13,902:INFO: - Eval metrics : accuracy: 0.259 ; loss: 3.518
2018-03-21 00:42:13,930:INFO: - Found new lowest loss
2018-03-21 00:42:13,931:INFO: Epoch 18/200
2018-03-21 00:42:23,457:INFO: - Train metrics: accuracy: 0.457 ; loss: 2.329
2018-03-21 00:42:24,157:INFO: - Eval metrics : accuracy: 0.203 ; loss: 4.192
2018-03-21 00:42:24,172:INFO: Epoch 19/200
2018-03-21 00:42:33,731:INFO: - Train metrics: accuracy: 0.492 ; loss: 2.109
2018-03-21 00:42:34,400:INFO: - Eval metrics : accuracy: 0.268 ; loss: 3.524
2018-03-21 00:42:34,415:INFO: Epoch 20/200
2018-03-21 00:42:43,960:INFO: - Train metrics: accuracy: 0.512 ; loss: 2.012
2018-03-21 00:42:44,613:INFO: - Eval metrics : accuracy: 0.118 ; loss: 5.690
2018-03-21 00:42:44,629:INFO: Epoch 21/200
2018-03-21 00:42:54,218:INFO: - Train metrics: accuracy: 0.570 ; loss: 1.955
2018-03-21 00:42:54,871:INFO: - Eval metrics : accuracy: 0.423 ; loss: 2.664
2018-03-21 00:42:54,898:INFO: - Found new lowest loss
2018-03-21 00:42:54,899:INFO: Epoch 22/200
2018-03-21 00:43:04,435:INFO: - Train metrics: accuracy: 0.582 ; loss: 1.800
2018-03-21 00:43:05,130:INFO: - Eval metrics : accuracy: 0.086 ; loss: 6.393
2018-03-21 00:43:05,147:INFO: Epoch 23/200
2018-03-21 00:43:14,699:INFO: - Train metrics: accuracy: 0.562 ; loss: 1.962
2018-03-21 00:43:15,354:INFO: - Eval metrics : accuracy: 0.167 ; loss: 5.416
2018-03-21 00:43:15,373:INFO: Epoch 24/200
2018-03-21 00:43:24,901:INFO: - Train metrics: accuracy: 0.605 ; loss: 1.768
2018-03-21 00:43:25,570:INFO: - Eval metrics : accuracy: 0.086 ; loss: 7.901
2018-03-21 00:43:25,593:INFO: Epoch 25/200
2018-03-21 00:43:35,112:INFO: - Train metrics: accuracy: 0.605 ; loss: 1.703
2018-03-21 00:43:35,798:INFO: - Eval metrics : accuracy: 0.433 ; loss: 2.571
2018-03-21 00:43:35,822:INFO: - Found new lowest loss
2018-03-21 00:43:35,822:INFO: Epoch 26/200
2018-03-21 00:43:45,374:INFO: - Train metrics: accuracy: 0.637 ; loss: 1.462
2018-03-21 00:43:46,014:INFO: - Eval metrics : accuracy: 0.101 ; loss: 6.100
2018-03-21 00:43:46,029:INFO: Epoch 27/200
2018-03-21 00:43:55,569:INFO: - Train metrics: accuracy: 0.633 ; loss: 1.613
2018-03-21 00:43:56,195:INFO: - Eval metrics : accuracy: 0.117 ; loss: 5.777
2018-03-21 00:43:56,232:INFO: Epoch 28/200
2018-03-21 00:44:05,730:INFO: - Train metrics: accuracy: 0.734 ; loss: 1.247
2018-03-21 00:44:06,382:INFO: - Eval metrics : accuracy: 0.276 ; loss: 3.576
2018-03-21 00:44:06,401:INFO: Epoch 29/200
2018-03-21 00:44:15,909:INFO: - Train metrics: accuracy: 0.691 ; loss: 1.396
2018-03-21 00:44:16,581:INFO: - Eval metrics : accuracy: 0.292 ; loss: 3.595
2018-03-21 00:44:16,599:INFO: Epoch 30/200
2018-03-21 00:44:26,168:INFO: - Train metrics: accuracy: 0.648 ; loss: 1.606
2018-03-21 00:44:26,814:INFO: - Eval metrics : accuracy: 0.482 ; loss: 2.404
2018-03-21 00:44:26,845:INFO: - Found new lowest loss
2018-03-21 00:44:26,845:INFO: Epoch 31/200
2018-03-21 00:44:36,365:INFO: - Train metrics: accuracy: 0.715 ; loss: 1.200
2018-03-21 00:44:37,035:INFO: - Eval metrics : accuracy: 0.273 ; loss: 4.220
2018-03-21 00:44:37,062:INFO: Epoch 32/200
2018-03-21 00:44:46,569:INFO: - Train metrics: accuracy: 0.668 ; loss: 1.466
2018-03-21 00:44:47,222:INFO: - Eval metrics : accuracy: 0.340 ; loss: 3.473
2018-03-21 00:44:47,245:INFO: Epoch 33/200
2018-03-21 00:44:56,741:INFO: - Train metrics: accuracy: 0.719 ; loss: 1.299
2018-03-21 00:44:57,377:INFO: - Eval metrics : accuracy: 0.457 ; loss: 2.588
2018-03-21 00:44:57,397:INFO: Epoch 34/200
2018-03-21 00:45:06,953:INFO: - Train metrics: accuracy: 0.684 ; loss: 1.343
2018-03-21 00:45:07,603:INFO: - Eval metrics : accuracy: 0.192 ; loss: 4.659
2018-03-21 00:45:07,640:INFO: Epoch 35/200
2018-03-21 00:45:17,181:INFO: - Train metrics: accuracy: 0.691 ; loss: 1.436
2018-03-21 00:45:17,861:INFO: - Eval metrics : accuracy: 0.055 ; loss: 7.418
2018-03-21 00:45:17,885:INFO: Epoch 36/200
2018-03-21 00:45:27,414:INFO: - Train metrics: accuracy: 0.711 ; loss: 1.283
2018-03-21 00:45:28,065:INFO: - Eval metrics : accuracy: 0.230 ; loss: 4.423
2018-03-21 00:45:28,089:INFO: Epoch 37/200
2018-03-21 00:45:37,599:INFO: - Train metrics: accuracy: 0.727 ; loss: 1.129
2018-03-21 00:45:38,250:INFO: - Eval metrics : accuracy: 0.087 ; loss: 6.748
2018-03-21 00:45:38,280:INFO: Epoch 38/200
2018-03-21 00:45:47,763:INFO: - Train metrics: accuracy: 0.695 ; loss: 1.156
2018-03-21 00:45:48,443:INFO: - Eval metrics : accuracy: 0.359 ; loss: 3.239
2018-03-21 00:45:48,459:INFO: Epoch 39/200
2018-03-21 00:45:57,963:INFO: - Train metrics: accuracy: 0.715 ; loss: 1.108
2018-03-21 00:45:58,601:INFO: - Eval metrics : accuracy: 0.399 ; loss: 2.982
2018-03-21 00:45:58,616:INFO: Epoch 40/200
2018-03-21 00:46:08,125:INFO: - Train metrics: accuracy: 0.715 ; loss: 1.081
2018-03-21 00:46:08,773:INFO: - Eval metrics : accuracy: 0.330 ; loss: 3.552
2018-03-21 00:46:08,789:INFO: Epoch 41/200
2018-03-21 00:46:18,331:INFO: - Train metrics: accuracy: 0.695 ; loss: 1.198
2018-03-21 00:46:18,973:INFO: - Eval metrics : accuracy: 0.187 ; loss: 4.705
2018-03-21 00:46:19,002:INFO: Epoch 42/200
2018-03-21 00:46:28,487:INFO: - Train metrics: accuracy: 0.770 ; loss: 0.952
2018-03-21 00:46:29,167:INFO: - Eval metrics : accuracy: 0.357 ; loss: 3.291
2018-03-21 00:46:29,193:INFO: Epoch 43/200
2018-03-21 00:46:38,748:INFO: - Train metrics: accuracy: 0.758 ; loss: 1.046
2018-03-21 00:46:39,410:INFO: - Eval metrics : accuracy: 0.155 ; loss: 6.575
2018-03-21 00:46:39,434:INFO: Epoch 44/200
2018-03-21 00:46:48,995:INFO: - Train metrics: accuracy: 0.742 ; loss: 1.093
2018-03-21 00:46:49,638:INFO: - Eval metrics : accuracy: 0.380 ; loss: 2.987
2018-03-21 00:46:49,657:INFO: Epoch 45/200
2018-03-21 00:46:59,166:INFO: - Train metrics: accuracy: 0.750 ; loss: 0.987
2018-03-21 00:46:59,816:INFO: - Eval metrics : accuracy: 0.318 ; loss: 3.538
2018-03-21 00:46:59,831:INFO: Epoch 46/200
2018-03-21 00:47:09,313:INFO: - Train metrics: accuracy: 0.773 ; loss: 1.010
2018-03-21 00:47:09,940:INFO: - Eval metrics : accuracy: 0.100 ; loss: 6.360
2018-03-21 00:47:09,956:INFO: Epoch 47/200
2018-03-21 00:47:19,464:INFO: - Train metrics: accuracy: 0.754 ; loss: 0.980
2018-03-21 00:47:20,105:INFO: - Eval metrics : accuracy: 0.170 ; loss: 5.346
2018-03-21 00:47:20,117:INFO: Epoch 48/200
2018-03-21 00:47:29,655:INFO: - Train metrics: accuracy: 0.781 ; loss: 0.904
2018-03-21 00:47:30,271:INFO: - Eval metrics : accuracy: 0.232 ; loss: 4.343
2018-03-21 00:47:30,297:INFO: Epoch 49/200
2018-03-21 00:47:39,800:INFO: - Train metrics: accuracy: 0.777 ; loss: 0.979
2018-03-21 00:47:40,450:INFO: - Eval metrics : accuracy: 0.361 ; loss: 3.270
2018-03-21 00:47:40,466:INFO: Epoch 50/200
2018-03-21 00:47:49,996:INFO: - Train metrics: accuracy: 0.801 ; loss: 0.823
2018-03-21 00:47:50,629:INFO: - Eval metrics : accuracy: 0.193 ; loss: 4.863
2018-03-21 00:47:50,642:INFO: Epoch 51/200
2018-03-21 00:48:00,208:INFO: - Train metrics: accuracy: 0.797 ; loss: 0.912
2018-03-21 00:48:00,874:INFO: - Eval metrics : accuracy: 0.254 ; loss: 4.055
2018-03-21 00:48:00,897:INFO: Epoch 52/200
2018-03-21 00:48:10,441:INFO: - Train metrics: accuracy: 0.773 ; loss: 0.931
2018-03-21 00:48:11,110:INFO: - Eval metrics : accuracy: 0.230 ; loss: 4.531
2018-03-21 00:48:11,133:INFO: Epoch 53/200
2018-03-21 00:48:20,683:INFO: - Train metrics: accuracy: 0.785 ; loss: 0.858
2018-03-21 00:48:21,348:INFO: - Eval metrics : accuracy: 0.050 ; loss: 9.385
2018-03-21 00:48:21,368:INFO: Epoch 54/200
2018-03-21 00:48:30,883:INFO: - Train metrics: accuracy: 0.781 ; loss: 1.008
2018-03-21 00:48:31,539:INFO: - Eval metrics : accuracy: 0.419 ; loss: 2.888
2018-03-21 00:48:31,552:INFO: Epoch 55/200
2018-03-21 00:48:41,081:INFO: - Train metrics: accuracy: 0.766 ; loss: 0.926
2018-03-21 00:48:41,786:INFO: - Eval metrics : accuracy: 0.381 ; loss: 3.222
2018-03-21 00:48:41,805:INFO: Epoch 56/200
2018-03-21 00:48:51,319:INFO: - Train metrics: accuracy: 0.809 ; loss: 0.824
2018-03-21 00:48:51,956:INFO: - Eval metrics : accuracy: 0.347 ; loss: 3.344
2018-03-21 00:48:51,992:INFO: Epoch 57/200
2018-03-21 00:49:01,514:INFO: - Train metrics: accuracy: 0.820 ; loss: 0.782
2018-03-21 00:49:02,140:INFO: - Eval metrics : accuracy: 0.476 ; loss: 2.595
2018-03-21 00:49:02,156:INFO: Epoch 58/200
2018-03-21 00:49:11,671:INFO: - Train metrics: accuracy: 0.824 ; loss: 0.805
2018-03-21 00:49:12,312:INFO: - Eval metrics : accuracy: 0.284 ; loss: 3.868
2018-03-21 00:49:12,328:INFO: Epoch 59/200
2018-03-21 00:49:21,838:INFO: - Train metrics: accuracy: 0.805 ; loss: 0.808
2018-03-21 00:49:22,511:INFO: - Eval metrics : accuracy: 0.228 ; loss: 4.374
2018-03-21 00:49:22,528:INFO: Epoch 60/200
2018-03-21 00:49:32,091:INFO: - Train metrics: accuracy: 0.820 ; loss: 0.766
2018-03-21 00:49:32,737:INFO: - Eval metrics : accuracy: 0.245 ; loss: 4.557
2018-03-21 00:49:32,761:INFO: Epoch 61/200
2018-03-21 00:49:42,268:INFO: - Train metrics: accuracy: 0.824 ; loss: 0.793
2018-03-21 00:49:42,935:INFO: - Eval metrics : accuracy: 0.161 ; loss: 5.885
2018-03-21 00:49:42,951:INFO: Epoch 62/200
2018-03-21 00:49:52,476:INFO: - Train metrics: accuracy: 0.773 ; loss: 0.895
2018-03-21 00:49:53,121:INFO: - Eval metrics : accuracy: 0.236 ; loss: 4.935
2018-03-21 00:49:53,152:INFO: Epoch 63/200
2018-03-21 00:50:02,632:INFO: - Train metrics: accuracy: 0.887 ; loss: 0.591
2018-03-21 00:50:03,271:INFO: - Eval metrics : accuracy: 0.375 ; loss: 3.213
2018-03-21 00:50:03,287:INFO: Epoch 64/200
2018-03-21 00:50:12,903:INFO: - Train metrics: accuracy: 0.805 ; loss: 0.753
2018-03-21 00:50:13,565:INFO: - Eval metrics : accuracy: 0.338 ; loss: 3.438
2018-03-21 00:50:13,579:INFO: Epoch 65/200
2018-03-21 00:50:23,119:INFO: - Train metrics: accuracy: 0.832 ; loss: 0.731
2018-03-21 00:50:23,766:INFO: - Eval metrics : accuracy: 0.386 ; loss: 3.172
2018-03-21 00:50:23,782:INFO: Epoch 66/200
2018-03-21 00:50:33,323:INFO: - Train metrics: accuracy: 0.836 ; loss: 0.705
2018-03-21 00:50:33,961:INFO: - Eval metrics : accuracy: 0.248 ; loss: 4.224
2018-03-21 00:50:33,977:INFO: Epoch 67/200
2018-03-21 00:50:43,471:INFO: - Train metrics: accuracy: 0.812 ; loss: 0.793
2018-03-21 00:50:44,103:INFO: - Eval metrics : accuracy: 0.301 ; loss: 4.005
2018-03-21 00:50:44,141:INFO: Epoch 68/200
2018-03-21 00:50:53,663:INFO: - Train metrics: accuracy: 0.828 ; loss: 0.723
2018-03-21 00:50:54,338:INFO: - Eval metrics : accuracy: 0.225 ; loss: 4.957
2018-03-21 00:50:54,357:INFO: Epoch 69/200
2018-03-21 00:51:03,893:INFO: - Train metrics: accuracy: 0.855 ; loss: 0.645
2018-03-21 00:51:04,550:INFO: - Eval metrics : accuracy: 0.428 ; loss: 2.966
2018-03-21 00:51:04,569:INFO: Epoch 70/200
2018-03-21 00:51:14,105:INFO: - Train metrics: accuracy: 0.871 ; loss: 0.615
2018-03-21 00:51:14,769:INFO: - Eval metrics : accuracy: 0.429 ; loss: 2.999
2018-03-21 00:51:14,785:INFO: Epoch 71/200
2018-03-21 00:51:24,296:INFO: - Train metrics: accuracy: 0.812 ; loss: 0.750
2018-03-21 00:51:24,956:INFO: - Eval metrics : accuracy: 0.139 ; loss: 5.865
2018-03-21 00:51:24,989:INFO: Epoch 72/200
2018-03-21 00:51:34,525:INFO: - Train metrics: accuracy: 0.805 ; loss: 0.764
2018-03-21 00:51:35,171:INFO: - Eval metrics : accuracy: 0.071 ; loss: 7.708
2018-03-21 00:51:35,196:INFO: Epoch 73/200
2018-03-21 00:51:44,720:INFO: - Train metrics: accuracy: 0.852 ; loss: 0.647
2018-03-21 00:51:45,363:INFO: - Eval metrics : accuracy: 0.449 ; loss: 2.770
2018-03-21 00:51:45,389:INFO: Epoch 74/200
2018-03-21 00:51:54,881:INFO: - Train metrics: accuracy: 0.812 ; loss: 0.724
2018-03-21 00:51:55,527:INFO: - Eval metrics : accuracy: 0.338 ; loss: 3.656
2018-03-21 00:51:55,545:INFO: Epoch 75/200
2018-03-21 00:52:04,981:INFO: - Train metrics: accuracy: 0.848 ; loss: 0.692
2018-03-21 00:52:05,627:INFO: - Eval metrics : accuracy: 0.176 ; loss: 5.777
2018-03-21 00:52:05,643:INFO: Epoch 76/200
2018-03-21 00:52:15,213:INFO: - Train metrics: accuracy: 0.859 ; loss: 0.628
2018-03-21 00:52:15,868:INFO: - Eval metrics : accuracy: 0.341 ; loss: 3.364
2018-03-21 00:52:15,884:INFO: Epoch 77/200
2018-03-21 00:52:25,430:INFO: - Train metrics: accuracy: 0.887 ; loss: 0.537
2018-03-21 00:52:26,077:INFO: - Eval metrics : accuracy: 0.033 ; loss: 10.115
2018-03-21 00:52:26,089:INFO: Epoch 78/200
2018-03-21 00:52:35,617:INFO: - Train metrics: accuracy: 0.844 ; loss: 0.723
2018-03-21 00:52:36,280:INFO: - Eval metrics : accuracy: 0.389 ; loss: 3.239
2018-03-21 00:52:36,305:INFO: Epoch 79/200
2018-03-21 00:52:45,835:INFO: - Train metrics: accuracy: 0.863 ; loss: 0.557
2018-03-21 00:52:46,472:INFO: - Eval metrics : accuracy: 0.464 ; loss: 2.724
2018-03-21 00:52:46,488:INFO: Epoch 80/200
2018-03-21 00:52:56,020:INFO: - Train metrics: accuracy: 0.859 ; loss: 0.624
2018-03-21 00:52:56,674:INFO: - Eval metrics : accuracy: 0.122 ; loss: 6.143
2018-03-21 00:52:56,689:INFO: Epoch 81/200
2018-03-21 00:53:06,209:INFO: - Train metrics: accuracy: 0.812 ; loss: 0.791
2018-03-21 00:53:06,886:INFO: - Eval metrics : accuracy: 0.529 ; loss: 2.330
2018-03-21 00:53:06,917:INFO: - Found new lowest loss
2018-03-21 00:53:06,918:INFO: Epoch 82/200
2018-03-21 00:53:16,473:INFO: - Train metrics: accuracy: 0.863 ; loss: 0.620
2018-03-21 00:53:17,140:INFO: - Eval metrics : accuracy: 0.501 ; loss: 2.460
2018-03-21 00:53:17,156:INFO: Epoch 83/200
2018-03-21 00:53:26,668:INFO: - Train metrics: accuracy: 0.836 ; loss: 0.648
2018-03-21 00:53:27,309:INFO: - Eval metrics : accuracy: 0.396 ; loss: 2.934
2018-03-21 00:53:27,326:INFO: Epoch 84/200
2018-03-21 00:53:36,867:INFO: - Train metrics: accuracy: 0.867 ; loss: 0.598
2018-03-21 00:53:37,496:INFO: - Eval metrics : accuracy: 0.472 ; loss: 2.694
2018-03-21 00:53:37,512:INFO: Epoch 85/200
2018-03-21 00:53:47,042:INFO: - Train metrics: accuracy: 0.844 ; loss: 0.689
2018-03-21 00:53:47,731:INFO: - Eval metrics : accuracy: 0.116 ; loss: 7.142
2018-03-21 00:53:47,764:INFO: Epoch 86/200
2018-03-21 00:53:57,281:INFO: - Train metrics: accuracy: 0.828 ; loss: 0.759
2018-03-21 00:53:57,938:INFO: - Eval metrics : accuracy: 0.321 ; loss: 4.011
2018-03-21 00:53:57,957:INFO: Epoch 87/200
2018-03-21 00:54:07,480:INFO: - Train metrics: accuracy: 0.816 ; loss: 0.731
2018-03-21 00:54:08,154:INFO: - Eval metrics : accuracy: 0.428 ; loss: 2.858
2018-03-21 00:54:08,191:INFO: Epoch 88/200
2018-03-21 00:54:17,750:INFO: - Train metrics: accuracy: 0.855 ; loss: 0.569
2018-03-21 00:54:18,410:INFO: - Eval metrics : accuracy: 0.165 ; loss: 5.298
2018-03-21 00:54:18,426:INFO: Epoch 89/200
2018-03-21 00:54:27,968:INFO: - Train metrics: accuracy: 0.840 ; loss: 0.674
2018-03-21 00:54:28,626:INFO: - Eval metrics : accuracy: 0.307 ; loss: 3.853
2018-03-21 00:54:28,642:INFO: Epoch 90/200
2018-03-21 00:54:38,148:INFO: - Train metrics: accuracy: 0.855 ; loss: 0.631
2018-03-21 00:54:38,791:INFO: - Eval metrics : accuracy: 0.390 ; loss: 3.348
2018-03-21 00:54:38,807:INFO: Epoch 91/200
2018-03-21 00:54:48,341:INFO: - Train metrics: accuracy: 0.836 ; loss: 0.559
2018-03-21 00:54:49,008:INFO: - Eval metrics : accuracy: 0.495 ; loss: 2.568
2018-03-21 00:54:49,044:INFO: Epoch 92/200
2018-03-21 00:54:58,545:INFO: - Train metrics: accuracy: 0.867 ; loss: 0.596
2018-03-21 00:54:59,213:INFO: - Eval metrics : accuracy: 0.395 ; loss: 3.193
2018-03-21 00:54:59,226:INFO: Epoch 93/200
2018-03-21 00:55:08,756:INFO: - Train metrics: accuracy: 0.867 ; loss: 0.566
2018-03-21 00:55:09,397:INFO: - Eval metrics : accuracy: 0.332 ; loss: 3.793
2018-03-21 00:55:09,413:INFO: Epoch 94/200
2018-03-21 00:55:18,949:INFO: - Train metrics: accuracy: 0.871 ; loss: 0.604
2018-03-21 00:55:19,579:INFO: - Eval metrics : accuracy: 0.305 ; loss: 4.118
2018-03-21 00:55:19,596:INFO: Epoch 95/200
2018-03-21 00:55:29,108:INFO: - Train metrics: accuracy: 0.875 ; loss: 0.592
2018-03-21 00:55:29,801:INFO: - Eval metrics : accuracy: 0.366 ; loss: 3.659
2018-03-21 00:55:29,817:INFO: Epoch 96/200
2018-03-21 00:55:39,379:INFO: - Train metrics: accuracy: 0.898 ; loss: 0.494
2018-03-21 00:55:39,996:INFO: - Eval metrics : accuracy: 0.449 ; loss: 2.810
2018-03-21 00:55:40,012:INFO: Epoch 97/200
2018-03-21 00:55:49,521:INFO: - Train metrics: accuracy: 0.832 ; loss: 0.668
2018-03-21 00:55:50,146:INFO: - Eval metrics : accuracy: 0.420 ; loss: 3.166
2018-03-21 00:55:50,169:INFO: Epoch 98/200
2018-03-21 00:55:59,684:INFO: - Train metrics: accuracy: 0.867 ; loss: 0.599
2018-03-21 00:56:00,348:INFO: - Eval metrics : accuracy: 0.175 ; loss: 5.552
2018-03-21 00:56:00,381:INFO: Epoch 99/200
2018-03-21 00:56:09,898:INFO: - Train metrics: accuracy: 0.871 ; loss: 0.551
2018-03-21 00:56:10,540:INFO: - Eval metrics : accuracy: 0.174 ; loss: 5.077
2018-03-21 00:56:10,556:INFO: Epoch 100/200
2018-03-21 00:56:20,058:INFO: - Train metrics: accuracy: 0.875 ; loss: 0.516
2018-03-21 00:56:20,753:INFO: - Eval metrics : accuracy: 0.239 ; loss: 4.351
2018-03-21 00:56:20,773:INFO: Epoch 101/200
2018-03-21 00:56:30,335:INFO: - Train metrics: accuracy: 0.871 ; loss: 0.577
2018-03-21 00:56:30,964:INFO: - Eval metrics : accuracy: 0.298 ; loss: 4.029
2018-03-21 00:56:30,980:INFO: Epoch 102/200
2018-03-21 00:56:40,471:INFO: - Train metrics: accuracy: 0.887 ; loss: 0.608
2018-03-21 00:56:41,111:INFO: - Eval metrics : accuracy: 0.289 ; loss: 4.283
2018-03-21 00:56:41,137:INFO: Epoch 103/200
2018-03-21 00:56:50,659:INFO: - Train metrics: accuracy: 0.883 ; loss: 0.552
2018-03-21 00:56:51,319:INFO: - Eval metrics : accuracy: 0.462 ; loss: 2.772
2018-03-21 00:56:51,335:INFO: Epoch 104/200
2018-03-21 00:57:00,875:INFO: - Train metrics: accuracy: 0.879 ; loss: 0.489
2018-03-21 00:57:01,534:INFO: - Eval metrics : accuracy: 0.220 ; loss: 5.168
2018-03-21 00:57:01,549:INFO: Epoch 105/200
2018-03-21 00:57:11,085:INFO: - Train metrics: accuracy: 0.852 ; loss: 0.577
2018-03-21 00:57:11,744:INFO: - Eval metrics : accuracy: 0.328 ; loss: 4.041
2018-03-21 00:57:11,761:INFO: Epoch 106/200
2018-03-21 00:57:21,265:INFO: - Train metrics: accuracy: 0.875 ; loss: 0.586
2018-03-21 00:57:21,898:INFO: - Eval metrics : accuracy: 0.257 ; loss: 4.611
2018-03-21 00:57:21,923:INFO: Epoch 107/200
2018-03-21 00:57:31,447:INFO: - Train metrics: accuracy: 0.859 ; loss: 0.581
2018-03-21 00:57:32,095:INFO: - Eval metrics : accuracy: 0.393 ; loss: 3.202
2018-03-21 00:57:32,107:INFO: Epoch 108/200
2018-03-21 00:57:41,672:INFO: - Train metrics: accuracy: 0.836 ; loss: 0.612
2018-03-21 00:57:42,356:INFO: - Eval metrics : accuracy: 0.416 ; loss: 3.063
2018-03-21 00:57:42,372:INFO: Epoch 109/200
2018-03-21 00:57:51,919:INFO: - Train metrics: accuracy: 0.918 ; loss: 0.450
2018-03-21 00:57:52,584:INFO: - Eval metrics : accuracy: 0.406 ; loss: 3.263
2018-03-21 00:57:52,599:INFO: Epoch 110/200
2018-03-21 00:58:02,139:INFO: - Train metrics: accuracy: 0.848 ; loss: 0.546
2018-03-21 00:58:02,799:INFO: - Eval metrics : accuracy: 0.257 ; loss: 4.849
2018-03-21 00:58:02,816:INFO: Epoch 111/200
2018-03-21 00:58:12,360:INFO: - Train metrics: accuracy: 0.867 ; loss: 0.562
2018-03-21 00:58:12,999:INFO: - Eval metrics : accuracy: 0.296 ; loss: 4.279
2018-03-21 00:58:13,017:INFO: Epoch 112/200
2018-03-21 00:58:22,563:INFO: - Train metrics: accuracy: 0.898 ; loss: 0.545
2018-03-21 00:58:23,227:INFO: - Eval metrics : accuracy: 0.434 ; loss: 2.992
2018-03-21 00:58:23,253:INFO: Epoch 113/200
2018-03-21 00:58:32,789:INFO: - Train metrics: accuracy: 0.879 ; loss: 0.515
2018-03-21 00:58:33,456:INFO: - Eval metrics : accuracy: 0.173 ; loss: 5.948
2018-03-21 00:58:33,472:INFO: Epoch 114/200
2018-03-21 00:58:42,988:INFO: - Train metrics: accuracy: 0.926 ; loss: 0.424
2018-03-21 00:58:43,641:INFO: - Eval metrics : accuracy: 0.484 ; loss: 2.698
2018-03-21 00:58:43,664:INFO: Epoch 115/200
2018-03-21 00:58:53,207:INFO: - Train metrics: accuracy: 0.883 ; loss: 0.564
2018-03-21 00:58:53,870:INFO: - Eval metrics : accuracy: 0.440 ; loss: 2.960
2018-03-21 00:58:53,902:INFO: Epoch 116/200
2018-03-21 00:59:03,393:INFO: - Train metrics: accuracy: 0.863 ; loss: 0.604
2018-03-21 00:59:04,036:INFO: - Eval metrics : accuracy: 0.446 ; loss: 2.918
2018-03-21 00:59:04,049:INFO: Epoch 117/200
2018-03-21 00:59:13,594:INFO: - Train metrics: accuracy: 0.887 ; loss: 0.496
2018-03-21 00:59:14,237:INFO: - Eval metrics : accuracy: 0.322 ; loss: 4.136
2018-03-21 00:59:14,257:INFO: Epoch 118/200
2018-03-21 00:59:23,781:INFO: - Train metrics: accuracy: 0.891 ; loss: 0.505
2018-03-21 00:59:24,442:INFO: - Eval metrics : accuracy: 0.338 ; loss: 3.864
2018-03-21 00:59:24,469:INFO: Epoch 119/200
2018-03-21 00:59:33,995:INFO: - Train metrics: accuracy: 0.863 ; loss: 0.595
2018-03-21 00:59:34,698:INFO: - Eval metrics : accuracy: 0.249 ; loss: 5.019
2018-03-21 00:59:34,721:INFO: Epoch 120/200
2018-03-21 00:59:44,265:INFO: - Train metrics: accuracy: 0.891 ; loss: 0.495
2018-03-21 00:59:44,916:INFO: - Eval metrics : accuracy: 0.286 ; loss: 4.141
2018-03-21 00:59:44,931:INFO: Epoch 121/200
2018-03-21 00:59:54,458:INFO: - Train metrics: accuracy: 0.859 ; loss: 0.543
2018-03-21 00:59:55,089:INFO: - Eval metrics : accuracy: 0.258 ; loss: 4.304
2018-03-21 00:59:55,105:INFO: Epoch 122/200
2018-03-21 01:00:04,608:INFO: - Train metrics: accuracy: 0.867 ; loss: 0.568
2018-03-21 01:00:05,267:INFO: - Eval metrics : accuracy: 0.258 ; loss: 4.478
2018-03-21 01:00:05,293:INFO: Epoch 123/200
2018-03-21 01:00:14,827:INFO: - Train metrics: accuracy: 0.887 ; loss: 0.498
2018-03-21 01:00:15,515:INFO: - Eval metrics : accuracy: 0.415 ; loss: 3.118
2018-03-21 01:00:15,533:INFO: Epoch 124/200
2018-03-21 01:00:25,079:INFO: - Train metrics: accuracy: 0.910 ; loss: 0.493
2018-03-21 01:00:25,711:INFO: - Eval metrics : accuracy: 0.280 ; loss: 4.266
2018-03-21 01:00:25,726:INFO: Epoch 125/200
2018-03-21 01:00:35,265:INFO: - Train metrics: accuracy: 0.914 ; loss: 0.505
2018-03-21 01:00:35,911:INFO: - Eval metrics : accuracy: 0.174 ; loss: 6.079
2018-03-21 01:00:35,934:INFO: Epoch 126/200
2018-03-21 01:00:45,470:INFO: - Train metrics: accuracy: 0.891 ; loss: 0.561
2018-03-21 01:00:46,134:INFO: - Eval metrics : accuracy: 0.392 ; loss: 3.256
2018-03-21 01:00:46,153:INFO: Epoch 127/200
2018-03-21 01:00:55,662:INFO: - Train metrics: accuracy: 0.887 ; loss: 0.475
2018-03-21 01:00:56,344:INFO: - Eval metrics : accuracy: 0.312 ; loss: 3.836
2018-03-21 01:00:56,361:INFO: Epoch 128/200
2018-03-21 01:01:05,904:INFO: - Train metrics: accuracy: 0.883 ; loss: 0.522
2018-03-21 01:01:06,544:INFO: - Eval metrics : accuracy: 0.410 ; loss: 3.221
2018-03-21 01:01:06,560:INFO: Epoch 129/200
2018-03-21 01:01:16,084:INFO: - Train metrics: accuracy: 0.914 ; loss: 0.419
2018-03-21 01:01:16,734:INFO: - Eval metrics : accuracy: 0.390 ; loss: 3.502
2018-03-21 01:01:16,750:INFO: Epoch 130/200
2018-03-21 01:01:26,266:INFO: - Train metrics: accuracy: 0.891 ; loss: 0.511
2018-03-21 01:01:26,929:INFO: - Eval metrics : accuracy: 0.406 ; loss: 3.249
2018-03-21 01:01:26,949:INFO: Epoch 131/200
2018-03-21 01:01:36,474:INFO: - Train metrics: accuracy: 0.887 ; loss: 0.516
2018-03-21 01:01:37,120:INFO: - Eval metrics : accuracy: 0.486 ; loss: 2.587
2018-03-21 01:01:37,137:INFO: Epoch 132/200
2018-03-21 01:01:46,662:INFO: - Train metrics: accuracy: 0.887 ; loss: 0.490
2018-03-21 01:01:47,331:INFO: - Eval metrics : accuracy: 0.250 ; loss: 4.707
2018-03-21 01:01:47,353:INFO: Epoch 133/200
2018-03-21 01:01:56,834:INFO: - Train metrics: accuracy: 0.891 ; loss: 0.535
2018-03-21 01:01:57,501:INFO: - Eval metrics : accuracy: 0.310 ; loss: 3.907
2018-03-21 01:01:57,518:INFO: Epoch 134/200
2018-03-21 01:02:07,049:INFO: - Train metrics: accuracy: 0.879 ; loss: 0.531
2018-03-21 01:02:07,686:INFO: - Eval metrics : accuracy: 0.246 ; loss: 4.481
2018-03-21 01:02:07,701:INFO: Epoch 135/200
2018-03-21 01:02:17,182:INFO: - Train metrics: accuracy: 0.895 ; loss: 0.469
2018-03-21 01:02:17,808:INFO: - Eval metrics : accuracy: 0.398 ; loss: 3.298
2018-03-21 01:02:17,824:INFO: Epoch 136/200
2018-03-21 01:02:27,361:INFO: - Train metrics: accuracy: 0.891 ; loss: 0.499
2018-03-21 01:02:28,012:INFO: - Eval metrics : accuracy: 0.358 ; loss: 3.512
2018-03-21 01:02:28,028:INFO: Epoch 137/200
2018-03-21 01:02:37,601:INFO: - Train metrics: accuracy: 0.875 ; loss: 0.573
2018-03-21 01:02:38,250:INFO: - Eval metrics : accuracy: 0.432 ; loss: 3.093
2018-03-21 01:02:38,269:INFO: Epoch 138/200
2018-03-21 01:02:47,793:INFO: - Train metrics: accuracy: 0.906 ; loss: 0.448
2018-03-21 01:02:48,453:INFO: - Eval metrics : accuracy: 0.338 ; loss: 3.857
2018-03-21 01:02:48,480:INFO: Epoch 139/200
2018-03-21 01:02:57,987:INFO: - Train metrics: accuracy: 0.926 ; loss: 0.380
2018-03-21 01:02:58,619:INFO: - Eval metrics : accuracy: 0.315 ; loss: 3.760
2018-03-21 01:02:58,646:INFO: Epoch 140/200
2018-03-21 01:03:08,224:INFO: - Train metrics: accuracy: 0.887 ; loss: 0.479
2018-03-21 01:03:08,888:INFO: - Eval metrics : accuracy: 0.189 ; loss: 5.032
2018-03-21 01:03:08,903:INFO: Epoch 141/200
2018-03-21 01:03:18,476:INFO: - Train metrics: accuracy: 0.883 ; loss: 0.471
2018-03-21 01:03:19,132:INFO: - Eval metrics : accuracy: 0.428 ; loss: 3.220
2018-03-21 01:03:19,148:INFO: Epoch 142/200
2018-03-21 01:03:28,661:INFO: - Train metrics: accuracy: 0.918 ; loss: 0.454
2018-03-21 01:03:29,318:INFO: - Eval metrics : accuracy: 0.164 ; loss: 5.422
2018-03-21 01:03:29,331:INFO: Epoch 143/200
2018-03-21 01:03:38,836:INFO: - Train metrics: accuracy: 0.879 ; loss: 0.512
2018-03-21 01:03:39,471:INFO: - Eval metrics : accuracy: 0.258 ; loss: 4.444
2018-03-21 01:03:39,503:INFO: Epoch 144/200
2018-03-21 01:03:49,053:INFO: - Train metrics: accuracy: 0.871 ; loss: 0.532
2018-03-21 01:03:49,700:INFO: - Eval metrics : accuracy: 0.452 ; loss: 2.777
2018-03-21 01:03:49,717:INFO: Epoch 145/200
2018-03-21 01:03:59,268:INFO: - Train metrics: accuracy: 0.883 ; loss: 0.554
2018-03-21 01:03:59,947:INFO: - Eval metrics : accuracy: 0.235 ; loss: 4.814
2018-03-21 01:03:59,965:INFO: Epoch 146/200
2018-03-21 01:04:09,484:INFO: - Train metrics: accuracy: 0.914 ; loss: 0.426
2018-03-21 01:04:10,150:INFO: - Eval metrics : accuracy: 0.468 ; loss: 2.760
2018-03-21 01:04:10,173:INFO: Epoch 147/200
2018-03-21 01:04:19,673:INFO: - Train metrics: accuracy: 0.922 ; loss: 0.423
2018-03-21 01:04:20,330:INFO: - Eval metrics : accuracy: 0.362 ; loss: 3.337
2018-03-21 01:04:20,346:INFO: Epoch 148/200
2018-03-21 01:04:29,873:INFO: - Train metrics: accuracy: 0.902 ; loss: 0.451
2018-03-21 01:04:30,524:INFO: - Eval metrics : accuracy: 0.391 ; loss: 3.175
2018-03-21 01:04:30,549:INFO: Epoch 149/200
2018-03-21 01:04:40,057:INFO: - Train metrics: accuracy: 0.922 ; loss: 0.393
2018-03-21 01:04:40,741:INFO: - Eval metrics : accuracy: 0.411 ; loss: 3.059
2018-03-21 01:04:40,757:INFO: Epoch 150/200
2018-03-21 01:04:50,289:INFO: - Train metrics: accuracy: 0.895 ; loss: 0.481
2018-03-21 01:04:50,957:INFO: - Eval metrics : accuracy: 0.127 ; loss: 6.428
2018-03-21 01:04:50,972:INFO: Epoch 151/200
2018-03-21 01:05:00,520:INFO: - Train metrics: accuracy: 0.891 ; loss: 0.464
2018-03-21 01:05:01,190:INFO: - Eval metrics : accuracy: 0.247 ; loss: 4.378
2018-03-21 01:05:01,209:INFO: Epoch 152/200
2018-03-21 01:05:10,768:INFO: - Train metrics: accuracy: 0.898 ; loss: 0.451
2018-03-21 01:05:11,452:INFO: - Eval metrics : accuracy: 0.439 ; loss: 2.986
2018-03-21 01:05:11,489:INFO: Epoch 153/200
2018-03-21 01:05:21,009:INFO: - Train metrics: accuracy: 0.883 ; loss: 0.525
2018-03-21 01:05:21,682:INFO: - Eval metrics : accuracy: 0.205 ; loss: 5.079
2018-03-21 01:05:21,701:INFO: Epoch 154/200
2018-03-21 01:05:31,275:INFO: - Train metrics: accuracy: 0.918 ; loss: 0.379
2018-03-21 01:05:31,913:INFO: - Eval metrics : accuracy: 0.346 ; loss: 3.654
2018-03-21 01:05:31,932:INFO: Epoch 155/200
2018-03-21 01:05:41,425:INFO: - Train metrics: accuracy: 0.836 ; loss: 0.639
2018-03-21 01:05:42,094:INFO: - Eval metrics : accuracy: 0.217 ; loss: 5.308
2018-03-21 01:05:42,111:INFO: Epoch 156/200
2018-03-21 01:05:51,614:INFO: - Train metrics: accuracy: 0.875 ; loss: 0.558
2018-03-21 01:05:52,274:INFO: - Eval metrics : accuracy: 0.268 ; loss: 4.526
2018-03-21 01:05:52,293:INFO: Epoch 157/200
2018-03-21 01:06:01,846:INFO: - Train metrics: accuracy: 0.875 ; loss: 0.523
2018-03-21 01:06:02,501:INFO: - Eval metrics : accuracy: 0.277 ; loss: 4.527
2018-03-21 01:06:02,525:INFO: Epoch 158/200
2018-03-21 01:06:12,055:INFO: - Train metrics: accuracy: 0.906 ; loss: 0.384
2018-03-21 01:06:12,704:INFO: - Eval metrics : accuracy: 0.395 ; loss: 3.277
2018-03-21 01:06:12,733:INFO: Epoch 159/200
2018-03-21 01:06:22,197:INFO: - Train metrics: accuracy: 0.906 ; loss: 0.427
2018-03-21 01:06:22,842:INFO: - Eval metrics : accuracy: 0.371 ; loss: 3.432
2018-03-21 01:06:22,854:INFO: Epoch 160/200
2018-03-21 01:06:32,320:INFO: - Train metrics: accuracy: 0.902 ; loss: 0.443
2018-03-21 01:06:32,968:INFO: - Eval metrics : accuracy: 0.462 ; loss: 2.913
2018-03-21 01:06:33,001:INFO: Epoch 161/200
2018-03-21 01:06:42,571:INFO: - Train metrics: accuracy: 0.844 ; loss: 0.653
2018-03-21 01:06:43,212:INFO: - Eval metrics : accuracy: 0.360 ; loss: 3.469
2018-03-21 01:06:43,237:INFO: Epoch 162/200
2018-03-21 01:06:52,778:INFO: - Train metrics: accuracy: 0.867 ; loss: 0.542
2018-03-21 01:06:53,460:INFO: - Eval metrics : accuracy: 0.474 ; loss: 2.842
2018-03-21 01:06:53,476:INFO: Epoch 163/200
2018-03-21 01:07:03,009:INFO: - Train metrics: accuracy: 0.926 ; loss: 0.418
2018-03-21 01:07:03,683:INFO: - Eval metrics : accuracy: 0.401 ; loss: 3.245
2018-03-21 01:07:03,721:INFO: Epoch 164/200
2018-03-21 01:07:13,227:INFO: - Train metrics: accuracy: 0.895 ; loss: 0.521
2018-03-21 01:07:13,879:INFO: - Eval metrics : accuracy: 0.361 ; loss: 3.376
2018-03-21 01:07:13,896:INFO: Epoch 165/200
2018-03-21 01:07:23,439:INFO: - Train metrics: accuracy: 0.887 ; loss: 0.452
2018-03-21 01:07:24,078:INFO: - Eval metrics : accuracy: 0.497 ; loss: 2.567
2018-03-21 01:07:24,094:INFO: Epoch 166/200
2018-03-21 01:07:33,571:INFO: - Train metrics: accuracy: 0.902 ; loss: 0.419
2018-03-21 01:07:34,255:INFO: - Eval metrics : accuracy: 0.413 ; loss: 3.131
2018-03-21 01:07:34,291:INFO: Epoch 167/200
2018-03-21 01:07:43,779:INFO: - Train metrics: accuracy: 0.883 ; loss: 0.468
2018-03-21 01:07:44,439:INFO: - Eval metrics : accuracy: 0.289 ; loss: 4.065
2018-03-21 01:07:44,455:INFO: Epoch 168/200
2018-03-21 01:07:53,988:INFO: - Train metrics: accuracy: 0.898 ; loss: 0.472
2018-03-21 01:07:54,651:INFO: - Eval metrics : accuracy: 0.440 ; loss: 2.936
2018-03-21 01:07:54,667:INFO: Epoch 169/200
2018-03-21 01:08:04,221:INFO: - Train metrics: accuracy: 0.926 ; loss: 0.410
2018-03-21 01:08:04,913:INFO: - Eval metrics : accuracy: 0.397 ; loss: 3.128
2018-03-21 01:08:04,949:INFO: Epoch 170/200
2018-03-21 01:08:14,447:INFO: - Train metrics: accuracy: 0.887 ; loss: 0.481
2018-03-21 01:08:15,128:INFO: - Eval metrics : accuracy: 0.338 ; loss: 3.732
2018-03-21 01:08:15,144:INFO: Epoch 171/200
2018-03-21 01:08:24,683:INFO: - Train metrics: accuracy: 0.887 ; loss: 0.498
2018-03-21 01:08:25,318:INFO: - Eval metrics : accuracy: 0.421 ; loss: 3.074
2018-03-21 01:08:25,352:INFO: Epoch 172/200
2018-03-21 01:08:34,885:INFO: - Train metrics: accuracy: 0.922 ; loss: 0.374
2018-03-21 01:08:35,548:INFO: - Eval metrics : accuracy: 0.425 ; loss: 3.115
2018-03-21 01:08:35,564:INFO: Epoch 173/200
2018-03-21 01:08:45,099:INFO: - Train metrics: accuracy: 0.910 ; loss: 0.456
2018-03-21 01:08:45,776:INFO: - Eval metrics : accuracy: 0.394 ; loss: 3.158
2018-03-21 01:08:45,811:INFO: Epoch 174/200
2018-03-21 01:08:55,370:INFO: - Train metrics: accuracy: 0.914 ; loss: 0.400
2018-03-21 01:08:55,998:INFO: - Eval metrics : accuracy: 0.387 ; loss: 3.206
2018-03-21 01:08:56,017:INFO: Epoch 175/200
2018-03-21 01:09:05,572:INFO: - Train metrics: accuracy: 0.895 ; loss: 0.462
2018-03-21 01:09:06,229:INFO: - Eval metrics : accuracy: 0.354 ; loss: 3.668
2018-03-21 01:09:06,242:INFO: Epoch 176/200
2018-03-21 01:09:15,738:INFO: - Train metrics: accuracy: 0.906 ; loss: 0.396
2018-03-21 01:09:16,394:INFO: - Eval metrics : accuracy: 0.368 ; loss: 3.259
2018-03-21 01:09:16,410:INFO: Epoch 177/200
2018-03-21 01:09:25,915:INFO: - Train metrics: accuracy: 0.871 ; loss: 0.561
2018-03-21 01:09:26,559:INFO: - Eval metrics : accuracy: 0.386 ; loss: 3.317
2018-03-21 01:09:26,575:INFO: Epoch 178/200
2018-03-21 01:09:36,110:INFO: - Train metrics: accuracy: 0.895 ; loss: 0.522
2018-03-21 01:09:36,772:INFO: - Eval metrics : accuracy: 0.264 ; loss: 4.517
2018-03-21 01:09:36,805:INFO: Epoch 179/200
2018-03-21 01:09:46,325:INFO: - Train metrics: accuracy: 0.906 ; loss: 0.423
2018-03-21 01:09:47,001:INFO: - Eval metrics : accuracy: 0.251 ; loss: 4.474
2018-03-21 01:09:47,021:INFO: Epoch 180/200
2018-03-21 01:09:56,559:INFO: - Train metrics: accuracy: 0.918 ; loss: 0.352
2018-03-21 01:09:57,214:INFO: - Eval metrics : accuracy: 0.413 ; loss: 3.196
2018-03-21 01:09:57,241:INFO: Epoch 181/200
2018-03-21 01:10:06,747:INFO: - Train metrics: accuracy: 0.887 ; loss: 0.488
2018-03-21 01:10:07,394:INFO: - Eval metrics : accuracy: 0.246 ; loss: 4.506
2018-03-21 01:10:07,421:INFO: Epoch 182/200
2018-03-21 01:10:16,924:INFO: - Train metrics: accuracy: 0.887 ; loss: 0.521
2018-03-21 01:10:17,561:INFO: - Eval metrics : accuracy: 0.389 ; loss: 3.381
2018-03-21 01:10:17,577:INFO: Epoch 183/200
2018-03-21 01:10:27,100:INFO: - Train metrics: accuracy: 0.918 ; loss: 0.443
2018-03-21 01:10:27,780:INFO: - Eval metrics : accuracy: 0.402 ; loss: 3.416
2018-03-21 01:10:27,813:INFO: Epoch 184/200
2018-03-21 01:10:37,329:INFO: - Train metrics: accuracy: 0.941 ; loss: 0.346
2018-03-21 01:10:37,976:INFO: - Eval metrics : accuracy: 0.514 ; loss: 2.483
2018-03-21 01:10:37,992:INFO: Epoch 185/200
2018-03-21 01:10:47,502:INFO: - Train metrics: accuracy: 0.902 ; loss: 0.440
2018-03-21 01:10:48,154:INFO: - Eval metrics : accuracy: 0.445 ; loss: 2.879
2018-03-21 01:10:48,326:INFO: Epoch 186/200
2018-03-21 01:10:57,828:INFO: - Train metrics: accuracy: 0.891 ; loss: 0.489
2018-03-21 01:10:58,506:INFO: - Eval metrics : accuracy: 0.482 ; loss: 2.744
2018-03-21 01:10:58,525:INFO: Epoch 187/200
2018-03-21 01:11:08,034:INFO: - Train metrics: accuracy: 0.930 ; loss: 0.384
2018-03-21 01:11:08,708:INFO: - Eval metrics : accuracy: 0.332 ; loss: 3.831
2018-03-21 01:11:08,724:INFO: Epoch 188/200
2018-03-21 01:11:18,297:INFO: - Train metrics: accuracy: 0.922 ; loss: 0.421
2018-03-21 01:11:18,952:INFO: - Eval metrics : accuracy: 0.299 ; loss: 3.835
2018-03-21 01:11:18,968:INFO: Epoch 189/200
2018-03-21 01:11:28,458:INFO: - Train metrics: accuracy: 0.938 ; loss: 0.356
2018-03-21 01:11:29,093:INFO: - Eval metrics : accuracy: 0.263 ; loss: 4.705
2018-03-21 01:11:29,109:INFO: Epoch 190/200
2018-03-21 01:11:38,637:INFO: - Train metrics: accuracy: 0.926 ; loss: 0.394
2018-03-21 01:11:39,329:INFO: - Eval metrics : accuracy: 0.324 ; loss: 3.746
2018-03-21 01:11:39,348:INFO: Epoch 191/200
2018-03-21 01:11:48,886:INFO: - Train metrics: accuracy: 0.914 ; loss: 0.401
2018-03-21 01:11:49,520:INFO: - Eval metrics : accuracy: 0.251 ; loss: 4.379
2018-03-21 01:11:49,536:INFO: Epoch 192/200
2018-03-21 01:11:59,068:INFO: - Train metrics: accuracy: 0.898 ; loss: 0.473
2018-03-21 01:11:59,721:INFO: - Eval metrics : accuracy: 0.189 ; loss: 4.835
2018-03-21 01:11:59,745:INFO: Epoch 193/200
2018-03-21 01:12:09,253:INFO: - Train metrics: accuracy: 0.930 ; loss: 0.395
2018-03-21 01:12:09,912:INFO: - Eval metrics : accuracy: 0.393 ; loss: 3.215
2018-03-21 01:12:09,928:INFO: Epoch 194/200
2018-03-21 01:12:19,432:INFO: - Train metrics: accuracy: 0.922 ; loss: 0.409
2018-03-21 01:12:20,077:INFO: - Eval metrics : accuracy: 0.460 ; loss: 2.805
2018-03-21 01:12:20,101:INFO: Epoch 195/200
2018-03-21 01:12:29,621:INFO: - Train metrics: accuracy: 0.910 ; loss: 0.404
2018-03-21 01:12:30,279:INFO: - Eval metrics : accuracy: 0.429 ; loss: 3.045
2018-03-21 01:12:30,301:INFO: Epoch 196/200
2018-03-21 01:12:39,777:INFO: - Train metrics: accuracy: 0.961 ; loss: 0.301
2018-03-21 01:12:40,466:INFO: - Eval metrics : accuracy: 0.386 ; loss: 3.471
2018-03-21 01:12:40,479:INFO: Epoch 197/200
2018-03-21 01:12:50,006:INFO: - Train metrics: accuracy: 0.898 ; loss: 0.428
2018-03-21 01:12:50,659:INFO: - Eval metrics : accuracy: 0.305 ; loss: 3.945
2018-03-21 01:12:50,685:INFO: Epoch 198/200
2018-03-21 01:13:00,186:INFO: - Train metrics: accuracy: 0.918 ; loss: 0.396
2018-03-21 01:13:00,846:INFO: - Eval metrics : accuracy: 0.416 ; loss: 3.104
2018-03-21 01:13:00,867:INFO: Epoch 199/200
2018-03-21 01:13:10,377:INFO: - Train metrics: accuracy: 0.887 ; loss: 0.487
2018-03-21 01:13:11,042:INFO: - Eval metrics : accuracy: 0.442 ; loss: 2.924
2018-03-21 01:13:11,054:INFO: Epoch 200/200
2018-03-21 01:13:20,574:INFO: - Train metrics: accuracy: 0.879 ; loss: 0.507
2018-03-21 01:13:21,233:INFO: - Eval metrics : accuracy: 0.412 ; loss: 3.078
