2018-03-21 01:13:22,383:INFO: Loading the datasets...
2018-03-21 01:13:22,435:INFO: - done.
2018-03-21 01:13:24,727:INFO: Starting training for 200 epoch(s)
2018-03-21 01:13:24,728:INFO: Epoch 1/200
2018-03-21 01:13:34,943:INFO: - Train metrics: accuracy: 0.004 ; loss: 5.461
2018-03-21 01:13:35,609:INFO: - Eval metrics : accuracy: 0.038 ; loss: 5.098
2018-03-21 01:13:35,626:INFO: - Found new lowest loss
2018-03-21 01:13:35,627:INFO: Epoch 2/200
2018-03-21 01:13:45,139:INFO: - Train metrics: accuracy: 0.043 ; loss: 4.898
2018-03-21 01:13:45,794:INFO: - Eval metrics : accuracy: 0.068 ; loss: 4.633
2018-03-21 01:13:45,823:INFO: - Found new lowest loss
2018-03-21 01:13:45,824:INFO: Epoch 3/200
2018-03-21 01:13:55,342:INFO: - Train metrics: accuracy: 0.098 ; loss: 4.400
2018-03-21 01:13:56,007:INFO: - Eval metrics : accuracy: 0.107 ; loss: 4.272
2018-03-21 01:13:56,035:INFO: - Found new lowest loss
2018-03-21 01:13:56,036:INFO: Epoch 4/200
2018-03-21 01:14:05,546:INFO: - Train metrics: accuracy: 0.164 ; loss: 4.040
2018-03-21 01:14:06,232:INFO: - Eval metrics : accuracy: 0.168 ; loss: 3.973
2018-03-21 01:14:06,261:INFO: - Found new lowest loss
2018-03-21 01:14:06,261:INFO: Epoch 5/200
2018-03-21 01:14:15,776:INFO: - Train metrics: accuracy: 0.172 ; loss: 3.878
2018-03-21 01:14:16,453:INFO: - Eval metrics : accuracy: 0.068 ; loss: 4.974
2018-03-21 01:14:16,469:INFO: Epoch 6/200
2018-03-21 01:14:25,902:INFO: - Train metrics: accuracy: 0.172 ; loss: 3.418
2018-03-21 01:14:26,555:INFO: - Eval metrics : accuracy: 0.116 ; loss: 4.234
2018-03-21 01:14:26,573:INFO: Epoch 7/200
2018-03-21 01:14:36,051:INFO: - Train metrics: accuracy: 0.289 ; loss: 2.971
2018-03-21 01:14:36,748:INFO: - Eval metrics : accuracy: 0.011 ; loss: 7.535
2018-03-21 01:14:36,769:INFO: Epoch 8/200
2018-03-21 01:14:46,288:INFO: - Train metrics: accuracy: 0.266 ; loss: 2.943
2018-03-21 01:14:46,925:INFO: - Eval metrics : accuracy: 0.066 ; loss: 4.907
2018-03-21 01:14:46,941:INFO: Epoch 9/200
2018-03-21 01:14:56,438:INFO: - Train metrics: accuracy: 0.309 ; loss: 2.818
2018-03-21 01:14:57,081:INFO: - Eval metrics : accuracy: 0.025 ; loss: 8.084
2018-03-21 01:14:57,100:INFO: Epoch 10/200
2018-03-21 01:15:06,572:INFO: - Train metrics: accuracy: 0.414 ; loss: 2.496
2018-03-21 01:15:07,200:INFO: - Eval metrics : accuracy: 0.038 ; loss: 6.215
2018-03-21 01:15:07,216:INFO: Epoch 11/200
2018-03-21 01:15:16,690:INFO: - Train metrics: accuracy: 0.410 ; loss: 2.623
2018-03-21 01:15:17,358:INFO: - Eval metrics : accuracy: 0.133 ; loss: 4.462
2018-03-21 01:15:17,390:INFO: Epoch 12/200
2018-03-21 01:15:26,883:INFO: - Train metrics: accuracy: 0.441 ; loss: 2.422
2018-03-21 01:15:27,543:INFO: - Eval metrics : accuracy: 0.038 ; loss: 6.169
2018-03-21 01:15:27,560:INFO: Epoch 13/200
2018-03-21 01:15:37,055:INFO: - Train metrics: accuracy: 0.484 ; loss: 2.171
2018-03-21 01:15:37,729:INFO: - Eval metrics : accuracy: 0.050 ; loss: 5.794
2018-03-21 01:15:37,745:INFO: Epoch 14/200
2018-03-21 01:15:47,257:INFO: - Train metrics: accuracy: 0.457 ; loss: 2.253
2018-03-21 01:15:47,916:INFO: - Eval metrics : accuracy: 0.112 ; loss: 4.422
2018-03-21 01:15:47,933:INFO: Epoch 15/200
2018-03-21 01:15:57,428:INFO: - Train metrics: accuracy: 0.461 ; loss: 2.218
2018-03-21 01:15:58,085:INFO: - Eval metrics : accuracy: 0.113 ; loss: 4.702
2018-03-21 01:15:58,100:INFO: Epoch 16/200
2018-03-21 01:16:07,612:INFO: - Train metrics: accuracy: 0.453 ; loss: 2.045
2018-03-21 01:16:08,281:INFO: - Eval metrics : accuracy: 0.201 ; loss: 3.612
2018-03-21 01:16:08,309:INFO: - Found new lowest loss
2018-03-21 01:16:08,310:INFO: Epoch 17/200
2018-03-21 01:16:17,830:INFO: - Train metrics: accuracy: 0.547 ; loss: 1.768
2018-03-21 01:16:18,514:INFO: - Eval metrics : accuracy: 0.201 ; loss: 3.698
2018-03-21 01:16:18,530:INFO: Epoch 18/200
2018-03-21 01:16:28,053:INFO: - Train metrics: accuracy: 0.477 ; loss: 1.944
2018-03-21 01:16:28,706:INFO: - Eval metrics : accuracy: 0.161 ; loss: 4.693
2018-03-21 01:16:28,733:INFO: Epoch 19/200
2018-03-21 01:16:38,213:INFO: - Train metrics: accuracy: 0.520 ; loss: 1.853
2018-03-21 01:16:38,861:INFO: - Eval metrics : accuracy: 0.185 ; loss: 4.151
2018-03-21 01:16:38,877:INFO: Epoch 20/200
2018-03-21 01:16:48,385:INFO: - Train metrics: accuracy: 0.523 ; loss: 1.682
2018-03-21 01:16:49,047:INFO: - Eval metrics : accuracy: 0.320 ; loss: 2.936
2018-03-21 01:16:49,076:INFO: - Found new lowest loss
2018-03-21 01:16:49,077:INFO: Epoch 21/200
2018-03-21 01:16:58,538:INFO: - Train metrics: accuracy: 0.609 ; loss: 1.628
2018-03-21 01:16:59,243:INFO: - Eval metrics : accuracy: 0.213 ; loss: 3.765
2018-03-21 01:16:59,261:INFO: Epoch 22/200
2018-03-21 01:17:08,769:INFO: - Train metrics: accuracy: 0.609 ; loss: 1.527
2018-03-21 01:17:09,435:INFO: - Eval metrics : accuracy: 0.056 ; loss: 7.073
2018-03-21 01:17:09,453:INFO: Epoch 23/200
2018-03-21 01:17:18,968:INFO: - Train metrics: accuracy: 0.512 ; loss: 1.791
2018-03-21 01:17:19,631:INFO: - Eval metrics : accuracy: 0.237 ; loss: 3.856
2018-03-21 01:17:19,668:INFO: Epoch 24/200
2018-03-21 01:17:29,141:INFO: - Train metrics: accuracy: 0.602 ; loss: 1.558
2018-03-21 01:17:29,803:INFO: - Eval metrics : accuracy: 0.330 ; loss: 3.044
2018-03-21 01:17:29,820:INFO: Epoch 25/200
2018-03-21 01:17:39,326:INFO: - Train metrics: accuracy: 0.625 ; loss: 1.482
2018-03-21 01:17:40,015:INFO: - Eval metrics : accuracy: 0.129 ; loss: 4.924
2018-03-21 01:17:40,030:INFO: Epoch 26/200
2018-03-21 01:17:49,504:INFO: - Train metrics: accuracy: 0.629 ; loss: 1.346
2018-03-21 01:17:50,157:INFO: - Eval metrics : accuracy: 0.226 ; loss: 4.210
2018-03-21 01:17:50,173:INFO: Epoch 27/200
2018-03-21 01:17:59,635:INFO: - Train metrics: accuracy: 0.637 ; loss: 1.423
2018-03-21 01:18:00,306:INFO: - Eval metrics : accuracy: 0.485 ; loss: 2.161
2018-03-21 01:18:00,336:INFO: - Found new lowest loss
2018-03-21 01:18:00,337:INFO: Epoch 28/200
2018-03-21 01:18:09,817:INFO: - Train metrics: accuracy: 0.684 ; loss: 1.221
2018-03-21 01:18:10,492:INFO: - Eval metrics : accuracy: 0.400 ; loss: 2.510
2018-03-21 01:18:10,513:INFO: Epoch 29/200
2018-03-21 01:18:20,054:INFO: - Train metrics: accuracy: 0.680 ; loss: 1.260
2018-03-21 01:18:20,694:INFO: - Eval metrics : accuracy: 0.067 ; loss: 7.287
2018-03-21 01:18:20,708:INFO: Epoch 30/200
2018-03-21 01:18:30,203:INFO: - Train metrics: accuracy: 0.652 ; loss: 1.411
2018-03-21 01:18:30,859:INFO: - Eval metrics : accuracy: 0.193 ; loss: 4.391
2018-03-21 01:18:30,890:INFO: Epoch 31/200
2018-03-21 01:18:40,341:INFO: - Train metrics: accuracy: 0.652 ; loss: 1.184
2018-03-21 01:18:40,999:INFO: - Eval metrics : accuracy: 0.092 ; loss: 5.851
2018-03-21 01:18:41,032:INFO: Epoch 32/200
2018-03-21 01:18:50,494:INFO: - Train metrics: accuracy: 0.621 ; loss: 1.396
2018-03-21 01:18:51,138:INFO: - Eval metrics : accuracy: 0.046 ; loss: 13.045
2018-03-21 01:18:51,152:INFO: Epoch 33/200
2018-03-21 01:19:00,625:INFO: - Train metrics: accuracy: 0.711 ; loss: 1.104
2018-03-21 01:19:01,310:INFO: - Eval metrics : accuracy: 0.332 ; loss: 2.971
2018-03-21 01:19:01,333:INFO: Epoch 34/200
2018-03-21 01:19:10,851:INFO: - Train metrics: accuracy: 0.719 ; loss: 1.104
2018-03-21 01:19:11,527:INFO: - Eval metrics : accuracy: 0.446 ; loss: 2.303
2018-03-21 01:19:11,545:INFO: Epoch 35/200
2018-03-21 01:19:21,020:INFO: - Train metrics: accuracy: 0.738 ; loss: 1.078
2018-03-21 01:19:21,687:INFO: - Eval metrics : accuracy: 0.418 ; loss: 2.450
2018-03-21 01:19:21,705:INFO: Epoch 36/200
2018-03-21 01:19:31,167:INFO: - Train metrics: accuracy: 0.738 ; loss: 1.044
2018-03-21 01:19:31,823:INFO: - Eval metrics : accuracy: 0.336 ; loss: 2.994
2018-03-21 01:19:31,849:INFO: Epoch 37/200
2018-03-21 01:19:41,350:INFO: - Train metrics: accuracy: 0.738 ; loss: 0.976
2018-03-21 01:19:41,992:INFO: - Eval metrics : accuracy: 0.317 ; loss: 3.160
2018-03-21 01:19:42,007:INFO: Epoch 38/200
2018-03-21 01:19:51,481:INFO: - Train metrics: accuracy: 0.781 ; loss: 0.907
2018-03-21 01:19:52,157:INFO: - Eval metrics : accuracy: 0.333 ; loss: 2.879
2018-03-21 01:19:52,174:INFO: Epoch 39/200
2018-03-21 01:20:01,665:INFO: - Train metrics: accuracy: 0.785 ; loss: 0.846
2018-03-21 01:20:02,343:INFO: - Eval metrics : accuracy: 0.243 ; loss: 3.807
2018-03-21 01:20:02,360:INFO: Epoch 40/200
2018-03-21 01:20:11,826:INFO: - Train metrics: accuracy: 0.758 ; loss: 0.915
2018-03-21 01:20:12,475:INFO: - Eval metrics : accuracy: 0.252 ; loss: 3.731
2018-03-21 01:20:12,493:INFO: Epoch 41/200
2018-03-21 01:20:21,953:INFO: - Train metrics: accuracy: 0.715 ; loss: 1.028
2018-03-21 01:20:22,656:INFO: - Eval metrics : accuracy: 0.315 ; loss: 3.446
2018-03-21 01:20:22,672:INFO: Epoch 42/200
2018-03-21 01:20:32,177:INFO: - Train metrics: accuracy: 0.801 ; loss: 0.811
2018-03-21 01:20:32,820:INFO: - Eval metrics : accuracy: 0.164 ; loss: 4.639
2018-03-21 01:20:32,836:INFO: Epoch 43/200
2018-03-21 01:20:42,353:INFO: - Train metrics: accuracy: 0.789 ; loss: 0.764
2018-03-21 01:20:42,995:INFO: - Eval metrics : accuracy: 0.236 ; loss: 4.278
2018-03-21 01:20:43,029:INFO: Epoch 44/200
2018-03-21 01:20:52,500:INFO: - Train metrics: accuracy: 0.777 ; loss: 0.846
2018-03-21 01:20:53,139:INFO: - Eval metrics : accuracy: 0.115 ; loss: 5.981
2018-03-21 01:20:53,156:INFO: Epoch 45/200
2018-03-21 01:21:02,624:INFO: - Train metrics: accuracy: 0.789 ; loss: 0.809
2018-03-21 01:21:03,256:INFO: - Eval metrics : accuracy: 0.308 ; loss: 3.363
2018-03-21 01:21:03,271:INFO: Epoch 46/200
2018-03-21 01:21:12,829:INFO: - Train metrics: accuracy: 0.738 ; loss: 0.925
2018-03-21 01:21:13,494:INFO: - Eval metrics : accuracy: 0.337 ; loss: 3.207
2018-03-21 01:21:13,513:INFO: Epoch 47/200
2018-03-21 01:21:22,990:INFO: - Train metrics: accuracy: 0.805 ; loss: 0.745
2018-03-21 01:21:23,651:INFO: - Eval metrics : accuracy: 0.020 ; loss: 14.510
2018-03-21 01:21:23,664:INFO: Epoch 48/200
2018-03-21 01:21:33,116:INFO: - Train metrics: accuracy: 0.766 ; loss: 0.893
2018-03-21 01:21:33,796:INFO: - Eval metrics : accuracy: 0.212 ; loss: 4.151
2018-03-21 01:21:33,811:INFO: Epoch 49/200
2018-03-21 01:21:43,312:INFO: - Train metrics: accuracy: 0.750 ; loss: 0.866
2018-03-21 01:21:43,953:INFO: - Eval metrics : accuracy: 0.348 ; loss: 2.889
2018-03-21 01:21:43,988:INFO: Epoch 50/200
2018-03-21 01:21:53,473:INFO: - Train metrics: accuracy: 0.809 ; loss: 0.754
2018-03-21 01:21:54,126:INFO: - Eval metrics : accuracy: 0.429 ; loss: 2.532
2018-03-21 01:21:54,163:INFO: Epoch 51/200
2018-03-21 01:22:03,612:INFO: - Train metrics: accuracy: 0.766 ; loss: 0.820
2018-03-21 01:22:04,309:INFO: - Eval metrics : accuracy: 0.300 ; loss: 3.416
2018-03-21 01:22:04,327:INFO: Epoch 52/200
2018-03-21 01:22:13,868:INFO: - Train metrics: accuracy: 0.766 ; loss: 0.858
2018-03-21 01:22:14,539:INFO: - Eval metrics : accuracy: 0.379 ; loss: 2.946
2018-03-21 01:22:14,557:INFO: Epoch 53/200
2018-03-21 01:22:24,038:INFO: - Train metrics: accuracy: 0.793 ; loss: 0.730
2018-03-21 01:22:24,701:INFO: - Eval metrics : accuracy: 0.263 ; loss: 3.610
2018-03-21 01:22:24,714:INFO: Epoch 54/200
2018-03-21 01:22:34,257:INFO: - Train metrics: accuracy: 0.754 ; loss: 0.812
2018-03-21 01:22:34,928:INFO: - Eval metrics : accuracy: 0.182 ; loss: 4.938
2018-03-21 01:22:34,949:INFO: Epoch 55/200
2018-03-21 01:22:44,423:INFO: - Train metrics: accuracy: 0.812 ; loss: 0.709
2018-03-21 01:22:45,072:INFO: - Eval metrics : accuracy: 0.421 ; loss: 2.634
2018-03-21 01:22:45,088:INFO: Epoch 56/200
2018-03-21 01:22:54,589:INFO: - Train metrics: accuracy: 0.828 ; loss: 0.685
2018-03-21 01:22:55,243:INFO: - Eval metrics : accuracy: 0.408 ; loss: 2.852
2018-03-21 01:22:55,259:INFO: Epoch 57/200
2018-03-21 01:23:04,792:INFO: - Train metrics: accuracy: 0.836 ; loss: 0.732
2018-03-21 01:23:05,463:INFO: - Eval metrics : accuracy: 0.237 ; loss: 4.030
2018-03-21 01:23:05,500:INFO: Epoch 58/200
2018-03-21 01:23:14,958:INFO: - Train metrics: accuracy: 0.812 ; loss: 0.681
2018-03-21 01:23:15,627:INFO: - Eval metrics : accuracy: 0.229 ; loss: 3.877
2018-03-21 01:23:15,645:INFO: Epoch 59/200
2018-03-21 01:23:25,183:INFO: - Train metrics: accuracy: 0.812 ; loss: 0.688
2018-03-21 01:23:25,849:INFO: - Eval metrics : accuracy: 0.425 ; loss: 2.514
2018-03-21 01:23:25,864:INFO: Epoch 60/200
2018-03-21 01:23:35,358:INFO: - Train metrics: accuracy: 0.836 ; loss: 0.568
2018-03-21 01:23:36,037:INFO: - Eval metrics : accuracy: 0.141 ; loss: 5.903
2018-03-21 01:23:36,053:INFO: Epoch 61/200
2018-03-21 01:23:45,574:INFO: - Train metrics: accuracy: 0.859 ; loss: 0.570
2018-03-21 01:23:46,230:INFO: - Eval metrics : accuracy: 0.163 ; loss: 6.429
2018-03-21 01:23:46,257:INFO: Epoch 62/200
2018-03-21 01:23:55,772:INFO: - Train metrics: accuracy: 0.824 ; loss: 0.646
2018-03-21 01:23:56,445:INFO: - Eval metrics : accuracy: 0.203 ; loss: 5.829
2018-03-21 01:23:56,478:INFO: Epoch 63/200
2018-03-21 01:24:05,974:INFO: - Train metrics: accuracy: 0.824 ; loss: 0.577
2018-03-21 01:24:06,637:INFO: - Eval metrics : accuracy: 0.152 ; loss: 5.706
2018-03-21 01:24:06,652:INFO: Epoch 64/200
2018-03-21 01:24:16,138:INFO: - Train metrics: accuracy: 0.879 ; loss: 0.538
2018-03-21 01:24:16,788:INFO: - Eval metrics : accuracy: 0.225 ; loss: 4.404
2018-03-21 01:24:16,804:INFO: Epoch 65/200
2018-03-21 01:24:26,267:INFO: - Train metrics: accuracy: 0.824 ; loss: 0.684
2018-03-21 01:24:26,938:INFO: - Eval metrics : accuracy: 0.407 ; loss: 2.642
2018-03-21 01:24:26,954:INFO: Epoch 66/200
2018-03-21 01:24:36,418:INFO: - Train metrics: accuracy: 0.840 ; loss: 0.605
2018-03-21 01:24:37,074:INFO: - Eval metrics : accuracy: 0.347 ; loss: 3.045
2018-03-21 01:24:37,093:INFO: Epoch 67/200
2018-03-21 01:24:46,512:INFO: - Train metrics: accuracy: 0.836 ; loss: 0.644
2018-03-21 01:24:47,150:INFO: - Eval metrics : accuracy: 0.354 ; loss: 3.094
2018-03-21 01:24:47,169:INFO: Epoch 68/200
2018-03-21 01:24:56,683:INFO: - Train metrics: accuracy: 0.859 ; loss: 0.583
2018-03-21 01:24:57,338:INFO: - Eval metrics : accuracy: 0.040 ; loss: 12.999
2018-03-21 01:24:57,353:INFO: Epoch 69/200
2018-03-21 01:25:06,881:INFO: - Train metrics: accuracy: 0.855 ; loss: 0.570
2018-03-21 01:25:07,560:INFO: - Eval metrics : accuracy: 0.456 ; loss: 2.390
2018-03-21 01:25:07,593:INFO: Epoch 70/200
2018-03-21 01:25:17,028:INFO: - Train metrics: accuracy: 0.855 ; loss: 0.579
2018-03-21 01:25:17,688:INFO: - Eval metrics : accuracy: 0.204 ; loss: 4.658
2018-03-21 01:25:17,703:INFO: Epoch 71/200
2018-03-21 01:25:27,154:INFO: - Train metrics: accuracy: 0.855 ; loss: 0.571
2018-03-21 01:25:27,794:INFO: - Eval metrics : accuracy: 0.180 ; loss: 4.634
2018-03-21 01:25:27,813:INFO: Epoch 72/200
2018-03-21 01:25:37,318:INFO: - Train metrics: accuracy: 0.801 ; loss: 0.666
2018-03-21 01:25:37,971:INFO: - Eval metrics : accuracy: 0.225 ; loss: 4.742
2018-03-21 01:25:37,993:INFO: Epoch 73/200
2018-03-21 01:25:47,464:INFO: - Train metrics: accuracy: 0.875 ; loss: 0.515
2018-03-21 01:25:48,108:INFO: - Eval metrics : accuracy: 0.325 ; loss: 3.260
2018-03-21 01:25:48,124:INFO: Epoch 74/200
2018-03-21 01:25:57,609:INFO: - Train metrics: accuracy: 0.863 ; loss: 0.512
2018-03-21 01:25:58,244:INFO: - Eval metrics : accuracy: 0.440 ; loss: 2.714
2018-03-21 01:25:58,260:INFO: Epoch 75/200
2018-03-21 01:26:07,734:INFO: - Train metrics: accuracy: 0.852 ; loss: 0.512
2018-03-21 01:26:08,364:INFO: - Eval metrics : accuracy: 0.297 ; loss: 3.412
2018-03-21 01:26:08,380:INFO: Epoch 76/200
2018-03-21 01:26:17,816:INFO: - Train metrics: accuracy: 0.891 ; loss: 0.523
2018-03-21 01:26:18,481:INFO: - Eval metrics : accuracy: 0.454 ; loss: 2.488
2018-03-21 01:26:18,497:INFO: Epoch 77/200
2018-03-21 01:26:28,020:INFO: - Train metrics: accuracy: 0.871 ; loss: 0.586
2018-03-21 01:26:28,669:INFO: - Eval metrics : accuracy: 0.091 ; loss: 8.884
2018-03-21 01:26:28,685:INFO: Epoch 78/200
2018-03-21 01:26:38,188:INFO: - Train metrics: accuracy: 0.832 ; loss: 0.552
2018-03-21 01:26:38,838:INFO: - Eval metrics : accuracy: 0.261 ; loss: 4.083
2018-03-21 01:26:38,861:INFO: Epoch 79/200
2018-03-21 01:26:48,258:INFO: - Train metrics: accuracy: 0.852 ; loss: 0.551
2018-03-21 01:26:48,913:INFO: - Eval metrics : accuracy: 0.367 ; loss: 2.891
2018-03-21 01:26:48,929:INFO: Epoch 80/200
2018-03-21 01:26:58,385:INFO: - Train metrics: accuracy: 0.855 ; loss: 0.558
2018-03-21 01:26:59,028:INFO: - Eval metrics : accuracy: 0.357 ; loss: 3.144
2018-03-21 01:26:59,060:INFO: Epoch 81/200
2018-03-21 01:27:08,503:INFO: - Train metrics: accuracy: 0.867 ; loss: 0.515
2018-03-21 01:27:09,156:INFO: - Eval metrics : accuracy: 0.463 ; loss: 2.464
2018-03-21 01:27:09,168:INFO: Epoch 82/200
2018-03-21 01:27:18,639:INFO: - Train metrics: accuracy: 0.848 ; loss: 0.556
2018-03-21 01:27:19,323:INFO: - Eval metrics : accuracy: 0.066 ; loss: 10.006
2018-03-21 01:27:19,340:INFO: Epoch 83/200
2018-03-21 01:27:28,823:INFO: - Train metrics: accuracy: 0.836 ; loss: 0.606
2018-03-21 01:27:29,469:INFO: - Eval metrics : accuracy: 0.414 ; loss: 2.615
2018-03-21 01:27:29,484:INFO: Epoch 84/200
2018-03-21 01:27:38,936:INFO: - Train metrics: accuracy: 0.859 ; loss: 0.529
2018-03-21 01:27:39,596:INFO: - Eval metrics : accuracy: 0.486 ; loss: 2.304
2018-03-21 01:27:39,613:INFO: Epoch 85/200
2018-03-21 01:27:49,044:INFO: - Train metrics: accuracy: 0.863 ; loss: 0.494
2018-03-21 01:27:49,702:INFO: - Eval metrics : accuracy: 0.272 ; loss: 3.736
2018-03-21 01:27:49,715:INFO: Epoch 86/200
2018-03-21 01:27:59,261:INFO: - Train metrics: accuracy: 0.887 ; loss: 0.533
2018-03-21 01:27:59,913:INFO: - Eval metrics : accuracy: 0.458 ; loss: 2.437
2018-03-21 01:27:59,929:INFO: Epoch 87/200
2018-03-21 01:28:09,430:INFO: - Train metrics: accuracy: 0.812 ; loss: 0.657
2018-03-21 01:28:10,076:INFO: - Eval metrics : accuracy: 0.251 ; loss: 4.352
2018-03-21 01:28:10,092:INFO: Epoch 88/200
2018-03-21 01:28:19,574:INFO: - Train metrics: accuracy: 0.871 ; loss: 0.477
2018-03-21 01:28:20,227:INFO: - Eval metrics : accuracy: 0.189 ; loss: 5.683
2018-03-21 01:28:20,245:INFO: Epoch 89/200
2018-03-21 01:28:29,704:INFO: - Train metrics: accuracy: 0.871 ; loss: 0.600
2018-03-21 01:28:30,341:INFO: - Eval metrics : accuracy: 0.370 ; loss: 3.261
2018-03-21 01:28:30,357:INFO: Epoch 90/200
2018-03-21 01:28:39,843:INFO: - Train metrics: accuracy: 0.832 ; loss: 0.629
2018-03-21 01:28:40,513:INFO: - Eval metrics : accuracy: 0.447 ; loss: 2.469
2018-03-21 01:28:40,528:INFO: Epoch 91/200
2018-03-21 01:28:49,994:INFO: - Train metrics: accuracy: 0.879 ; loss: 0.483
2018-03-21 01:28:50,665:INFO: - Eval metrics : accuracy: 0.250 ; loss: 4.617
2018-03-21 01:28:50,681:INFO: Epoch 92/200
2018-03-21 01:29:00,124:INFO: - Train metrics: accuracy: 0.844 ; loss: 0.583
2018-03-21 01:29:00,804:INFO: - Eval metrics : accuracy: 0.410 ; loss: 2.932
2018-03-21 01:29:00,821:INFO: Epoch 93/200
2018-03-21 01:29:10,304:INFO: - Train metrics: accuracy: 0.852 ; loss: 0.531
2018-03-21 01:29:10,974:INFO: - Eval metrics : accuracy: 0.356 ; loss: 3.110
2018-03-21 01:29:10,993:INFO: Epoch 94/200
2018-03-21 01:29:20,498:INFO: - Train metrics: accuracy: 0.863 ; loss: 0.496
2018-03-21 01:29:21,170:INFO: - Eval metrics : accuracy: 0.391 ; loss: 3.216
2018-03-21 01:29:21,187:INFO: Epoch 95/200
2018-03-21 01:29:30,628:INFO: - Train metrics: accuracy: 0.906 ; loss: 0.419
2018-03-21 01:29:31,295:INFO: - Eval metrics : accuracy: 0.398 ; loss: 3.087
2018-03-21 01:29:31,311:INFO: Epoch 96/200
2018-03-21 01:29:40,818:INFO: - Train metrics: accuracy: 0.883 ; loss: 0.444
2018-03-21 01:29:41,446:INFO: - Eval metrics : accuracy: 0.284 ; loss: 3.674
2018-03-21 01:29:41,469:INFO: Epoch 97/200
2018-03-21 01:29:50,952:INFO: - Train metrics: accuracy: 0.855 ; loss: 0.490
2018-03-21 01:29:51,616:INFO: - Eval metrics : accuracy: 0.290 ; loss: 3.899
2018-03-21 01:29:51,649:INFO: Epoch 98/200
2018-03-21 01:30:01,125:INFO: - Train metrics: accuracy: 0.871 ; loss: 0.478
2018-03-21 01:30:01,819:INFO: - Eval metrics : accuracy: 0.091 ; loss: 7.579
2018-03-21 01:30:01,836:INFO: Epoch 99/200
2018-03-21 01:30:11,333:INFO: - Train metrics: accuracy: 0.848 ; loss: 0.490
2018-03-21 01:30:11,967:INFO: - Eval metrics : accuracy: 0.313 ; loss: 3.782
2018-03-21 01:30:11,979:INFO: Epoch 100/200
2018-03-21 01:30:21,467:INFO: - Train metrics: accuracy: 0.902 ; loss: 0.446
2018-03-21 01:30:22,118:INFO: - Eval metrics : accuracy: 0.437 ; loss: 2.669
2018-03-21 01:30:22,134:INFO: Epoch 101/200
2018-03-21 01:30:31,607:INFO: - Train metrics: accuracy: 0.891 ; loss: 0.412
2018-03-21 01:30:32,258:INFO: - Eval metrics : accuracy: 0.492 ; loss: 2.386
2018-03-21 01:30:32,274:INFO: Epoch 102/200
2018-03-21 01:30:41,719:INFO: - Train metrics: accuracy: 0.898 ; loss: 0.440
2018-03-21 01:30:42,356:INFO: - Eval metrics : accuracy: 0.168 ; loss: 5.797
2018-03-21 01:30:42,372:INFO: Epoch 103/200
2018-03-21 01:30:51,871:INFO: - Train metrics: accuracy: 0.922 ; loss: 0.365
2018-03-21 01:30:52,536:INFO: - Eval metrics : accuracy: 0.356 ; loss: 2.915
2018-03-21 01:30:52,552:INFO: Epoch 104/200
2018-03-21 01:31:02,041:INFO: - Train metrics: accuracy: 0.902 ; loss: 0.380
2018-03-21 01:31:02,732:INFO: - Eval metrics : accuracy: 0.166 ; loss: 5.450
2018-03-21 01:31:02,753:INFO: Epoch 105/200
2018-03-21 01:31:12,263:INFO: - Train metrics: accuracy: 0.875 ; loss: 0.485
2018-03-21 01:31:12,926:INFO: - Eval metrics : accuracy: 0.246 ; loss: 4.232
2018-03-21 01:31:12,945:INFO: Epoch 106/200
2018-03-21 01:31:22,419:INFO: - Train metrics: accuracy: 0.887 ; loss: 0.441
2018-03-21 01:31:23,065:INFO: - Eval metrics : accuracy: 0.361 ; loss: 3.018
2018-03-21 01:31:23,081:INFO: Epoch 107/200
2018-03-21 01:31:32,557:INFO: - Train metrics: accuracy: 0.891 ; loss: 0.418
2018-03-21 01:31:33,229:INFO: - Eval metrics : accuracy: 0.403 ; loss: 2.896
2018-03-21 01:31:33,249:INFO: Epoch 108/200
2018-03-21 01:31:42,763:INFO: - Train metrics: accuracy: 0.859 ; loss: 0.548
2018-03-21 01:31:43,418:INFO: - Eval metrics : accuracy: 0.349 ; loss: 3.171
2018-03-21 01:31:43,434:INFO: Epoch 109/200
2018-03-21 01:31:52,916:INFO: - Train metrics: accuracy: 0.883 ; loss: 0.468
2018-03-21 01:31:53,561:INFO: - Eval metrics : accuracy: 0.361 ; loss: 3.175
2018-03-21 01:31:53,573:INFO: Epoch 110/200
2018-03-21 01:32:03,020:INFO: - Train metrics: accuracy: 0.891 ; loss: 0.399
2018-03-21 01:32:03,669:INFO: - Eval metrics : accuracy: 0.342 ; loss: 3.082
2018-03-21 01:32:03,701:INFO: Epoch 111/200
2018-03-21 01:32:13,098:INFO: - Train metrics: accuracy: 0.867 ; loss: 0.476
2018-03-21 01:32:13,749:INFO: - Eval metrics : accuracy: 0.414 ; loss: 2.685
2018-03-21 01:32:13,773:INFO: Epoch 112/200
2018-03-21 01:32:23,290:INFO: - Train metrics: accuracy: 0.875 ; loss: 0.453
2018-03-21 01:32:23,953:INFO: - Eval metrics : accuracy: 0.358 ; loss: 3.037
2018-03-21 01:32:23,968:INFO: Epoch 113/200
2018-03-21 01:32:33,465:INFO: - Train metrics: accuracy: 0.824 ; loss: 0.557
2018-03-21 01:32:34,153:INFO: - Eval metrics : accuracy: 0.478 ; loss: 2.351
2018-03-21 01:32:34,173:INFO: Epoch 114/200
2018-03-21 01:32:43,622:INFO: - Train metrics: accuracy: 0.914 ; loss: 0.367
2018-03-21 01:32:44,271:INFO: - Eval metrics : accuracy: 0.411 ; loss: 2.675
2018-03-21 01:32:44,305:INFO: Epoch 115/200
2018-03-21 01:32:53,737:INFO: - Train metrics: accuracy: 0.879 ; loss: 0.452
2018-03-21 01:32:54,409:INFO: - Eval metrics : accuracy: 0.316 ; loss: 3.884
2018-03-21 01:32:54,425:INFO: Epoch 116/200
2018-03-21 01:33:03,904:INFO: - Train metrics: accuracy: 0.895 ; loss: 0.431
2018-03-21 01:33:04,567:INFO: - Eval metrics : accuracy: 0.158 ; loss: 5.888
2018-03-21 01:33:04,593:INFO: Epoch 117/200
2018-03-21 01:33:14,083:INFO: - Train metrics: accuracy: 0.898 ; loss: 0.394
2018-03-21 01:33:14,721:INFO: - Eval metrics : accuracy: 0.412 ; loss: 2.781
2018-03-21 01:33:14,737:INFO: Epoch 118/200
2018-03-21 01:33:24,222:INFO: - Train metrics: accuracy: 0.902 ; loss: 0.422
2018-03-21 01:33:24,876:INFO: - Eval metrics : accuracy: 0.292 ; loss: 3.942
2018-03-21 01:33:24,892:INFO: Epoch 119/200
2018-03-21 01:33:34,327:INFO: - Train metrics: accuracy: 0.871 ; loss: 0.527
2018-03-21 01:33:34,974:INFO: - Eval metrics : accuracy: 0.399 ; loss: 2.851
2018-03-21 01:33:35,001:INFO: Epoch 120/200
2018-03-21 01:33:44,414:INFO: - Train metrics: accuracy: 0.891 ; loss: 0.469
2018-03-21 01:33:45,083:INFO: - Eval metrics : accuracy: 0.406 ; loss: 2.873
2018-03-21 01:33:45,099:INFO: Epoch 121/200
2018-03-21 01:33:54,641:INFO: - Train metrics: accuracy: 0.867 ; loss: 0.453
2018-03-21 01:33:55,317:INFO: - Eval metrics : accuracy: 0.421 ; loss: 2.814
2018-03-21 01:33:55,330:INFO: Epoch 122/200
2018-03-21 01:34:04,850:INFO: - Train metrics: accuracy: 0.898 ; loss: 0.410
2018-03-21 01:34:05,535:INFO: - Eval metrics : accuracy: 0.185 ; loss: 5.271
2018-03-21 01:34:05,551:INFO: Epoch 123/200
2018-03-21 01:34:15,039:INFO: - Train metrics: accuracy: 0.902 ; loss: 0.445
2018-03-21 01:34:15,680:INFO: - Eval metrics : accuracy: 0.215 ; loss: 4.417
2018-03-21 01:34:15,693:INFO: Epoch 124/200
2018-03-21 01:34:25,189:INFO: - Train metrics: accuracy: 0.895 ; loss: 0.420
2018-03-21 01:34:25,851:INFO: - Eval metrics : accuracy: 0.133 ; loss: 5.155
2018-03-21 01:34:25,868:INFO: Epoch 125/200
2018-03-21 01:34:35,339:INFO: - Train metrics: accuracy: 0.879 ; loss: 0.469
2018-03-21 01:34:35,991:INFO: - Eval metrics : accuracy: 0.269 ; loss: 4.349
2018-03-21 01:34:36,009:INFO: Epoch 126/200
2018-03-21 01:34:45,466:INFO: - Train metrics: accuracy: 0.902 ; loss: 0.417
2018-03-21 01:34:46,135:INFO: - Eval metrics : accuracy: 0.457 ; loss: 2.524
2018-03-21 01:34:46,151:INFO: Epoch 127/200
2018-03-21 01:34:55,657:INFO: - Train metrics: accuracy: 0.887 ; loss: 0.422
2018-03-21 01:34:56,302:INFO: - Eval metrics : accuracy: 0.177 ; loss: 5.203
2018-03-21 01:34:56,319:INFO: Epoch 128/200
2018-03-21 01:35:05,833:INFO: - Train metrics: accuracy: 0.863 ; loss: 0.482
2018-03-21 01:35:06,503:INFO: - Eval metrics : accuracy: 0.201 ; loss: 4.466
2018-03-21 01:35:06,520:INFO: Epoch 129/200
2018-03-21 01:35:16,011:INFO: - Train metrics: accuracy: 0.922 ; loss: 0.381
2018-03-21 01:35:16,681:INFO: - Eval metrics : accuracy: 0.363 ; loss: 2.987
2018-03-21 01:35:16,693:INFO: Epoch 130/200
2018-03-21 01:35:26,233:INFO: - Train metrics: accuracy: 0.891 ; loss: 0.424
2018-03-21 01:35:26,876:INFO: - Eval metrics : accuracy: 0.244 ; loss: 4.844
2018-03-21 01:35:26,892:INFO: Epoch 131/200
2018-03-21 01:35:36,388:INFO: - Train metrics: accuracy: 0.906 ; loss: 0.344
2018-03-21 01:35:37,024:INFO: - Eval metrics : accuracy: 0.320 ; loss: 3.652
2018-03-21 01:35:37,040:INFO: Epoch 132/200
2018-03-21 01:35:46,475:INFO: - Train metrics: accuracy: 0.863 ; loss: 0.465
2018-03-21 01:35:47,112:INFO: - Eval metrics : accuracy: 0.096 ; loss: 5.513
2018-03-21 01:35:47,127:INFO: Epoch 133/200
2018-03-21 01:35:56,566:INFO: - Train metrics: accuracy: 0.906 ; loss: 0.408
2018-03-21 01:35:57,208:INFO: - Eval metrics : accuracy: 0.046 ; loss: 13.539
2018-03-21 01:35:57,225:INFO: Epoch 134/200
2018-03-21 01:36:06,781:INFO: - Train metrics: accuracy: 0.883 ; loss: 0.443
2018-03-21 01:36:07,461:INFO: - Eval metrics : accuracy: 0.451 ; loss: 2.535
2018-03-21 01:36:07,477:INFO: Epoch 135/200
2018-03-21 01:36:16,951:INFO: - Train metrics: accuracy: 0.875 ; loss: 0.429
2018-03-21 01:36:17,634:INFO: - Eval metrics : accuracy: 0.159 ; loss: 5.612
2018-03-21 01:36:17,663:INFO: Epoch 136/200
2018-03-21 01:36:27,130:INFO: - Train metrics: accuracy: 0.875 ; loss: 0.466
2018-03-21 01:36:27,781:INFO: - Eval metrics : accuracy: 0.335 ; loss: 3.189
2018-03-21 01:36:27,801:INFO: Epoch 137/200
2018-03-21 01:36:37,261:INFO: - Train metrics: accuracy: 0.926 ; loss: 0.378
2018-03-21 01:36:37,915:INFO: - Eval metrics : accuracy: 0.187 ; loss: 4.685
2018-03-21 01:36:37,931:INFO: Epoch 138/200
2018-03-21 01:36:47,427:INFO: - Train metrics: accuracy: 0.914 ; loss: 0.359
2018-03-21 01:36:48,118:INFO: - Eval metrics : accuracy: 0.312 ; loss: 3.973
2018-03-21 01:36:48,134:INFO: Epoch 139/200
2018-03-21 01:36:57,575:INFO: - Train metrics: accuracy: 0.895 ; loss: 0.429
2018-03-21 01:36:58,212:INFO: - Eval metrics : accuracy: 0.405 ; loss: 2.730
2018-03-21 01:36:58,237:INFO: Epoch 140/200
2018-03-21 01:37:07,694:INFO: - Train metrics: accuracy: 0.891 ; loss: 0.403
2018-03-21 01:37:08,338:INFO: - Eval metrics : accuracy: 0.306 ; loss: 3.633
2018-03-21 01:37:08,357:INFO: Epoch 141/200
2018-03-21 01:37:17,856:INFO: - Train metrics: accuracy: 0.922 ; loss: 0.389
2018-03-21 01:37:18,497:INFO: - Eval metrics : accuracy: 0.405 ; loss: 2.957
2018-03-21 01:37:18,517:INFO: Epoch 142/200
2018-03-21 01:37:27,928:INFO: - Train metrics: accuracy: 0.902 ; loss: 0.423
2018-03-21 01:37:28,594:INFO: - Eval metrics : accuracy: 0.401 ; loss: 2.878
2018-03-21 01:37:28,630:INFO: Epoch 143/200
2018-03-21 01:37:38,153:INFO: - Train metrics: accuracy: 0.910 ; loss: 0.377
2018-03-21 01:37:38,787:INFO: - Eval metrics : accuracy: 0.154 ; loss: 4.757
2018-03-21 01:37:38,813:INFO: Epoch 144/200
2018-03-21 01:37:48,301:INFO: - Train metrics: accuracy: 0.883 ; loss: 0.416
2018-03-21 01:37:48,965:INFO: - Eval metrics : accuracy: 0.364 ; loss: 3.201
2018-03-21 01:37:48,979:INFO: Epoch 145/200
2018-03-21 01:37:58,469:INFO: - Train metrics: accuracy: 0.898 ; loss: 0.408
2018-03-21 01:37:59,121:INFO: - Eval metrics : accuracy: 0.472 ; loss: 2.425
2018-03-21 01:37:59,137:INFO: Epoch 146/200
2018-03-21 01:38:08,626:INFO: - Train metrics: accuracy: 0.902 ; loss: 0.359
2018-03-21 01:38:09,289:INFO: - Eval metrics : accuracy: 0.354 ; loss: 3.314
2018-03-21 01:38:09,309:INFO: Epoch 147/200
2018-03-21 01:38:18,779:INFO: - Train metrics: accuracy: 0.887 ; loss: 0.420
2018-03-21 01:38:19,418:INFO: - Eval metrics : accuracy: 0.427 ; loss: 2.653
2018-03-21 01:38:19,430:INFO: Epoch 148/200
2018-03-21 01:38:28,879:INFO: - Train metrics: accuracy: 0.867 ; loss: 0.459
2018-03-21 01:38:29,549:INFO: - Eval metrics : accuracy: 0.295 ; loss: 3.756
2018-03-21 01:38:29,573:INFO: Epoch 149/200
2018-03-21 01:38:39,055:INFO: - Train metrics: accuracy: 0.914 ; loss: 0.374
2018-03-21 01:38:39,703:INFO: - Eval metrics : accuracy: 0.302 ; loss: 3.488
2018-03-21 01:38:39,721:INFO: Epoch 150/200
2018-03-21 01:38:49,196:INFO: - Train metrics: accuracy: 0.887 ; loss: 0.445
2018-03-21 01:38:49,848:INFO: - Eval metrics : accuracy: 0.230 ; loss: 4.246
2018-03-21 01:38:49,865:INFO: Epoch 151/200
2018-03-21 01:38:59,349:INFO: - Train metrics: accuracy: 0.887 ; loss: 0.350
2018-03-21 01:39:00,036:INFO: - Eval metrics : accuracy: 0.100 ; loss: 7.013
2018-03-21 01:39:00,052:INFO: Epoch 152/200
2018-03-21 01:39:09,603:INFO: - Train metrics: accuracy: 0.918 ; loss: 0.412
2018-03-21 01:39:10,232:INFO: - Eval metrics : accuracy: 0.300 ; loss: 3.878
2018-03-21 01:39:10,248:INFO: Epoch 153/200
2018-03-21 01:39:19,765:INFO: - Train metrics: accuracy: 0.898 ; loss: 0.350
2018-03-21 01:39:20,419:INFO: - Eval metrics : accuracy: 0.269 ; loss: 4.206
2018-03-21 01:39:20,435:INFO: Epoch 154/200
2018-03-21 01:39:29,855:INFO: - Train metrics: accuracy: 0.938 ; loss: 0.324
2018-03-21 01:39:30,499:INFO: - Eval metrics : accuracy: 0.399 ; loss: 2.875
2018-03-21 01:39:30,520:INFO: Epoch 155/200
2018-03-21 01:39:39,966:INFO: - Train metrics: accuracy: 0.922 ; loss: 0.324
2018-03-21 01:39:40,598:INFO: - Eval metrics : accuracy: 0.487 ; loss: 2.459
2018-03-21 01:39:40,614:INFO: Epoch 156/200
2018-03-21 01:39:50,140:INFO: - Train metrics: accuracy: 0.867 ; loss: 0.455
2018-03-21 01:39:50,808:INFO: - Eval metrics : accuracy: 0.370 ; loss: 3.095
2018-03-21 01:39:50,820:INFO: Epoch 157/200
2018-03-21 01:40:00,322:INFO: - Train metrics: accuracy: 0.895 ; loss: 0.461
2018-03-21 01:40:01,006:INFO: - Eval metrics : accuracy: 0.338 ; loss: 3.232
2018-03-21 01:40:01,023:INFO: Epoch 158/200
2018-03-21 01:40:10,477:INFO: - Train metrics: accuracy: 0.891 ; loss: 0.492
2018-03-21 01:40:11,129:INFO: - Eval metrics : accuracy: 0.082 ; loss: 7.084
2018-03-21 01:40:11,145:INFO: Epoch 159/200
2018-03-21 01:40:20,649:INFO: - Train metrics: accuracy: 0.891 ; loss: 0.423
2018-03-21 01:40:21,318:INFO: - Eval metrics : accuracy: 0.476 ; loss: 2.500
2018-03-21 01:40:21,334:INFO: Epoch 160/200
2018-03-21 01:40:30,824:INFO: - Train metrics: accuracy: 0.922 ; loss: 0.409
2018-03-21 01:40:31,511:INFO: - Eval metrics : accuracy: 0.217 ; loss: 4.849
2018-03-21 01:40:31,529:INFO: Epoch 161/200
2018-03-21 01:40:40,994:INFO: - Train metrics: accuracy: 0.891 ; loss: 0.456
2018-03-21 01:40:41,641:INFO: - Eval metrics : accuracy: 0.352 ; loss: 3.069
2018-03-21 01:40:41,667:INFO: Epoch 162/200
2018-03-21 01:40:51,140:INFO: - Train metrics: accuracy: 0.891 ; loss: 0.415
2018-03-21 01:40:51,784:INFO: - Eval metrics : accuracy: 0.437 ; loss: 2.639
2018-03-21 01:40:51,800:INFO: Epoch 163/200
2018-03-21 01:41:01,256:INFO: - Train metrics: accuracy: 0.902 ; loss: 0.380
2018-03-21 01:41:01,924:INFO: - Eval metrics : accuracy: 0.369 ; loss: 3.236
2018-03-21 01:41:01,939:INFO: Epoch 164/200
2018-03-21 01:41:11,356:INFO: - Train metrics: accuracy: 0.914 ; loss: 0.362
2018-03-21 01:41:11,988:INFO: - Eval metrics : accuracy: 0.029 ; loss: 15.712
2018-03-21 01:41:12,025:INFO: Epoch 165/200
2018-03-21 01:41:21,469:INFO: - Train metrics: accuracy: 0.891 ; loss: 0.396
2018-03-21 01:41:22,135:INFO: - Eval metrics : accuracy: 0.416 ; loss: 2.939
2018-03-21 01:41:22,161:INFO: Epoch 166/200
2018-03-21 01:41:31,594:INFO: - Train metrics: accuracy: 0.930 ; loss: 0.363
2018-03-21 01:41:32,276:INFO: - Eval metrics : accuracy: 0.355 ; loss: 3.152
2018-03-21 01:41:32,292:INFO: Epoch 167/200
2018-03-21 01:41:41,770:INFO: - Train metrics: accuracy: 0.887 ; loss: 0.403
2018-03-21 01:41:42,431:INFO: - Eval metrics : accuracy: 0.088 ; loss: 6.341
2018-03-21 01:41:42,467:INFO: Epoch 168/200
2018-03-21 01:41:51,914:INFO: - Train metrics: accuracy: 0.898 ; loss: 0.374
2018-03-21 01:41:52,553:INFO: - Eval metrics : accuracy: 0.290 ; loss: 3.958
2018-03-21 01:41:52,580:INFO: Epoch 169/200
2018-03-21 01:42:02,056:INFO: - Train metrics: accuracy: 0.910 ; loss: 0.343
2018-03-21 01:42:02,708:INFO: - Eval metrics : accuracy: 0.370 ; loss: 2.921
2018-03-21 01:42:02,721:INFO: Epoch 170/200
2018-03-21 01:42:12,246:INFO: - Train metrics: accuracy: 0.961 ; loss: 0.248
2018-03-21 01:42:12,911:INFO: - Eval metrics : accuracy: 0.169 ; loss: 5.475
2018-03-21 01:42:12,932:INFO: Epoch 171/200
2018-03-21 01:42:22,408:INFO: - Train metrics: accuracy: 0.930 ; loss: 0.329
2018-03-21 01:42:23,046:INFO: - Eval metrics : accuracy: 0.382 ; loss: 2.979
2018-03-21 01:42:23,061:INFO: Epoch 172/200
2018-03-21 01:42:32,570:INFO: - Train metrics: accuracy: 0.938 ; loss: 0.312
2018-03-21 01:42:33,231:INFO: - Eval metrics : accuracy: 0.102 ; loss: 9.540
2018-03-21 01:42:33,248:INFO: Epoch 173/200
2018-03-21 01:42:42,720:INFO: - Train metrics: accuracy: 0.902 ; loss: 0.399
2018-03-21 01:42:43,376:INFO: - Eval metrics : accuracy: 0.118 ; loss: 5.516
2018-03-21 01:42:43,388:INFO: Epoch 174/200
2018-03-21 01:42:52,851:INFO: - Train metrics: accuracy: 0.891 ; loss: 0.441
2018-03-21 01:42:53,485:INFO: - Eval metrics : accuracy: 0.223 ; loss: 4.448
2018-03-21 01:42:53,505:INFO: Epoch 175/200
2018-03-21 01:43:03,011:INFO: - Train metrics: accuracy: 0.902 ; loss: 0.417
2018-03-21 01:43:03,655:INFO: - Eval metrics : accuracy: 0.196 ; loss: 4.619
2018-03-21 01:43:03,671:INFO: Epoch 176/200
2018-03-21 01:43:13,126:INFO: - Train metrics: accuracy: 0.926 ; loss: 0.382
2018-03-21 01:43:13,758:INFO: - Eval metrics : accuracy: 0.270 ; loss: 4.181
2018-03-21 01:43:13,777:INFO: Epoch 177/200
2018-03-21 01:43:23,232:INFO: - Train metrics: accuracy: 0.887 ; loss: 0.452
2018-03-21 01:43:23,885:INFO: - Eval metrics : accuracy: 0.411 ; loss: 2.805
2018-03-21 01:43:23,919:INFO: Epoch 178/200
2018-03-21 01:43:33,454:INFO: - Train metrics: accuracy: 0.910 ; loss: 0.386
2018-03-21 01:43:34,120:INFO: - Eval metrics : accuracy: 0.129 ; loss: 5.904
2018-03-21 01:43:34,136:INFO: Epoch 179/200
2018-03-21 01:43:43,615:INFO: - Train metrics: accuracy: 0.918 ; loss: 0.360
2018-03-21 01:43:44,268:INFO: - Eval metrics : accuracy: 0.211 ; loss: 4.424
2018-03-21 01:43:44,284:INFO: Epoch 180/200
2018-03-21 01:43:53,712:INFO: - Train metrics: accuracy: 0.918 ; loss: 0.406
2018-03-21 01:43:54,345:INFO: - Eval metrics : accuracy: 0.188 ; loss: 4.801
2018-03-21 01:43:54,359:INFO: Epoch 181/200
2018-03-21 01:44:03,804:INFO: - Train metrics: accuracy: 0.898 ; loss: 0.382
2018-03-21 01:44:04,450:INFO: - Eval metrics : accuracy: 0.405 ; loss: 2.868
2018-03-21 01:44:04,465:INFO: Epoch 182/200
2018-03-21 01:44:13,951:INFO: - Train metrics: accuracy: 0.918 ; loss: 0.410
2018-03-21 01:44:14,617:INFO: - Eval metrics : accuracy: 0.243 ; loss: 5.039
2018-03-21 01:44:14,641:INFO: Epoch 183/200
2018-03-21 01:44:24,126:INFO: - Train metrics: accuracy: 0.926 ; loss: 0.322
2018-03-21 01:44:24,822:INFO: - Eval metrics : accuracy: 0.270 ; loss: 4.152
2018-03-21 01:44:24,856:INFO: Epoch 184/200
2018-03-21 01:44:34,345:INFO: - Train metrics: accuracy: 0.926 ; loss: 0.379
2018-03-21 01:44:35,007:INFO: - Eval metrics : accuracy: 0.132 ; loss: 6.288
2018-03-21 01:44:35,041:INFO: Epoch 185/200
2018-03-21 01:44:44,479:INFO: - Train metrics: accuracy: 0.898 ; loss: 0.371
2018-03-21 01:44:45,129:INFO: - Eval metrics : accuracy: 0.406 ; loss: 2.831
2018-03-21 01:44:45,144:INFO: Epoch 186/200
2018-03-21 01:44:54,610:INFO: - Train metrics: accuracy: 0.938 ; loss: 0.288
2018-03-21 01:44:55,273:INFO: - Eval metrics : accuracy: 0.091 ; loss: 7.014
2018-03-21 01:44:55,288:INFO: Epoch 187/200
2018-03-21 01:45:04,776:INFO: - Train metrics: accuracy: 0.910 ; loss: 0.366
2018-03-21 01:45:05,414:INFO: - Eval metrics : accuracy: 0.208 ; loss: 4.305
2018-03-21 01:45:05,432:INFO: Epoch 188/200
2018-03-21 01:45:14,907:INFO: - Train metrics: accuracy: 0.926 ; loss: 0.338
2018-03-21 01:45:15,541:INFO: - Eval metrics : accuracy: 0.449 ; loss: 2.701
2018-03-21 01:45:15,561:INFO: Epoch 189/200
2018-03-21 01:45:25,006:INFO: - Train metrics: accuracy: 0.902 ; loss: 0.425
2018-03-21 01:45:25,631:INFO: - Eval metrics : accuracy: 0.441 ; loss: 2.709
2018-03-21 01:45:25,647:INFO: Epoch 190/200
2018-03-21 01:45:35,098:INFO: - Train metrics: accuracy: 0.906 ; loss: 0.379
2018-03-21 01:45:35,764:INFO: - Eval metrics : accuracy: 0.279 ; loss: 3.736
2018-03-21 01:45:35,776:INFO: Epoch 191/200
2018-03-21 01:45:45,272:INFO: - Train metrics: accuracy: 0.914 ; loss: 0.335
2018-03-21 01:45:45,929:INFO: - Eval metrics : accuracy: 0.207 ; loss: 4.328
2018-03-21 01:45:45,944:INFO: Epoch 192/200
2018-03-21 01:45:55,421:INFO: - Train metrics: accuracy: 0.895 ; loss: 0.384
2018-03-21 01:45:56,103:INFO: - Eval metrics : accuracy: 0.266 ; loss: 4.174
2018-03-21 01:45:56,121:INFO: Epoch 193/200
2018-03-21 01:46:05,608:INFO: - Train metrics: accuracy: 0.895 ; loss: 0.401
2018-03-21 01:46:06,261:INFO: - Eval metrics : accuracy: 0.219 ; loss: 4.352
2018-03-21 01:46:06,281:INFO: Epoch 194/200
2018-03-21 01:46:15,767:INFO: - Train metrics: accuracy: 0.902 ; loss: 0.386
2018-03-21 01:46:16,421:INFO: - Eval metrics : accuracy: 0.237 ; loss: 4.928
2018-03-21 01:46:16,441:INFO: Epoch 195/200
2018-03-21 01:46:25,918:INFO: - Train metrics: accuracy: 0.918 ; loss: 0.334
2018-03-21 01:46:26,589:INFO: - Eval metrics : accuracy: 0.341 ; loss: 3.843
2018-03-21 01:46:26,613:INFO: Epoch 196/200
2018-03-21 01:46:36,110:INFO: - Train metrics: accuracy: 0.914 ; loss: 0.392
2018-03-21 01:46:36,761:INFO: - Eval metrics : accuracy: 0.310 ; loss: 3.983
2018-03-21 01:46:36,777:INFO: Epoch 197/200
2018-03-21 01:46:46,300:INFO: - Train metrics: accuracy: 0.914 ; loss: 0.362
2018-03-21 01:46:46,954:INFO: - Eval metrics : accuracy: 0.290 ; loss: 3.935
2018-03-21 01:46:46,981:INFO: Epoch 198/200
2018-03-21 01:46:56,459:INFO: - Train metrics: accuracy: 0.895 ; loss: 0.385
2018-03-21 01:46:57,114:INFO: - Eval metrics : accuracy: 0.305 ; loss: 3.910
2018-03-21 01:46:57,129:INFO: Epoch 199/200
2018-03-21 01:47:06,592:INFO: - Train metrics: accuracy: 0.895 ; loss: 0.407
2018-03-21 01:47:07,265:INFO: - Eval metrics : accuracy: 0.391 ; loss: 2.989
2018-03-21 01:47:07,281:INFO: Epoch 200/200
2018-03-21 01:47:16,801:INFO: - Train metrics: accuracy: 0.926 ; loss: 0.348
2018-03-21 01:47:17,445:INFO: - Eval metrics : accuracy: 0.421 ; loss: 2.721
