2018-03-22 05:25:41,381:INFO: Loading the datasets...
2018-03-22 05:25:41,431:INFO: - done.
2018-03-22 05:25:43,684:INFO: Starting training for 100 epoch(s)
2018-03-22 05:25:43,684:INFO: Epoch 1/100
2018-03-22 05:26:13,029:INFO: - Train metrics: accuracy: 0.016 ; loss: 6.424
2018-03-22 05:26:14,470:INFO: - Eval metrics : accuracy: 0.030 ; loss: 5.993
2018-03-22 05:26:14,503:INFO: - Found new best accuracy
2018-03-22 05:26:14,503:INFO: Epoch 2/100
2018-03-22 05:26:43,160:INFO: - Train metrics: accuracy: 0.036 ; loss: 5.831
2018-03-22 05:26:44,668:INFO: - Eval metrics : accuracy: 0.086 ; loss: 5.432
2018-03-22 05:26:44,749:INFO: - Found new best accuracy
2018-03-22 05:26:44,750:INFO: Epoch 3/100
2018-03-22 05:27:13,385:INFO: - Train metrics: accuracy: 0.083 ; loss: 5.343
2018-03-22 05:27:14,881:INFO: - Eval metrics : accuracy: 0.113 ; loss: 5.119
2018-03-22 05:27:14,959:INFO: - Found new best accuracy
2018-03-22 05:27:14,959:INFO: Epoch 4/100
2018-03-22 05:27:43,660:INFO: - Train metrics: accuracy: 0.198 ; loss: 4.619
2018-03-22 05:27:45,173:INFO: - Eval metrics : accuracy: 0.223 ; loss: 4.336
2018-03-22 05:27:45,249:INFO: - Found new best accuracy
2018-03-22 05:27:45,249:INFO: Epoch 5/100
2018-03-22 05:28:13,806:INFO: - Train metrics: accuracy: 0.172 ; loss: 4.480
2018-03-22 05:28:15,319:INFO: - Eval metrics : accuracy: 0.289 ; loss: 3.907
2018-03-22 05:28:15,396:INFO: - Found new best accuracy
2018-03-22 05:28:15,397:INFO: Epoch 6/100
2018-03-22 05:28:44,039:INFO: - Train metrics: accuracy: 0.281 ; loss: 3.898
2018-03-22 05:28:45,520:INFO: - Eval metrics : accuracy: 0.190 ; loss: 4.576
2018-03-22 05:28:45,564:INFO: Epoch 7/100
2018-03-22 05:29:14,165:INFO: - Train metrics: accuracy: 0.328 ; loss: 3.619
2018-03-22 05:29:15,661:INFO: - Eval metrics : accuracy: 0.365 ; loss: 3.421
2018-03-22 05:29:15,735:INFO: - Found new best accuracy
2018-03-22 05:29:15,736:INFO: Epoch 8/100
2018-03-22 05:29:44,322:INFO: - Train metrics: accuracy: 0.323 ; loss: 3.545
2018-03-22 05:29:45,826:INFO: - Eval metrics : accuracy: 0.230 ; loss: 4.299
2018-03-22 05:29:45,869:INFO: Epoch 9/100
2018-03-22 05:30:14,454:INFO: - Train metrics: accuracy: 0.385 ; loss: 3.237
2018-03-22 05:30:15,984:INFO: - Eval metrics : accuracy: 0.406 ; loss: 3.084
2018-03-22 05:30:16,061:INFO: - Found new best accuracy
2018-03-22 05:30:16,061:INFO: Epoch 10/100
2018-03-22 05:30:44,660:INFO: - Train metrics: accuracy: 0.391 ; loss: 3.167
2018-03-22 05:30:46,157:INFO: - Eval metrics : accuracy: 0.307 ; loss: 3.705
2018-03-22 05:30:46,202:INFO: Epoch 11/100
2018-03-22 05:31:14,733:INFO: - Train metrics: accuracy: 0.396 ; loss: 3.057
2018-03-22 05:31:16,247:INFO: - Eval metrics : accuracy: 0.292 ; loss: 3.792
2018-03-22 05:31:16,305:INFO: Epoch 12/100
2018-03-22 05:31:44,873:INFO: - Train metrics: accuracy: 0.458 ; loss: 2.804
2018-03-22 05:31:46,398:INFO: - Eval metrics : accuracy: 0.506 ; loss: 2.591
2018-03-22 05:31:46,473:INFO: - Found new best accuracy
2018-03-22 05:31:46,474:INFO: Epoch 13/100
2018-03-22 05:32:15,083:INFO: - Train metrics: accuracy: 0.484 ; loss: 2.688
2018-03-22 05:32:16,541:INFO: - Eval metrics : accuracy: 0.338 ; loss: 3.452
2018-03-22 05:32:16,586:INFO: Epoch 14/100
2018-03-22 05:32:45,160:INFO: - Train metrics: accuracy: 0.536 ; loss: 2.329
2018-03-22 05:32:46,667:INFO: - Eval metrics : accuracy: 0.335 ; loss: 3.450
2018-03-22 05:32:46,724:INFO: Epoch 15/100
2018-03-22 05:33:15,325:INFO: - Train metrics: accuracy: 0.490 ; loss: 2.452
2018-03-22 05:33:16,825:INFO: - Eval metrics : accuracy: 0.423 ; loss: 2.976
2018-03-22 05:33:16,870:INFO: Epoch 16/100
2018-03-22 05:33:45,432:INFO: - Train metrics: accuracy: 0.583 ; loss: 2.249
2018-03-22 05:33:46,921:INFO: - Eval metrics : accuracy: 0.467 ; loss: 2.777
2018-03-22 05:33:46,963:INFO: Epoch 17/100
2018-03-22 05:34:15,572:INFO: - Train metrics: accuracy: 0.474 ; loss: 2.547
2018-03-22 05:34:17,067:INFO: - Eval metrics : accuracy: 0.426 ; loss: 2.997
2018-03-22 05:34:17,113:INFO: Epoch 18/100
2018-03-22 05:34:45,743:INFO: - Train metrics: accuracy: 0.630 ; loss: 1.870
2018-03-22 05:34:47,251:INFO: - Eval metrics : accuracy: 0.231 ; loss: 4.275
2018-03-22 05:34:47,297:INFO: Epoch 19/100
2018-03-22 05:35:15,825:INFO: - Train metrics: accuracy: 0.505 ; loss: 2.423
2018-03-22 05:35:17,342:INFO: - Eval metrics : accuracy: 0.531 ; loss: 2.416
2018-03-22 05:35:17,423:INFO: - Found new best accuracy
2018-03-22 05:35:17,424:INFO: Epoch 20/100
2018-03-22 05:35:46,022:INFO: - Train metrics: accuracy: 0.573 ; loss: 2.148
2018-03-22 05:35:47,490:INFO: - Eval metrics : accuracy: 0.523 ; loss: 2.414
2018-03-22 05:35:47,532:INFO: Epoch 21/100
2018-03-22 05:36:16,111:INFO: - Train metrics: accuracy: 0.594 ; loss: 2.145
2018-03-22 05:36:17,603:INFO: - Eval metrics : accuracy: 0.438 ; loss: 2.940
2018-03-22 05:36:17,647:INFO: Epoch 22/100
2018-03-22 05:36:46,173:INFO: - Train metrics: accuracy: 0.641 ; loss: 1.772
2018-03-22 05:36:47,682:INFO: - Eval metrics : accuracy: 0.400 ; loss: 3.166
2018-03-22 05:36:47,725:INFO: Epoch 23/100
2018-03-22 05:37:16,280:INFO: - Train metrics: accuracy: 0.599 ; loss: 2.004
2018-03-22 05:37:17,756:INFO: - Eval metrics : accuracy: 0.536 ; loss: 2.319
2018-03-22 05:37:17,833:INFO: - Found new best accuracy
2018-03-22 05:37:17,834:INFO: Epoch 24/100
2018-03-22 05:37:46,499:INFO: - Train metrics: accuracy: 0.604 ; loss: 1.752
2018-03-22 05:37:47,993:INFO: - Eval metrics : accuracy: 0.581 ; loss: 2.130
2018-03-22 05:37:48,066:INFO: - Found new best accuracy
2018-03-22 05:37:48,066:INFO: Epoch 25/100
2018-03-22 05:38:16,628:INFO: - Train metrics: accuracy: 0.609 ; loss: 1.817
2018-03-22 05:38:18,147:INFO: - Eval metrics : accuracy: 0.590 ; loss: 2.097
2018-03-22 05:38:18,221:INFO: - Found new best accuracy
2018-03-22 05:38:18,221:INFO: Epoch 26/100
2018-03-22 05:38:46,726:INFO: - Train metrics: accuracy: 0.635 ; loss: 1.784
2018-03-22 05:38:48,199:INFO: - Eval metrics : accuracy: 0.445 ; loss: 2.831
2018-03-22 05:38:48,242:INFO: Epoch 27/100
2018-03-22 05:39:16,820:INFO: - Train metrics: accuracy: 0.568 ; loss: 1.979
2018-03-22 05:39:18,303:INFO: - Eval metrics : accuracy: 0.539 ; loss: 2.337
2018-03-22 05:39:18,349:INFO: Epoch 28/100
2018-03-22 05:39:46,946:INFO: - Train metrics: accuracy: 0.599 ; loss: 1.869
2018-03-22 05:39:48,464:INFO: - Eval metrics : accuracy: 0.506 ; loss: 2.493
2018-03-22 05:39:48,588:INFO: Epoch 29/100
2018-03-22 05:40:17,169:INFO: - Train metrics: accuracy: 0.609 ; loss: 1.697
2018-03-22 05:40:18,674:INFO: - Eval metrics : accuracy: 0.508 ; loss: 2.554
2018-03-22 05:40:18,730:INFO: Epoch 30/100
2018-03-22 05:40:47,194:INFO: - Train metrics: accuracy: 0.661 ; loss: 1.601
2018-03-22 05:40:48,696:INFO: - Eval metrics : accuracy: 0.587 ; loss: 2.041
2018-03-22 05:40:48,734:INFO: Epoch 31/100
2018-03-22 05:41:17,276:INFO: - Train metrics: accuracy: 0.703 ; loss: 1.501
2018-03-22 05:41:18,777:INFO: - Eval metrics : accuracy: 0.486 ; loss: 2.554
2018-03-22 05:41:18,820:INFO: Epoch 32/100
2018-03-22 05:41:47,293:INFO: - Train metrics: accuracy: 0.703 ; loss: 1.380
2018-03-22 05:41:48,766:INFO: - Eval metrics : accuracy: 0.519 ; loss: 2.469
2018-03-22 05:41:48,809:INFO: Epoch 33/100
2018-03-22 05:42:17,343:INFO: - Train metrics: accuracy: 0.641 ; loss: 1.764
2018-03-22 05:42:18,836:INFO: - Eval metrics : accuracy: 0.538 ; loss: 2.306
2018-03-22 05:42:18,872:INFO: Epoch 34/100
2018-03-22 05:42:47,300:INFO: - Train metrics: accuracy: 0.609 ; loss: 1.647
2018-03-22 05:42:48,766:INFO: - Eval metrics : accuracy: 0.500 ; loss: 2.505
2018-03-22 05:42:48,813:INFO: Epoch 35/100
2018-03-22 05:43:17,262:INFO: - Train metrics: accuracy: 0.693 ; loss: 1.523
2018-03-22 05:43:18,748:INFO: - Eval metrics : accuracy: 0.466 ; loss: 2.708
2018-03-22 05:43:18,791:INFO: Epoch 36/100
2018-03-22 05:43:47,291:INFO: - Train metrics: accuracy: 0.677 ; loss: 1.432
2018-03-22 05:43:48,811:INFO: - Eval metrics : accuracy: 0.433 ; loss: 2.983
2018-03-22 05:43:48,855:INFO: Epoch 37/100
2018-03-22 05:44:17,341:INFO: - Train metrics: accuracy: 0.693 ; loss: 1.495
2018-03-22 05:44:18,843:INFO: - Eval metrics : accuracy: 0.589 ; loss: 2.047
2018-03-22 05:44:18,886:INFO: Epoch 38/100
2018-03-22 05:44:47,392:INFO: - Train metrics: accuracy: 0.688 ; loss: 1.470
2018-03-22 05:44:48,861:INFO: - Eval metrics : accuracy: 0.538 ; loss: 2.303
2018-03-22 05:44:48,901:INFO: Epoch 39/100
2018-03-22 05:45:17,367:INFO: - Train metrics: accuracy: 0.635 ; loss: 1.637
2018-03-22 05:45:18,841:INFO: - Eval metrics : accuracy: 0.606 ; loss: 1.996
2018-03-22 05:45:18,914:INFO: - Found new best accuracy
2018-03-22 05:45:18,914:INFO: Epoch 40/100
2018-03-22 05:45:47,400:INFO: - Train metrics: accuracy: 0.698 ; loss: 1.360
2018-03-22 05:45:48,897:INFO: - Eval metrics : accuracy: 0.576 ; loss: 2.141
2018-03-22 05:45:48,935:INFO: Epoch 41/100
2018-03-22 05:46:17,391:INFO: - Train metrics: accuracy: 0.661 ; loss: 1.451
2018-03-22 05:46:18,851:INFO: - Eval metrics : accuracy: 0.486 ; loss: 2.725
2018-03-22 05:46:18,892:INFO: Epoch 42/100
2018-03-22 05:46:47,355:INFO: - Train metrics: accuracy: 0.656 ; loss: 1.469
2018-03-22 05:46:48,850:INFO: - Eval metrics : accuracy: 0.612 ; loss: 1.882
2018-03-22 05:46:48,924:INFO: - Found new best accuracy
2018-03-22 05:46:48,924:INFO: Epoch 43/100
2018-03-22 05:47:17,401:INFO: - Train metrics: accuracy: 0.693 ; loss: 1.422
2018-03-22 05:47:18,903:INFO: - Eval metrics : accuracy: 0.473 ; loss: 2.739
2018-03-22 05:47:18,945:INFO: Epoch 44/100
2018-03-22 05:47:47,491:INFO: - Train metrics: accuracy: 0.682 ; loss: 1.472
2018-03-22 05:47:48,979:INFO: - Eval metrics : accuracy: 0.573 ; loss: 2.185
2018-03-22 05:47:49,022:INFO: Epoch 45/100
2018-03-22 05:48:17,510:INFO: - Train metrics: accuracy: 0.740 ; loss: 1.279
2018-03-22 05:48:19,015:INFO: - Eval metrics : accuracy: 0.562 ; loss: 2.238
2018-03-22 05:48:19,058:INFO: Epoch 46/100
2018-03-22 05:48:47,632:INFO: - Train metrics: accuracy: 0.734 ; loss: 1.151
2018-03-22 05:48:49,148:INFO: - Eval metrics : accuracy: 0.419 ; loss: 3.128
2018-03-22 05:48:49,202:INFO: Epoch 47/100
2018-03-22 05:49:17,665:INFO: - Train metrics: accuracy: 0.703 ; loss: 1.343
2018-03-22 05:49:19,150:INFO: - Eval metrics : accuracy: 0.578 ; loss: 2.118
2018-03-22 05:49:19,196:INFO: Epoch 48/100
2018-03-22 05:49:47,626:INFO: - Train metrics: accuracy: 0.714 ; loss: 1.349
2018-03-22 05:49:49,089:INFO: - Eval metrics : accuracy: 0.458 ; loss: 2.856
2018-03-22 05:49:49,132:INFO: Epoch 49/100
2018-03-22 05:50:17,630:INFO: - Train metrics: accuracy: 0.677 ; loss: 1.389
2018-03-22 05:50:19,149:INFO: - Eval metrics : accuracy: 0.595 ; loss: 2.038
2018-03-22 05:50:19,192:INFO: Epoch 50/100
2018-03-22 05:50:47,609:INFO: - Train metrics: accuracy: 0.729 ; loss: 1.290
2018-03-22 05:50:49,077:INFO: - Eval metrics : accuracy: 0.588 ; loss: 2.056
2018-03-22 05:50:49,119:INFO: Epoch 51/100
2018-03-22 05:51:17,540:INFO: - Train metrics: accuracy: 0.750 ; loss: 1.136
2018-03-22 05:51:19,060:INFO: - Eval metrics : accuracy: 0.605 ; loss: 1.950
2018-03-22 05:51:19,102:INFO: Epoch 52/100
2018-03-22 05:51:47,586:INFO: - Train metrics: accuracy: 0.766 ; loss: 1.100
2018-03-22 05:51:49,050:INFO: - Eval metrics : accuracy: 0.594 ; loss: 2.039
2018-03-22 05:51:49,094:INFO: Epoch 53/100
2018-03-22 05:52:17,521:INFO: - Train metrics: accuracy: 0.750 ; loss: 1.161
2018-03-22 05:52:18,979:INFO: - Eval metrics : accuracy: 0.595 ; loss: 2.010
2018-03-22 05:52:19,022:INFO: Epoch 54/100
2018-03-22 05:52:47,440:INFO: - Train metrics: accuracy: 0.745 ; loss: 1.127
2018-03-22 05:52:48,919:INFO: - Eval metrics : accuracy: 0.501 ; loss: 2.549
2018-03-22 05:52:48,962:INFO: Epoch 55/100
2018-03-22 05:53:17,386:INFO: - Train metrics: accuracy: 0.719 ; loss: 1.213
2018-03-22 05:53:18,855:INFO: - Eval metrics : accuracy: 0.606 ; loss: 1.965
2018-03-22 05:53:18,898:INFO: Epoch 56/100
2018-03-22 05:53:47,306:INFO: - Train metrics: accuracy: 0.734 ; loss: 1.180
2018-03-22 05:53:48,831:INFO: - Eval metrics : accuracy: 0.516 ; loss: 2.456
2018-03-22 05:53:48,875:INFO: Epoch 57/100
2018-03-22 05:54:17,406:INFO: - Train metrics: accuracy: 0.719 ; loss: 1.203
2018-03-22 05:54:18,908:INFO: - Eval metrics : accuracy: 0.571 ; loss: 2.209
2018-03-22 05:54:18,951:INFO: Epoch 58/100
2018-03-22 05:54:47,433:INFO: - Train metrics: accuracy: 0.714 ; loss: 1.260
2018-03-22 05:54:48,921:INFO: - Eval metrics : accuracy: 0.486 ; loss: 2.606
2018-03-22 05:54:48,965:INFO: Epoch 59/100
2018-03-22 05:55:17,409:INFO: - Train metrics: accuracy: 0.729 ; loss: 1.344
2018-03-22 05:55:18,876:INFO: - Eval metrics : accuracy: 0.363 ; loss: 3.430
2018-03-22 05:55:18,920:INFO: Epoch 60/100
2018-03-22 05:55:47,303:INFO: - Train metrics: accuracy: 0.734 ; loss: 1.273
2018-03-22 05:55:48,760:INFO: - Eval metrics : accuracy: 0.594 ; loss: 2.028
2018-03-22 05:55:48,803:INFO: Epoch 61/100
2018-03-22 05:56:17,256:INFO: - Train metrics: accuracy: 0.771 ; loss: 1.080
2018-03-22 05:56:18,741:INFO: - Eval metrics : accuracy: 0.524 ; loss: 2.333
2018-03-22 05:56:18,785:INFO: Epoch 62/100
2018-03-22 05:56:47,321:INFO: - Train metrics: accuracy: 0.781 ; loss: 1.033
2018-03-22 05:56:48,815:INFO: - Eval metrics : accuracy: 0.613 ; loss: 1.955
2018-03-22 05:56:48,893:INFO: - Found new best accuracy
2018-03-22 05:56:48,893:INFO: Epoch 63/100
2018-03-22 05:57:17,277:INFO: - Train metrics: accuracy: 0.792 ; loss: 0.957
2018-03-22 05:57:18,759:INFO: - Eval metrics : accuracy: 0.529 ; loss: 2.479
2018-03-22 05:57:18,797:INFO: Epoch 64/100
2018-03-22 05:57:47,230:INFO: - Train metrics: accuracy: 0.714 ; loss: 1.227
2018-03-22 05:57:48,723:INFO: - Eval metrics : accuracy: 0.545 ; loss: 2.269
2018-03-22 05:57:48,765:INFO: Epoch 65/100
2018-03-22 05:58:17,211:INFO: - Train metrics: accuracy: 0.708 ; loss: 1.276
2018-03-22 05:58:18,705:INFO: - Eval metrics : accuracy: 0.567 ; loss: 2.147
2018-03-22 05:58:18,748:INFO: Epoch 66/100
2018-03-22 05:58:47,178:INFO: - Train metrics: accuracy: 0.745 ; loss: 1.094
2018-03-22 05:58:48,694:INFO: - Eval metrics : accuracy: 0.393 ; loss: 3.270
2018-03-22 05:58:48,736:INFO: Epoch 67/100
2018-03-22 05:59:17,139:INFO: - Train metrics: accuracy: 0.797 ; loss: 0.976
2018-03-22 05:59:18,638:INFO: - Eval metrics : accuracy: 0.377 ; loss: 3.493
2018-03-22 05:59:18,681:INFO: Epoch 68/100
2018-03-22 05:59:47,111:INFO: - Train metrics: accuracy: 0.833 ; loss: 0.883
2018-03-22 05:59:48,588:INFO: - Eval metrics : accuracy: 0.615 ; loss: 1.961
2018-03-22 05:59:48,662:INFO: - Found new best accuracy
2018-03-22 05:59:48,662:INFO: Epoch 69/100
2018-03-22 06:00:17,079:INFO: - Train metrics: accuracy: 0.740 ; loss: 1.117
2018-03-22 06:00:18,575:INFO: - Eval metrics : accuracy: 0.339 ; loss: 3.580
2018-03-22 06:00:18,614:INFO: Epoch 70/100
2018-03-22 06:00:47,050:INFO: - Train metrics: accuracy: 0.812 ; loss: 0.905
2018-03-22 06:00:48,531:INFO: - Eval metrics : accuracy: 0.563 ; loss: 2.152
2018-03-22 06:00:48,575:INFO: Epoch 71/100
2018-03-22 06:01:17,000:INFO: - Train metrics: accuracy: 0.781 ; loss: 0.938
2018-03-22 06:01:18,462:INFO: - Eval metrics : accuracy: 0.590 ; loss: 2.013
2018-03-22 06:01:18,506:INFO: Epoch 72/100
2018-03-22 06:01:46,928:INFO: - Train metrics: accuracy: 0.786 ; loss: 0.949
2018-03-22 06:01:48,418:INFO: - Eval metrics : accuracy: 0.355 ; loss: 3.467
2018-03-22 06:01:48,459:INFO: Epoch 73/100
2018-03-22 06:02:16,870:INFO: - Train metrics: accuracy: 0.760 ; loss: 1.033
2018-03-22 06:02:18,344:INFO: - Eval metrics : accuracy: 0.494 ; loss: 2.576
2018-03-22 06:02:18,391:INFO: Epoch 74/100
2018-03-22 06:02:46,827:INFO: - Train metrics: accuracy: 0.823 ; loss: 0.830
2018-03-22 06:02:48,330:INFO: - Eval metrics : accuracy: 0.469 ; loss: 2.694
2018-03-22 06:02:48,374:INFO: Epoch 75/100
2018-03-22 06:03:16,721:INFO: - Train metrics: accuracy: 0.797 ; loss: 0.938
2018-03-22 06:03:18,228:INFO: - Eval metrics : accuracy: 0.567 ; loss: 2.204
2018-03-22 06:03:18,270:INFO: Epoch 76/100
2018-03-22 06:03:46,629:INFO: - Train metrics: accuracy: 0.766 ; loss: 1.002
2018-03-22 06:03:48,118:INFO: - Eval metrics : accuracy: 0.553 ; loss: 2.279
2018-03-22 06:03:48,162:INFO: Epoch 77/100
2018-03-22 06:04:16,507:INFO: - Train metrics: accuracy: 0.786 ; loss: 0.952
2018-03-22 06:04:18,013:INFO: - Eval metrics : accuracy: 0.506 ; loss: 2.562
2018-03-22 06:04:18,057:INFO: Epoch 78/100
2018-03-22 06:04:46,447:INFO: - Train metrics: accuracy: 0.812 ; loss: 0.864
2018-03-22 06:04:47,941:INFO: - Eval metrics : accuracy: 0.394 ; loss: 3.283
2018-03-22 06:04:47,978:INFO: Epoch 79/100
2018-03-22 06:05:16,364:INFO: - Train metrics: accuracy: 0.818 ; loss: 0.904
2018-03-22 06:05:17,829:INFO: - Eval metrics : accuracy: 0.596 ; loss: 2.018
2018-03-22 06:05:17,872:INFO: Epoch 80/100
2018-03-22 06:05:46,269:INFO: - Train metrics: accuracy: 0.750 ; loss: 1.073
2018-03-22 06:05:47,753:INFO: - Eval metrics : accuracy: 0.598 ; loss: 2.050
2018-03-22 06:05:47,796:INFO: Epoch 81/100
2018-03-22 06:06:16,418:INFO: - Train metrics: accuracy: 0.812 ; loss: 0.853
2018-03-22 06:06:17,940:INFO: - Eval metrics : accuracy: 0.572 ; loss: 2.155
2018-03-22 06:06:17,989:INFO: Epoch 82/100
2018-03-22 06:06:46,358:INFO: - Train metrics: accuracy: 0.792 ; loss: 1.022
2018-03-22 06:06:47,849:INFO: - Eval metrics : accuracy: 0.615 ; loss: 1.913
2018-03-22 06:06:47,923:INFO: - Found new best accuracy
2018-03-22 06:06:47,925:INFO: Epoch 83/100
2018-03-22 06:07:16,260:INFO: - Train metrics: accuracy: 0.760 ; loss: 0.954
2018-03-22 06:07:17,780:INFO: - Eval metrics : accuracy: 0.600 ; loss: 1.969
2018-03-22 06:07:17,823:INFO: Epoch 84/100
2018-03-22 06:07:46,203:INFO: - Train metrics: accuracy: 0.755 ; loss: 0.965
2018-03-22 06:07:47,740:INFO: - Eval metrics : accuracy: 0.596 ; loss: 2.048
2018-03-22 06:07:47,784:INFO: Epoch 85/100
2018-03-22 06:08:16,149:INFO: - Train metrics: accuracy: 0.797 ; loss: 0.904
2018-03-22 06:08:17,612:INFO: - Eval metrics : accuracy: 0.593 ; loss: 2.049
2018-03-22 06:08:17,651:INFO: Epoch 86/100
2018-03-22 06:08:45,962:INFO: - Train metrics: accuracy: 0.823 ; loss: 0.820
2018-03-22 06:08:47,463:INFO: - Eval metrics : accuracy: 0.584 ; loss: 2.116
2018-03-22 06:08:47,505:INFO: Epoch 87/100
2018-03-22 06:09:15,827:INFO: - Train metrics: accuracy: 0.807 ; loss: 0.914
2018-03-22 06:09:17,340:INFO: - Eval metrics : accuracy: 0.523 ; loss: 2.495
2018-03-22 06:09:17,383:INFO: Epoch 88/100
2018-03-22 06:09:45,783:INFO: - Train metrics: accuracy: 0.797 ; loss: 0.865
2018-03-22 06:09:47,273:INFO: - Eval metrics : accuracy: 0.609 ; loss: 1.923
2018-03-22 06:09:47,325:INFO: Epoch 89/100
2018-03-22 06:10:15,695:INFO: - Train metrics: accuracy: 0.812 ; loss: 0.848
2018-03-22 06:10:17,147:INFO: - Eval metrics : accuracy: 0.535 ; loss: 2.456
2018-03-22 06:10:17,189:INFO: Epoch 90/100
2018-03-22 06:10:45,518:INFO: - Train metrics: accuracy: 0.781 ; loss: 0.995
2018-03-22 06:10:46,976:INFO: - Eval metrics : accuracy: 0.591 ; loss: 2.065
2018-03-22 06:10:47,023:INFO: Epoch 91/100
2018-03-22 06:11:15,381:INFO: - Train metrics: accuracy: 0.812 ; loss: 0.806
2018-03-22 06:11:16,850:INFO: - Eval metrics : accuracy: 0.582 ; loss: 2.131
2018-03-22 06:11:16,991:INFO: Epoch 92/100
2018-03-22 06:11:45,336:INFO: - Train metrics: accuracy: 0.823 ; loss: 0.800
2018-03-22 06:11:46,854:INFO: - Eval metrics : accuracy: 0.585 ; loss: 2.083
2018-03-22 06:11:46,898:INFO: Epoch 93/100
2018-03-22 06:12:15,274:INFO: - Train metrics: accuracy: 0.828 ; loss: 0.890
2018-03-22 06:12:16,734:INFO: - Eval metrics : accuracy: 0.557 ; loss: 2.237
2018-03-22 06:12:16,777:INFO: Epoch 94/100
2018-03-22 06:12:45,113:INFO: - Train metrics: accuracy: 0.812 ; loss: 0.843
2018-03-22 06:12:46,624:INFO: - Eval metrics : accuracy: 0.470 ; loss: 2.792
2018-03-22 06:12:46,669:INFO: Epoch 95/100
2018-03-22 06:13:15,063:INFO: - Train metrics: accuracy: 0.807 ; loss: 0.772
2018-03-22 06:13:16,558:INFO: - Eval metrics : accuracy: 0.573 ; loss: 2.197
2018-03-22 06:13:16,595:INFO: Epoch 96/100
2018-03-22 06:13:44,995:INFO: - Train metrics: accuracy: 0.865 ; loss: 0.693
2018-03-22 06:13:46,482:INFO: - Eval metrics : accuracy: 0.595 ; loss: 2.038
2018-03-22 06:13:46,527:INFO: Epoch 97/100
2018-03-22 06:14:14,913:INFO: - Train metrics: accuracy: 0.792 ; loss: 0.941
2018-03-22 06:14:16,441:INFO: - Eval metrics : accuracy: 0.419 ; loss: 3.060
2018-03-22 06:14:16,495:INFO: Epoch 98/100
2018-03-22 06:14:44,853:INFO: - Train metrics: accuracy: 0.844 ; loss: 0.768
2018-03-22 06:14:46,342:INFO: - Eval metrics : accuracy: 0.428 ; loss: 3.056
2018-03-22 06:14:46,394:INFO: Epoch 99/100
2018-03-22 06:15:14,865:INFO: - Train metrics: accuracy: 0.812 ; loss: 0.824
2018-03-22 06:15:16,362:INFO: - Eval metrics : accuracy: 0.591 ; loss: 2.097
2018-03-22 06:15:16,406:INFO: Epoch 100/100
2018-03-22 06:15:44,871:INFO: - Train metrics: accuracy: 0.854 ; loss: 0.702
2018-03-22 06:15:46,380:INFO: - Eval metrics : accuracy: 0.492 ; loss: 2.705
