2018-03-20 14:05:38,632:INFO: Loading the datasets...
2018-03-20 14:05:38,695:INFO: - done.
2018-03-20 14:05:40,967:INFO: Starting training for 120 epoch(s)
2018-03-20 14:05:40,967:INFO: Epoch 1/120
2018-03-20 14:05:55,120:INFO: - Train metrics: accuracy: 0.039 ; loss: 5.754
2018-03-20 14:05:55,840:INFO: - Eval metrics : accuracy: 0.056 ; loss: 5.134
2018-03-20 14:05:55,857:INFO: - Found new lowest loss
2018-03-20 14:05:55,858:INFO: Epoch 2/120
2018-03-20 14:06:09,263:INFO: - Train metrics: accuracy: 0.078 ; loss: 4.897
2018-03-20 14:06:09,991:INFO: - Eval metrics : accuracy: 0.145 ; loss: 4.498
2018-03-20 14:06:10,019:INFO: - Found new lowest loss
2018-03-20 14:06:10,020:INFO: Epoch 3/120
2018-03-20 14:06:23,366:INFO: - Train metrics: accuracy: 0.176 ; loss: 4.212
2018-03-20 14:06:24,084:INFO: - Eval metrics : accuracy: 0.052 ; loss: 5.413
2018-03-20 14:06:24,100:INFO: Epoch 4/120
2018-03-20 14:06:37,376:INFO: - Train metrics: accuracy: 0.289 ; loss: 3.695
2018-03-20 14:06:38,112:INFO: - Eval metrics : accuracy: 0.056 ; loss: 5.864
2018-03-20 14:06:38,128:INFO: Epoch 5/120
2018-03-20 14:06:51,427:INFO: - Train metrics: accuracy: 0.316 ; loss: 3.362
2018-03-20 14:06:52,125:INFO: - Eval metrics : accuracy: 0.036 ; loss: 7.119
2018-03-20 14:06:52,141:INFO: Epoch 6/120
2018-03-20 14:07:05,725:INFO: - Train metrics: accuracy: 0.336 ; loss: 3.239
2018-03-20 14:07:06,431:INFO: - Eval metrics : accuracy: 0.184 ; loss: 4.337
2018-03-20 14:07:06,461:INFO: - Found new lowest loss
2018-03-20 14:07:06,462:INFO: Epoch 7/120
2018-03-20 14:07:19,925:INFO: - Train metrics: accuracy: 0.340 ; loss: 3.086
2018-03-20 14:07:20,646:INFO: - Eval metrics : accuracy: 0.040 ; loss: 7.483
2018-03-20 14:07:20,661:INFO: Epoch 8/120
2018-03-20 14:07:34,064:INFO: - Train metrics: accuracy: 0.363 ; loss: 2.908
2018-03-20 14:07:34,786:INFO: - Eval metrics : accuracy: 0.134 ; loss: 4.631
2018-03-20 14:07:34,805:INFO: Epoch 9/120
2018-03-20 14:07:48,323:INFO: - Train metrics: accuracy: 0.434 ; loss: 2.578
2018-03-20 14:07:49,046:INFO: - Eval metrics : accuracy: 0.192 ; loss: 3.920
2018-03-20 14:07:49,074:INFO: - Found new lowest loss
2018-03-20 14:07:49,075:INFO: Epoch 10/120
2018-03-20 14:08:02,297:INFO: - Train metrics: accuracy: 0.418 ; loss: 2.589
2018-03-20 14:08:03,010:INFO: - Eval metrics : accuracy: 0.173 ; loss: 4.411
2018-03-20 14:08:03,026:INFO: Epoch 11/120
2018-03-20 14:08:16,327:INFO: - Train metrics: accuracy: 0.477 ; loss: 2.377
2018-03-20 14:08:17,036:INFO: - Eval metrics : accuracy: 0.301 ; loss: 3.295
2018-03-20 14:08:17,059:INFO: - Found new lowest loss
2018-03-20 14:08:17,059:INFO: Epoch 12/120
2018-03-20 14:08:30,300:INFO: - Train metrics: accuracy: 0.473 ; loss: 2.315
2018-03-20 14:08:31,021:INFO: - Eval metrics : accuracy: 0.177 ; loss: 4.492
2018-03-20 14:08:31,033:INFO: Epoch 13/120
2018-03-20 14:08:44,295:INFO: - Train metrics: accuracy: 0.543 ; loss: 2.124
2018-03-20 14:08:45,027:INFO: - Eval metrics : accuracy: 0.037 ; loss: 8.426
2018-03-20 14:08:45,043:INFO: Epoch 14/120
2018-03-20 14:08:58,475:INFO: - Train metrics: accuracy: 0.480 ; loss: 2.063
2018-03-20 14:08:59,208:INFO: - Eval metrics : accuracy: 0.278 ; loss: 3.605
2018-03-20 14:08:59,220:INFO: Epoch 15/120
2018-03-20 14:09:12,559:INFO: - Train metrics: accuracy: 0.535 ; loss: 1.998
2018-03-20 14:09:13,292:INFO: - Eval metrics : accuracy: 0.381 ; loss: 2.818
2018-03-20 14:09:13,322:INFO: - Found new lowest loss
2018-03-20 14:09:13,323:INFO: Epoch 16/120
2018-03-20 14:09:26,861:INFO: - Train metrics: accuracy: 0.574 ; loss: 1.919
2018-03-20 14:09:27,568:INFO: - Eval metrics : accuracy: 0.136 ; loss: 4.601
2018-03-20 14:09:27,595:INFO: Epoch 17/120
2018-03-20 14:09:40,827:INFO: - Train metrics: accuracy: 0.594 ; loss: 1.853
2018-03-20 14:09:41,545:INFO: - Eval metrics : accuracy: 0.139 ; loss: 5.300
2018-03-20 14:09:41,561:INFO: Epoch 18/120
2018-03-20 14:09:54,973:INFO: - Train metrics: accuracy: 0.574 ; loss: 1.899
2018-03-20 14:09:55,676:INFO: - Eval metrics : accuracy: 0.156 ; loss: 4.942
2018-03-20 14:09:55,693:INFO: Epoch 19/120
2018-03-20 14:10:09,106:INFO: - Train metrics: accuracy: 0.570 ; loss: 1.817
2018-03-20 14:10:09,825:INFO: - Eval metrics : accuracy: 0.344 ; loss: 3.221
2018-03-20 14:10:09,841:INFO: Epoch 20/120
2018-03-20 14:10:23,075:INFO: - Train metrics: accuracy: 0.543 ; loss: 1.924
2018-03-20 14:10:23,804:INFO: - Eval metrics : accuracy: 0.047 ; loss: 6.771
2018-03-20 14:10:23,816:INFO: Epoch 21/120
2018-03-20 14:10:37,108:INFO: - Train metrics: accuracy: 0.641 ; loss: 1.701
2018-03-20 14:10:37,826:INFO: - Eval metrics : accuracy: 0.065 ; loss: 6.350
2018-03-20 14:10:37,842:INFO: Epoch 22/120
2018-03-20 14:10:51,052:INFO: - Train metrics: accuracy: 0.582 ; loss: 1.810
2018-03-20 14:10:51,741:INFO: - Eval metrics : accuracy: 0.260 ; loss: 3.917
2018-03-20 14:10:51,757:INFO: Epoch 23/120
2018-03-20 14:11:05,384:INFO: - Train metrics: accuracy: 0.594 ; loss: 1.750
2018-03-20 14:11:06,113:INFO: - Eval metrics : accuracy: 0.129 ; loss: 5.712
2018-03-20 14:11:06,129:INFO: Epoch 24/120
2018-03-20 14:11:19,612:INFO: - Train metrics: accuracy: 0.688 ; loss: 1.495
2018-03-20 14:11:20,322:INFO: - Eval metrics : accuracy: 0.125 ; loss: 5.523
2018-03-20 14:11:20,347:INFO: Epoch 25/120
2018-03-20 14:11:33,658:INFO: - Train metrics: accuracy: 0.621 ; loss: 1.764
2018-03-20 14:11:34,376:INFO: - Eval metrics : accuracy: 0.024 ; loss: 11.537
2018-03-20 14:11:34,392:INFO: Epoch 26/120
2018-03-20 14:11:47,687:INFO: - Train metrics: accuracy: 0.637 ; loss: 1.564
2018-03-20 14:11:48,379:INFO: - Eval metrics : accuracy: 0.466 ; loss: 2.377
2018-03-20 14:11:48,406:INFO: - Found new lowest loss
2018-03-20 14:11:48,407:INFO: Epoch 27/120
2018-03-20 14:12:01,690:INFO: - Train metrics: accuracy: 0.715 ; loss: 1.305
2018-03-20 14:12:02,410:INFO: - Eval metrics : accuracy: 0.145 ; loss: 5.426
2018-03-20 14:12:02,436:INFO: Epoch 28/120
2018-03-20 14:12:15,907:INFO: - Train metrics: accuracy: 0.617 ; loss: 1.624
2018-03-20 14:12:16,633:INFO: - Eval metrics : accuracy: 0.411 ; loss: 2.709
2018-03-20 14:12:16,649:INFO: Epoch 29/120
2018-03-20 14:12:30,266:INFO: - Train metrics: accuracy: 0.625 ; loss: 1.597
2018-03-20 14:12:31,011:INFO: - Eval metrics : accuracy: 0.319 ; loss: 3.336
2018-03-20 14:12:31,027:INFO: Epoch 30/120
2018-03-20 14:12:44,647:INFO: - Train metrics: accuracy: 0.672 ; loss: 1.378
2018-03-20 14:12:45,386:INFO: - Eval metrics : accuracy: 0.470 ; loss: 2.398
2018-03-20 14:12:45,425:INFO: Epoch 31/120
2018-03-20 14:12:58,629:INFO: - Train metrics: accuracy: 0.699 ; loss: 1.351
2018-03-20 14:12:59,355:INFO: - Eval metrics : accuracy: 0.215 ; loss: 3.999
2018-03-20 14:12:59,379:INFO: Epoch 32/120
2018-03-20 14:13:12,689:INFO: - Train metrics: accuracy: 0.660 ; loss: 1.445
2018-03-20 14:13:13,410:INFO: - Eval metrics : accuracy: 0.527 ; loss: 2.082
2018-03-20 14:13:13,438:INFO: - Found new lowest loss
2018-03-20 14:13:13,439:INFO: Epoch 33/120
2018-03-20 14:13:26,805:INFO: - Train metrics: accuracy: 0.691 ; loss: 1.362
2018-03-20 14:13:27,503:INFO: - Eval metrics : accuracy: 0.496 ; loss: 2.343
2018-03-20 14:13:27,521:INFO: Epoch 34/120
2018-03-20 14:13:41,047:INFO: - Train metrics: accuracy: 0.668 ; loss: 1.324
2018-03-20 14:13:41,803:INFO: - Eval metrics : accuracy: 0.202 ; loss: 4.514
2018-03-20 14:13:41,820:INFO: Epoch 35/120
2018-03-20 14:13:55,100:INFO: - Train metrics: accuracy: 0.672 ; loss: 1.392
2018-03-20 14:13:55,837:INFO: - Eval metrics : accuracy: 0.153 ; loss: 5.657
2018-03-20 14:13:55,852:INFO: Epoch 36/120
2018-03-20 14:14:09,373:INFO: - Train metrics: accuracy: 0.645 ; loss: 1.533
2018-03-20 14:14:10,133:INFO: - Eval metrics : accuracy: 0.749 ; loss: 1.078
2018-03-20 14:14:10,160:INFO: - Found new lowest loss
2018-03-20 14:14:10,161:INFO: Epoch 37/120
2018-03-20 14:14:23,440:INFO: - Train metrics: accuracy: 0.660 ; loss: 1.499
2018-03-20 14:14:24,167:INFO: - Eval metrics : accuracy: 0.655 ; loss: 1.439
2018-03-20 14:14:24,183:INFO: Epoch 38/120
2018-03-20 14:14:37,744:INFO: - Train metrics: accuracy: 0.684 ; loss: 1.422
2018-03-20 14:14:38,449:INFO: - Eval metrics : accuracy: 0.399 ; loss: 3.025
2018-03-20 14:14:38,467:INFO: Epoch 39/120
2018-03-20 14:14:51,928:INFO: - Train metrics: accuracy: 0.688 ; loss: 1.292
2018-03-20 14:14:52,649:INFO: - Eval metrics : accuracy: 0.230 ; loss: 4.064
2018-03-20 14:14:52,665:INFO: Epoch 40/120
2018-03-20 14:15:06,252:INFO: - Train metrics: accuracy: 0.680 ; loss: 1.320
2018-03-20 14:15:06,973:INFO: - Eval metrics : accuracy: 0.407 ; loss: 2.768
2018-03-20 14:15:06,997:INFO: Epoch 41/120
2018-03-20 14:15:20,348:INFO: - Train metrics: accuracy: 0.703 ; loss: 1.220
2018-03-20 14:15:21,055:INFO: - Eval metrics : accuracy: 0.398 ; loss: 2.717
2018-03-20 14:15:21,073:INFO: Epoch 42/120
2018-03-20 14:15:34,462:INFO: - Train metrics: accuracy: 0.691 ; loss: 1.293
2018-03-20 14:15:35,184:INFO: - Eval metrics : accuracy: 0.460 ; loss: 2.478
2018-03-20 14:15:35,199:INFO: Epoch 43/120
2018-03-20 14:15:48,880:INFO: - Train metrics: accuracy: 0.684 ; loss: 1.205
2018-03-20 14:15:49,579:INFO: - Eval metrics : accuracy: 0.097 ; loss: 6.450
2018-03-20 14:15:49,594:INFO: Epoch 44/120
2018-03-20 14:16:02,798:INFO: - Train metrics: accuracy: 0.715 ; loss: 1.115
2018-03-20 14:16:03,511:INFO: - Eval metrics : accuracy: 0.106 ; loss: 7.019
2018-03-20 14:16:03,537:INFO: Epoch 45/120
2018-03-20 14:16:16,853:INFO: - Train metrics: accuracy: 0.738 ; loss: 1.087
2018-03-20 14:16:17,574:INFO: - Eval metrics : accuracy: 0.644 ; loss: 1.497
2018-03-20 14:16:17,600:INFO: Epoch 46/120
2018-03-20 14:16:30,761:INFO: - Train metrics: accuracy: 0.699 ; loss: 1.216
2018-03-20 14:16:31,485:INFO: - Eval metrics : accuracy: 0.081 ; loss: 7.651
2018-03-20 14:16:31,498:INFO: Epoch 47/120
2018-03-20 14:16:44,987:INFO: - Train metrics: accuracy: 0.727 ; loss: 1.101
2018-03-20 14:16:45,696:INFO: - Eval metrics : accuracy: 0.669 ; loss: 1.383
2018-03-20 14:16:45,712:INFO: Epoch 48/120
2018-03-20 14:16:59,028:INFO: - Train metrics: accuracy: 0.723 ; loss: 1.191
2018-03-20 14:16:59,749:INFO: - Eval metrics : accuracy: 0.555 ; loss: 1.984
2018-03-20 14:16:59,768:INFO: Epoch 49/120
2018-03-20 14:17:13,212:INFO: - Train metrics: accuracy: 0.691 ; loss: 1.159
2018-03-20 14:17:13,933:INFO: - Eval metrics : accuracy: 0.777 ; loss: 0.933
2018-03-20 14:17:13,961:INFO: - Found new lowest loss
2018-03-20 14:17:13,962:INFO: Epoch 50/120
2018-03-20 14:17:27,379:INFO: - Train metrics: accuracy: 0.766 ; loss: 0.995
2018-03-20 14:17:28,096:INFO: - Eval metrics : accuracy: 0.257 ; loss: 3.855
2018-03-20 14:17:28,111:INFO: Epoch 51/120
2018-03-20 14:17:41,708:INFO: - Train metrics: accuracy: 0.770 ; loss: 1.010
2018-03-20 14:17:42,448:INFO: - Eval metrics : accuracy: 0.375 ; loss: 3.031
2018-03-20 14:17:42,464:INFO: Epoch 52/120
2018-03-20 14:17:55,870:INFO: - Train metrics: accuracy: 0.715 ; loss: 1.271
2018-03-20 14:17:56,589:INFO: - Eval metrics : accuracy: 0.535 ; loss: 2.100
2018-03-20 14:17:56,609:INFO: Epoch 53/120
2018-03-20 14:18:09,996:INFO: - Train metrics: accuracy: 0.770 ; loss: 0.995
2018-03-20 14:18:10,720:INFO: - Eval metrics : accuracy: 0.571 ; loss: 1.880
2018-03-20 14:18:10,735:INFO: Epoch 54/120
2018-03-20 14:18:23,937:INFO: - Train metrics: accuracy: 0.688 ; loss: 1.224
2018-03-20 14:18:24,659:INFO: - Eval metrics : accuracy: 0.350 ; loss: 3.121
2018-03-20 14:18:24,675:INFO: Epoch 55/120
2018-03-20 14:18:38,068:INFO: - Train metrics: accuracy: 0.723 ; loss: 1.090
2018-03-20 14:18:38,822:INFO: - Eval metrics : accuracy: 0.414 ; loss: 2.738
2018-03-20 14:18:38,837:INFO: Epoch 56/120
2018-03-20 14:18:52,290:INFO: - Train metrics: accuracy: 0.691 ; loss: 1.201
2018-03-20 14:18:53,028:INFO: - Eval metrics : accuracy: 0.422 ; loss: 2.666
2018-03-20 14:18:53,045:INFO: Epoch 57/120
2018-03-20 14:19:06,490:INFO: - Train metrics: accuracy: 0.715 ; loss: 1.166
2018-03-20 14:19:07,218:INFO: - Eval metrics : accuracy: 0.761 ; loss: 0.989
2018-03-20 14:19:07,241:INFO: Epoch 58/120
2018-03-20 14:19:20,753:INFO: - Train metrics: accuracy: 0.688 ; loss: 1.168
2018-03-20 14:19:21,487:INFO: - Eval metrics : accuracy: 0.801 ; loss: 0.770
2018-03-20 14:19:21,511:INFO: - Found new lowest loss
2018-03-20 14:19:21,511:INFO: Epoch 59/120
2018-03-20 14:19:34,868:INFO: - Train metrics: accuracy: 0.750 ; loss: 1.039
2018-03-20 14:19:35,570:INFO: - Eval metrics : accuracy: 0.544 ; loss: 2.067
2018-03-20 14:19:35,596:INFO: Epoch 60/120
2018-03-20 14:19:48,951:INFO: - Train metrics: accuracy: 0.770 ; loss: 0.893
2018-03-20 14:19:49,659:INFO: - Eval metrics : accuracy: 0.548 ; loss: 1.884
2018-03-20 14:19:49,683:INFO: Epoch 61/120
2018-03-20 14:20:03,052:INFO: - Train metrics: accuracy: 0.723 ; loss: 1.083
2018-03-20 14:20:03,774:INFO: - Eval metrics : accuracy: 0.532 ; loss: 2.068
2018-03-20 14:20:03,800:INFO: Epoch 62/120
2018-03-20 14:20:17,205:INFO: - Train metrics: accuracy: 0.730 ; loss: 1.118
2018-03-20 14:20:17,896:INFO: - Eval metrics : accuracy: 0.440 ; loss: 2.576
2018-03-20 14:20:17,911:INFO: Epoch 63/120
2018-03-20 14:20:31,131:INFO: - Train metrics: accuracy: 0.707 ; loss: 1.090
2018-03-20 14:20:31,843:INFO: - Eval metrics : accuracy: 0.289 ; loss: 3.925
2018-03-20 14:20:31,861:INFO: Epoch 64/120
2018-03-20 14:20:45,043:INFO: - Train metrics: accuracy: 0.805 ; loss: 0.879
2018-03-20 14:20:45,750:INFO: - Eval metrics : accuracy: 0.144 ; loss: 5.458
2018-03-20 14:20:45,766:INFO: Epoch 65/120
2018-03-20 14:20:59,206:INFO: - Train metrics: accuracy: 0.781 ; loss: 0.975
2018-03-20 14:20:59,940:INFO: - Eval metrics : accuracy: 0.465 ; loss: 2.464
2018-03-20 14:20:59,954:INFO: Epoch 66/120
2018-03-20 14:21:13,312:INFO: - Train metrics: accuracy: 0.770 ; loss: 0.918
2018-03-20 14:21:14,034:INFO: - Eval metrics : accuracy: 0.318 ; loss: 3.328
2018-03-20 14:21:14,048:INFO: Epoch 67/120
2018-03-20 14:21:27,324:INFO: - Train metrics: accuracy: 0.738 ; loss: 1.071
2018-03-20 14:21:28,078:INFO: - Eval metrics : accuracy: 0.392 ; loss: 3.053
2018-03-20 14:21:28,104:INFO: Epoch 68/120
2018-03-20 14:21:41,400:INFO: - Train metrics: accuracy: 0.805 ; loss: 0.880
2018-03-20 14:21:42,138:INFO: - Eval metrics : accuracy: 0.114 ; loss: 5.988
2018-03-20 14:21:42,160:INFO: Epoch 69/120
2018-03-20 14:21:55,562:INFO: - Train metrics: accuracy: 0.762 ; loss: 1.008
2018-03-20 14:21:56,265:INFO: - Eval metrics : accuracy: 0.056 ; loss: 8.996
2018-03-20 14:21:56,285:INFO: Epoch 70/120
2018-03-20 14:22:09,630:INFO: - Train metrics: accuracy: 0.809 ; loss: 0.856
2018-03-20 14:22:10,335:INFO: - Eval metrics : accuracy: 0.819 ; loss: 0.744
2018-03-20 14:22:10,362:INFO: - Found new lowest loss
2018-03-20 14:22:10,363:INFO: Epoch 71/120
2018-03-20 14:22:23,881:INFO: - Train metrics: accuracy: 0.797 ; loss: 0.903
2018-03-20 14:22:24,603:INFO: - Eval metrics : accuracy: 0.164 ; loss: 5.737
2018-03-20 14:22:24,621:INFO: Epoch 72/120
2018-03-20 14:22:38,081:INFO: - Train metrics: accuracy: 0.773 ; loss: 0.928
2018-03-20 14:22:38,781:INFO: - Eval metrics : accuracy: 0.398 ; loss: 3.065
2018-03-20 14:22:38,797:INFO: Epoch 73/120
2018-03-20 14:22:52,267:INFO: - Train metrics: accuracy: 0.797 ; loss: 0.993
2018-03-20 14:22:52,990:INFO: - Eval metrics : accuracy: 0.671 ; loss: 1.406
2018-03-20 14:22:53,002:INFO: Epoch 74/120
2018-03-20 14:23:06,471:INFO: - Train metrics: accuracy: 0.773 ; loss: 0.935
2018-03-20 14:23:07,213:INFO: - Eval metrics : accuracy: 0.403 ; loss: 2.760
2018-03-20 14:23:07,237:INFO: Epoch 75/120
2018-03-20 14:23:20,632:INFO: - Train metrics: accuracy: 0.781 ; loss: 0.881
2018-03-20 14:23:21,368:INFO: - Eval metrics : accuracy: 0.479 ; loss: 2.341
2018-03-20 14:23:21,384:INFO: Epoch 76/120
2018-03-20 14:23:34,738:INFO: - Train metrics: accuracy: 0.770 ; loss: 0.906
2018-03-20 14:23:35,473:INFO: - Eval metrics : accuracy: 0.634 ; loss: 1.513
2018-03-20 14:23:35,486:INFO: Epoch 77/120
2018-03-20 14:23:48,863:INFO: - Train metrics: accuracy: 0.777 ; loss: 0.916
2018-03-20 14:23:49,583:INFO: - Eval metrics : accuracy: 0.317 ; loss: 3.925
2018-03-20 14:23:49,600:INFO: Epoch 78/120
2018-03-20 14:24:02,885:INFO: - Train metrics: accuracy: 0.766 ; loss: 0.981
2018-03-20 14:24:03,623:INFO: - Eval metrics : accuracy: 0.534 ; loss: 2.041
2018-03-20 14:24:03,636:INFO: Epoch 79/120
2018-03-20 14:24:17,022:INFO: - Train metrics: accuracy: 0.734 ; loss: 1.053
2018-03-20 14:24:17,744:INFO: - Eval metrics : accuracy: 0.453 ; loss: 2.613
2018-03-20 14:24:17,760:INFO: Epoch 80/120
2018-03-20 14:24:30,989:INFO: - Train metrics: accuracy: 0.816 ; loss: 0.786
2018-03-20 14:24:31,692:INFO: - Eval metrics : accuracy: 0.660 ; loss: 1.428
2018-03-20 14:24:31,707:INFO: Epoch 81/120
2018-03-20 14:24:44,991:INFO: - Train metrics: accuracy: 0.801 ; loss: 0.860
2018-03-20 14:24:45,685:INFO: - Eval metrics : accuracy: 0.495 ; loss: 2.227
2018-03-20 14:24:45,701:INFO: Epoch 82/120
2018-03-20 14:24:59,135:INFO: - Train metrics: accuracy: 0.762 ; loss: 0.970
2018-03-20 14:24:59,842:INFO: - Eval metrics : accuracy: 0.790 ; loss: 0.890
2018-03-20 14:24:59,857:INFO: Epoch 83/120
2018-03-20 14:25:13,145:INFO: - Train metrics: accuracy: 0.805 ; loss: 0.822
2018-03-20 14:25:13,860:INFO: - Eval metrics : accuracy: 0.244 ; loss: 4.323
2018-03-20 14:25:13,876:INFO: Epoch 84/120
2018-03-20 14:25:27,329:INFO: - Train metrics: accuracy: 0.816 ; loss: 0.836
2018-03-20 14:25:28,055:INFO: - Eval metrics : accuracy: 0.667 ; loss: 1.431
2018-03-20 14:25:28,071:INFO: Epoch 85/120
2018-03-20 14:25:41,634:INFO: - Train metrics: accuracy: 0.809 ; loss: 0.865
2018-03-20 14:25:42,354:INFO: - Eval metrics : accuracy: 0.720 ; loss: 1.188
2018-03-20 14:25:42,373:INFO: Epoch 86/120
2018-03-20 14:25:55,815:INFO: - Train metrics: accuracy: 0.840 ; loss: 0.705
2018-03-20 14:25:56,571:INFO: - Eval metrics : accuracy: 0.239 ; loss: 4.237
2018-03-20 14:25:56,586:INFO: Epoch 87/120
2018-03-20 14:26:10,097:INFO: - Train metrics: accuracy: 0.785 ; loss: 0.907
2018-03-20 14:26:10,856:INFO: - Eval metrics : accuracy: 0.507 ; loss: 2.301
2018-03-20 14:26:10,872:INFO: Epoch 88/120
2018-03-20 14:26:24,434:INFO: - Train metrics: accuracy: 0.746 ; loss: 0.921
2018-03-20 14:26:25,153:INFO: - Eval metrics : accuracy: 0.601 ; loss: 1.714
2018-03-20 14:26:25,177:INFO: Epoch 89/120
2018-03-20 14:26:38,550:INFO: - Train metrics: accuracy: 0.777 ; loss: 0.837
2018-03-20 14:26:39,284:INFO: - Eval metrics : accuracy: 0.413 ; loss: 2.981
2018-03-20 14:26:39,300:INFO: Epoch 90/120
2018-03-20 14:26:52,641:INFO: - Train metrics: accuracy: 0.742 ; loss: 1.039
2018-03-20 14:26:53,323:INFO: - Eval metrics : accuracy: 0.567 ; loss: 1.993
2018-03-20 14:26:53,339:INFO: Epoch 91/120
2018-03-20 14:27:06,823:INFO: - Train metrics: accuracy: 0.805 ; loss: 0.844
2018-03-20 14:27:07,526:INFO: - Eval metrics : accuracy: 0.559 ; loss: 1.949
2018-03-20 14:27:07,549:INFO: Epoch 92/120
2018-03-20 14:27:20,958:INFO: - Train metrics: accuracy: 0.793 ; loss: 0.889
2018-03-20 14:27:21,662:INFO: - Eval metrics : accuracy: 0.355 ; loss: 3.149
2018-03-20 14:27:21,678:INFO: Epoch 93/120
2018-03-20 14:27:34,949:INFO: - Train metrics: accuracy: 0.797 ; loss: 0.815
2018-03-20 14:27:35,644:INFO: - Eval metrics : accuracy: 0.756 ; loss: 1.024
2018-03-20 14:27:35,656:INFO: Epoch 94/120
2018-03-20 14:27:48,996:INFO: - Train metrics: accuracy: 0.781 ; loss: 0.866
2018-03-20 14:27:49,694:INFO: - Eval metrics : accuracy: 0.073 ; loss: 6.826
2018-03-20 14:27:49,710:INFO: Epoch 95/120
2018-03-20 14:28:02,946:INFO: - Train metrics: accuracy: 0.797 ; loss: 0.887
2018-03-20 14:28:03,650:INFO: - Eval metrics : accuracy: 0.490 ; loss: 2.340
2018-03-20 14:28:03,673:INFO: Epoch 96/120
2018-03-20 14:28:17,055:INFO: - Train metrics: accuracy: 0.727 ; loss: 0.996
2018-03-20 14:28:17,753:INFO: - Eval metrics : accuracy: 0.143 ; loss: 5.911
2018-03-20 14:28:17,768:INFO: Epoch 97/120
2018-03-20 14:28:31,330:INFO: - Train metrics: accuracy: 0.750 ; loss: 0.990
2018-03-20 14:28:32,025:INFO: - Eval metrics : accuracy: 0.200 ; loss: 4.587
2018-03-20 14:28:32,051:INFO: Epoch 98/120
2018-03-20 14:28:45,321:INFO: - Train metrics: accuracy: 0.777 ; loss: 0.853
2018-03-20 14:28:46,037:INFO: - Eval metrics : accuracy: 0.749 ; loss: 0.979
2018-03-20 14:28:46,057:INFO: Epoch 99/120
2018-03-20 14:28:59,463:INFO: - Train metrics: accuracy: 0.797 ; loss: 0.826
2018-03-20 14:29:00,167:INFO: - Eval metrics : accuracy: 0.156 ; loss: 5.299
2018-03-20 14:29:00,180:INFO: Epoch 100/120
2018-03-20 14:29:13,329:INFO: - Train metrics: accuracy: 0.801 ; loss: 0.839
2018-03-20 14:29:14,040:INFO: - Eval metrics : accuracy: 0.082 ; loss: 6.249
2018-03-20 14:29:14,056:INFO: Epoch 101/120
2018-03-20 14:29:27,365:INFO: - Train metrics: accuracy: 0.781 ; loss: 0.821
2018-03-20 14:29:28,080:INFO: - Eval metrics : accuracy: 0.509 ; loss: 2.182
2018-03-20 14:29:28,096:INFO: Epoch 102/120
2018-03-20 14:29:41,418:INFO: - Train metrics: accuracy: 0.789 ; loss: 0.888
2018-03-20 14:29:42,149:INFO: - Eval metrics : accuracy: 0.500 ; loss: 2.335
2018-03-20 14:29:42,165:INFO: Epoch 103/120
2018-03-20 14:29:55,573:INFO: - Train metrics: accuracy: 0.793 ; loss: 0.821
2018-03-20 14:29:56,298:INFO: - Eval metrics : accuracy: 0.800 ; loss: 0.832
2018-03-20 14:29:56,317:INFO: Epoch 104/120
2018-03-20 14:30:09,708:INFO: - Train metrics: accuracy: 0.836 ; loss: 0.682
2018-03-20 14:30:10,425:INFO: - Eval metrics : accuracy: 0.694 ; loss: 1.270
2018-03-20 14:30:10,441:INFO: Epoch 105/120
2018-03-20 14:30:23,908:INFO: - Train metrics: accuracy: 0.781 ; loss: 0.917
2018-03-20 14:30:24,630:INFO: - Eval metrics : accuracy: 0.127 ; loss: 6.147
2018-03-20 14:30:24,655:INFO: Epoch 106/120
2018-03-20 14:30:37,957:INFO: - Train metrics: accuracy: 0.816 ; loss: 0.843
2018-03-20 14:30:38,657:INFO: - Eval metrics : accuracy: 0.487 ; loss: 2.311
2018-03-20 14:30:38,673:INFO: Epoch 107/120
2018-03-20 14:30:51,907:INFO: - Train metrics: accuracy: 0.805 ; loss: 0.823
2018-03-20 14:30:52,620:INFO: - Eval metrics : accuracy: 0.780 ; loss: 0.904
2018-03-20 14:30:52,635:INFO: Epoch 108/120
2018-03-20 14:31:05,876:INFO: - Train metrics: accuracy: 0.723 ; loss: 1.058
2018-03-20 14:31:06,601:INFO: - Eval metrics : accuracy: 0.591 ; loss: 1.745
2018-03-20 14:31:06,615:INFO: Epoch 109/120
2018-03-20 14:31:19,850:INFO: - Train metrics: accuracy: 0.789 ; loss: 0.911
2018-03-20 14:31:20,587:INFO: - Eval metrics : accuracy: 0.305 ; loss: 3.955
2018-03-20 14:31:20,613:INFO: Epoch 110/120
2018-03-20 14:31:33,851:INFO: - Train metrics: accuracy: 0.828 ; loss: 0.769
2018-03-20 14:31:34,580:INFO: - Eval metrics : accuracy: 0.577 ; loss: 1.824
2018-03-20 14:31:34,592:INFO: Epoch 111/120
2018-03-20 14:31:47,928:INFO: - Train metrics: accuracy: 0.812 ; loss: 0.760
2018-03-20 14:31:48,683:INFO: - Eval metrics : accuracy: 0.823 ; loss: 0.729
2018-03-20 14:31:48,711:INFO: - Found new lowest loss
2018-03-20 14:31:48,712:INFO: Epoch 112/120
2018-03-20 14:32:02,099:INFO: - Train metrics: accuracy: 0.742 ; loss: 1.005
2018-03-20 14:32:02,844:INFO: - Eval metrics : accuracy: 0.683 ; loss: 1.293
2018-03-20 14:32:02,860:INFO: Epoch 113/120
2018-03-20 14:32:16,100:INFO: - Train metrics: accuracy: 0.809 ; loss: 0.846
2018-03-20 14:32:16,834:INFO: - Eval metrics : accuracy: 0.843 ; loss: 0.663
2018-03-20 14:32:16,869:INFO: - Found new lowest loss
2018-03-20 14:32:16,869:INFO: Epoch 114/120
2018-03-20 14:32:30,190:INFO: - Train metrics: accuracy: 0.777 ; loss: 0.877
2018-03-20 14:32:30,896:INFO: - Eval metrics : accuracy: 0.835 ; loss: 0.690
2018-03-20 14:32:30,911:INFO: Epoch 115/120
2018-03-20 14:32:44,320:INFO: - Train metrics: accuracy: 0.812 ; loss: 0.780
2018-03-20 14:32:45,042:INFO: - Eval metrics : accuracy: 0.455 ; loss: 2.610
2018-03-20 14:32:45,057:INFO: Epoch 116/120
2018-03-20 14:32:58,477:INFO: - Train metrics: accuracy: 0.828 ; loss: 0.780
2018-03-20 14:32:59,157:INFO: - Eval metrics : accuracy: 0.700 ; loss: 1.271
2018-03-20 14:32:59,173:INFO: Epoch 117/120
2018-03-20 14:33:12,585:INFO: - Train metrics: accuracy: 0.812 ; loss: 0.886
2018-03-20 14:33:13,295:INFO: - Eval metrics : accuracy: 0.466 ; loss: 2.437
2018-03-20 14:33:13,311:INFO: Epoch 118/120
2018-03-20 14:33:26,752:INFO: - Train metrics: accuracy: 0.840 ; loss: 0.754
2018-03-20 14:33:27,462:INFO: - Eval metrics : accuracy: 0.152 ; loss: 5.694
2018-03-20 14:33:27,481:INFO: Epoch 119/120
2018-03-20 14:33:40,842:INFO: - Train metrics: accuracy: 0.809 ; loss: 0.825
2018-03-20 14:33:41,541:INFO: - Eval metrics : accuracy: 0.776 ; loss: 0.916
2018-03-20 14:33:41,557:INFO: Epoch 120/120
2018-03-20 14:33:55,068:INFO: - Train metrics: accuracy: 0.844 ; loss: 0.666
2018-03-20 14:33:55,774:INFO: - Eval metrics : accuracy: 0.336 ; loss: 3.638
