2018-02-22 20:30:34,427:INFO: Creating the dataset...
2018-02-22 20:30:34,430:INFO: - done.
2018-02-22 20:30:39,096:INFO: Starting evaluation
2018-02-22 20:30:42,178:INFO: - Eval metrics : accuracy: 0.000 ; loss: -0.006
2018-02-22 23:10:23,821:INFO: Creating the dataset...
2018-02-22 23:10:23,825:INFO: - done.
2018-02-22 23:10:28,401:INFO: Starting evaluation
2018-02-22 23:10:31,902:INFO: - Eval metrics : accuracy: 0.896 ; loss: 0.389
2018-03-19 00:42:31,309:INFO: Creating the dataset...
2018-03-19 00:42:31,314:INFO: - done.
2018-03-19 00:42:33,576:INFO: Starting evaluation
2018-03-19 00:42:35,383:INFO: - Eval metrics : accuracy: 0.445 ; loss: 1.714
2018-03-19 01:58:25,825:INFO: Creating the dataset...
2018-03-19 01:58:25,831:INFO: - done.
2018-03-19 01:58:28,074:INFO: Starting evaluation
2018-03-19 01:58:29,887:INFO: - Eval metrics : accuracy: 0.544 ; loss: 1.716
2018-03-19 03:36:25,841:INFO: Creating the dataset...
2018-03-19 03:36:25,847:INFO: - done.
2018-03-19 03:36:28,141:INFO: Starting evaluation
2018-03-19 03:36:29,760:INFO: - Eval metrics : accuracy: 0.549 ; loss: 4.085
2018-03-19 03:37:17,973:INFO: Creating the dataset...
2018-03-19 03:37:17,978:INFO: - done.
2018-03-19 03:37:20,228:INFO: Starting evaluation
2018-03-19 03:37:21,911:INFO: - Eval metrics : accuracy: 0.534 ; loss: 3.634
2018-03-19 05:28:59,961:INFO: Creating the dataset...
2018-03-19 05:28:59,967:INFO: - done.
2018-03-19 05:29:02,256:INFO: Starting evaluation
2018-03-19 05:29:03,893:INFO: - Eval metrics : accuracy: 0.457 ; loss: 1.497
2018-03-19 06:59:18,082:INFO: Creating the dataset...
2018-03-19 06:59:18,087:INFO: - done.
2018-03-19 06:59:20,347:INFO: Starting evaluation
2018-03-19 06:59:21,913:INFO: - Eval metrics : accuracy: 0.552 ; loss: 3.995
2018-03-19 08:14:28,400:INFO: Creating the dataset...
2018-03-19 08:14:28,406:INFO: - done.
2018-03-19 08:14:30,644:INFO: Starting evaluation
2018-03-19 08:14:32,283:INFO: - Eval metrics : accuracy: 0.505 ; loss: 4.372
2018-03-19 08:14:38,541:INFO: Creating the dataset...
2018-03-19 08:14:38,546:INFO: - done.
2018-03-19 08:14:40,779:INFO: Starting evaluation
2018-03-19 08:14:42,382:INFO: - Eval metrics : accuracy: 0.547 ; loss: 2.574
2018-03-19 09:16:23,742:INFO: Creating the dataset...
2018-03-19 09:16:23,747:INFO: - done.
2018-03-19 09:16:26,002:INFO: Starting evaluation
2018-03-19 09:16:27,614:INFO: - Eval metrics : accuracy: 0.537 ; loss: 1.515
2018-03-19 09:29:09,480:INFO: Creating the dataset...
2018-03-19 09:29:09,485:INFO: - done.
2018-03-19 09:29:11,796:INFO: Starting evaluation
2018-03-19 09:29:13,154:INFO: - Eval metrics : accuracy: 0.529 ; loss: 3.497
<<<<<<< HEAD
2018-03-19 18:15:24,247:INFO: Creating the dataset...
2018-03-19 18:15:24,253:INFO: - done.
2018-03-19 18:15:26,464:INFO: Starting evaluation
2018-03-19 18:15:27,829:INFO: - Eval metrics : accuracy: 0.464 ; loss: 1.532
=======
2018-03-19 11:38:10,523:INFO: Creating the dataset...
2018-03-19 11:38:10,531:INFO: - done.
2018-03-19 11:38:10,644:INFO: Starting evaluation
2018-03-19 11:46:18,666:INFO: Creating the dataset...
2018-03-19 11:46:18,673:INFO: - done.
2018-03-19 11:46:18,681:INFO: Starting evaluation
2018-03-19 11:47:00,523:INFO: Creating the dataset...
2018-03-19 11:47:00,530:INFO: - done.
2018-03-19 11:47:00,541:INFO: Starting evaluation
2018-03-19 11:47:26,946:INFO: Creating the dataset...
2018-03-19 11:47:26,952:INFO: - done.
2018-03-19 11:47:26,958:INFO: Starting evaluation
2018-03-19 11:48:12,491:INFO: Creating the dataset...
2018-03-19 11:48:12,497:INFO: - done.
2018-03-19 11:48:12,504:INFO: Starting evaluation
2018-03-19 11:48:26,940:INFO: - Eval metrics : accuracy: 0.390 ; loss: 2.040
2018-03-19 12:15:42,707:INFO: Creating the dataset...
2018-03-19 12:15:42,713:INFO: - done.
2018-03-19 12:15:42,721:INFO: Starting evaluation
2018-03-19 12:15:54,171:INFO: - Eval metrics : accuracy: 0.302 ; loss: 6.991
2018-03-19 12:16:12,640:INFO: Creating the dataset...
2018-03-19 12:16:12,647:INFO: - done.
2018-03-19 12:16:12,654:INFO: Starting evaluation
2018-03-19 12:16:24,268:INFO: - Eval metrics : accuracy: 0.287 ; loss: 10.943
>>>>>>> bbabeb495dbc2f2cf6c5e32204b5edb12e6d5b28
2018-03-19 22:15:36,927:INFO: Creating the dataset...
2018-03-19 22:15:36,933:INFO: - done.
2018-03-19 22:15:39,168:INFO: Starting evaluation
2018-03-19 22:15:40,504:INFO: - Eval metrics : accuracy: 0.889 ; loss: 0.330
2018-03-19 22:15:57,036:INFO: Creating the dataset...
2018-03-19 22:15:57,042:INFO: - done.
2018-03-19 22:15:59,328:INFO: Starting evaluation
2018-03-19 22:16:00,679:INFO: - Eval metrics : accuracy: 0.889 ; loss: 0.330
2018-03-19 22:24:13,531:INFO: Creating the dataset...
2018-03-19 22:24:13,537:INFO: - done.
2018-03-19 22:24:15,769:INFO: Starting evaluation
2018-03-19 22:24:17,086:INFO: - Eval metrics : accuracy: 0.889 ; loss: 0.330
2018-03-19 23:33:42,119:INFO: Creating the dataset...
2018-03-19 23:33:42,145:INFO: - done.
2018-03-19 23:33:44,445:INFO: Starting evaluation
2018-03-19 23:33:45,759:INFO: - Eval metrics : accuracy: 0.858 ; loss: 0.464
2018-03-20 01:23:38,932:INFO: Creating the dataset...
2018-03-20 01:23:38,938:INFO: - done.
2018-03-20 01:23:41,231:INFO: Starting evaluation
2018-03-20 01:23:42,564:INFO: - Eval metrics : accuracy: 0.992 ; loss: 0.028
2018-03-20 01:23:45,464:INFO: Creating the dataset...
2018-03-20 01:23:45,470:INFO: - done.
2018-03-20 01:23:47,701:INFO: Starting evaluation
2018-03-20 01:23:49,036:INFO: - Eval metrics : accuracy: 0.992 ; loss: 0.028
2018-03-20 02:47:16,187:INFO: Creating the dataset...
2018-03-20 02:47:16,193:INFO: - done.
2018-03-20 02:47:18,440:INFO: Starting evaluation
2018-03-20 02:47:19,763:INFO: - Eval metrics : accuracy: 0.950 ; loss: 0.154
2018-03-20 02:50:29,985:INFO: Creating the dataset...
2018-03-20 02:50:29,990:INFO: - done.
2018-03-20 02:50:32,241:INFO: Starting evaluation
2018-03-20 02:50:33,552:INFO: - Eval metrics : accuracy: 0.950 ; loss: 0.154
<<<<<<< HEAD
2018-03-19 21:32:20,445:INFO: Creating the dataset...
2018-03-19 21:32:20,470:INFO: - done.
2018-03-19 21:33:02,362:INFO: - Eval metrics : accuracy: 0.843 ; loss: 0.514
2018-03-19 21:33:19,291:INFO: Creating the dataset...
2018-03-19 21:33:19,303:INFO: - done.
2018-03-19 21:34:06,053:INFO: Creating the dataset...
2018-03-19 21:34:06,072:INFO: - done.
2018-03-19 21:34:47,491:INFO: - Eval metrics : accuracy: 0.843 ; loss: 0.514
2018-03-19 21:35:12,387:INFO: Creating the dataset...
2018-03-19 21:35:12,402:INFO: - done.
2018-03-19 21:35:30,979:INFO: Creating the dataset...
2018-03-19 21:35:30,994:INFO: - done.
2018-03-19 21:35:46,827:INFO: Creating the dataset...
2018-03-19 21:35:46,844:INFO: - done.
2018-03-19 21:36:02,304:INFO: Creating the dataset...
2018-03-19 21:36:02,317:INFO: - done.
2018-03-19 21:37:15,301:INFO: Creating the dataset...
2018-03-19 21:37:15,314:INFO: - done.
2018-03-19 21:37:44,744:INFO: Creating the dataset...
2018-03-19 21:37:44,757:INFO: - done.
2018-03-19 21:39:24,847:INFO: Creating the dataset...
2018-03-19 21:39:24,860:INFO: - done.
2018-03-19 21:39:36,846:INFO: Creating the dataset...
2018-03-19 21:39:36,863:INFO: - done.
2018-03-19 21:40:20,694:INFO: Creating the dataset...
2018-03-19 21:40:20,706:INFO: - done.
=======
<<<<<<< HEAD
2018-03-20 04:51:16,703:INFO: Creating the dataset...
2018-03-20 04:51:16,709:INFO: - done.
2018-03-20 04:51:18,975:INFO: Starting evaluation
2018-03-20 04:51:20,296:INFO: - Eval metrics : accuracy: 0.915 ; loss: 0.320
2018-03-20 05:19:34,070:INFO: Creating the dataset...
2018-03-20 05:19:34,076:INFO: - done.
2018-03-20 05:19:36,397:INFO: Starting evaluation
2018-03-20 05:19:37,774:INFO: - Eval metrics : accuracy: 0.396 ; loss: 3.004
=======
2018-03-19 21:51:10,603:INFO: Creating the dataset...
2018-03-19 21:52:02,848:INFO: Creating the dataset...
2018-03-19 21:52:02,856:INFO: - done.
2018-03-19 21:52:02,862:INFO: Starting evaluation
2018-03-19 21:52:49,212:INFO: - Eval metrics : accuracy: 0.917 ; loss: 0.315
>>>>>>> b897e9ee7fc4752faee7bd4797140adfa73f975e
>>>>>>> f3b15e9534397afa5d6962d178cf398d725277cd
2018-03-20 08:14:50,628:INFO: Creating the dataset...
2018-03-20 08:14:50,634:INFO: - done.
2018-03-20 08:14:52,894:INFO: Starting evaluation
2018-03-20 08:14:54,275:INFO: - Eval metrics : accuracy: 0.986 ; loss: 0.050
2018-03-20 08:15:05,057:INFO: Creating the dataset...
2018-03-20 08:15:05,063:INFO: - done.
2018-03-20 08:15:07,307:INFO: Starting evaluation
2018-03-20 08:15:08,741:INFO: - Eval metrics : accuracy: 0.939 ; loss: 0.223
2018-03-21 06:00:02,520:INFO: Creating the dataset...
2018-03-21 06:00:02,528:INFO: - done.
2018-03-21 06:00:05,219:INFO: Starting evaluation
2018-03-21 06:00:07,219:INFO: - Eval metrics : accuracy: 0.482 ; loss: 2.783
2018-03-21 06:00:13,281:INFO: Creating the dataset...
2018-03-21 06:00:13,287:INFO: - done.
2018-03-21 06:00:15,920:INFO: Starting evaluation
2018-03-21 06:00:18,093:INFO: - Eval metrics : accuracy: 0.482 ; loss: 2.783
2018-03-21 06:01:38,615:INFO: Creating the dataset...
2018-03-21 06:01:38,621:INFO: - done.
2018-03-21 06:01:41,317:INFO: Starting evaluation
2018-03-21 06:01:43,404:INFO: - Eval metrics : accuracy: 0.482 ; loss: 2.783
2018-03-21 06:01:49,658:INFO: Creating the dataset...
2018-03-21 06:01:49,664:INFO: - done.
2018-03-21 06:01:52,392:INFO: Starting evaluation
2018-03-21 06:01:54,495:INFO: - Eval metrics : accuracy: 0.276 ; loss: 5.201
2018-03-21 06:03:01,491:INFO: Creating the dataset...
2018-03-21 06:03:01,502:INFO: - done.
2018-03-21 06:03:04,157:INFO: Starting evaluation
2018-03-21 06:03:06,332:INFO: - Eval metrics : accuracy: 0.302 ; loss: 4.702
2018-03-21 06:03:09,380:INFO: Creating the dataset...
2018-03-21 06:03:09,386:INFO: - done.
2018-03-21 06:03:11,967:INFO: Starting evaluation
2018-03-21 06:03:14,199:INFO: - Eval metrics : accuracy: 0.302 ; loss: 4.702
2018-03-21 06:03:18,722:INFO: Creating the dataset...
2018-03-21 06:03:18,728:INFO: - done.
2018-03-21 06:03:21,501:INFO: Starting evaluation
2018-03-21 06:03:23,651:INFO: - Eval metrics : accuracy: 0.482 ; loss: 2.783
2018-03-21 06:03:40,449:INFO: Creating the dataset...
2018-03-21 06:03:40,460:INFO: - done.
2018-03-21 06:03:43,076:INFO: Starting evaluation
2018-03-21 06:03:45,246:INFO: - Eval metrics : accuracy: 0.482 ; loss: 2.783
2018-03-21 06:03:55,286:INFO: Creating the dataset...
2018-03-21 06:03:55,296:INFO: - done.
2018-03-21 06:03:57,972:INFO: Starting evaluation
2018-03-21 06:04:00,136:INFO: - Eval metrics : accuracy: 0.201 ; loss: 7.014
2018-03-21 06:05:19,137:INFO: Creating the dataset...
2018-03-21 06:05:19,143:INFO: - done.
2018-03-21 06:05:21,804:INFO: Starting evaluation
2018-03-21 06:05:23,962:INFO: - Eval metrics : accuracy: 0.468 ; loss: 3.017
2018-03-21 06:05:33,835:INFO: Creating the dataset...
2018-03-21 06:05:33,841:INFO: - done.
2018-03-21 06:05:36,475:INFO: Starting evaluation
2018-03-21 06:05:38,602:INFO: - Eval metrics : accuracy: 0.497 ; loss: 2.756
2018-03-21 06:08:05,985:INFO: Creating the dataset...
2018-03-21 06:08:05,991:INFO: - done.
2018-03-21 06:08:08,609:INFO: Starting evaluation
2018-03-21 06:08:10,752:INFO: - Eval metrics : accuracy: 0.441 ; loss: 3.292
2018-03-21 06:08:21,465:INFO: Creating the dataset...
2018-03-21 06:08:21,471:INFO: - done.
2018-03-21 06:08:24,160:INFO: Starting evaluation
2018-03-21 06:08:26,373:INFO: - Eval metrics : accuracy: 0.497 ; loss: 2.756
2018-03-21 06:09:04,379:INFO: Creating the dataset...
2018-03-21 06:09:04,390:INFO: - done.
2018-03-21 06:09:07,143:INFO: Starting evaluation
2018-03-21 06:09:09,359:INFO: - Eval metrics : accuracy: 0.411 ; loss: 3.633
2018-03-21 06:11:00,250:INFO: Creating the dataset...
2018-03-21 06:11:00,259:INFO: - done.
2018-03-21 06:11:02,861:INFO: Starting evaluation
2018-03-21 06:11:05,012:INFO: - Eval metrics : accuracy: 0.345 ; loss: 4.781
2018-03-21 06:11:11,081:INFO: Creating the dataset...
2018-03-21 06:11:11,087:INFO: - done.
2018-03-21 06:11:13,800:INFO: Starting evaluation
2018-03-21 06:11:15,666:INFO: - Eval metrics : accuracy: 0.497 ; loss: 2.756
2018-03-21 06:11:20,517:INFO: Creating the dataset...
2018-03-21 06:11:20,527:INFO: - done.
2018-03-21 06:11:23,178:INFO: Starting evaluation
2018-03-21 06:11:25,420:INFO: - Eval metrics : accuracy: 0.082 ; loss: 11.919
2018-03-21 06:11:28,543:INFO: Creating the dataset...
2018-03-21 06:11:28,549:INFO: - done.
2018-03-21 06:11:31,236:INFO: Starting evaluation
2018-03-21 06:11:33,436:INFO: - Eval metrics : accuracy: 0.277 ; loss: 6.066
2018-03-21 06:11:38,247:INFO: Creating the dataset...
2018-03-21 06:11:38,253:INFO: - done.
2018-03-21 06:11:40,909:INFO: Starting evaluation
2018-03-21 06:11:43,076:INFO: - Eval metrics : accuracy: 0.497 ; loss: 2.756
2018-03-21 06:13:00,430:INFO: Creating the dataset...
2018-03-21 06:13:00,435:INFO: - done.
2018-03-21 06:13:03,184:INFO: Starting evaluation
2018-03-21 06:13:05,322:INFO: - Eval metrics : accuracy: 0.261 ; loss: 5.746
2018-03-21 06:13:10,060:INFO: Creating the dataset...
2018-03-21 06:13:10,068:INFO: - done.
2018-03-21 06:13:12,752:INFO: Starting evaluation
2018-03-21 06:13:14,760:INFO: - Eval metrics : accuracy: 0.491 ; loss: 2.983
2018-03-21 06:13:32,408:INFO: Creating the dataset...
2018-03-21 06:13:32,414:INFO: - done.
2018-03-21 06:13:35,140:INFO: Starting evaluation
2018-03-21 06:13:37,353:INFO: - Eval metrics : accuracy: 0.153 ; loss: 6.296
2018-03-21 06:13:42,169:INFO: Creating the dataset...
2018-03-21 06:13:42,175:INFO: - done.
2018-03-21 06:13:44,840:INFO: Starting evaluation
2018-03-21 06:13:47,017:INFO: - Eval metrics : accuracy: 0.247 ; loss: 6.215
2018-03-21 06:14:23,290:INFO: Creating the dataset...
2018-03-21 06:14:23,298:INFO: - done.
2018-03-21 06:14:25,913:INFO: Starting evaluation
2018-03-21 06:14:28,073:INFO: - Eval metrics : accuracy: 0.309 ; loss: 5.606
2018-03-21 06:14:33,087:INFO: Creating the dataset...
2018-03-21 06:14:33,097:INFO: - done.
2018-03-21 06:14:35,800:INFO: Starting evaluation
2018-03-21 06:14:37,866:INFO: - Eval metrics : accuracy: 0.491 ; loss: 2.983
2018-03-21 06:15:40,431:INFO: Creating the dataset...
2018-03-21 06:15:40,441:INFO: - done.
2018-03-21 06:15:43,073:INFO: Starting evaluation
2018-03-21 06:15:45,278:INFO: - Eval metrics : accuracy: 0.491 ; loss: 2.983
2018-03-21 06:18:07,546:INFO: Creating the dataset...
2018-03-21 06:18:07,553:INFO: - done.
2018-03-21 06:18:10,172:INFO: Starting evaluation
2018-03-21 06:18:12,330:INFO: - Eval metrics : accuracy: 0.491 ; loss: 2.983
2018-03-21 06:19:03,164:INFO: Creating the dataset...
2018-03-21 06:19:03,171:INFO: - done.
2018-03-21 06:19:05,835:INFO: Starting evaluation
2018-03-21 06:19:08,028:INFO: - Eval metrics : accuracy: 0.234 ; loss: 5.933
2018-03-21 06:53:43,634:INFO: Creating the dataset...
2018-03-21 06:53:43,640:INFO: - done.
2018-03-21 06:53:45,893:INFO: Starting evaluation
2018-03-21 06:53:47,293:INFO: - Eval metrics : accuracy: 0.251 ; loss: 3.909
2018-03-21 06:53:51,899:INFO: Creating the dataset...
2018-03-21 06:53:51,904:INFO: - done.
2018-03-21 06:53:54,132:INFO: Starting evaluation
2018-03-21 06:53:55,520:INFO: - Eval metrics : accuracy: 0.538 ; loss: 2.088
2018-03-21 08:28:48,829:INFO: Creating the dataset...
2018-03-21 08:28:48,840:INFO: - done.
2018-03-21 08:28:51,462:INFO: Starting evaluation
2018-03-21 08:28:53,644:INFO: - Eval metrics : accuracy: 0.507 ; loss: 2.190
2018-03-21 08:28:59,209:INFO: Creating the dataset...
2018-03-21 08:28:59,215:INFO: - done.
2018-03-21 08:29:01,930:INFO: Starting evaluation
2018-03-21 08:29:04,078:INFO: - Eval metrics : accuracy: 0.401 ; loss: 2.925
2018-03-21 08:36:42,735:INFO: Creating the dataset...
2018-03-21 08:36:42,741:INFO: - done.
2018-03-21 08:36:45,443:INFO: Starting evaluation
2018-03-21 08:36:47,683:INFO: - Eval metrics : accuracy: 0.533 ; loss: 2.149
2018-03-21 08:36:54,651:INFO: Creating the dataset...
2018-03-21 08:36:54,657:INFO: - done.
2018-03-21 08:36:57,369:INFO: Starting evaluation
2018-03-21 08:36:59,523:INFO: - Eval metrics : accuracy: 0.301 ; loss: 3.620
2018-03-21 08:39:33,420:INFO: Creating the dataset...
2018-03-21 08:39:33,431:INFO: - done.
2018-03-21 08:39:36,046:INFO: Starting evaluation
2018-03-21 08:39:38,263:INFO: - Eval metrics : accuracy: 0.542 ; loss: 2.091
2018-03-21 13:19:21,289:INFO: Creating the dataset...
2018-03-21 13:19:37,734:INFO: Creating the dataset...
2018-03-21 13:19:37,740:INFO: - done.
2018-03-21 13:19:40,510:INFO: Starting evaluation
2018-03-21 13:19:44,839:INFO: - Eval metrics : accuracy: 0.566 ; loss: 1.839
2018-03-21 13:25:04,334:INFO: Creating the dataset...
2018-03-21 13:25:04,340:INFO: - done.
2018-03-21 13:25:07,059:INFO: Starting evaluation
2018-03-21 13:25:11,422:INFO: - Eval metrics : accuracy: 0.566 ; loss: 1.839
2018-03-21 13:26:36,070:INFO: Creating the dataset...
2018-03-21 13:26:36,076:INFO: - done.
2018-03-21 13:26:38,777:INFO: Starting evaluation
2018-03-21 13:26:43,200:INFO: - Eval metrics : accuracy: 0.504 ; loss: 2.091
2018-03-21 13:26:53,377:INFO: Creating the dataset...
2018-03-21 13:26:53,383:INFO: - done.
2018-03-21 13:26:56,152:INFO: Starting evaluation
2018-03-21 13:27:00,533:INFO: - Eval metrics : accuracy: 0.504 ; loss: 2.091
2018-03-21 13:27:32,561:INFO: Creating the dataset...
2018-03-21 13:27:32,567:INFO: - done.
2018-03-21 13:27:35,366:INFO: Starting evaluation
2018-03-21 13:27:39,729:INFO: - Eval metrics : accuracy: 0.597 ; loss: 1.656
2018-03-21 13:33:37,155:INFO: Creating the dataset...
2018-03-21 13:33:37,161:INFO: - done.
2018-03-21 13:33:39,877:INFO: Starting evaluation
2018-03-21 13:33:44,243:INFO: - Eval metrics : accuracy: 0.483 ; loss: 2.201
2018-03-21 13:33:51,160:INFO: Creating the dataset...
2018-03-21 13:33:51,166:INFO: - done.
2018-03-21 13:33:53,993:INFO: Starting evaluation
2018-03-21 13:33:58,362:INFO: - Eval metrics : accuracy: 0.618 ; loss: 1.540
2018-03-21 13:37:58,921:INFO: Creating the dataset...
2018-03-21 13:37:58,927:INFO: - done.
2018-03-21 13:38:01,716:INFO: Starting evaluation
2018-03-21 13:38:06,043:INFO: - Eval metrics : accuracy: 0.413 ; loss: 2.558
2018-03-21 13:38:15,333:INFO: Creating the dataset...
2018-03-21 13:38:15,339:INFO: - done.
2018-03-21 13:38:18,127:INFO: Starting evaluation
2018-03-21 13:38:22,489:INFO: - Eval metrics : accuracy: 0.618 ; loss: 1.540
2018-03-21 13:50:07,690:INFO: Creating the dataset...
2018-03-21 13:50:07,695:INFO: - done.
2018-03-21 13:50:10,453:INFO: Starting evaluation
2018-03-21 13:50:14,818:INFO: - Eval metrics : accuracy: 0.618 ; loss: 1.540
2018-03-21 13:51:13,422:INFO: Creating the dataset...
2018-03-21 13:51:13,428:INFO: - done.
2018-03-21 13:51:16,174:INFO: Starting evaluation
2018-03-21 13:51:20,587:INFO: - Eval metrics : accuracy: 0.587 ; loss: 1.727
2018-03-21 13:53:50,873:INFO: Creating the dataset...
2018-03-21 13:53:50,879:INFO: - done.
2018-03-21 13:53:53,633:INFO: Starting evaluation
2018-03-21 13:53:57,964:INFO: - Eval metrics : accuracy: 0.618 ; loss: 1.540
2018-03-21 14:10:41,307:INFO: Creating the dataset...
2018-03-21 14:10:41,313:INFO: - done.
2018-03-21 14:10:46,890:INFO: Creating the dataset...
2018-03-21 14:10:46,896:INFO: - done.
2018-03-21 14:10:49,690:INFO: Starting evaluation
2018-03-21 14:10:54,041:INFO: - Eval metrics : accuracy: 0.621 ; loss: 1.572
2018-03-21 14:17:28,785:INFO: Creating the dataset...
2018-03-21 14:17:28,791:INFO: - done.
2018-03-21 14:17:31,568:INFO: Starting evaluation
2018-03-21 14:17:35,947:INFO: - Eval metrics : accuracy: 0.621 ; loss: 1.572
2018-03-21 14:17:42,961:INFO: Creating the dataset...
2018-03-21 14:17:42,968:INFO: - done.
2018-03-21 14:17:45,704:INFO: Starting evaluation
2018-03-21 14:17:50,043:INFO: - Eval metrics : accuracy: 0.495 ; loss: 2.202
2018-03-21 14:20:48,931:INFO: Creating the dataset...
2018-03-21 14:20:48,937:INFO: - done.
2018-03-21 14:20:51,807:INFO: Starting evaluation
2018-03-21 14:20:56,163:INFO: - Eval metrics : accuracy: 0.585 ; loss: 1.754
2018-03-21 14:21:00,930:INFO: Creating the dataset...
2018-03-21 14:21:00,936:INFO: - done.
2018-03-21 14:21:03,765:INFO: Starting evaluation
2018-03-21 14:21:08,155:INFO: - Eval metrics : accuracy: 0.621 ; loss: 1.572
2018-03-21 14:26:16,556:INFO: Creating the dataset...
2018-03-21 14:26:16,568:INFO: - done.
2018-03-21 14:26:19,385:INFO: Starting evaluation
2018-03-21 14:26:23,502:INFO: - Eval metrics : accuracy: 0.621 ; loss: 1.572
2018-03-21 15:12:54,641:INFO: Creating the dataset...
2018-03-21 15:12:54,647:INFO: - done.
2018-03-21 15:12:56,924:INFO: Starting evaluation
2018-03-21 15:12:59,133:INFO: - Eval metrics : accuracy: 0.051 ; loss: 5.096
2018-03-21 15:44:32,504:INFO: Creating the dataset...
2018-03-21 15:44:32,510:INFO: - done.
2018-03-21 15:44:35,246:INFO: Starting evaluation
2018-03-21 15:44:39,428:INFO: - Eval metrics : accuracy: 0.604 ; loss: 1.618
2018-03-21 15:48:47,591:INFO: Creating the dataset...
2018-03-21 15:48:47,597:INFO: - done.
2018-03-21 15:48:50,437:INFO: Starting evaluation
2018-03-21 15:48:54,643:INFO: - Eval metrics : accuracy: 0.604 ; loss: 1.618
2018-03-21 15:50:16,956:INFO: Creating the dataset...
2018-03-21 15:50:16,962:INFO: - done.
2018-03-21 15:50:19,741:INFO: Starting evaluation
2018-03-21 15:50:24,000:INFO: - Eval metrics : accuracy: 0.453 ; loss: 2.457
2018-03-21 16:43:24,247:INFO: Creating the dataset...
2018-03-21 16:43:24,253:INFO: - done.
2018-03-21 16:43:26,998:INFO: Starting evaluation
2018-03-21 16:43:31,752:INFO: - Eval metrics : accuracy: 0.596 ; loss: 1.694
