2018-03-21 09:52:15,253:INFO: Loading the datasets...
2018-03-21 09:52:46,563:INFO: Loading the datasets...
2018-03-21 09:52:46,569:INFO: - done.
2018-03-21 09:52:48,907:INFO: Starting training for 150 epoch(s)
2018-03-21 09:52:48,907:INFO: Epoch 1/150
2018-03-21 09:53:51,229:INFO: Loading the datasets...
2018-03-21 09:53:51,235:INFO: - done.
2018-03-21 09:53:53,579:INFO: Starting training for 150 epoch(s)
2018-03-21 09:53:53,580:INFO: Epoch 1/150
2018-03-21 09:55:01,953:INFO: Loading the datasets...
2018-03-21 09:55:01,959:INFO: - done.
2018-03-21 09:55:04,300:INFO: Starting training for 150 epoch(s)
2018-03-21 09:55:04,300:INFO: Epoch 1/150
2018-03-21 09:56:49,727:INFO: Loading the datasets...
2018-03-21 09:56:49,733:INFO: - done.
2018-03-21 09:56:52,035:INFO: Starting training for 150 epoch(s)
2018-03-21 09:56:52,035:INFO: Epoch 1/150
2018-03-21 09:58:06,024:INFO: Loading the datasets...
2018-03-21 09:58:06,030:INFO: - done.
2018-03-21 09:58:08,341:INFO: Starting training for 150 epoch(s)
2018-03-21 09:58:08,341:INFO: Epoch 1/150
2018-03-21 10:04:32,579:INFO: Loading the datasets...
2018-03-21 10:04:32,585:INFO: - done.
2018-03-21 10:04:34,932:INFO: Starting training for 150 epoch(s)
2018-03-21 10:04:34,932:INFO: Epoch 1/150
2018-03-21 10:07:10,617:INFO: Loading the datasets...
2018-03-21 10:07:10,668:INFO: - done.
2018-03-21 10:07:13,003:INFO: Starting training for 150 epoch(s)
2018-03-21 10:07:13,003:INFO: Epoch 1/150
2018-03-21 10:07:35,683:INFO: - Train metrics: accuracy: 0.010 ; loss: 5.553
2018-03-21 10:07:36,667:INFO: - Eval metrics : accuracy: 0.004 ; loss: 5.889
2018-03-21 10:07:37,896:INFO: - Found new best accuracy
2018-03-21 10:07:37,901:INFO: Epoch 2/150
2018-03-21 10:07:59,818:INFO: - Train metrics: accuracy: 0.016 ; loss: 5.017
2018-03-21 10:08:00,772:INFO: - Eval metrics : accuracy: 0.012 ; loss: 7.289
2018-03-21 10:08:02,011:INFO: - Found new best accuracy
2018-03-21 10:08:02,017:INFO: Epoch 3/150
2018-03-21 10:08:23,980:INFO: - Train metrics: accuracy: 0.042 ; loss: 4.491
2018-03-21 10:08:24,953:INFO: - Eval metrics : accuracy: 0.035 ; loss: 4.836
2018-03-21 10:08:26,197:INFO: - Found new best accuracy
2018-03-21 10:08:26,198:INFO: Epoch 4/150
2018-03-21 10:08:48,209:INFO: - Train metrics: accuracy: 0.094 ; loss: 4.219
2018-03-21 10:08:49,185:INFO: - Eval metrics : accuracy: 0.006 ; loss: 8.592
2018-03-21 10:08:49,609:INFO: Epoch 5/150
2018-03-21 10:09:11,664:INFO: - Train metrics: accuracy: 0.094 ; loss: 3.993
2018-03-21 10:09:12,646:INFO: - Eval metrics : accuracy: 0.017 ; loss: 6.607
2018-03-21 10:09:13,071:INFO: Epoch 6/150
2018-03-21 10:09:35,105:INFO: - Train metrics: accuracy: 0.146 ; loss: 3.823
2018-03-21 10:09:36,082:INFO: - Eval metrics : accuracy: 0.008 ; loss: 7.886
2018-03-21 10:09:36,531:INFO: Epoch 7/150
2018-03-21 10:09:58,531:INFO: - Train metrics: accuracy: 0.167 ; loss: 3.704
2018-03-21 10:09:59,517:INFO: - Eval metrics : accuracy: 0.008 ; loss: 9.849
2018-03-21 10:09:59,928:INFO: Epoch 8/150
2018-03-21 10:10:21,998:INFO: - Train metrics: accuracy: 0.245 ; loss: 3.573
2018-03-21 10:10:22,994:INFO: - Eval metrics : accuracy: 0.020 ; loss: 5.701
2018-03-21 10:10:23,459:INFO: Epoch 9/150
2018-03-21 10:10:45,417:INFO: - Train metrics: accuracy: 0.193 ; loss: 3.569
2018-03-21 10:10:46,396:INFO: - Eval metrics : accuracy: 0.009 ; loss: 14.223
2018-03-21 10:10:46,984:INFO: Epoch 10/150
2018-03-21 10:11:08,874:INFO: - Train metrics: accuracy: 0.271 ; loss: 3.254
2018-03-21 10:11:09,855:INFO: - Eval metrics : accuracy: 0.006 ; loss: 10.663
2018-03-21 10:11:10,319:INFO: Epoch 11/150
2018-03-21 10:11:32,282:INFO: - Train metrics: accuracy: 0.234 ; loss: 3.209
2018-03-21 10:11:33,261:INFO: - Eval metrics : accuracy: 0.009 ; loss: 7.479
2018-03-21 10:11:33,722:INFO: Epoch 12/150
2018-03-21 10:11:55,705:INFO: - Train metrics: accuracy: 0.266 ; loss: 2.977
2018-03-21 10:11:56,700:INFO: - Eval metrics : accuracy: 0.009 ; loss: 12.833
2018-03-21 10:11:57,114:INFO: Epoch 13/150
2018-03-21 10:12:23,133:INFO: Loading the datasets...
2018-03-21 10:12:23,186:INFO: - done.
2018-03-21 10:12:25,495:INFO: Starting training for 150 epoch(s)
2018-03-21 10:12:25,495:INFO: Epoch 1/150
2018-03-21 10:15:22,691:INFO: Loading the datasets...
2018-03-21 10:15:22,743:INFO: - done.
2018-03-21 10:15:25,097:INFO: Starting training for 150 epoch(s)
2018-03-21 10:15:25,097:INFO: Epoch 1/150
2018-03-21 10:19:25,603:INFO: Loading the datasets...
2018-03-21 10:19:25,655:INFO: - done.
2018-03-21 10:19:28,213:INFO: Starting training for 150 epoch(s)
2018-03-21 10:19:28,213:INFO: Epoch 1/150
2018-03-21 10:20:43,245:INFO: Loading the datasets...
2018-03-21 10:20:43,296:INFO: - done.
2018-03-21 10:20:45,786:INFO: Starting training for 150 epoch(s)
2018-03-21 10:20:45,786:INFO: Epoch 1/150
2018-03-21 05:20:27,907:INFO: Loading the datasets...
2018-03-21 05:29:51,735:INFO: Loading the datasets...
2018-03-21 05:29:51,742:INFO: - done.
2018-03-21 05:29:51,762:INFO: Starting training for 150 epoch(s)
2018-03-21 05:29:51,762:INFO: Epoch 1/150
2018-03-21 05:32:39,362:INFO: Loading the datasets...
2018-03-21 05:32:39,425:INFO: - done.
2018-03-21 05:32:39,445:INFO: Starting training for 150 epoch(s)
2018-03-21 05:32:39,446:INFO: Epoch 1/150
2018-03-21 05:33:23,670:INFO: Loading the datasets...
2018-03-21 05:33:23,740:INFO: - done.
2018-03-21 05:33:23,762:INFO: Starting training for 150 epoch(s)
2018-03-21 05:33:23,762:INFO: Epoch 1/150
2018-03-21 05:37:56,052:INFO: Loading the datasets...
2018-03-21 05:37:56,111:INFO: - done.
2018-03-21 05:37:56,131:INFO: Starting training for 150 epoch(s)
2018-03-21 05:37:56,131:INFO: Epoch 1/150
2018-03-21 05:38:39,749:INFO: Loading the datasets...
2018-03-21 05:38:39,803:INFO: - done.
2018-03-21 05:38:39,824:INFO: Starting training for 150 epoch(s)
2018-03-21 05:38:39,824:INFO: Epoch 1/150
2018-03-21 05:39:25,009:INFO: Loading the datasets...
2018-03-21 05:39:25,064:INFO: - done.
2018-03-21 05:39:25,086:INFO: Starting training for 150 epoch(s)
2018-03-21 05:39:25,087:INFO: Epoch 1/150
2018-03-21 05:40:21,033:INFO: Loading the datasets...
2018-03-21 05:40:21,089:INFO: - done.
2018-03-21 05:40:21,141:INFO: Starting training for 150 epoch(s)
2018-03-21 05:40:21,141:INFO: Epoch 1/150
