2018-03-20 16:55:50,340:INFO: Loading the datasets...
2018-03-20 16:55:50,402:INFO: - done.
2018-03-20 16:55:52,650:INFO: Starting training for 120 epoch(s)
2018-03-20 16:55:52,650:INFO: Epoch 1/120
2018-03-20 16:56:06,527:INFO: - Train metrics: accuracy: 0.023 ; loss: 5.782
2018-03-20 16:56:07,210:INFO: - Eval metrics : accuracy: 0.057 ; loss: 5.274
2018-03-20 16:56:07,227:INFO: - Found new lowest loss
2018-03-20 16:56:07,228:INFO: Epoch 2/120
2018-03-20 16:56:20,503:INFO: - Train metrics: accuracy: 0.078 ; loss: 4.939
2018-03-20 16:56:21,213:INFO: - Eval metrics : accuracy: 0.140 ; loss: 4.580
2018-03-20 16:56:21,241:INFO: - Found new lowest loss
2018-03-20 16:56:21,242:INFO: Epoch 3/120
2018-03-20 16:56:34,788:INFO: - Train metrics: accuracy: 0.156 ; loss: 4.178
2018-03-20 16:56:35,516:INFO: - Eval metrics : accuracy: 0.021 ; loss: 6.440
2018-03-20 16:56:35,539:INFO: Epoch 4/120
2018-03-20 16:56:48,997:INFO: - Train metrics: accuracy: 0.270 ; loss: 3.723
2018-03-20 16:56:49,702:INFO: - Eval metrics : accuracy: 0.100 ; loss: 5.094
2018-03-20 16:56:49,726:INFO: Epoch 5/120
2018-03-20 16:57:02,993:INFO: - Train metrics: accuracy: 0.277 ; loss: 3.431
2018-03-20 16:57:03,688:INFO: - Eval metrics : accuracy: 0.028 ; loss: 7.217
2018-03-20 16:57:03,704:INFO: Epoch 6/120
2018-03-20 16:57:17,059:INFO: - Train metrics: accuracy: 0.312 ; loss: 3.163
2018-03-20 16:57:17,780:INFO: - Eval metrics : accuracy: 0.052 ; loss: 5.904
2018-03-20 16:57:17,795:INFO: Epoch 7/120
2018-03-20 16:57:31,150:INFO: - Train metrics: accuracy: 0.355 ; loss: 3.113
2018-03-20 16:57:31,847:INFO: - Eval metrics : accuracy: 0.078 ; loss: 5.197
2018-03-20 16:57:31,869:INFO: Epoch 8/120
2018-03-20 16:57:45,250:INFO: - Train metrics: accuracy: 0.434 ; loss: 2.775
2018-03-20 16:57:45,974:INFO: - Eval metrics : accuracy: 0.110 ; loss: 4.962
2018-03-20 16:57:45,991:INFO: Epoch 9/120
2018-03-20 16:57:59,437:INFO: - Train metrics: accuracy: 0.426 ; loss: 2.546
2018-03-20 16:58:00,123:INFO: - Eval metrics : accuracy: 0.092 ; loss: 5.617
2018-03-20 16:58:00,139:INFO: Epoch 10/120
2018-03-20 16:58:13,654:INFO: - Train metrics: accuracy: 0.434 ; loss: 2.596
2018-03-20 16:58:14,348:INFO: - Eval metrics : accuracy: 0.415 ; loss: 2.683
2018-03-20 16:58:14,378:INFO: - Found new lowest loss
2018-03-20 16:58:14,379:INFO: Epoch 11/120
2018-03-20 16:58:27,981:INFO: - Train metrics: accuracy: 0.457 ; loss: 2.367
2018-03-20 16:58:28,704:INFO: - Eval metrics : accuracy: 0.494 ; loss: 2.312
2018-03-20 16:58:28,732:INFO: - Found new lowest loss
2018-03-20 16:58:28,733:INFO: Epoch 12/120
2018-03-20 16:58:41,988:INFO: - Train metrics: accuracy: 0.516 ; loss: 2.212
2018-03-20 16:58:42,698:INFO: - Eval metrics : accuracy: 0.168 ; loss: 4.600
2018-03-20 16:58:42,724:INFO: Epoch 13/120
2018-03-20 16:58:55,968:INFO: - Train metrics: accuracy: 0.551 ; loss: 2.086
2018-03-20 16:58:56,675:INFO: - Eval metrics : accuracy: 0.548 ; loss: 2.024
2018-03-20 16:58:56,701:INFO: - Found new lowest loss
2018-03-20 16:58:56,702:INFO: Epoch 14/120
2018-03-20 16:59:10,164:INFO: - Train metrics: accuracy: 0.523 ; loss: 2.028
2018-03-20 16:59:10,880:INFO: - Eval metrics : accuracy: 0.151 ; loss: 4.765
2018-03-20 16:59:10,896:INFO: Epoch 15/120
2018-03-20 16:59:24,332:INFO: - Train metrics: accuracy: 0.574 ; loss: 1.973
2018-03-20 16:59:25,044:INFO: - Eval metrics : accuracy: 0.127 ; loss: 5.474
2018-03-20 16:59:25,059:INFO: Epoch 16/120
2018-03-20 16:59:38,532:INFO: - Train metrics: accuracy: 0.566 ; loss: 1.893
2018-03-20 16:59:39,247:INFO: - Eval metrics : accuracy: 0.272 ; loss: 3.697
2018-03-20 16:59:39,259:INFO: Epoch 17/120
2018-03-20 16:59:52,651:INFO: - Train metrics: accuracy: 0.621 ; loss: 1.825
2018-03-20 16:59:53,351:INFO: - Eval metrics : accuracy: 0.231 ; loss: 4.019
2018-03-20 16:59:53,366:INFO: Epoch 18/120
2018-03-20 17:00:06,887:INFO: - Train metrics: accuracy: 0.547 ; loss: 1.869
2018-03-20 17:00:07,602:INFO: - Eval metrics : accuracy: 0.447 ; loss: 2.504
2018-03-20 17:00:07,625:INFO: Epoch 19/120
2018-03-20 17:00:21,131:INFO: - Train metrics: accuracy: 0.617 ; loss: 1.716
2018-03-20 17:00:21,827:INFO: - Eval metrics : accuracy: 0.178 ; loss: 4.601
2018-03-20 17:00:21,845:INFO: Epoch 20/120
2018-03-20 17:00:35,302:INFO: - Train metrics: accuracy: 0.559 ; loss: 1.942
2018-03-20 17:00:36,034:INFO: - Eval metrics : accuracy: 0.497 ; loss: 2.288
2018-03-20 17:00:36,050:INFO: Epoch 21/120
2018-03-20 17:00:49,367:INFO: - Train metrics: accuracy: 0.621 ; loss: 1.614
2018-03-20 17:00:50,070:INFO: - Eval metrics : accuracy: 0.193 ; loss: 4.390
2018-03-20 17:00:50,089:INFO: Epoch 22/120
2018-03-20 17:01:03,438:INFO: - Train metrics: accuracy: 0.586 ; loss: 1.864
2018-03-20 17:01:04,160:INFO: - Eval metrics : accuracy: 0.505 ; loss: 2.217
2018-03-20 17:01:04,181:INFO: Epoch 23/120
2018-03-20 17:01:17,723:INFO: - Train metrics: accuracy: 0.668 ; loss: 1.628
2018-03-20 17:01:18,447:INFO: - Eval metrics : accuracy: 0.207 ; loss: 4.231
2018-03-20 17:01:18,464:INFO: Epoch 24/120
2018-03-20 17:01:32,039:INFO: - Train metrics: accuracy: 0.641 ; loss: 1.469
2018-03-20 17:01:32,745:INFO: - Eval metrics : accuracy: 0.346 ; loss: 2.962
2018-03-20 17:01:32,769:INFO: Epoch 25/120
2018-03-20 17:01:46,226:INFO: - Train metrics: accuracy: 0.613 ; loss: 1.805
2018-03-20 17:01:46,941:INFO: - Eval metrics : accuracy: 0.640 ; loss: 1.506
2018-03-20 17:01:46,971:INFO: - Found new lowest loss
2018-03-20 17:01:46,971:INFO: Epoch 26/120
2018-03-20 17:02:00,484:INFO: - Train metrics: accuracy: 0.605 ; loss: 1.623
2018-03-20 17:02:01,194:INFO: - Eval metrics : accuracy: 0.222 ; loss: 4.152
2018-03-20 17:02:01,213:INFO: Epoch 27/120
2018-03-20 17:02:14,652:INFO: - Train metrics: accuracy: 0.648 ; loss: 1.456
2018-03-20 17:02:15,351:INFO: - Eval metrics : accuracy: 0.295 ; loss: 3.439
2018-03-20 17:02:15,363:INFO: Epoch 28/120
2018-03-20 17:02:28,673:INFO: - Train metrics: accuracy: 0.637 ; loss: 1.605
2018-03-20 17:02:29,383:INFO: - Eval metrics : accuracy: 0.222 ; loss: 4.576
2018-03-20 17:02:29,399:INFO: Epoch 29/120
2018-03-20 17:02:42,783:INFO: - Train metrics: accuracy: 0.613 ; loss: 1.556
2018-03-20 17:02:43,498:INFO: - Eval metrics : accuracy: 0.271 ; loss: 3.796
2018-03-20 17:02:43,513:INFO: Epoch 30/120
2018-03-20 17:02:56,832:INFO: - Train metrics: accuracy: 0.676 ; loss: 1.331
2018-03-20 17:02:57,528:INFO: - Eval metrics : accuracy: 0.630 ; loss: 1.600
2018-03-20 17:02:57,543:INFO: Epoch 31/120
2018-03-20 17:03:10,886:INFO: - Train metrics: accuracy: 0.637 ; loss: 1.481
2018-03-20 17:03:11,597:INFO: - Eval metrics : accuracy: 0.396 ; loss: 2.709
2018-03-20 17:03:11,613:INFO: Epoch 32/120
2018-03-20 17:03:24,988:INFO: - Train metrics: accuracy: 0.641 ; loss: 1.391
2018-03-20 17:03:25,707:INFO: - Eval metrics : accuracy: 0.406 ; loss: 2.749
2018-03-20 17:03:25,723:INFO: Epoch 33/120
2018-03-20 17:03:39,088:INFO: - Train metrics: accuracy: 0.672 ; loss: 1.306
2018-03-20 17:03:39,836:INFO: - Eval metrics : accuracy: 0.464 ; loss: 2.425
2018-03-20 17:03:39,852:INFO: Epoch 34/120
2018-03-20 17:03:53,158:INFO: - Train metrics: accuracy: 0.664 ; loss: 1.352
2018-03-20 17:03:53,854:INFO: - Eval metrics : accuracy: 0.228 ; loss: 4.500
2018-03-20 17:03:53,881:INFO: Epoch 35/120
2018-03-20 17:04:07,298:INFO: - Train metrics: accuracy: 0.664 ; loss: 1.432
2018-03-20 17:04:08,011:INFO: - Eval metrics : accuracy: 0.719 ; loss: 1.237
2018-03-20 17:04:08,039:INFO: - Found new lowest loss
2018-03-20 17:04:08,040:INFO: Epoch 36/120
2018-03-20 17:04:21,357:INFO: - Train metrics: accuracy: 0.695 ; loss: 1.421
2018-03-20 17:04:22,056:INFO: - Eval metrics : accuracy: 0.145 ; loss: 5.125
2018-03-20 17:04:22,073:INFO: Epoch 37/120
2018-03-20 17:04:35,674:INFO: - Train metrics: accuracy: 0.684 ; loss: 1.299
2018-03-20 17:04:36,380:INFO: - Eval metrics : accuracy: 0.468 ; loss: 2.459
2018-03-20 17:04:36,395:INFO: Epoch 38/120
2018-03-20 17:04:49,913:INFO: - Train metrics: accuracy: 0.688 ; loss: 1.342
2018-03-20 17:04:50,629:INFO: - Eval metrics : accuracy: 0.566 ; loss: 1.879
2018-03-20 17:04:50,644:INFO: Epoch 39/120
2018-03-20 17:05:03,907:INFO: - Train metrics: accuracy: 0.691 ; loss: 1.235
2018-03-20 17:05:04,633:INFO: - Eval metrics : accuracy: 0.351 ; loss: 3.061
2018-03-20 17:05:04,649:INFO: Epoch 40/120
2018-03-20 17:05:17,870:INFO: - Train metrics: accuracy: 0.648 ; loss: 1.327
2018-03-20 17:05:18,585:INFO: - Eval metrics : accuracy: 0.291 ; loss: 3.839
2018-03-20 17:05:18,597:INFO: Epoch 41/120
2018-03-20 17:05:32,045:INFO: - Train metrics: accuracy: 0.715 ; loss: 1.271
2018-03-20 17:05:32,746:INFO: - Eval metrics : accuracy: 0.621 ; loss: 1.571
2018-03-20 17:05:32,773:INFO: Epoch 42/120
2018-03-20 17:05:46,140:INFO: - Train metrics: accuracy: 0.668 ; loss: 1.302
2018-03-20 17:05:46,860:INFO: - Eval metrics : accuracy: 0.385 ; loss: 2.916
2018-03-20 17:05:46,888:INFO: Epoch 43/120
2018-03-20 17:06:00,364:INFO: - Train metrics: accuracy: 0.668 ; loss: 1.307
2018-03-20 17:06:01,096:INFO: - Eval metrics : accuracy: 0.696 ; loss: 1.275
2018-03-20 17:06:01,111:INFO: Epoch 44/120
2018-03-20 17:06:14,483:INFO: - Train metrics: accuracy: 0.691 ; loss: 1.229
2018-03-20 17:06:15,203:INFO: - Eval metrics : accuracy: 0.285 ; loss: 3.696
2018-03-20 17:06:15,218:INFO: Epoch 45/120
2018-03-20 17:06:28,466:INFO: - Train metrics: accuracy: 0.746 ; loss: 1.102
2018-03-20 17:06:29,181:INFO: - Eval metrics : accuracy: 0.321 ; loss: 3.554
2018-03-20 17:06:29,205:INFO: Epoch 46/120
2018-03-20 17:06:42,771:INFO: - Train metrics: accuracy: 0.695 ; loss: 1.279
2018-03-20 17:06:43,508:INFO: - Eval metrics : accuracy: 0.207 ; loss: 4.602
2018-03-20 17:06:43,520:INFO: Epoch 47/120
2018-03-20 17:06:56,920:INFO: - Train metrics: accuracy: 0.762 ; loss: 1.122
2018-03-20 17:06:57,634:INFO: - Eval metrics : accuracy: 0.046 ; loss: 9.203
2018-03-20 17:06:57,653:INFO: Epoch 48/120
2018-03-20 17:07:10,991:INFO: - Train metrics: accuracy: 0.719 ; loss: 1.143
2018-03-20 17:07:11,748:INFO: - Eval metrics : accuracy: 0.291 ; loss: 3.760
2018-03-20 17:07:11,764:INFO: Epoch 49/120
2018-03-20 17:07:25,055:INFO: - Train metrics: accuracy: 0.746 ; loss: 1.104
2018-03-20 17:07:25,768:INFO: - Eval metrics : accuracy: 0.616 ; loss: 1.652
2018-03-20 17:07:25,780:INFO: Epoch 50/120
2018-03-20 17:07:39,146:INFO: - Train metrics: accuracy: 0.785 ; loss: 0.959
2018-03-20 17:07:39,870:INFO: - Eval metrics : accuracy: 0.503 ; loss: 2.236
2018-03-20 17:07:39,897:INFO: Epoch 51/120
2018-03-20 17:07:53,192:INFO: - Train metrics: accuracy: 0.762 ; loss: 1.069
2018-03-20 17:07:53,896:INFO: - Eval metrics : accuracy: 0.166 ; loss: 5.225
2018-03-20 17:07:53,918:INFO: Epoch 52/120
2018-03-20 17:08:07,292:INFO: - Train metrics: accuracy: 0.742 ; loss: 1.145
2018-03-20 17:08:08,021:INFO: - Eval metrics : accuracy: 0.199 ; loss: 4.652
2018-03-20 17:08:08,037:INFO: Epoch 53/120
2018-03-20 17:08:21,332:INFO: - Train metrics: accuracy: 0.746 ; loss: 1.110
2018-03-20 17:08:22,067:INFO: - Eval metrics : accuracy: 0.555 ; loss: 2.009
2018-03-20 17:08:22,083:INFO: Epoch 54/120
2018-03-20 17:08:35,426:INFO: - Train metrics: accuracy: 0.762 ; loss: 1.017
2018-03-20 17:08:36,154:INFO: - Eval metrics : accuracy: 0.479 ; loss: 2.327
2018-03-20 17:08:36,177:INFO: Epoch 55/120
2018-03-20 17:08:49,849:INFO: - Train metrics: accuracy: 0.742 ; loss: 1.094
2018-03-20 17:08:50,566:INFO: - Eval metrics : accuracy: 0.190 ; loss: 4.716
2018-03-20 17:08:50,581:INFO: Epoch 56/120
2018-03-20 17:09:04,041:INFO: - Train metrics: accuracy: 0.742 ; loss: 1.072
2018-03-20 17:09:04,755:INFO: - Eval metrics : accuracy: 0.396 ; loss: 2.771
2018-03-20 17:09:04,773:INFO: Epoch 57/120
2018-03-20 17:09:18,108:INFO: - Train metrics: accuracy: 0.754 ; loss: 1.086
2018-03-20 17:09:18,838:INFO: - Eval metrics : accuracy: 0.390 ; loss: 2.868
2018-03-20 17:09:18,853:INFO: Epoch 58/120
2018-03-20 17:09:32,307:INFO: - Train metrics: accuracy: 0.738 ; loss: 1.047
2018-03-20 17:09:33,022:INFO: - Eval metrics : accuracy: 0.404 ; loss: 2.764
2018-03-20 17:09:33,045:INFO: Epoch 59/120
2018-03-20 17:09:46,402:INFO: - Train metrics: accuracy: 0.672 ; loss: 1.251
2018-03-20 17:09:47,130:INFO: - Eval metrics : accuracy: 0.559 ; loss: 1.866
2018-03-20 17:09:47,153:INFO: Epoch 60/120
2018-03-20 17:10:00,611:INFO: - Train metrics: accuracy: 0.785 ; loss: 0.886
2018-03-20 17:10:01,345:INFO: - Eval metrics : accuracy: 0.859 ; loss: 0.601
2018-03-20 17:10:01,375:INFO: - Found new lowest loss
2018-03-20 17:10:01,376:INFO: Epoch 61/120
2018-03-20 17:10:14,702:INFO: - Train metrics: accuracy: 0.734 ; loss: 1.013
2018-03-20 17:10:15,437:INFO: - Eval metrics : accuracy: 0.082 ; loss: 7.567
2018-03-20 17:10:15,453:INFO: Epoch 62/120
2018-03-20 17:10:29,037:INFO: - Train metrics: accuracy: 0.746 ; loss: 0.990
2018-03-20 17:10:29,727:INFO: - Eval metrics : accuracy: 0.251 ; loss: 4.223
2018-03-20 17:10:29,749:INFO: Epoch 63/120
2018-03-20 17:10:43,253:INFO: - Train metrics: accuracy: 0.766 ; loss: 0.991
2018-03-20 17:10:43,977:INFO: - Eval metrics : accuracy: 0.167 ; loss: 5.429
2018-03-20 17:10:43,993:INFO: Epoch 64/120
2018-03-20 17:10:57,372:INFO: - Train metrics: accuracy: 0.762 ; loss: 1.028
2018-03-20 17:10:58,110:INFO: - Eval metrics : accuracy: 0.549 ; loss: 1.947
2018-03-20 17:10:58,127:INFO: Epoch 65/120
2018-03-20 17:11:11,750:INFO: - Train metrics: accuracy: 0.785 ; loss: 0.861
2018-03-20 17:11:12,489:INFO: - Eval metrics : accuracy: 0.738 ; loss: 1.071
2018-03-20 17:11:12,504:INFO: Epoch 66/120
2018-03-20 17:11:25,755:INFO: - Train metrics: accuracy: 0.773 ; loss: 0.867
2018-03-20 17:11:26,481:INFO: - Eval metrics : accuracy: 0.089 ; loss: 7.135
2018-03-20 17:11:26,497:INFO: Epoch 67/120
2018-03-20 17:11:40,078:INFO: - Train metrics: accuracy: 0.742 ; loss: 1.054
2018-03-20 17:11:40,790:INFO: - Eval metrics : accuracy: 0.445 ; loss: 2.538
2018-03-20 17:11:40,807:INFO: Epoch 68/120
2018-03-20 17:11:54,293:INFO: - Train metrics: accuracy: 0.758 ; loss: 1.049
2018-03-20 17:11:55,026:INFO: - Eval metrics : accuracy: 0.505 ; loss: 2.155
2018-03-20 17:11:55,049:INFO: Epoch 69/120
2018-03-20 17:12:08,484:INFO: - Train metrics: accuracy: 0.758 ; loss: 0.997
2018-03-20 17:12:09,202:INFO: - Eval metrics : accuracy: 0.548 ; loss: 1.963
2018-03-20 17:12:09,229:INFO: Epoch 70/120
2018-03-20 17:12:22,537:INFO: - Train metrics: accuracy: 0.816 ; loss: 0.858
2018-03-20 17:12:23,245:INFO: - Eval metrics : accuracy: 0.514 ; loss: 2.191
2018-03-20 17:12:23,269:INFO: Epoch 71/120
2018-03-20 17:12:36,782:INFO: - Train metrics: accuracy: 0.793 ; loss: 0.884
2018-03-20 17:12:37,493:INFO: - Eval metrics : accuracy: 0.423 ; loss: 2.677
2018-03-20 17:12:37,509:INFO: Epoch 72/120
2018-03-20 17:12:51,024:INFO: - Train metrics: accuracy: 0.777 ; loss: 0.958
2018-03-20 17:12:51,756:INFO: - Eval metrics : accuracy: 0.497 ; loss: 2.314
2018-03-20 17:12:51,772:INFO: Epoch 73/120
2018-03-20 17:13:05,181:INFO: - Train metrics: accuracy: 0.727 ; loss: 1.134
2018-03-20 17:13:05,885:INFO: - Eval metrics : accuracy: 0.207 ; loss: 4.443
2018-03-20 17:13:05,901:INFO: Epoch 74/120
2018-03-20 17:13:19,315:INFO: - Train metrics: accuracy: 0.750 ; loss: 1.062
2018-03-20 17:13:20,028:INFO: - Eval metrics : accuracy: 0.241 ; loss: 4.213
2018-03-20 17:13:20,043:INFO: Epoch 75/120
2018-03-20 17:13:33,570:INFO: - Train metrics: accuracy: 0.750 ; loss: 1.034
2018-03-20 17:13:34,285:INFO: - Eval metrics : accuracy: 0.632 ; loss: 1.599
2018-03-20 17:13:34,302:INFO: Epoch 76/120
2018-03-20 17:13:47,587:INFO: - Train metrics: accuracy: 0.773 ; loss: 0.917
2018-03-20 17:13:48,291:INFO: - Eval metrics : accuracy: 0.298 ; loss: 3.856
2018-03-20 17:13:48,313:INFO: Epoch 77/120
2018-03-20 17:14:01,496:INFO: - Train metrics: accuracy: 0.793 ; loss: 0.851
2018-03-20 17:14:02,210:INFO: - Eval metrics : accuracy: 0.203 ; loss: 4.795
2018-03-20 17:14:02,226:INFO: Epoch 78/120
2018-03-20 17:14:15,531:INFO: - Train metrics: accuracy: 0.758 ; loss: 0.970
2018-03-20 17:14:16,253:INFO: - Eval metrics : accuracy: 0.223 ; loss: 5.332
2018-03-20 17:14:16,277:INFO: Epoch 79/120
2018-03-20 17:14:29,812:INFO: - Train metrics: accuracy: 0.781 ; loss: 0.878
2018-03-20 17:14:30,519:INFO: - Eval metrics : accuracy: 0.806 ; loss: 0.799
2018-03-20 17:14:30,535:INFO: Epoch 80/120
2018-03-20 17:14:43,993:INFO: - Train metrics: accuracy: 0.828 ; loss: 0.746
2018-03-20 17:14:44,728:INFO: - Eval metrics : accuracy: 0.288 ; loss: 4.092
2018-03-20 17:14:44,744:INFO: Epoch 81/120
2018-03-20 17:14:58,264:INFO: - Train metrics: accuracy: 0.793 ; loss: 0.863
2018-03-20 17:14:59,007:INFO: - Eval metrics : accuracy: 0.649 ; loss: 1.499
2018-03-20 17:14:59,033:INFO: Epoch 82/120
2018-03-20 17:15:12,486:INFO: - Train metrics: accuracy: 0.762 ; loss: 0.938
2018-03-20 17:15:13,195:INFO: - Eval metrics : accuracy: 0.105 ; loss: 7.910
2018-03-20 17:15:13,211:INFO: Epoch 83/120
2018-03-20 17:15:26,411:INFO: - Train metrics: accuracy: 0.793 ; loss: 0.851
2018-03-20 17:15:27,127:INFO: - Eval metrics : accuracy: 0.435 ; loss: 2.596
2018-03-20 17:15:27,142:INFO: Epoch 84/120
2018-03-20 17:15:40,408:INFO: - Train metrics: accuracy: 0.770 ; loss: 0.990
2018-03-20 17:15:41,134:INFO: - Eval metrics : accuracy: 0.573 ; loss: 1.876
2018-03-20 17:15:41,153:INFO: Epoch 85/120
2018-03-20 17:15:54,414:INFO: - Train metrics: accuracy: 0.797 ; loss: 0.833
2018-03-20 17:15:55,142:INFO: - Eval metrics : accuracy: 0.606 ; loss: 1.656
2018-03-20 17:15:55,165:INFO: Epoch 86/120
2018-03-20 17:16:08,418:INFO: - Train metrics: accuracy: 0.793 ; loss: 0.779
2018-03-20 17:16:09,124:INFO: - Eval metrics : accuracy: 0.443 ; loss: 2.630
2018-03-20 17:16:09,138:INFO: Epoch 87/120
2018-03-20 17:16:22,409:INFO: - Train metrics: accuracy: 0.773 ; loss: 0.934
2018-03-20 17:16:23,125:INFO: - Eval metrics : accuracy: 0.674 ; loss: 1.331
2018-03-20 17:16:23,141:INFO: Epoch 88/120
2018-03-20 17:16:36,438:INFO: - Train metrics: accuracy: 0.762 ; loss: 0.940
2018-03-20 17:16:37,156:INFO: - Eval metrics : accuracy: 0.361 ; loss: 3.091
2018-03-20 17:16:37,172:INFO: Epoch 89/120
2018-03-20 17:16:50,564:INFO: - Train metrics: accuracy: 0.809 ; loss: 0.763
2018-03-20 17:16:51,239:INFO: - Eval metrics : accuracy: 0.786 ; loss: 0.844
2018-03-20 17:16:51,264:INFO: Epoch 90/120
2018-03-20 17:17:04,837:INFO: - Train metrics: accuracy: 0.785 ; loss: 0.921
2018-03-20 17:17:05,567:INFO: - Eval metrics : accuracy: 0.401 ; loss: 2.902
2018-03-20 17:17:05,580:INFO: Epoch 91/120
2018-03-20 17:17:19,100:INFO: - Train metrics: accuracy: 0.809 ; loss: 0.823
2018-03-20 17:17:19,824:INFO: - Eval metrics : accuracy: 0.320 ; loss: 3.608
2018-03-20 17:17:19,840:INFO: Epoch 92/120
2018-03-20 17:17:33,229:INFO: - Train metrics: accuracy: 0.812 ; loss: 0.820
2018-03-20 17:17:33,938:INFO: - Eval metrics : accuracy: 0.876 ; loss: 0.521
2018-03-20 17:17:33,966:INFO: - Found new lowest loss
2018-03-20 17:17:33,967:INFO: Epoch 93/120
2018-03-20 17:17:47,403:INFO: - Train metrics: accuracy: 0.793 ; loss: 0.851
2018-03-20 17:17:48,105:INFO: - Eval metrics : accuracy: 0.451 ; loss: 2.450
2018-03-20 17:17:48,121:INFO: Epoch 94/120
2018-03-20 17:18:01,359:INFO: - Train metrics: accuracy: 0.758 ; loss: 0.903
2018-03-20 17:18:02,081:INFO: - Eval metrics : accuracy: 0.101 ; loss: 7.325
2018-03-20 17:18:02,101:INFO: Epoch 95/120
2018-03-20 17:18:15,559:INFO: - Train metrics: accuracy: 0.773 ; loss: 0.920
2018-03-20 17:18:16,327:INFO: - Eval metrics : accuracy: 0.840 ; loss: 0.712
2018-03-20 17:18:16,343:INFO: Epoch 96/120
2018-03-20 17:18:29,702:INFO: - Train metrics: accuracy: 0.766 ; loss: 0.953
2018-03-20 17:18:30,424:INFO: - Eval metrics : accuracy: 0.863 ; loss: 0.579
2018-03-20 17:18:30,448:INFO: Epoch 97/120
2018-03-20 17:18:43,977:INFO: - Train metrics: accuracy: 0.770 ; loss: 0.973
2018-03-20 17:18:44,717:INFO: - Eval metrics : accuracy: 0.772 ; loss: 0.906
2018-03-20 17:18:44,736:INFO: Epoch 98/120
2018-03-20 17:18:58,001:INFO: - Train metrics: accuracy: 0.773 ; loss: 0.881
2018-03-20 17:18:58,717:INFO: - Eval metrics : accuracy: 0.420 ; loss: 2.800
2018-03-20 17:18:58,731:INFO: Epoch 99/120
2018-03-20 17:19:12,275:INFO: - Train metrics: accuracy: 0.863 ; loss: 0.614
2018-03-20 17:19:12,994:INFO: - Eval metrics : accuracy: 0.441 ; loss: 2.806
2018-03-20 17:19:13,013:INFO: Epoch 100/120
2018-03-20 17:19:26,610:INFO: - Train metrics: accuracy: 0.734 ; loss: 1.014
2018-03-20 17:19:27,316:INFO: - Eval metrics : accuracy: 0.736 ; loss: 1.066
2018-03-20 17:19:27,331:INFO: Epoch 101/120
2018-03-20 17:19:40,935:INFO: - Train metrics: accuracy: 0.828 ; loss: 0.787
2018-03-20 17:19:41,690:INFO: - Eval metrics : accuracy: 0.257 ; loss: 4.226
2018-03-20 17:19:41,709:INFO: Epoch 102/120
2018-03-20 17:19:55,087:INFO: - Train metrics: accuracy: 0.785 ; loss: 0.921
2018-03-20 17:19:55,816:INFO: - Eval metrics : accuracy: 0.574 ; loss: 1.865
2018-03-20 17:19:55,832:INFO: Epoch 103/120
2018-03-20 17:20:09,483:INFO: - Train metrics: accuracy: 0.816 ; loss: 0.737
2018-03-20 17:20:10,226:INFO: - Eval metrics : accuracy: 0.747 ; loss: 1.027
2018-03-20 17:20:10,249:INFO: Epoch 104/120
2018-03-20 17:20:23,594:INFO: - Train metrics: accuracy: 0.855 ; loss: 0.707
2018-03-20 17:20:24,299:INFO: - Eval metrics : accuracy: 0.162 ; loss: 5.370
2018-03-20 17:20:24,312:INFO: Epoch 105/120
2018-03-20 17:20:37,758:INFO: - Train metrics: accuracy: 0.809 ; loss: 0.741
2018-03-20 17:20:38,476:INFO: - Eval metrics : accuracy: 0.732 ; loss: 1.103
2018-03-20 17:20:38,489:INFO: Epoch 106/120
2018-03-20 17:20:51,878:INFO: - Train metrics: accuracy: 0.777 ; loss: 0.906
2018-03-20 17:20:52,615:INFO: - Eval metrics : accuracy: 0.095 ; loss: 7.857
2018-03-20 17:20:52,637:INFO: Epoch 107/120
2018-03-20 17:21:06,045:INFO: - Train metrics: accuracy: 0.793 ; loss: 0.858
2018-03-20 17:21:06,783:INFO: - Eval metrics : accuracy: 0.549 ; loss: 2.002
2018-03-20 17:21:06,801:INFO: Epoch 108/120
2018-03-20 17:21:20,395:INFO: - Train metrics: accuracy: 0.785 ; loss: 0.939
2018-03-20 17:21:21,120:INFO: - Eval metrics : accuracy: 0.491 ; loss: 2.314
2018-03-20 17:21:21,136:INFO: Epoch 109/120
2018-03-20 17:21:34,696:INFO: - Train metrics: accuracy: 0.824 ; loss: 0.774
2018-03-20 17:21:35,419:INFO: - Eval metrics : accuracy: 0.212 ; loss: 5.155
2018-03-20 17:21:35,448:INFO: Epoch 110/120
2018-03-20 17:21:48,866:INFO: - Train metrics: accuracy: 0.793 ; loss: 0.899
2018-03-20 17:21:49,586:INFO: - Eval metrics : accuracy: 0.567 ; loss: 1.848
2018-03-20 17:21:49,609:INFO: Epoch 111/120
2018-03-20 17:22:02,810:INFO: - Train metrics: accuracy: 0.809 ; loss: 0.794
2018-03-20 17:22:03,532:INFO: - Eval metrics : accuracy: 0.719 ; loss: 1.171
2018-03-20 17:22:03,548:INFO: Epoch 112/120
2018-03-20 17:22:17,006:INFO: - Train metrics: accuracy: 0.809 ; loss: 0.807
2018-03-20 17:22:17,736:INFO: - Eval metrics : accuracy: 0.321 ; loss: 3.461
2018-03-20 17:22:17,753:INFO: Epoch 113/120
2018-03-20 17:22:31,282:INFO: - Train metrics: accuracy: 0.812 ; loss: 0.780
2018-03-20 17:22:32,006:INFO: - Eval metrics : accuracy: 0.811 ; loss: 0.784
2018-03-20 17:22:32,022:INFO: Epoch 114/120
2018-03-20 17:22:45,394:INFO: - Train metrics: accuracy: 0.781 ; loss: 0.988
2018-03-20 17:22:46,142:INFO: - Eval metrics : accuracy: 0.778 ; loss: 0.919
2018-03-20 17:22:46,159:INFO: Epoch 115/120
2018-03-20 17:22:59,518:INFO: - Train metrics: accuracy: 0.844 ; loss: 0.701
2018-03-20 17:23:00,249:INFO: - Eval metrics : accuracy: 0.586 ; loss: 1.794
2018-03-20 17:23:00,273:INFO: Epoch 116/120
2018-03-20 17:23:13,773:INFO: - Train metrics: accuracy: 0.840 ; loss: 0.719
2018-03-20 17:23:14,484:INFO: - Eval metrics : accuracy: 0.716 ; loss: 1.175
2018-03-20 17:23:14,500:INFO: Epoch 117/120
2018-03-20 17:23:27,813:INFO: - Train metrics: accuracy: 0.852 ; loss: 0.732
2018-03-20 17:23:28,534:INFO: - Eval metrics : accuracy: 0.813 ; loss: 0.751
2018-03-20 17:23:28,561:INFO: Epoch 118/120
2018-03-20 17:23:42,015:INFO: - Train metrics: accuracy: 0.816 ; loss: 0.707
2018-03-20 17:23:42,739:INFO: - Eval metrics : accuracy: 0.520 ; loss: 2.135
2018-03-20 17:23:42,751:INFO: Epoch 119/120
2018-03-20 17:23:56,293:INFO: - Train metrics: accuracy: 0.840 ; loss: 0.725
2018-03-20 17:23:57,008:INFO: - Eval metrics : accuracy: 0.216 ; loss: 4.297
2018-03-20 17:23:57,024:INFO: Epoch 120/120
2018-03-20 17:24:10,523:INFO: - Train metrics: accuracy: 0.836 ; loss: 0.745
2018-03-20 17:24:11,231:INFO: - Eval metrics : accuracy: 0.658 ; loss: 1.477
