2018-03-20 10:42:09,050:INFO: Loading the datasets...
2018-03-20 10:42:09,114:INFO: - done.
2018-03-20 10:42:11,399:INFO: Starting training for 50 epoch(s)
2018-03-20 10:42:11,400:INFO: Epoch 1/50
2018-03-20 10:42:30,714:INFO: - Train metrics: accuracy: 0.004 ; loss: 6.047
2018-03-20 10:42:31,704:INFO: - Eval metrics : accuracy: 0.023 ; loss: 5.781
2018-03-20 10:42:31,721:INFO: - Found new lowest loss
2018-03-20 10:42:31,722:INFO: Epoch 2/50
2018-03-20 10:42:50,476:INFO: - Train metrics: accuracy: 0.031 ; loss: 5.754
2018-03-20 10:42:51,494:INFO: - Eval metrics : accuracy: 0.051 ; loss: 5.563
2018-03-20 10:42:51,523:INFO: - Found new lowest loss
2018-03-20 10:42:51,523:INFO: Epoch 3/50
2018-03-20 10:43:10,252:INFO: - Train metrics: accuracy: 0.054 ; loss: 5.576
2018-03-20 10:43:11,293:INFO: - Eval metrics : accuracy: 0.095 ; loss: 5.366
2018-03-20 10:43:11,321:INFO: - Found new lowest loss
2018-03-20 10:43:11,322:INFO: Epoch 4/50
2018-03-20 10:43:30,258:INFO: - Train metrics: accuracy: 0.054 ; loss: 5.401
2018-03-20 10:43:31,267:INFO: - Eval metrics : accuracy: 0.114 ; loss: 5.144
2018-03-20 10:43:31,295:INFO: - Found new lowest loss
2018-03-20 10:43:31,295:INFO: Epoch 5/50
2018-03-20 10:43:50,313:INFO: - Train metrics: accuracy: 0.071 ; loss: 5.290
2018-03-20 10:43:51,323:INFO: - Eval metrics : accuracy: 0.142 ; loss: 4.961
2018-03-20 10:43:51,351:INFO: - Found new lowest loss
2018-03-20 10:43:51,352:INFO: Epoch 6/50
2018-03-20 10:44:10,332:INFO: - Train metrics: accuracy: 0.125 ; loss: 5.021
2018-03-20 10:44:11,336:INFO: - Eval metrics : accuracy: 0.176 ; loss: 4.759
2018-03-20 10:44:11,364:INFO: - Found new lowest loss
2018-03-20 10:44:11,365:INFO: Epoch 7/50
2018-03-20 10:44:30,284:INFO: - Train metrics: accuracy: 0.085 ; loss: 4.961
2018-03-20 10:44:31,288:INFO: - Eval metrics : accuracy: 0.207 ; loss: 4.547
2018-03-20 10:44:31,315:INFO: - Found new lowest loss
2018-03-20 10:44:31,315:INFO: Epoch 8/50
2018-03-20 10:44:50,027:INFO: - Train metrics: accuracy: 0.116 ; loss: 4.699
2018-03-20 10:44:51,038:INFO: - Eval metrics : accuracy: 0.237 ; loss: 4.369
2018-03-20 10:44:51,065:INFO: - Found new lowest loss
2018-03-20 10:44:51,065:INFO: Epoch 9/50
2018-03-20 10:45:09,878:INFO: - Train metrics: accuracy: 0.143 ; loss: 4.590
2018-03-20 10:45:10,909:INFO: - Eval metrics : accuracy: 0.261 ; loss: 4.165
2018-03-20 10:45:10,937:INFO: - Found new lowest loss
2018-03-20 10:45:10,938:INFO: Epoch 10/50
2018-03-20 10:45:29,568:INFO: - Train metrics: accuracy: 0.138 ; loss: 4.540
2018-03-20 10:45:30,592:INFO: - Eval metrics : accuracy: 0.275 ; loss: 4.036
2018-03-20 10:45:30,619:INFO: - Found new lowest loss
2018-03-20 10:45:30,619:INFO: Epoch 11/50
2018-03-20 10:45:49,389:INFO: - Train metrics: accuracy: 0.147 ; loss: 4.363
2018-03-20 10:45:50,385:INFO: - Eval metrics : accuracy: 0.293 ; loss: 3.877
2018-03-20 10:45:50,411:INFO: - Found new lowest loss
2018-03-20 10:45:50,412:INFO: Epoch 12/50
2018-03-20 10:46:09,175:INFO: - Train metrics: accuracy: 0.228 ; loss: 4.070
2018-03-20 10:46:10,181:INFO: - Eval metrics : accuracy: 0.329 ; loss: 3.704
2018-03-20 10:46:10,210:INFO: - Found new lowest loss
2018-03-20 10:46:10,210:INFO: Epoch 13/50
2018-03-20 10:46:29,052:INFO: - Train metrics: accuracy: 0.188 ; loss: 4.172
2018-03-20 10:46:30,066:INFO: - Eval metrics : accuracy: 0.365 ; loss: 3.532
2018-03-20 10:46:30,093:INFO: - Found new lowest loss
2018-03-20 10:46:30,094:INFO: Epoch 14/50
2018-03-20 10:46:49,070:INFO: - Train metrics: accuracy: 0.205 ; loss: 3.933
2018-03-20 10:46:50,077:INFO: - Eval metrics : accuracy: 0.385 ; loss: 3.386
2018-03-20 10:46:50,103:INFO: - Found new lowest loss
2018-03-20 10:46:50,104:INFO: Epoch 15/50
2018-03-20 10:47:09,015:INFO: - Train metrics: accuracy: 0.246 ; loss: 3.796
2018-03-20 10:47:10,034:INFO: - Eval metrics : accuracy: 0.402 ; loss: 3.321
2018-03-20 10:47:10,061:INFO: - Found new lowest loss
2018-03-20 10:47:10,062:INFO: Epoch 16/50
2018-03-20 10:47:28,896:INFO: - Train metrics: accuracy: 0.263 ; loss: 3.677
2018-03-20 10:47:29,933:INFO: - Eval metrics : accuracy: 0.413 ; loss: 3.153
2018-03-20 10:47:29,961:INFO: - Found new lowest loss
2018-03-20 10:47:29,962:INFO: Epoch 17/50
2018-03-20 10:47:48,703:INFO: - Train metrics: accuracy: 0.304 ; loss: 3.515
2018-03-20 10:47:49,698:INFO: - Eval metrics : accuracy: 0.430 ; loss: 3.052
2018-03-20 10:47:49,725:INFO: - Found new lowest loss
2018-03-20 10:47:49,726:INFO: Epoch 18/50
2018-03-20 10:48:08,495:INFO: - Train metrics: accuracy: 0.272 ; loss: 3.497
2018-03-20 10:48:09,523:INFO: - Eval metrics : accuracy: 0.460 ; loss: 2.936
2018-03-20 10:48:09,550:INFO: - Found new lowest loss
2018-03-20 10:48:09,551:INFO: Epoch 19/50
2018-03-20 10:48:28,463:INFO: - Train metrics: accuracy: 0.272 ; loss: 3.530
2018-03-20 10:48:29,465:INFO: - Eval metrics : accuracy: 0.498 ; loss: 2.769
2018-03-20 10:48:29,490:INFO: - Found new lowest loss
2018-03-20 10:48:29,491:INFO: Epoch 20/50
2018-03-20 10:48:48,304:INFO: - Train metrics: accuracy: 0.268 ; loss: 3.584
2018-03-20 10:48:49,290:INFO: - Eval metrics : accuracy: 0.480 ; loss: 2.776
2018-03-20 10:48:49,308:INFO: Epoch 21/50
2018-03-20 10:49:08,217:INFO: - Train metrics: accuracy: 0.357 ; loss: 3.142
2018-03-20 10:49:09,240:INFO: - Eval metrics : accuracy: 0.497 ; loss: 2.682
2018-03-20 10:49:09,267:INFO: - Found new lowest loss
2018-03-20 10:49:09,267:INFO: Epoch 22/50
2018-03-20 10:49:28,039:INFO: - Train metrics: accuracy: 0.330 ; loss: 3.103
2018-03-20 10:49:29,035:INFO: - Eval metrics : accuracy: 0.532 ; loss: 2.539
2018-03-20 10:49:29,063:INFO: - Found new lowest loss
2018-03-20 10:49:29,064:INFO: Epoch 23/50
2018-03-20 10:49:47,985:INFO: - Train metrics: accuracy: 0.384 ; loss: 3.040
2018-03-20 10:49:48,996:INFO: - Eval metrics : accuracy: 0.500 ; loss: 2.574
2018-03-20 10:49:49,012:INFO: Epoch 24/50
2018-03-20 10:50:07,853:INFO: - Train metrics: accuracy: 0.379 ; loss: 3.015
2018-03-20 10:50:08,880:INFO: - Eval metrics : accuracy: 0.547 ; loss: 2.421
2018-03-20 10:50:08,903:INFO: - Found new lowest loss
2018-03-20 10:50:08,904:INFO: Epoch 25/50
2018-03-20 10:50:28,087:INFO: - Train metrics: accuracy: 0.339 ; loss: 3.094
2018-03-20 10:50:29,150:INFO: - Eval metrics : accuracy: 0.575 ; loss: 2.277
2018-03-20 10:50:29,180:INFO: - Found new lowest loss
2018-03-20 10:50:29,180:INFO: Epoch 26/50
2018-03-20 10:50:47,854:INFO: - Train metrics: accuracy: 0.397 ; loss: 2.886
2018-03-20 10:50:48,853:INFO: - Eval metrics : accuracy: 0.551 ; loss: 2.316
2018-03-20 10:50:48,869:INFO: Epoch 27/50
2018-03-20 10:51:07,574:INFO: - Train metrics: accuracy: 0.402 ; loss: 2.916
2018-03-20 10:51:08,602:INFO: - Eval metrics : accuracy: 0.581 ; loss: 2.188
2018-03-20 10:51:08,625:INFO: - Found new lowest loss
2018-03-20 10:51:08,626:INFO: Epoch 28/50
2018-03-20 10:51:27,381:INFO: - Train metrics: accuracy: 0.411 ; loss: 2.865
2018-03-20 10:51:28,389:INFO: - Eval metrics : accuracy: 0.590 ; loss: 2.133
2018-03-20 10:51:28,418:INFO: - Found new lowest loss
2018-03-20 10:51:28,419:INFO: Epoch 29/50
2018-03-20 10:51:47,220:INFO: - Train metrics: accuracy: 0.451 ; loss: 2.715
2018-03-20 10:51:48,236:INFO: - Eval metrics : accuracy: 0.604 ; loss: 2.102
2018-03-20 10:51:48,264:INFO: - Found new lowest loss
2018-03-20 10:51:48,265:INFO: Epoch 30/50
2018-03-20 10:52:07,173:INFO: - Train metrics: accuracy: 0.406 ; loss: 2.626
2018-03-20 10:52:08,171:INFO: - Eval metrics : accuracy: 0.611 ; loss: 2.069
2018-03-20 10:52:08,199:INFO: - Found new lowest loss
2018-03-20 10:52:08,200:INFO: Epoch 31/50
2018-03-20 10:52:26,882:INFO: - Train metrics: accuracy: 0.446 ; loss: 2.585
2018-03-20 10:52:27,880:INFO: - Eval metrics : accuracy: 0.628 ; loss: 1.927
2018-03-20 10:52:27,908:INFO: - Found new lowest loss
2018-03-20 10:52:27,909:INFO: Epoch 32/50
2018-03-20 10:52:46,687:INFO: - Train metrics: accuracy: 0.442 ; loss: 2.705
2018-03-20 10:52:47,707:INFO: - Eval metrics : accuracy: 0.606 ; loss: 2.034
2018-03-20 10:52:47,723:INFO: Epoch 33/50
2018-03-20 10:53:06,495:INFO: - Train metrics: accuracy: 0.438 ; loss: 2.634
2018-03-20 10:53:07,517:INFO: - Eval metrics : accuracy: 0.638 ; loss: 1.910
2018-03-20 10:53:07,544:INFO: - Found new lowest loss
2018-03-20 10:53:07,545:INFO: Epoch 34/50
2018-03-20 10:53:26,294:INFO: - Train metrics: accuracy: 0.464 ; loss: 2.457
2018-03-20 10:53:27,326:INFO: - Eval metrics : accuracy: 0.602 ; loss: 1.983
2018-03-20 10:53:27,341:INFO: Epoch 35/50
2018-03-20 10:53:46,214:INFO: - Train metrics: accuracy: 0.451 ; loss: 2.533
2018-03-20 10:53:47,261:INFO: - Eval metrics : accuracy: 0.665 ; loss: 1.759
2018-03-20 10:53:47,289:INFO: - Found new lowest loss
2018-03-20 10:53:47,289:INFO: Epoch 36/50
2018-03-20 10:54:06,241:INFO: - Train metrics: accuracy: 0.442 ; loss: 2.522
2018-03-20 10:54:07,247:INFO: - Eval metrics : accuracy: 0.652 ; loss: 1.795
2018-03-20 10:54:07,269:INFO: Epoch 37/50
2018-03-20 10:54:26,112:INFO: - Train metrics: accuracy: 0.460 ; loss: 2.466
2018-03-20 10:54:27,129:INFO: - Eval metrics : accuracy: 0.659 ; loss: 1.708
2018-03-20 10:54:27,157:INFO: - Found new lowest loss
2018-03-20 10:54:27,158:INFO: Epoch 38/50
2018-03-20 10:54:46,129:INFO: - Train metrics: accuracy: 0.545 ; loss: 2.205
2018-03-20 10:54:47,122:INFO: - Eval metrics : accuracy: 0.641 ; loss: 1.779
2018-03-20 10:54:47,138:INFO: Epoch 39/50
2018-03-20 10:55:05,992:INFO: - Train metrics: accuracy: 0.460 ; loss: 2.187
2018-03-20 10:55:07,010:INFO: - Eval metrics : accuracy: 0.655 ; loss: 1.720
2018-03-20 10:55:07,025:INFO: Epoch 40/50
2018-03-20 10:55:25,802:INFO: - Train metrics: accuracy: 0.460 ; loss: 2.397
2018-03-20 10:55:26,807:INFO: - Eval metrics : accuracy: 0.666 ; loss: 1.702
2018-03-20 10:55:26,836:INFO: - Found new lowest loss
2018-03-20 10:55:26,837:INFO: Epoch 41/50
2018-03-20 10:55:45,609:INFO: - Train metrics: accuracy: 0.536 ; loss: 2.144
2018-03-20 10:55:46,632:INFO: - Eval metrics : accuracy: 0.682 ; loss: 1.592
2018-03-20 10:55:46,678:INFO: - Found new lowest loss
2018-03-20 10:55:46,678:INFO: Epoch 42/50
2018-03-20 10:56:05,614:INFO: - Train metrics: accuracy: 0.500 ; loss: 2.289
2018-03-20 10:56:06,668:INFO: - Eval metrics : accuracy: 0.708 ; loss: 1.459
2018-03-20 10:56:06,697:INFO: - Found new lowest loss
2018-03-20 10:56:06,698:INFO: Epoch 43/50
2018-03-20 10:56:25,721:INFO: - Train metrics: accuracy: 0.513 ; loss: 2.279
2018-03-20 10:56:26,718:INFO: - Eval metrics : accuracy: 0.721 ; loss: 1.465
2018-03-20 10:56:26,734:INFO: Epoch 44/50
2018-03-20 10:56:45,562:INFO: - Train metrics: accuracy: 0.540 ; loss: 2.140
2018-03-20 10:56:46,596:INFO: - Eval metrics : accuracy: 0.717 ; loss: 1.428
2018-03-20 10:56:46,624:INFO: - Found new lowest loss
2018-03-20 10:56:46,625:INFO: Epoch 45/50
2018-03-20 10:57:05,681:INFO: - Train metrics: accuracy: 0.509 ; loss: 2.175
2018-03-20 10:57:06,687:INFO: - Eval metrics : accuracy: 0.711 ; loss: 1.431
2018-03-20 10:57:06,702:INFO: Epoch 46/50
2018-03-20 10:57:25,660:INFO: - Train metrics: accuracy: 0.513 ; loss: 2.283
2018-03-20 10:57:26,702:INFO: - Eval metrics : accuracy: 0.725 ; loss: 1.389
2018-03-20 10:57:26,732:INFO: - Found new lowest loss
2018-03-20 10:57:26,733:INFO: Epoch 47/50
2018-03-20 10:57:45,528:INFO: - Train metrics: accuracy: 0.509 ; loss: 2.133
2018-03-20 10:57:46,558:INFO: - Eval metrics : accuracy: 0.733 ; loss: 1.365
2018-03-20 10:57:46,585:INFO: - Found new lowest loss
2018-03-20 10:57:46,586:INFO: Epoch 48/50
2018-03-20 10:58:05,387:INFO: - Train metrics: accuracy: 0.522 ; loss: 2.079
2018-03-20 10:58:06,408:INFO: - Eval metrics : accuracy: 0.722 ; loss: 1.385
2018-03-20 10:58:06,430:INFO: Epoch 49/50
2018-03-20 10:58:25,329:INFO: - Train metrics: accuracy: 0.567 ; loss: 2.055
2018-03-20 10:58:26,330:INFO: - Eval metrics : accuracy: 0.750 ; loss: 1.272
2018-03-20 10:58:26,359:INFO: - Found new lowest loss
2018-03-20 10:58:26,360:INFO: Epoch 50/50
2018-03-20 10:58:45,190:INFO: - Train metrics: accuracy: 0.562 ; loss: 1.978
2018-03-20 10:58:46,199:INFO: - Eval metrics : accuracy: 0.731 ; loss: 1.289
