2018-03-20 18:13:48,059:INFO: Loading the datasets...
2018-03-20 18:13:48,122:INFO: - done.
2018-03-20 18:13:50,365:INFO: Starting training for 120 epoch(s)
2018-03-20 18:13:50,365:INFO: Epoch 1/120
2018-03-20 18:14:04,587:INFO: - Train metrics: accuracy: 0.023 ; loss: 5.753
2018-03-20 18:14:05,314:INFO: - Eval metrics : accuracy: 0.072 ; loss: 5.177
2018-03-20 18:14:05,332:INFO: - Found new lowest loss
2018-03-20 18:14:05,333:INFO: Epoch 2/120
2018-03-20 18:14:18,693:INFO: - Train metrics: accuracy: 0.078 ; loss: 4.908
2018-03-20 18:14:19,409:INFO: - Eval metrics : accuracy: 0.023 ; loss: 6.021
2018-03-20 18:14:19,424:INFO: Epoch 3/120
2018-03-20 18:14:32,593:INFO: - Train metrics: accuracy: 0.160 ; loss: 4.236
2018-03-20 18:14:33,304:INFO: - Eval metrics : accuracy: 0.075 ; loss: 5.211
2018-03-20 18:14:33,320:INFO: Epoch 4/120
2018-03-20 18:14:46,783:INFO: - Train metrics: accuracy: 0.250 ; loss: 3.765
2018-03-20 18:14:47,478:INFO: - Eval metrics : accuracy: 0.091 ; loss: 4.909
2018-03-20 18:14:47,506:INFO: - Found new lowest loss
2018-03-20 18:14:47,507:INFO: Epoch 5/120
2018-03-20 18:15:00,852:INFO: - Train metrics: accuracy: 0.309 ; loss: 3.474
2018-03-20 18:15:01,580:INFO: - Eval metrics : accuracy: 0.049 ; loss: 5.764
2018-03-20 18:15:01,597:INFO: Epoch 6/120
2018-03-20 18:15:14,912:INFO: - Train metrics: accuracy: 0.344 ; loss: 3.202
2018-03-20 18:15:15,622:INFO: - Eval metrics : accuracy: 0.289 ; loss: 3.353
2018-03-20 18:15:15,651:INFO: - Found new lowest loss
2018-03-20 18:15:15,651:INFO: Epoch 7/120
2018-03-20 18:15:29,128:INFO: - Train metrics: accuracy: 0.332 ; loss: 3.160
2018-03-20 18:15:29,820:INFO: - Eval metrics : accuracy: 0.333 ; loss: 3.213
2018-03-20 18:15:29,848:INFO: - Found new lowest loss
2018-03-20 18:15:29,848:INFO: Epoch 8/120
2018-03-20 18:15:43,384:INFO: - Train metrics: accuracy: 0.438 ; loss: 2.751
2018-03-20 18:15:44,112:INFO: - Eval metrics : accuracy: 0.496 ; loss: 2.340
2018-03-20 18:15:44,142:INFO: - Found new lowest loss
2018-03-20 18:15:44,143:INFO: Epoch 9/120
2018-03-20 18:15:57,533:INFO: - Train metrics: accuracy: 0.449 ; loss: 2.578
2018-03-20 18:15:58,261:INFO: - Eval metrics : accuracy: 0.168 ; loss: 4.547
2018-03-20 18:15:58,275:INFO: Epoch 10/120
2018-03-20 18:16:11,737:INFO: - Train metrics: accuracy: 0.422 ; loss: 2.635
2018-03-20 18:16:12,448:INFO: - Eval metrics : accuracy: 0.063 ; loss: 5.835
2018-03-20 18:16:12,473:INFO: Epoch 11/120
2018-03-20 18:16:25,819:INFO: - Train metrics: accuracy: 0.473 ; loss: 2.390
2018-03-20 18:16:26,537:INFO: - Eval metrics : accuracy: 0.330 ; loss: 3.215
2018-03-20 18:16:26,553:INFO: Epoch 12/120
2018-03-20 18:16:40,093:INFO: - Train metrics: accuracy: 0.484 ; loss: 2.273
2018-03-20 18:16:40,819:INFO: - Eval metrics : accuracy: 0.151 ; loss: 4.798
2018-03-20 18:16:40,845:INFO: Epoch 13/120
2018-03-20 18:16:54,414:INFO: - Train metrics: accuracy: 0.547 ; loss: 2.130
2018-03-20 18:16:55,134:INFO: - Eval metrics : accuracy: 0.458 ; loss: 2.407
2018-03-20 18:16:55,153:INFO: Epoch 14/120
2018-03-20 18:17:08,514:INFO: - Train metrics: accuracy: 0.512 ; loss: 2.054
2018-03-20 18:17:09,259:INFO: - Eval metrics : accuracy: 0.490 ; loss: 2.201
2018-03-20 18:17:09,285:INFO: - Found new lowest loss
2018-03-20 18:17:09,286:INFO: Epoch 15/120
2018-03-20 18:17:22,774:INFO: - Train metrics: accuracy: 0.543 ; loss: 2.043
2018-03-20 18:17:23,499:INFO: - Eval metrics : accuracy: 0.128 ; loss: 5.034
2018-03-20 18:17:23,516:INFO: Epoch 16/120
2018-03-20 18:17:36,783:INFO: - Train metrics: accuracy: 0.566 ; loss: 1.982
2018-03-20 18:17:37,479:INFO: - Eval metrics : accuracy: 0.224 ; loss: 3.997
2018-03-20 18:17:37,503:INFO: Epoch 17/120
2018-03-20 18:17:50,886:INFO: - Train metrics: accuracy: 0.582 ; loss: 1.910
2018-03-20 18:17:51,582:INFO: - Eval metrics : accuracy: 0.088 ; loss: 5.642
2018-03-20 18:17:51,601:INFO: Epoch 18/120
2018-03-20 18:18:05,170:INFO: - Train metrics: accuracy: 0.594 ; loss: 1.765
2018-03-20 18:18:05,931:INFO: - Eval metrics : accuracy: 0.476 ; loss: 2.273
2018-03-20 18:18:05,947:INFO: Epoch 19/120
2018-03-20 18:18:19,417:INFO: - Train metrics: accuracy: 0.613 ; loss: 1.721
2018-03-20 18:18:20,203:INFO: - Eval metrics : accuracy: 0.200 ; loss: 4.503
2018-03-20 18:18:20,225:INFO: Epoch 20/120
2018-03-20 18:18:33,666:INFO: - Train metrics: accuracy: 0.586 ; loss: 1.906
2018-03-20 18:18:34,400:INFO: - Eval metrics : accuracy: 0.246 ; loss: 3.774
2018-03-20 18:18:34,416:INFO: Epoch 21/120
2018-03-20 18:18:47,852:INFO: - Train metrics: accuracy: 0.605 ; loss: 1.673
2018-03-20 18:18:48,612:INFO: - Eval metrics : accuracy: 0.283 ; loss: 3.747
2018-03-20 18:18:48,629:INFO: Epoch 22/120
2018-03-20 18:19:02,007:INFO: - Train metrics: accuracy: 0.574 ; loss: 1.741
2018-03-20 18:19:02,746:INFO: - Eval metrics : accuracy: 0.101 ; loss: 5.368
2018-03-20 18:19:02,769:INFO: Epoch 23/120
2018-03-20 18:19:16,080:INFO: - Train metrics: accuracy: 0.605 ; loss: 1.739
2018-03-20 18:19:16,776:INFO: - Eval metrics : accuracy: 0.252 ; loss: 3.812
2018-03-20 18:19:16,792:INFO: Epoch 24/120
2018-03-20 18:19:30,169:INFO: - Train metrics: accuracy: 0.617 ; loss: 1.572
2018-03-20 18:19:30,878:INFO: - Eval metrics : accuracy: 0.167 ; loss: 4.883
2018-03-20 18:19:30,893:INFO: Epoch 25/120
2018-03-20 18:19:44,356:INFO: - Train metrics: accuracy: 0.551 ; loss: 1.853
2018-03-20 18:19:45,089:INFO: - Eval metrics : accuracy: 0.122 ; loss: 5.663
2018-03-20 18:19:45,109:INFO: Epoch 26/120
2018-03-20 18:19:58,511:INFO: - Train metrics: accuracy: 0.586 ; loss: 1.683
2018-03-20 18:19:59,221:INFO: - Eval metrics : accuracy: 0.137 ; loss: 5.708
2018-03-20 18:19:59,237:INFO: Epoch 27/120
2018-03-20 18:20:12,783:INFO: - Train metrics: accuracy: 0.688 ; loss: 1.394
2018-03-20 18:20:13,508:INFO: - Eval metrics : accuracy: 0.281 ; loss: 3.564
2018-03-20 18:20:13,523:INFO: Epoch 28/120
2018-03-20 18:20:26,957:INFO: - Train metrics: accuracy: 0.625 ; loss: 1.579
2018-03-20 18:20:27,683:INFO: - Eval metrics : accuracy: 0.705 ; loss: 1.248
2018-03-20 18:20:27,713:INFO: - Found new lowest loss
2018-03-20 18:20:27,714:INFO: Epoch 29/120
2018-03-20 18:20:41,059:INFO: - Train metrics: accuracy: 0.637 ; loss: 1.477
2018-03-20 18:20:41,759:INFO: - Eval metrics : accuracy: 0.150 ; loss: 5.992
2018-03-20 18:20:41,774:INFO: Epoch 30/120
2018-03-20 18:20:55,289:INFO: - Train metrics: accuracy: 0.672 ; loss: 1.428
2018-03-20 18:20:56,009:INFO: - Eval metrics : accuracy: 0.239 ; loss: 3.881
2018-03-20 18:20:56,025:INFO: Epoch 31/120
2018-03-20 18:21:09,571:INFO: - Train metrics: accuracy: 0.695 ; loss: 1.351
2018-03-20 18:21:10,286:INFO: - Eval metrics : accuracy: 0.249 ; loss: 3.952
2018-03-20 18:21:10,303:INFO: Epoch 32/120
2018-03-20 18:21:23,701:INFO: - Train metrics: accuracy: 0.668 ; loss: 1.434
2018-03-20 18:21:24,407:INFO: - Eval metrics : accuracy: 0.595 ; loss: 1.751
2018-03-20 18:21:24,421:INFO: Epoch 33/120
2018-03-20 18:21:37,940:INFO: - Train metrics: accuracy: 0.656 ; loss: 1.443
2018-03-20 18:21:38,665:INFO: - Eval metrics : accuracy: 0.552 ; loss: 1.952
2018-03-20 18:21:38,681:INFO: Epoch 34/120
2018-03-20 18:21:52,027:INFO: - Train metrics: accuracy: 0.668 ; loss: 1.367
2018-03-20 18:21:52,774:INFO: - Eval metrics : accuracy: 0.177 ; loss: 4.803
2018-03-20 18:21:52,797:INFO: Epoch 35/120
2018-03-20 18:22:06,137:INFO: - Train metrics: accuracy: 0.676 ; loss: 1.313
2018-03-20 18:22:06,843:INFO: - Eval metrics : accuracy: 0.300 ; loss: 3.737
2018-03-20 18:22:06,861:INFO: Epoch 36/120
2018-03-20 18:22:20,312:INFO: - Train metrics: accuracy: 0.688 ; loss: 1.414
2018-03-20 18:22:21,035:INFO: - Eval metrics : accuracy: 0.169 ; loss: 4.650
2018-03-20 18:22:21,061:INFO: Epoch 37/120
2018-03-20 18:22:34,420:INFO: - Train metrics: accuracy: 0.676 ; loss: 1.309
2018-03-20 18:22:35,146:INFO: - Eval metrics : accuracy: 0.474 ; loss: 2.378
2018-03-20 18:22:35,173:INFO: Epoch 38/120
2018-03-20 18:22:48,559:INFO: - Train metrics: accuracy: 0.727 ; loss: 1.277
2018-03-20 18:22:49,306:INFO: - Eval metrics : accuracy: 0.652 ; loss: 1.525
2018-03-20 18:22:49,325:INFO: Epoch 39/120
2018-03-20 18:23:02,718:INFO: - Train metrics: accuracy: 0.684 ; loss: 1.273
2018-03-20 18:23:03,442:INFO: - Eval metrics : accuracy: 0.098 ; loss: 6.216
2018-03-20 18:23:03,457:INFO: Epoch 40/120
2018-03-20 18:23:16,787:INFO: - Train metrics: accuracy: 0.688 ; loss: 1.272
2018-03-20 18:23:17,509:INFO: - Eval metrics : accuracy: 0.696 ; loss: 1.259
2018-03-20 18:23:17,524:INFO: Epoch 41/120
2018-03-20 18:23:30,983:INFO: - Train metrics: accuracy: 0.645 ; loss: 1.431
2018-03-20 18:23:31,692:INFO: - Eval metrics : accuracy: 0.162 ; loss: 4.978
2018-03-20 18:23:31,704:INFO: Epoch 42/120
2018-03-20 18:23:45,251:INFO: - Train metrics: accuracy: 0.641 ; loss: 1.309
2018-03-20 18:23:45,964:INFO: - Eval metrics : accuracy: 0.507 ; loss: 2.121
2018-03-20 18:23:45,979:INFO: Epoch 43/120
2018-03-20 18:23:59,219:INFO: - Train metrics: accuracy: 0.711 ; loss: 1.159
2018-03-20 18:23:59,938:INFO: - Eval metrics : accuracy: 0.208 ; loss: 4.445
2018-03-20 18:23:59,965:INFO: Epoch 44/120
2018-03-20 18:24:13,234:INFO: - Train metrics: accuracy: 0.723 ; loss: 1.169
2018-03-20 18:24:13,960:INFO: - Eval metrics : accuracy: 0.110 ; loss: 6.905
2018-03-20 18:24:13,976:INFO: Epoch 45/120
2018-03-20 18:24:27,544:INFO: - Train metrics: accuracy: 0.691 ; loss: 1.177
2018-03-20 18:24:28,245:INFO: - Eval metrics : accuracy: 0.716 ; loss: 1.161
2018-03-20 18:24:28,272:INFO: - Found new lowest loss
2018-03-20 18:24:28,273:INFO: Epoch 46/120
2018-03-20 18:24:41,477:INFO: - Train metrics: accuracy: 0.723 ; loss: 1.139
2018-03-20 18:24:42,191:INFO: - Eval metrics : accuracy: 0.098 ; loss: 7.800
2018-03-20 18:24:42,206:INFO: Epoch 47/120
2018-03-20 18:24:55,582:INFO: - Train metrics: accuracy: 0.738 ; loss: 1.176
2018-03-20 18:24:56,300:INFO: - Eval metrics : accuracy: 0.561 ; loss: 1.888
2018-03-20 18:24:56,315:INFO: Epoch 48/120
2018-03-20 18:25:09,644:INFO: - Train metrics: accuracy: 0.734 ; loss: 1.149
2018-03-20 18:25:10,377:INFO: - Eval metrics : accuracy: 0.617 ; loss: 1.665
2018-03-20 18:25:10,393:INFO: Epoch 49/120
2018-03-20 18:25:23,774:INFO: - Train metrics: accuracy: 0.746 ; loss: 1.068
2018-03-20 18:25:24,496:INFO: - Eval metrics : accuracy: 0.176 ; loss: 5.009
2018-03-20 18:25:24,512:INFO: Epoch 50/120
2018-03-20 18:25:37,885:INFO: - Train metrics: accuracy: 0.750 ; loss: 1.099
2018-03-20 18:25:38,603:INFO: - Eval metrics : accuracy: 0.478 ; loss: 2.377
2018-03-20 18:25:38,619:INFO: Epoch 51/120
2018-03-20 18:25:52,013:INFO: - Train metrics: accuracy: 0.738 ; loss: 1.080
2018-03-20 18:25:52,741:INFO: - Eval metrics : accuracy: 0.255 ; loss: 4.214
2018-03-20 18:25:52,761:INFO: Epoch 52/120
2018-03-20 18:26:06,122:INFO: - Train metrics: accuracy: 0.738 ; loss: 1.149
2018-03-20 18:26:06,834:INFO: - Eval metrics : accuracy: 0.587 ; loss: 1.735
2018-03-20 18:26:06,853:INFO: Epoch 53/120
2018-03-20 18:26:20,287:INFO: - Train metrics: accuracy: 0.754 ; loss: 1.125
2018-03-20 18:26:21,031:INFO: - Eval metrics : accuracy: 0.678 ; loss: 1.320
2018-03-20 18:26:21,049:INFO: Epoch 54/120
2018-03-20 18:26:34,463:INFO: - Train metrics: accuracy: 0.746 ; loss: 1.108
2018-03-20 18:26:35,196:INFO: - Eval metrics : accuracy: 0.719 ; loss: 1.216
2018-03-20 18:26:35,211:INFO: Epoch 55/120
2018-03-20 18:26:48,466:INFO: - Train metrics: accuracy: 0.723 ; loss: 1.127
2018-03-20 18:26:49,194:INFO: - Eval metrics : accuracy: 0.680 ; loss: 1.344
2018-03-20 18:26:49,221:INFO: Epoch 56/120
2018-03-20 18:27:02,739:INFO: - Train metrics: accuracy: 0.730 ; loss: 1.117
2018-03-20 18:27:03,468:INFO: - Eval metrics : accuracy: 0.572 ; loss: 1.967
2018-03-20 18:27:03,483:INFO: Epoch 57/120
2018-03-20 18:27:16,845:INFO: - Train metrics: accuracy: 0.758 ; loss: 1.054
2018-03-20 18:27:17,534:INFO: - Eval metrics : accuracy: 0.174 ; loss: 4.961
2018-03-20 18:27:17,553:INFO: Epoch 58/120
2018-03-20 18:27:30,977:INFO: - Train metrics: accuracy: 0.742 ; loss: 1.062
2018-03-20 18:27:31,704:INFO: - Eval metrics : accuracy: 0.238 ; loss: 4.313
2018-03-20 18:27:31,736:INFO: Epoch 59/120
2018-03-20 18:27:45,118:INFO: - Train metrics: accuracy: 0.715 ; loss: 1.191
2018-03-20 18:27:45,805:INFO: - Eval metrics : accuracy: 0.748 ; loss: 1.086
2018-03-20 18:27:45,832:INFO: - Found new lowest loss
2018-03-20 18:27:45,833:INFO: Epoch 60/120
2018-03-20 18:27:59,297:INFO: - Train metrics: accuracy: 0.773 ; loss: 0.944
2018-03-20 18:28:00,032:INFO: - Eval metrics : accuracy: 0.562 ; loss: 1.988
2018-03-20 18:28:00,048:INFO: Epoch 61/120
2018-03-20 18:28:13,485:INFO: - Train metrics: accuracy: 0.809 ; loss: 0.935
2018-03-20 18:28:14,214:INFO: - Eval metrics : accuracy: 0.376 ; loss: 3.016
2018-03-20 18:28:14,230:INFO: Epoch 62/120
2018-03-20 18:28:27,730:INFO: - Train metrics: accuracy: 0.762 ; loss: 0.974
2018-03-20 18:28:28,419:INFO: - Eval metrics : accuracy: 0.628 ; loss: 1.557
2018-03-20 18:28:28,437:INFO: Epoch 63/120
2018-03-20 18:28:41,747:INFO: - Train metrics: accuracy: 0.746 ; loss: 1.007
2018-03-20 18:28:42,496:INFO: - Eval metrics : accuracy: 0.750 ; loss: 1.058
2018-03-20 18:28:42,524:INFO: - Found new lowest loss
2018-03-20 18:28:42,524:INFO: Epoch 64/120
2018-03-20 18:28:55,955:INFO: - Train metrics: accuracy: 0.734 ; loss: 1.018
2018-03-20 18:28:56,710:INFO: - Eval metrics : accuracy: 0.556 ; loss: 1.883
2018-03-20 18:28:56,737:INFO: Epoch 65/120
2018-03-20 18:29:10,154:INFO: - Train metrics: accuracy: 0.730 ; loss: 0.986
2018-03-20 18:29:10,858:INFO: - Eval metrics : accuracy: 0.808 ; loss: 0.807
2018-03-20 18:29:10,886:INFO: - Found new lowest loss
2018-03-20 18:29:10,887:INFO: Epoch 66/120
2018-03-20 18:29:24,216:INFO: - Train metrics: accuracy: 0.758 ; loss: 0.957
2018-03-20 18:29:24,963:INFO: - Eval metrics : accuracy: 0.695 ; loss: 1.304
2018-03-20 18:29:24,975:INFO: Epoch 67/120
2018-03-20 18:29:38,308:INFO: - Train metrics: accuracy: 0.738 ; loss: 1.004
2018-03-20 18:29:39,048:INFO: - Eval metrics : accuracy: 0.423 ; loss: 2.637
2018-03-20 18:29:39,068:INFO: Epoch 68/120
2018-03-20 18:29:52,500:INFO: - Train metrics: accuracy: 0.746 ; loss: 0.968
2018-03-20 18:29:53,221:INFO: - Eval metrics : accuracy: 0.697 ; loss: 1.215
2018-03-20 18:29:53,238:INFO: Epoch 69/120
2018-03-20 18:30:06,614:INFO: - Train metrics: accuracy: 0.777 ; loss: 0.910
2018-03-20 18:30:07,379:INFO: - Eval metrics : accuracy: 0.790 ; loss: 0.854
2018-03-20 18:30:07,392:INFO: Epoch 70/120
2018-03-20 18:30:20,900:INFO: - Train metrics: accuracy: 0.773 ; loss: 0.970
2018-03-20 18:30:21,664:INFO: - Eval metrics : accuracy: 0.542 ; loss: 1.978
2018-03-20 18:30:21,693:INFO: Epoch 71/120
2018-03-20 18:30:35,035:INFO: - Train metrics: accuracy: 0.785 ; loss: 0.934
2018-03-20 18:30:35,759:INFO: - Eval metrics : accuracy: 0.586 ; loss: 1.729
2018-03-20 18:30:35,775:INFO: Epoch 72/120
2018-03-20 18:30:49,136:INFO: - Train metrics: accuracy: 0.746 ; loss: 0.947
2018-03-20 18:30:49,891:INFO: - Eval metrics : accuracy: 0.187 ; loss: 5.049
2018-03-20 18:30:49,917:INFO: Epoch 73/120
2018-03-20 18:31:03,458:INFO: - Train metrics: accuracy: 0.727 ; loss: 1.048
2018-03-20 18:31:04,225:INFO: - Eval metrics : accuracy: 0.186 ; loss: 5.396
2018-03-20 18:31:04,245:INFO: Epoch 74/120
2018-03-20 18:31:17,511:INFO: - Train metrics: accuracy: 0.773 ; loss: 0.970
2018-03-20 18:31:18,238:INFO: - Eval metrics : accuracy: 0.185 ; loss: 4.739
2018-03-20 18:31:18,254:INFO: Epoch 75/120
2018-03-20 18:31:31,589:INFO: - Train metrics: accuracy: 0.758 ; loss: 1.044
2018-03-20 18:31:32,298:INFO: - Eval metrics : accuracy: 0.456 ; loss: 2.465
2018-03-20 18:31:32,325:INFO: Epoch 76/120
2018-03-20 18:31:45,627:INFO: - Train metrics: accuracy: 0.789 ; loss: 0.874
2018-03-20 18:31:46,330:INFO: - Eval metrics : accuracy: 0.827 ; loss: 0.714
2018-03-20 18:31:46,364:INFO: - Found new lowest loss
2018-03-20 18:31:46,365:INFO: Epoch 77/120
2018-03-20 18:31:59,790:INFO: - Train metrics: accuracy: 0.816 ; loss: 0.829
2018-03-20 18:32:00,521:INFO: - Eval metrics : accuracy: 0.172 ; loss: 6.035
2018-03-20 18:32:00,545:INFO: Epoch 78/120
2018-03-20 18:32:13,923:INFO: - Train metrics: accuracy: 0.773 ; loss: 0.976
2018-03-20 18:32:14,618:INFO: - Eval metrics : accuracy: 0.439 ; loss: 2.576
2018-03-20 18:32:14,631:INFO: Epoch 79/120
2018-03-20 18:32:28,079:INFO: - Train metrics: accuracy: 0.781 ; loss: 0.925
2018-03-20 18:32:28,792:INFO: - Eval metrics : accuracy: 0.709 ; loss: 1.276
2018-03-20 18:32:28,808:INFO: Epoch 80/120
2018-03-20 18:32:42,054:INFO: - Train metrics: accuracy: 0.785 ; loss: 0.990
2018-03-20 18:32:42,775:INFO: - Eval metrics : accuracy: 0.650 ; loss: 1.565
2018-03-20 18:32:42,793:INFO: Epoch 81/120
2018-03-20 18:32:56,037:INFO: - Train metrics: accuracy: 0.766 ; loss: 0.942
2018-03-20 18:32:56,728:INFO: - Eval metrics : accuracy: 0.341 ; loss: 3.339
2018-03-20 18:32:56,745:INFO: Epoch 82/120
2018-03-20 18:33:10,219:INFO: - Train metrics: accuracy: 0.766 ; loss: 0.990
2018-03-20 18:33:10,943:INFO: - Eval metrics : accuracy: 0.654 ; loss: 1.458
2018-03-20 18:33:10,965:INFO: Epoch 83/120
2018-03-20 18:33:24,366:INFO: - Train metrics: accuracy: 0.824 ; loss: 0.773
2018-03-20 18:33:25,085:INFO: - Eval metrics : accuracy: 0.341 ; loss: 3.569
2018-03-20 18:33:25,101:INFO: Epoch 84/120
2018-03-20 18:33:38,536:INFO: - Train metrics: accuracy: 0.781 ; loss: 0.940
2018-03-20 18:33:39,250:INFO: - Eval metrics : accuracy: 0.077 ; loss: 6.462
2018-03-20 18:33:39,265:INFO: Epoch 85/120
2018-03-20 18:33:52,721:INFO: - Train metrics: accuracy: 0.820 ; loss: 0.781
2018-03-20 18:33:53,450:INFO: - Eval metrics : accuracy: 0.438 ; loss: 2.520
2018-03-20 18:33:53,465:INFO: Epoch 86/120
2018-03-20 18:34:06,850:INFO: - Train metrics: accuracy: 0.758 ; loss: 0.915
2018-03-20 18:34:07,554:INFO: - Eval metrics : accuracy: 0.297 ; loss: 4.581
2018-03-20 18:34:07,569:INFO: Epoch 87/120
2018-03-20 18:34:20,944:INFO: - Train metrics: accuracy: 0.797 ; loss: 0.902
2018-03-20 18:34:21,651:INFO: - Eval metrics : accuracy: 0.258 ; loss: 4.406
2018-03-20 18:34:21,677:INFO: Epoch 88/120
2018-03-20 18:34:35,242:INFO: - Train metrics: accuracy: 0.742 ; loss: 0.966
2018-03-20 18:34:35,955:INFO: - Eval metrics : accuracy: 0.784 ; loss: 0.931
2018-03-20 18:34:35,981:INFO: Epoch 89/120
2018-03-20 18:34:49,265:INFO: - Train metrics: accuracy: 0.801 ; loss: 0.857
2018-03-20 18:34:49,998:INFO: - Eval metrics : accuracy: 0.165 ; loss: 5.813
2018-03-20 18:34:50,021:INFO: Epoch 90/120
2018-03-20 18:35:03,331:INFO: - Train metrics: accuracy: 0.773 ; loss: 0.929
2018-03-20 18:35:04,025:INFO: - Eval metrics : accuracy: 0.626 ; loss: 1.615
2018-03-20 18:35:04,041:INFO: Epoch 91/120
2018-03-20 18:35:17,476:INFO: - Train metrics: accuracy: 0.820 ; loss: 0.774
2018-03-20 18:35:18,184:INFO: - Eval metrics : accuracy: 0.356 ; loss: 3.318
2018-03-20 18:35:18,201:INFO: Epoch 92/120
2018-03-20 18:35:31,531:INFO: - Train metrics: accuracy: 0.801 ; loss: 0.829
2018-03-20 18:35:32,233:INFO: - Eval metrics : accuracy: 0.707 ; loss: 1.195
2018-03-20 18:35:32,253:INFO: Epoch 93/120
2018-03-20 18:35:45,722:INFO: - Train metrics: accuracy: 0.777 ; loss: 0.866
2018-03-20 18:35:46,422:INFO: - Eval metrics : accuracy: 0.329 ; loss: 3.759
2018-03-20 18:35:46,441:INFO: Epoch 94/120
2018-03-20 18:35:59,797:INFO: - Train metrics: accuracy: 0.805 ; loss: 0.818
2018-03-20 18:36:00,508:INFO: - Eval metrics : accuracy: 0.120 ; loss: 7.566
2018-03-20 18:36:00,524:INFO: Epoch 95/120
2018-03-20 18:36:14,015:INFO: - Train metrics: accuracy: 0.812 ; loss: 0.806
2018-03-20 18:36:14,780:INFO: - Eval metrics : accuracy: 0.662 ; loss: 1.496
2018-03-20 18:36:14,797:INFO: Epoch 96/120
2018-03-20 18:36:28,266:INFO: - Train metrics: accuracy: 0.750 ; loss: 0.959
2018-03-20 18:36:28,996:INFO: - Eval metrics : accuracy: 0.854 ; loss: 0.619
2018-03-20 18:36:29,027:INFO: - Found new lowest loss
2018-03-20 18:36:29,027:INFO: Epoch 97/120
2018-03-20 18:36:42,510:INFO: - Train metrics: accuracy: 0.801 ; loss: 0.869
2018-03-20 18:36:43,265:INFO: - Eval metrics : accuracy: 0.578 ; loss: 1.793
2018-03-20 18:36:43,281:INFO: Epoch 98/120
2018-03-20 18:36:56,580:INFO: - Train metrics: accuracy: 0.832 ; loss: 0.731
2018-03-20 18:36:57,334:INFO: - Eval metrics : accuracy: 0.591 ; loss: 1.831
2018-03-20 18:36:57,353:INFO: Epoch 99/120
2018-03-20 18:37:10,708:INFO: - Train metrics: accuracy: 0.809 ; loss: 0.871
2018-03-20 18:37:11,411:INFO: - Eval metrics : accuracy: 0.625 ; loss: 1.625
2018-03-20 18:37:11,426:INFO: Epoch 100/120
2018-03-20 18:37:24,792:INFO: - Train metrics: accuracy: 0.797 ; loss: 0.879
2018-03-20 18:37:25,546:INFO: - Eval metrics : accuracy: 0.575 ; loss: 1.853
2018-03-20 18:37:25,565:INFO: Epoch 101/120
2018-03-20 18:37:38,818:INFO: - Train metrics: accuracy: 0.793 ; loss: 0.898
2018-03-20 18:37:39,569:INFO: - Eval metrics : accuracy: 0.488 ; loss: 2.493
2018-03-20 18:37:39,585:INFO: Epoch 102/120
2018-03-20 18:37:52,855:INFO: - Train metrics: accuracy: 0.805 ; loss: 0.845
2018-03-20 18:37:53,584:INFO: - Eval metrics : accuracy: 0.517 ; loss: 2.271
2018-03-20 18:37:53,599:INFO: Epoch 103/120
2018-03-20 18:38:06,991:INFO: - Train metrics: accuracy: 0.789 ; loss: 0.823
2018-03-20 18:38:07,740:INFO: - Eval metrics : accuracy: 0.318 ; loss: 3.414
2018-03-20 18:38:07,756:INFO: Epoch 104/120
2018-03-20 18:38:21,152:INFO: - Train metrics: accuracy: 0.797 ; loss: 0.757
2018-03-20 18:38:21,912:INFO: - Eval metrics : accuracy: 0.508 ; loss: 2.211
2018-03-20 18:38:21,929:INFO: Epoch 105/120
2018-03-20 18:38:35,393:INFO: - Train metrics: accuracy: 0.793 ; loss: 0.860
2018-03-20 18:38:36,124:INFO: - Eval metrics : accuracy: 0.312 ; loss: 4.032
2018-03-20 18:38:36,139:INFO: Epoch 106/120
2018-03-20 18:38:49,431:INFO: - Train metrics: accuracy: 0.812 ; loss: 0.823
2018-03-20 18:38:50,178:INFO: - Eval metrics : accuracy: 0.682 ; loss: 1.374
2018-03-20 18:38:50,193:INFO: Epoch 107/120
2018-03-20 18:39:03,811:INFO: - Train metrics: accuracy: 0.812 ; loss: 0.810
2018-03-20 18:39:04,559:INFO: - Eval metrics : accuracy: 0.144 ; loss: 5.670
2018-03-20 18:39:04,575:INFO: Epoch 108/120
2018-03-20 18:39:18,098:INFO: - Train metrics: accuracy: 0.770 ; loss: 0.947
2018-03-20 18:39:18,823:INFO: - Eval metrics : accuracy: 0.712 ; loss: 1.220
2018-03-20 18:39:18,838:INFO: Epoch 109/120
2018-03-20 18:39:32,132:INFO: - Train metrics: accuracy: 0.750 ; loss: 0.880
2018-03-20 18:39:32,888:INFO: - Eval metrics : accuracy: 0.210 ; loss: 4.969
2018-03-20 18:39:32,903:INFO: Epoch 110/120
2018-03-20 18:39:46,384:INFO: - Train metrics: accuracy: 0.785 ; loss: 0.908
2018-03-20 18:39:47,113:INFO: - Eval metrics : accuracy: 0.429 ; loss: 2.706
2018-03-20 18:39:47,129:INFO: Epoch 111/120
2018-03-20 18:40:00,692:INFO: - Train metrics: accuracy: 0.805 ; loss: 0.729
2018-03-20 18:40:01,406:INFO: - Eval metrics : accuracy: 0.770 ; loss: 0.968
2018-03-20 18:40:01,422:INFO: Epoch 112/120
2018-03-20 18:40:14,933:INFO: - Train metrics: accuracy: 0.762 ; loss: 0.893
2018-03-20 18:40:15,668:INFO: - Eval metrics : accuracy: 0.226 ; loss: 4.072
2018-03-20 18:40:15,684:INFO: Epoch 113/120
2018-03-20 18:40:29,228:INFO: - Train metrics: accuracy: 0.801 ; loss: 0.814
2018-03-20 18:40:29,969:INFO: - Eval metrics : accuracy: 0.531 ; loss: 2.070
2018-03-20 18:40:29,985:INFO: Epoch 114/120
2018-03-20 18:40:43,427:INFO: - Train metrics: accuracy: 0.797 ; loss: 0.819
2018-03-20 18:40:44,148:INFO: - Eval metrics : accuracy: 0.404 ; loss: 2.854
2018-03-20 18:40:44,164:INFO: Epoch 115/120
2018-03-20 18:40:57,808:INFO: - Train metrics: accuracy: 0.820 ; loss: 0.715
2018-03-20 18:40:58,522:INFO: - Eval metrics : accuracy: 0.345 ; loss: 3.454
2018-03-20 18:40:58,541:INFO: Epoch 116/120
2018-03-20 18:41:12,098:INFO: - Train metrics: accuracy: 0.762 ; loss: 0.955
2018-03-20 18:41:12,821:INFO: - Eval metrics : accuracy: 0.283 ; loss: 3.978
2018-03-20 18:41:12,845:INFO: Epoch 117/120
2018-03-20 18:41:26,384:INFO: - Train metrics: accuracy: 0.836 ; loss: 0.778
2018-03-20 18:41:27,132:INFO: - Eval metrics : accuracy: 0.606 ; loss: 1.726
2018-03-20 18:41:27,147:INFO: Epoch 118/120
2018-03-20 18:41:40,596:INFO: - Train metrics: accuracy: 0.797 ; loss: 0.823
2018-03-20 18:41:41,317:INFO: - Eval metrics : accuracy: 0.370 ; loss: 3.010
2018-03-20 18:41:41,341:INFO: Epoch 119/120
2018-03-20 18:41:54,715:INFO: - Train metrics: accuracy: 0.801 ; loss: 0.809
2018-03-20 18:41:55,428:INFO: - Eval metrics : accuracy: 0.567 ; loss: 1.916
2018-03-20 18:41:55,446:INFO: Epoch 120/120
2018-03-20 18:42:09,084:INFO: - Train metrics: accuracy: 0.824 ; loss: 0.750
2018-03-20 18:42:09,815:INFO: - Eval metrics : accuracy: 0.573 ; loss: 1.847
