2018-03-20 18:42:10,881:INFO: Loading the datasets...
2018-03-20 18:42:10,944:INFO: - done.
2018-03-20 18:42:13,187:INFO: Starting training for 120 epoch(s)
2018-03-20 18:42:13,188:INFO: Epoch 1/120
2018-03-20 18:42:32,653:INFO: - Train metrics: accuracy: 0.022 ; loss: 5.675
2018-03-20 18:42:33,694:INFO: - Eval metrics : accuracy: 0.011 ; loss: 5.889
2018-03-20 18:42:33,710:INFO: - Found new lowest loss
2018-03-20 18:42:33,711:INFO: Epoch 2/120
2018-03-20 18:42:52,493:INFO: - Train metrics: accuracy: 0.089 ; loss: 4.736
2018-03-20 18:42:53,528:INFO: - Eval metrics : accuracy: 0.028 ; loss: 5.852
2018-03-20 18:42:53,555:INFO: - Found new lowest loss
2018-03-20 18:42:53,556:INFO: Epoch 3/120
2018-03-20 18:43:12,328:INFO: - Train metrics: accuracy: 0.179 ; loss: 4.080
2018-03-20 18:43:13,365:INFO: - Eval metrics : accuracy: 0.028 ; loss: 6.403
2018-03-20 18:43:13,380:INFO: Epoch 4/120
2018-03-20 18:43:32,079:INFO: - Train metrics: accuracy: 0.196 ; loss: 3.940
2018-03-20 18:43:33,125:INFO: - Eval metrics : accuracy: 0.025 ; loss: 7.283
2018-03-20 18:43:33,149:INFO: Epoch 5/120
2018-03-20 18:43:52,089:INFO: - Train metrics: accuracy: 0.277 ; loss: 3.639
2018-03-20 18:43:53,107:INFO: - Eval metrics : accuracy: 0.028 ; loss: 7.224
2018-03-20 18:43:53,122:INFO: Epoch 6/120
2018-03-20 18:44:12,028:INFO: - Train metrics: accuracy: 0.312 ; loss: 3.260
2018-03-20 18:44:13,068:INFO: - Eval metrics : accuracy: 0.011 ; loss: 9.398
2018-03-20 18:44:13,083:INFO: Epoch 7/120
2018-03-20 18:44:32,021:INFO: - Train metrics: accuracy: 0.348 ; loss: 3.147
2018-03-20 18:44:33,069:INFO: - Eval metrics : accuracy: 0.014 ; loss: 8.057
2018-03-20 18:44:33,087:INFO: Epoch 8/120
2018-03-20 18:44:52,024:INFO: - Train metrics: accuracy: 0.397 ; loss: 2.892
2018-03-20 18:44:53,066:INFO: - Eval metrics : accuracy: 0.184 ; loss: 4.416
2018-03-20 18:44:53,093:INFO: - Found new lowest loss
2018-03-20 18:44:53,094:INFO: Epoch 9/120
2018-03-20 18:45:12,105:INFO: - Train metrics: accuracy: 0.375 ; loss: 2.789
2018-03-20 18:45:13,158:INFO: - Eval metrics : accuracy: 0.117 ; loss: 5.038
2018-03-20 18:45:13,186:INFO: Epoch 10/120
2018-03-20 18:45:32,212:INFO: - Train metrics: accuracy: 0.375 ; loss: 2.863
2018-03-20 18:45:33,241:INFO: - Eval metrics : accuracy: 0.217 ; loss: 3.911
2018-03-20 18:45:33,269:INFO: - Found new lowest loss
2018-03-20 18:45:33,270:INFO: Epoch 11/120
2018-03-20 18:45:52,149:INFO: - Train metrics: accuracy: 0.388 ; loss: 2.688
2018-03-20 18:45:53,169:INFO: - Eval metrics : accuracy: 0.187 ; loss: 4.307
2018-03-20 18:45:53,185:INFO: Epoch 12/120
2018-03-20 18:46:11,944:INFO: - Train metrics: accuracy: 0.482 ; loss: 2.329
2018-03-20 18:46:12,979:INFO: - Eval metrics : accuracy: 0.188 ; loss: 4.275
2018-03-20 18:46:12,995:INFO: Epoch 13/120
2018-03-20 18:46:32,351:INFO: - Train metrics: accuracy: 0.482 ; loss: 2.365
2018-03-20 18:46:33,385:INFO: - Eval metrics : accuracy: 0.027 ; loss: 8.590
2018-03-20 18:46:33,401:INFO: Epoch 14/120
2018-03-20 18:46:52,234:INFO: - Train metrics: accuracy: 0.464 ; loss: 2.323
2018-03-20 18:46:53,248:INFO: - Eval metrics : accuracy: 0.016 ; loss: 8.150
2018-03-20 18:46:53,263:INFO: Epoch 15/120
2018-03-20 18:47:12,427:INFO: - Train metrics: accuracy: 0.482 ; loss: 2.236
2018-03-20 18:47:13,458:INFO: - Eval metrics : accuracy: 0.258 ; loss: 3.684
2018-03-20 18:47:13,487:INFO: - Found new lowest loss
2018-03-20 18:47:13,488:INFO: Epoch 16/120
2018-03-20 18:47:32,274:INFO: - Train metrics: accuracy: 0.509 ; loss: 2.137
2018-03-20 18:47:33,344:INFO: - Eval metrics : accuracy: 0.501 ; loss: 2.298
2018-03-20 18:47:33,368:INFO: - Found new lowest loss
2018-03-20 18:47:33,369:INFO: Epoch 17/120
2018-03-20 18:47:52,234:INFO: - Train metrics: accuracy: 0.487 ; loss: 2.131
2018-03-20 18:47:53,236:INFO: - Eval metrics : accuracy: 0.371 ; loss: 2.946
2018-03-20 18:47:53,261:INFO: Epoch 18/120
2018-03-20 18:48:12,332:INFO: - Train metrics: accuracy: 0.531 ; loss: 2.080
2018-03-20 18:48:13,366:INFO: - Eval metrics : accuracy: 0.506 ; loss: 2.163
2018-03-20 18:48:13,392:INFO: - Found new lowest loss
2018-03-20 18:48:13,392:INFO: Epoch 19/120
2018-03-20 18:48:32,343:INFO: - Train metrics: accuracy: 0.518 ; loss: 2.152
2018-03-20 18:48:33,383:INFO: - Eval metrics : accuracy: 0.067 ; loss: 6.586
2018-03-20 18:48:33,409:INFO: Epoch 20/120
2018-03-20 18:48:52,403:INFO: - Train metrics: accuracy: 0.482 ; loss: 2.299
2018-03-20 18:48:53,427:INFO: - Eval metrics : accuracy: 0.295 ; loss: 3.467
2018-03-20 18:48:53,443:INFO: Epoch 21/120
2018-03-20 18:49:12,219:INFO: - Train metrics: accuracy: 0.549 ; loss: 2.022
2018-03-20 18:49:13,262:INFO: - Eval metrics : accuracy: 0.325 ; loss: 3.317
2018-03-20 18:49:13,282:INFO: Epoch 22/120
2018-03-20 18:49:31,969:INFO: - Train metrics: accuracy: 0.513 ; loss: 1.930
2018-03-20 18:49:33,002:INFO: - Eval metrics : accuracy: 0.481 ; loss: 2.372
2018-03-20 18:49:33,018:INFO: Epoch 23/120
2018-03-20 18:49:51,898:INFO: - Train metrics: accuracy: 0.612 ; loss: 1.789
2018-03-20 18:49:52,961:INFO: - Eval metrics : accuracy: 0.464 ; loss: 2.467
2018-03-20 18:49:52,973:INFO: Epoch 24/120
2018-03-20 18:50:11,834:INFO: - Train metrics: accuracy: 0.580 ; loss: 1.772
2018-03-20 18:50:12,871:INFO: - Eval metrics : accuracy: 0.310 ; loss: 3.356
2018-03-20 18:50:12,888:INFO: Epoch 25/120
2018-03-20 18:50:31,875:INFO: - Train metrics: accuracy: 0.513 ; loss: 2.027
2018-03-20 18:50:32,913:INFO: - Eval metrics : accuracy: 0.578 ; loss: 1.884
2018-03-20 18:50:32,941:INFO: - Found new lowest loss
2018-03-20 18:50:32,943:INFO: Epoch 26/120
2018-03-20 18:50:51,664:INFO: - Train metrics: accuracy: 0.522 ; loss: 1.895
2018-03-20 18:50:52,713:INFO: - Eval metrics : accuracy: 0.624 ; loss: 1.676
2018-03-20 18:50:52,738:INFO: - Found new lowest loss
2018-03-20 18:50:52,739:INFO: Epoch 27/120
2018-03-20 18:51:11,839:INFO: - Train metrics: accuracy: 0.621 ; loss: 1.687
2018-03-20 18:51:12,866:INFO: - Eval metrics : accuracy: 0.276 ; loss: 3.503
2018-03-20 18:51:12,881:INFO: Epoch 28/120
2018-03-20 18:51:31,627:INFO: - Train metrics: accuracy: 0.536 ; loss: 2.077
2018-03-20 18:51:32,653:INFO: - Eval metrics : accuracy: 0.099 ; loss: 5.742
2018-03-20 18:51:32,665:INFO: Epoch 29/120
2018-03-20 18:51:51,475:INFO: - Train metrics: accuracy: 0.580 ; loss: 1.858
2018-03-20 18:51:52,494:INFO: - Eval metrics : accuracy: 0.065 ; loss: 7.204
2018-03-20 18:51:52,508:INFO: Epoch 30/120
2018-03-20 18:52:11,533:INFO: - Train metrics: accuracy: 0.621 ; loss: 1.565
2018-03-20 18:52:12,622:INFO: - Eval metrics : accuracy: 0.380 ; loss: 2.952
2018-03-20 18:52:12,639:INFO: Epoch 31/120
2018-03-20 18:52:31,265:INFO: - Train metrics: accuracy: 0.585 ; loss: 1.676
2018-03-20 18:52:32,317:INFO: - Eval metrics : accuracy: 0.663 ; loss: 1.405
2018-03-20 18:52:32,349:INFO: - Found new lowest loss
2018-03-20 18:52:32,350:INFO: Epoch 32/120
2018-03-20 18:52:51,170:INFO: - Train metrics: accuracy: 0.598 ; loss: 1.668
2018-03-20 18:52:52,246:INFO: - Eval metrics : accuracy: 0.473 ; loss: 2.444
2018-03-20 18:52:52,262:INFO: Epoch 33/120
2018-03-20 18:53:11,077:INFO: - Train metrics: accuracy: 0.598 ; loss: 1.754
2018-03-20 18:53:12,131:INFO: - Eval metrics : accuracy: 0.505 ; loss: 2.152
2018-03-20 18:53:12,150:INFO: Epoch 34/120
2018-03-20 18:53:31,121:INFO: - Train metrics: accuracy: 0.679 ; loss: 1.464
2018-03-20 18:53:32,138:INFO: - Eval metrics : accuracy: 0.539 ; loss: 2.069
2018-03-20 18:53:32,153:INFO: Epoch 35/120
2018-03-20 18:53:51,059:INFO: - Train metrics: accuracy: 0.612 ; loss: 1.630
2018-03-20 18:53:52,148:INFO: - Eval metrics : accuracy: 0.071 ; loss: 6.638
2018-03-20 18:53:52,163:INFO: Epoch 36/120
2018-03-20 18:54:10,981:INFO: - Train metrics: accuracy: 0.580 ; loss: 1.704
2018-03-20 18:54:12,011:INFO: - Eval metrics : accuracy: 0.392 ; loss: 2.864
2018-03-20 18:54:12,027:INFO: Epoch 37/120
2018-03-20 18:54:30,839:INFO: - Train metrics: accuracy: 0.638 ; loss: 1.649
2018-03-20 18:54:31,879:INFO: - Eval metrics : accuracy: 0.655 ; loss: 1.490
2018-03-20 18:54:31,895:INFO: Epoch 38/120
2018-03-20 18:54:50,698:INFO: - Train metrics: accuracy: 0.674 ; loss: 1.438
2018-03-20 18:54:51,728:INFO: - Eval metrics : accuracy: 0.233 ; loss: 4.474
2018-03-20 18:54:51,744:INFO: Epoch 39/120
2018-03-20 18:55:10,485:INFO: - Train metrics: accuracy: 0.585 ; loss: 1.518
2018-03-20 18:55:11,520:INFO: - Eval metrics : accuracy: 0.278 ; loss: 3.580
2018-03-20 18:55:11,538:INFO: Epoch 40/120
2018-03-20 18:55:30,394:INFO: - Train metrics: accuracy: 0.603 ; loss: 1.668
2018-03-20 18:55:31,438:INFO: - Eval metrics : accuracy: 0.207 ; loss: 4.419
2018-03-20 18:55:31,453:INFO: Epoch 41/120
2018-03-20 18:55:50,429:INFO: - Train metrics: accuracy: 0.656 ; loss: 1.485
2018-03-20 18:55:51,496:INFO: - Eval metrics : accuracy: 0.538 ; loss: 1.974
2018-03-20 18:55:51,511:INFO: Epoch 42/120
2018-03-20 18:56:10,279:INFO: - Train metrics: accuracy: 0.679 ; loss: 1.532
2018-03-20 18:56:11,314:INFO: - Eval metrics : accuracy: 0.274 ; loss: 4.233
2018-03-20 18:56:11,333:INFO: Epoch 43/120
2018-03-20 18:56:30,176:INFO: - Train metrics: accuracy: 0.638 ; loss: 1.602
2018-03-20 18:56:31,223:INFO: - Eval metrics : accuracy: 0.262 ; loss: 3.681
2018-03-20 18:56:31,238:INFO: Epoch 44/120
2018-03-20 18:56:49,937:INFO: - Train metrics: accuracy: 0.585 ; loss: 1.673
2018-03-20 18:56:50,964:INFO: - Eval metrics : accuracy: 0.653 ; loss: 1.524
2018-03-20 18:56:50,979:INFO: Epoch 45/120
2018-03-20 18:57:10,042:INFO: - Train metrics: accuracy: 0.621 ; loss: 1.619
2018-03-20 18:57:11,110:INFO: - Eval metrics : accuracy: 0.157 ; loss: 4.758
2018-03-20 18:57:11,137:INFO: Epoch 46/120
2018-03-20 18:57:30,339:INFO: - Train metrics: accuracy: 0.647 ; loss: 1.618
2018-03-20 18:57:31,410:INFO: - Eval metrics : accuracy: 0.545 ; loss: 2.012
2018-03-20 18:57:31,433:INFO: Epoch 47/120
2018-03-20 18:57:50,475:INFO: - Train metrics: accuracy: 0.647 ; loss: 1.644
2018-03-20 18:57:51,529:INFO: - Eval metrics : accuracy: 0.582 ; loss: 1.876
2018-03-20 18:57:51,545:INFO: Epoch 48/120
2018-03-20 18:58:10,417:INFO: - Train metrics: accuracy: 0.656 ; loss: 1.455
2018-03-20 18:58:11,468:INFO: - Eval metrics : accuracy: 0.080 ; loss: 6.530
2018-03-20 18:58:11,484:INFO: Epoch 49/120
2018-03-20 18:58:30,300:INFO: - Train metrics: accuracy: 0.674 ; loss: 1.488
2018-03-20 18:58:31,326:INFO: - Eval metrics : accuracy: 0.586 ; loss: 1.843
2018-03-20 18:58:31,349:INFO: Epoch 50/120
2018-03-20 18:58:50,093:INFO: - Train metrics: accuracy: 0.634 ; loss: 1.479
2018-03-20 18:58:51,106:INFO: - Eval metrics : accuracy: 0.421 ; loss: 2.687
2018-03-20 18:58:51,122:INFO: Epoch 51/120
2018-03-20 18:59:09,793:INFO: - Train metrics: accuracy: 0.643 ; loss: 1.442
2018-03-20 18:59:10,845:INFO: - Eval metrics : accuracy: 0.602 ; loss: 1.795
2018-03-20 18:59:10,861:INFO: Epoch 52/120
2018-03-20 18:59:29,798:INFO: - Train metrics: accuracy: 0.688 ; loss: 1.376
2018-03-20 18:59:30,848:INFO: - Eval metrics : accuracy: 0.193 ; loss: 4.975
2018-03-20 18:59:30,864:INFO: Epoch 53/120
2018-03-20 18:59:49,811:INFO: - Train metrics: accuracy: 0.607 ; loss: 1.600
2018-03-20 18:59:50,852:INFO: - Eval metrics : accuracy: 0.165 ; loss: 5.137
2018-03-20 18:59:50,868:INFO: Epoch 54/120
2018-03-20 19:00:09,811:INFO: - Train metrics: accuracy: 0.661 ; loss: 1.346
2018-03-20 19:00:10,869:INFO: - Eval metrics : accuracy: 0.279 ; loss: 3.584
2018-03-20 19:00:10,885:INFO: Epoch 55/120
2018-03-20 19:00:29,818:INFO: - Train metrics: accuracy: 0.625 ; loss: 1.519
2018-03-20 19:00:30,833:INFO: - Eval metrics : accuracy: 0.247 ; loss: 4.120
2018-03-20 19:00:30,847:INFO: Epoch 56/120
2018-03-20 19:00:49,479:INFO: - Train metrics: accuracy: 0.643 ; loss: 1.477
2018-03-20 19:00:50,492:INFO: - Eval metrics : accuracy: 0.093 ; loss: 5.579
2018-03-20 19:00:50,509:INFO: Epoch 57/120
2018-03-20 19:01:09,449:INFO: - Train metrics: accuracy: 0.634 ; loss: 1.415
2018-03-20 19:01:10,491:INFO: - Eval metrics : accuracy: 0.808 ; loss: 0.797
2018-03-20 19:01:10,522:INFO: - Found new lowest loss
2018-03-20 19:01:10,536:INFO: Epoch 58/120
2018-03-20 19:01:29,112:INFO: - Train metrics: accuracy: 0.661 ; loss: 1.359
2018-03-20 19:01:30,152:INFO: - Eval metrics : accuracy: 0.332 ; loss: 3.208
2018-03-20 19:01:30,168:INFO: Epoch 59/120
2018-03-20 19:01:49,074:INFO: - Train metrics: accuracy: 0.629 ; loss: 1.459
2018-03-20 19:01:50,102:INFO: - Eval metrics : accuracy: 0.261 ; loss: 4.009
2018-03-20 19:01:50,117:INFO: Epoch 60/120
2018-03-20 19:02:09,021:INFO: - Train metrics: accuracy: 0.732 ; loss: 1.190
2018-03-20 19:02:10,063:INFO: - Eval metrics : accuracy: 0.435 ; loss: 2.600
2018-03-20 19:02:10,080:INFO: Epoch 61/120
2018-03-20 19:02:28,957:INFO: - Train metrics: accuracy: 0.732 ; loss: 1.225
2018-03-20 19:02:30,007:INFO: - Eval metrics : accuracy: 0.752 ; loss: 1.019
2018-03-20 19:02:30,024:INFO: Epoch 62/120
2018-03-20 19:02:48,910:INFO: - Train metrics: accuracy: 0.647 ; loss: 1.330
2018-03-20 19:02:49,949:INFO: - Eval metrics : accuracy: 0.412 ; loss: 2.750
2018-03-20 19:02:49,964:INFO: Epoch 63/120
2018-03-20 19:03:08,675:INFO: - Train metrics: accuracy: 0.741 ; loss: 1.330
2018-03-20 19:03:09,680:INFO: - Eval metrics : accuracy: 0.446 ; loss: 2.554
2018-03-20 19:03:09,695:INFO: Epoch 64/120
2018-03-20 19:03:28,536:INFO: - Train metrics: accuracy: 0.679 ; loss: 1.437
2018-03-20 19:03:29,603:INFO: - Eval metrics : accuracy: 0.619 ; loss: 1.587
2018-03-20 19:03:29,619:INFO: Epoch 65/120
2018-03-20 19:03:48,715:INFO: - Train metrics: accuracy: 0.701 ; loss: 1.274
2018-03-20 19:03:49,720:INFO: - Eval metrics : accuracy: 0.398 ; loss: 2.852
2018-03-20 19:03:49,732:INFO: Epoch 66/120
2018-03-20 19:04:08,577:INFO: - Train metrics: accuracy: 0.670 ; loss: 1.332
2018-03-20 19:04:09,609:INFO: - Eval metrics : accuracy: 0.714 ; loss: 1.176
2018-03-20 19:04:09,626:INFO: Epoch 67/120
2018-03-20 19:04:28,426:INFO: - Train metrics: accuracy: 0.692 ; loss: 1.317
2018-03-20 19:04:29,455:INFO: - Eval metrics : accuracy: 0.509 ; loss: 2.198
2018-03-20 19:04:29,467:INFO: Epoch 68/120
2018-03-20 19:04:48,472:INFO: - Train metrics: accuracy: 0.647 ; loss: 1.358
2018-03-20 19:04:49,502:INFO: - Eval metrics : accuracy: 0.421 ; loss: 2.746
2018-03-20 19:04:49,517:INFO: Epoch 69/120
2018-03-20 19:05:08,467:INFO: - Train metrics: accuracy: 0.674 ; loss: 1.388
2018-03-20 19:05:09,488:INFO: - Eval metrics : accuracy: 0.403 ; loss: 2.815
2018-03-20 19:05:09,503:INFO: Epoch 70/120
2018-03-20 19:05:28,316:INFO: - Train metrics: accuracy: 0.661 ; loss: 1.349
2018-03-20 19:05:29,349:INFO: - Eval metrics : accuracy: 0.527 ; loss: 2.140
2018-03-20 19:05:29,364:INFO: Epoch 71/120
2018-03-20 19:05:48,159:INFO: - Train metrics: accuracy: 0.719 ; loss: 1.175
2018-03-20 19:05:49,207:INFO: - Eval metrics : accuracy: 0.272 ; loss: 3.968
2018-03-20 19:05:49,229:INFO: Epoch 72/120
2018-03-20 19:06:07,948:INFO: - Train metrics: accuracy: 0.723 ; loss: 1.190
2018-03-20 19:06:08,999:INFO: - Eval metrics : accuracy: 0.425 ; loss: 2.654
2018-03-20 19:06:09,017:INFO: Epoch 73/120
2018-03-20 19:06:27,965:INFO: - Train metrics: accuracy: 0.683 ; loss: 1.292
2018-03-20 19:06:28,982:INFO: - Eval metrics : accuracy: 0.251 ; loss: 3.895
2018-03-20 19:06:29,001:INFO: Epoch 74/120
2018-03-20 19:06:47,900:INFO: - Train metrics: accuracy: 0.670 ; loss: 1.400
2018-03-20 19:06:48,924:INFO: - Eval metrics : accuracy: 0.159 ; loss: 4.654
2018-03-20 19:06:48,939:INFO: Epoch 75/120
2018-03-20 19:07:07,586:INFO: - Train metrics: accuracy: 0.665 ; loss: 1.311
2018-03-20 19:07:08,624:INFO: - Eval metrics : accuracy: 0.265 ; loss: 3.716
2018-03-20 19:07:08,640:INFO: Epoch 76/120
2018-03-20 19:07:27,547:INFO: - Train metrics: accuracy: 0.674 ; loss: 1.287
2018-03-20 19:07:28,576:INFO: - Eval metrics : accuracy: 0.520 ; loss: 2.240
2018-03-20 19:07:28,592:INFO: Epoch 77/120
2018-03-20 19:07:47,299:INFO: - Train metrics: accuracy: 0.670 ; loss: 1.419
2018-03-20 19:07:48,330:INFO: - Eval metrics : accuracy: 0.348 ; loss: 3.371
2018-03-20 19:07:48,357:INFO: Epoch 78/120
2018-03-20 19:08:07,396:INFO: - Train metrics: accuracy: 0.683 ; loss: 1.406
2018-03-20 19:08:08,449:INFO: - Eval metrics : accuracy: 0.462 ; loss: 2.426
2018-03-20 19:08:08,473:INFO: Epoch 79/120
2018-03-20 19:08:27,404:INFO: - Train metrics: accuracy: 0.719 ; loss: 1.208
2018-03-20 19:08:28,460:INFO: - Eval metrics : accuracy: 0.712 ; loss: 1.180
2018-03-20 19:08:28,477:INFO: Epoch 80/120
2018-03-20 19:08:47,324:INFO: - Train metrics: accuracy: 0.732 ; loss: 1.209
2018-03-20 19:08:48,367:INFO: - Eval metrics : accuracy: 0.674 ; loss: 1.379
2018-03-20 19:08:48,385:INFO: Epoch 81/120
2018-03-20 19:09:07,104:INFO: - Train metrics: accuracy: 0.665 ; loss: 1.359
2018-03-20 19:09:08,171:INFO: - Eval metrics : accuracy: 0.409 ; loss: 2.877
2018-03-20 19:09:08,187:INFO: Epoch 82/120
2018-03-20 19:09:27,385:INFO: - Train metrics: accuracy: 0.652 ; loss: 1.416
2018-03-20 19:09:28,437:INFO: - Eval metrics : accuracy: 0.216 ; loss: 4.205
2018-03-20 19:09:28,453:INFO: Epoch 83/120
2018-03-20 19:09:47,395:INFO: - Train metrics: accuracy: 0.683 ; loss: 1.227
2018-03-20 19:09:48,434:INFO: - Eval metrics : accuracy: 0.560 ; loss: 1.911
2018-03-20 19:09:48,450:INFO: Epoch 84/120
2018-03-20 19:10:07,420:INFO: - Train metrics: accuracy: 0.768 ; loss: 1.077
2018-03-20 19:10:08,509:INFO: - Eval metrics : accuracy: 0.352 ; loss: 3.362
2018-03-20 19:10:08,524:INFO: Epoch 85/120
2018-03-20 19:10:27,420:INFO: - Train metrics: accuracy: 0.746 ; loss: 1.027
2018-03-20 19:10:28,452:INFO: - Eval metrics : accuracy: 0.536 ; loss: 2.052
2018-03-20 19:10:28,468:INFO: Epoch 86/120
2018-03-20 19:10:47,325:INFO: - Train metrics: accuracy: 0.652 ; loss: 1.455
2018-03-20 19:10:48,388:INFO: - Eval metrics : accuracy: 0.760 ; loss: 1.031
2018-03-20 19:10:48,400:INFO: Epoch 87/120
2018-03-20 19:11:07,081:INFO: - Train metrics: accuracy: 0.710 ; loss: 1.257
2018-03-20 19:11:08,143:INFO: - Eval metrics : accuracy: 0.329 ; loss: 3.206
2018-03-20 19:11:08,160:INFO: Epoch 88/120
2018-03-20 19:11:27,098:INFO: - Train metrics: accuracy: 0.728 ; loss: 1.221
2018-03-20 19:11:28,129:INFO: - Eval metrics : accuracy: 0.367 ; loss: 3.173
2018-03-20 19:11:28,144:INFO: Epoch 89/120
2018-03-20 19:11:46,874:INFO: - Train metrics: accuracy: 0.714 ; loss: 1.221
2018-03-20 19:11:47,902:INFO: - Eval metrics : accuracy: 0.736 ; loss: 1.166
2018-03-20 19:11:47,929:INFO: Epoch 90/120
2018-03-20 19:12:06,766:INFO: - Train metrics: accuracy: 0.710 ; loss: 1.218
2018-03-20 19:12:07,811:INFO: - Eval metrics : accuracy: 0.520 ; loss: 2.160
2018-03-20 19:12:07,837:INFO: Epoch 91/120
2018-03-20 19:12:26,512:INFO: - Train metrics: accuracy: 0.688 ; loss: 1.358
2018-03-20 19:12:27,541:INFO: - Eval metrics : accuracy: 0.554 ; loss: 1.949
2018-03-20 19:12:27,557:INFO: Epoch 92/120
2018-03-20 19:12:46,468:INFO: - Train metrics: accuracy: 0.705 ; loss: 1.201
2018-03-20 19:12:47,490:INFO: - Eval metrics : accuracy: 0.406 ; loss: 2.763
2018-03-20 19:12:47,506:INFO: Epoch 93/120
2018-03-20 19:13:06,330:INFO: - Train metrics: accuracy: 0.719 ; loss: 1.150
2018-03-20 19:13:07,375:INFO: - Eval metrics : accuracy: 0.120 ; loss: 6.708
2018-03-20 19:13:07,387:INFO: Epoch 94/120
2018-03-20 19:13:26,261:INFO: - Train metrics: accuracy: 0.665 ; loss: 1.336
2018-03-20 19:13:27,273:INFO: - Eval metrics : accuracy: 0.435 ; loss: 2.542
2018-03-20 19:13:27,288:INFO: Epoch 95/120
2018-03-20 19:13:46,059:INFO: - Train metrics: accuracy: 0.732 ; loss: 1.141
2018-03-20 19:13:47,124:INFO: - Eval metrics : accuracy: 0.773 ; loss: 1.002
2018-03-20 19:13:47,157:INFO: Epoch 96/120
2018-03-20 19:14:05,906:INFO: - Train metrics: accuracy: 0.683 ; loss: 1.266
2018-03-20 19:14:06,945:INFO: - Eval metrics : accuracy: 0.409 ; loss: 2.996
2018-03-20 19:14:06,962:INFO: Epoch 97/120
2018-03-20 19:14:25,802:INFO: - Train metrics: accuracy: 0.728 ; loss: 1.199
2018-03-20 19:14:26,823:INFO: - Eval metrics : accuracy: 0.593 ; loss: 1.764
2018-03-20 19:14:26,839:INFO: Epoch 98/120
2018-03-20 19:14:45,813:INFO: - Train metrics: accuracy: 0.710 ; loss: 1.161
2018-03-20 19:14:46,901:INFO: - Eval metrics : accuracy: 0.665 ; loss: 1.356
2018-03-20 19:14:46,921:INFO: Epoch 99/120
2018-03-20 19:15:05,604:INFO: - Train metrics: accuracy: 0.701 ; loss: 1.199
2018-03-20 19:15:06,634:INFO: - Eval metrics : accuracy: 0.712 ; loss: 1.247
2018-03-20 19:15:06,650:INFO: Epoch 100/120
2018-03-20 19:15:25,347:INFO: - Train metrics: accuracy: 0.723 ; loss: 1.146
2018-03-20 19:15:26,368:INFO: - Eval metrics : accuracy: 0.426 ; loss: 2.667
2018-03-20 19:15:26,384:INFO: Epoch 101/120
2018-03-20 19:15:45,172:INFO: - Train metrics: accuracy: 0.741 ; loss: 1.118
2018-03-20 19:15:46,187:INFO: - Eval metrics : accuracy: 0.229 ; loss: 4.404
2018-03-20 19:15:46,204:INFO: Epoch 102/120
2018-03-20 19:16:05,290:INFO: - Train metrics: accuracy: 0.777 ; loss: 1.049
2018-03-20 19:16:06,319:INFO: - Eval metrics : accuracy: 0.132 ; loss: 5.291
2018-03-20 19:16:06,334:INFO: Epoch 103/120
2018-03-20 19:16:25,154:INFO: - Train metrics: accuracy: 0.688 ; loss: 1.318
2018-03-20 19:16:26,199:INFO: - Eval metrics : accuracy: 0.610 ; loss: 1.702
2018-03-20 19:16:26,225:INFO: Epoch 104/120
2018-03-20 19:16:45,237:INFO: - Train metrics: accuracy: 0.696 ; loss: 1.406
2018-03-20 19:16:46,282:INFO: - Eval metrics : accuracy: 0.104 ; loss: 7.717
2018-03-20 19:16:46,300:INFO: Epoch 105/120
2018-03-20 19:17:05,261:INFO: - Train metrics: accuracy: 0.723 ; loss: 1.118
2018-03-20 19:17:06,312:INFO: - Eval metrics : accuracy: 0.652 ; loss: 1.543
2018-03-20 19:17:06,327:INFO: Epoch 106/120
2018-03-20 19:17:25,020:INFO: - Train metrics: accuracy: 0.723 ; loss: 1.163
2018-03-20 19:17:26,075:INFO: - Eval metrics : accuracy: 0.233 ; loss: 4.295
2018-03-20 19:17:26,090:INFO: Epoch 107/120
2018-03-20 19:17:44,990:INFO: - Train metrics: accuracy: 0.696 ; loss: 1.277
2018-03-20 19:17:46,056:INFO: - Eval metrics : accuracy: 0.098 ; loss: 6.049
2018-03-20 19:17:46,071:INFO: Epoch 108/120
2018-03-20 19:18:04,818:INFO: - Train metrics: accuracy: 0.710 ; loss: 1.197
2018-03-20 19:18:05,921:INFO: - Eval metrics : accuracy: 0.369 ; loss: 3.190
2018-03-20 19:18:05,934:INFO: Epoch 109/120
2018-03-20 19:18:24,914:INFO: - Train metrics: accuracy: 0.723 ; loss: 1.188
2018-03-20 19:18:25,924:INFO: - Eval metrics : accuracy: 0.268 ; loss: 3.744
2018-03-20 19:18:25,939:INFO: Epoch 110/120
2018-03-20 19:18:44,738:INFO: - Train metrics: accuracy: 0.795 ; loss: 0.879
2018-03-20 19:18:45,824:INFO: - Eval metrics : accuracy: 0.551 ; loss: 1.967
2018-03-20 19:18:45,840:INFO: Epoch 111/120
2018-03-20 19:19:04,878:INFO: - Train metrics: accuracy: 0.705 ; loss: 1.170
2018-03-20 19:19:05,936:INFO: - Eval metrics : accuracy: 0.642 ; loss: 1.469
2018-03-20 19:19:05,952:INFO: Epoch 112/120
2018-03-20 19:19:24,678:INFO: - Train metrics: accuracy: 0.674 ; loss: 1.294
2018-03-20 19:19:25,702:INFO: - Eval metrics : accuracy: 0.297 ; loss: 3.837
2018-03-20 19:19:25,718:INFO: Epoch 113/120
2018-03-20 19:19:44,605:INFO: - Train metrics: accuracy: 0.750 ; loss: 1.058
2018-03-20 19:19:45,630:INFO: - Eval metrics : accuracy: 0.553 ; loss: 1.931
2018-03-20 19:19:45,657:INFO: Epoch 114/120
2018-03-20 19:20:04,315:INFO: - Train metrics: accuracy: 0.741 ; loss: 1.030
2018-03-20 19:20:05,377:INFO: - Eval metrics : accuracy: 0.612 ; loss: 1.710
2018-03-20 19:20:05,393:INFO: Epoch 115/120
2018-03-20 19:20:24,144:INFO: - Train metrics: accuracy: 0.741 ; loss: 1.173
2018-03-20 19:20:25,223:INFO: - Eval metrics : accuracy: 0.759 ; loss: 1.056
2018-03-20 19:20:25,240:INFO: Epoch 116/120
2018-03-20 19:20:44,092:INFO: - Train metrics: accuracy: 0.714 ; loss: 1.136
2018-03-20 19:20:45,130:INFO: - Eval metrics : accuracy: 0.569 ; loss: 1.857
2018-03-20 19:20:45,145:INFO: Epoch 117/120
2018-03-20 19:21:03,924:INFO: - Train metrics: accuracy: 0.754 ; loss: 1.070
2018-03-20 19:21:04,963:INFO: - Eval metrics : accuracy: 0.608 ; loss: 1.706
2018-03-20 19:21:04,979:INFO: Epoch 118/120
2018-03-20 19:21:23,842:INFO: - Train metrics: accuracy: 0.723 ; loss: 1.110
2018-03-20 19:21:24,894:INFO: - Eval metrics : accuracy: 0.665 ; loss: 1.423
2018-03-20 19:21:24,913:INFO: Epoch 119/120
2018-03-20 19:21:43,699:INFO: - Train metrics: accuracy: 0.759 ; loss: 0.974
2018-03-20 19:21:44,744:INFO: - Eval metrics : accuracy: 0.750 ; loss: 1.040
2018-03-20 19:21:44,759:INFO: Epoch 120/120
2018-03-20 19:22:03,582:INFO: - Train metrics: accuracy: 0.723 ; loss: 1.291
2018-03-20 19:22:04,624:INFO: - Eval metrics : accuracy: 0.449 ; loss: 2.675
