2018-03-21 20:14:57,711:INFO: Loading the datasets...
2018-03-21 20:14:57,763:INFO: - done.
2018-03-21 20:15:00,006:INFO: Starting training for 100 epoch(s)
2018-03-21 20:15:00,006:INFO: Epoch 1/100
2018-03-21 20:15:29,293:INFO: - Train metrics: accuracy: 0.005 ; loss: 5.435
2018-03-21 20:15:30,791:INFO: - Eval metrics : accuracy: 0.048 ; loss: 4.998
2018-03-21 20:15:30,826:INFO: - Found new best accuracy
2018-03-21 20:15:30,826:INFO: Epoch 2/100
2018-03-21 20:15:59,430:INFO: - Train metrics: accuracy: 0.062 ; loss: 4.781
2018-03-21 20:16:00,936:INFO: - Eval metrics : accuracy: 0.110 ; loss: 4.388
2018-03-21 20:16:01,013:INFO: - Found new best accuracy
2018-03-21 20:16:01,013:INFO: Epoch 3/100
2018-03-21 20:16:29,718:INFO: - Train metrics: accuracy: 0.115 ; loss: 4.263
2018-03-21 20:16:31,216:INFO: - Eval metrics : accuracy: 0.214 ; loss: 3.735
2018-03-21 20:16:31,292:INFO: - Found new best accuracy
2018-03-21 20:16:31,292:INFO: Epoch 4/100
2018-03-21 20:16:59,940:INFO: - Train metrics: accuracy: 0.203 ; loss: 3.708
2018-03-21 20:17:01,421:INFO: - Eval metrics : accuracy: 0.250 ; loss: 3.505
2018-03-21 20:17:01,490:INFO: - Found new best accuracy
2018-03-21 20:17:01,492:INFO: Epoch 5/100
2018-03-21 20:17:30,115:INFO: - Train metrics: accuracy: 0.198 ; loss: 3.575
2018-03-21 20:17:31,622:INFO: - Eval metrics : accuracy: 0.305 ; loss: 3.128
2018-03-21 20:17:31,697:INFO: - Found new best accuracy
2018-03-21 20:17:31,698:INFO: Epoch 6/100
2018-03-21 20:18:00,278:INFO: - Train metrics: accuracy: 0.339 ; loss: 2.940
2018-03-21 20:18:01,788:INFO: - Eval metrics : accuracy: 0.344 ; loss: 2.958
2018-03-21 20:18:01,868:INFO: - Found new best accuracy
2018-03-21 20:18:01,869:INFO: Epoch 7/100
2018-03-21 20:18:30,518:INFO: - Train metrics: accuracy: 0.307 ; loss: 2.782
2018-03-21 20:18:32,013:INFO: - Eval metrics : accuracy: 0.385 ; loss: 2.637
2018-03-21 20:18:32,091:INFO: - Found new best accuracy
2018-03-21 20:18:32,092:INFO: Epoch 8/100
2018-03-21 20:19:00,682:INFO: - Train metrics: accuracy: 0.349 ; loss: 2.663
2018-03-21 20:19:02,172:INFO: - Eval metrics : accuracy: 0.436 ; loss: 2.427
2018-03-21 20:19:02,252:INFO: - Found new best accuracy
2018-03-21 20:19:02,253:INFO: Epoch 9/100
2018-03-21 20:19:30,827:INFO: - Train metrics: accuracy: 0.396 ; loss: 2.486
2018-03-21 20:19:32,303:INFO: - Eval metrics : accuracy: 0.457 ; loss: 2.288
2018-03-21 20:19:32,379:INFO: - Found new best accuracy
2018-03-21 20:19:32,380:INFO: Epoch 10/100
2018-03-21 20:20:00,944:INFO: - Train metrics: accuracy: 0.406 ; loss: 2.266
2018-03-21 20:20:02,453:INFO: - Eval metrics : accuracy: 0.467 ; loss: 2.300
2018-03-21 20:20:02,534:INFO: - Found new best accuracy
2018-03-21 20:20:02,536:INFO: Epoch 11/100
2018-03-21 20:20:31,103:INFO: - Train metrics: accuracy: 0.443 ; loss: 2.294
2018-03-21 20:20:32,616:INFO: - Eval metrics : accuracy: 0.455 ; loss: 2.380
2018-03-21 20:20:32,662:INFO: Epoch 12/100
2018-03-21 20:21:01,288:INFO: - Train metrics: accuracy: 0.464 ; loss: 2.048
2018-03-21 20:21:02,804:INFO: - Eval metrics : accuracy: 0.479 ; loss: 2.199
2018-03-21 20:21:02,883:INFO: - Found new best accuracy
2018-03-21 20:21:02,883:INFO: Epoch 13/100
2018-03-21 20:21:31,542:INFO: - Train metrics: accuracy: 0.573 ; loss: 1.780
2018-03-21 20:21:33,024:INFO: - Eval metrics : accuracy: 0.492 ; loss: 2.182
2018-03-21 20:21:33,098:INFO: - Found new best accuracy
2018-03-21 20:21:33,099:INFO: Epoch 14/100
2018-03-21 20:22:01,610:INFO: - Train metrics: accuracy: 0.578 ; loss: 1.681
2018-03-21 20:22:03,101:INFO: - Eval metrics : accuracy: 0.537 ; loss: 1.910
2018-03-21 20:22:03,178:INFO: - Found new best accuracy
2018-03-21 20:22:03,179:INFO: Epoch 15/100
2018-03-21 20:22:31,787:INFO: - Train metrics: accuracy: 0.573 ; loss: 1.610
2018-03-21 20:22:33,282:INFO: - Eval metrics : accuracy: 0.548 ; loss: 1.857
2018-03-21 20:22:33,359:INFO: - Found new best accuracy
2018-03-21 20:22:33,360:INFO: Epoch 16/100
2018-03-21 20:23:01,941:INFO: - Train metrics: accuracy: 0.583 ; loss: 1.790
2018-03-21 20:23:03,468:INFO: - Eval metrics : accuracy: 0.498 ; loss: 2.146
2018-03-21 20:23:03,512:INFO: Epoch 17/100
2018-03-21 20:23:32,162:INFO: - Train metrics: accuracy: 0.552 ; loss: 1.749
2018-03-21 20:23:33,672:INFO: - Eval metrics : accuracy: 0.511 ; loss: 2.084
2018-03-21 20:23:33,718:INFO: Epoch 18/100
2018-03-21 20:24:02,354:INFO: - Train metrics: accuracy: 0.651 ; loss: 1.419
2018-03-21 20:24:03,868:INFO: - Eval metrics : accuracy: 0.557 ; loss: 1.833
2018-03-21 20:24:03,955:INFO: - Found new best accuracy
2018-03-21 20:24:03,956:INFO: Epoch 19/100
2018-03-21 20:24:32,549:INFO: - Train metrics: accuracy: 0.562 ; loss: 1.683
2018-03-21 20:24:34,061:INFO: - Eval metrics : accuracy: 0.565 ; loss: 1.791
2018-03-21 20:24:34,137:INFO: - Found new best accuracy
2018-03-21 20:24:34,137:INFO: Epoch 20/100
2018-03-21 20:25:02,695:INFO: - Train metrics: accuracy: 0.578 ; loss: 1.634
2018-03-21 20:25:04,202:INFO: - Eval metrics : accuracy: 0.516 ; loss: 1.958
2018-03-21 20:25:04,247:INFO: Epoch 21/100
2018-03-21 20:25:32,825:INFO: - Train metrics: accuracy: 0.599 ; loss: 1.478
2018-03-21 20:25:34,297:INFO: - Eval metrics : accuracy: 0.272 ; loss: 3.425
2018-03-21 20:25:34,341:INFO: Epoch 22/100
2018-03-21 20:26:02,910:INFO: - Train metrics: accuracy: 0.651 ; loss: 1.282
2018-03-21 20:26:04,391:INFO: - Eval metrics : accuracy: 0.544 ; loss: 1.871
2018-03-21 20:26:04,437:INFO: Epoch 23/100
2018-03-21 20:26:32,992:INFO: - Train metrics: accuracy: 0.635 ; loss: 1.429
2018-03-21 20:26:34,469:INFO: - Eval metrics : accuracy: 0.595 ; loss: 1.646
2018-03-21 20:26:34,545:INFO: - Found new best accuracy
2018-03-21 20:26:34,545:INFO: Epoch 24/100
2018-03-21 20:27:03,075:INFO: - Train metrics: accuracy: 0.688 ; loss: 1.213
2018-03-21 20:27:04,564:INFO: - Eval metrics : accuracy: 0.456 ; loss: 2.263
2018-03-21 20:27:04,609:INFO: Epoch 25/100
2018-03-21 20:27:33,182:INFO: - Train metrics: accuracy: 0.677 ; loss: 1.295
2018-03-21 20:27:34,699:INFO: - Eval metrics : accuracy: 0.573 ; loss: 1.681
2018-03-21 20:27:34,741:INFO: Epoch 26/100
2018-03-21 20:28:03,259:INFO: - Train metrics: accuracy: 0.625 ; loss: 1.294
2018-03-21 20:28:04,760:INFO: - Eval metrics : accuracy: 0.313 ; loss: 3.083
2018-03-21 20:28:04,804:INFO: Epoch 27/100
2018-03-21 20:28:33,371:INFO: - Train metrics: accuracy: 0.635 ; loss: 1.341
2018-03-21 20:28:34,860:INFO: - Eval metrics : accuracy: 0.426 ; loss: 2.431
2018-03-21 20:28:34,903:INFO: Epoch 28/100
2018-03-21 20:29:03,354:INFO: - Train metrics: accuracy: 0.620 ; loss: 1.396
2018-03-21 20:29:04,842:INFO: - Eval metrics : accuracy: 0.581 ; loss: 1.697
2018-03-21 20:29:04,879:INFO: Epoch 29/100
2018-03-21 20:29:33,366:INFO: - Train metrics: accuracy: 0.677 ; loss: 1.147
2018-03-21 20:29:34,878:INFO: - Eval metrics : accuracy: 0.547 ; loss: 1.829
2018-03-21 20:29:34,925:INFO: Epoch 30/100
2018-03-21 20:30:03,374:INFO: - Train metrics: accuracy: 0.656 ; loss: 1.144
2018-03-21 20:30:04,853:INFO: - Eval metrics : accuracy: 0.593 ; loss: 1.607
2018-03-21 20:30:04,896:INFO: Epoch 31/100
2018-03-21 20:30:33,369:INFO: - Train metrics: accuracy: 0.651 ; loss: 1.160
2018-03-21 20:30:34,840:INFO: - Eval metrics : accuracy: 0.592 ; loss: 1.628
2018-03-21 20:30:34,885:INFO: Epoch 32/100
2018-03-21 20:31:03,449:INFO: - Train metrics: accuracy: 0.661 ; loss: 1.186
2018-03-21 20:31:04,932:INFO: - Eval metrics : accuracy: 0.583 ; loss: 1.687
2018-03-21 20:31:04,978:INFO: Epoch 33/100
2018-03-21 20:31:33,473:INFO: - Train metrics: accuracy: 0.693 ; loss: 1.161
2018-03-21 20:31:34,962:INFO: - Eval metrics : accuracy: 0.623 ; loss: 1.498
2018-03-21 20:31:35,049:INFO: - Found new best accuracy
2018-03-21 20:31:35,049:INFO: Epoch 34/100
2018-03-21 20:32:03,623:INFO: - Train metrics: accuracy: 0.667 ; loss: 1.140
2018-03-21 20:32:05,113:INFO: - Eval metrics : accuracy: 0.609 ; loss: 1.516
2018-03-21 20:32:05,156:INFO: Epoch 35/100
2018-03-21 20:32:33,764:INFO: - Train metrics: accuracy: 0.714 ; loss: 1.012
2018-03-21 20:32:35,261:INFO: - Eval metrics : accuracy: 0.591 ; loss: 1.630
2018-03-21 20:32:35,298:INFO: Epoch 36/100
2018-03-21 20:33:03,778:INFO: - Train metrics: accuracy: 0.714 ; loss: 1.081
2018-03-21 20:33:05,274:INFO: - Eval metrics : accuracy: 0.554 ; loss: 1.789
2018-03-21 20:33:05,318:INFO: Epoch 37/100
2018-03-21 20:33:33,811:INFO: - Train metrics: accuracy: 0.677 ; loss: 1.163
2018-03-21 20:33:35,323:INFO: - Eval metrics : accuracy: 0.603 ; loss: 1.597
2018-03-21 20:33:35,368:INFO: Epoch 38/100
2018-03-21 20:34:03,909:INFO: - Train metrics: accuracy: 0.760 ; loss: 0.925
2018-03-21 20:34:05,382:INFO: - Eval metrics : accuracy: 0.546 ; loss: 1.911
2018-03-21 20:34:05,426:INFO: Epoch 39/100
2018-03-21 20:34:33,944:INFO: - Train metrics: accuracy: 0.693 ; loss: 1.176
2018-03-21 20:34:35,451:INFO: - Eval metrics : accuracy: 0.621 ; loss: 1.514
2018-03-21 20:34:35,495:INFO: Epoch 40/100
2018-03-21 20:35:03,991:INFO: - Train metrics: accuracy: 0.703 ; loss: 1.022
2018-03-21 20:35:05,475:INFO: - Eval metrics : accuracy: 0.605 ; loss: 1.535
2018-03-21 20:35:05,514:INFO: Epoch 41/100
2018-03-21 20:35:34,006:INFO: - Train metrics: accuracy: 0.734 ; loss: 0.961
2018-03-21 20:35:35,517:INFO: - Eval metrics : accuracy: 0.417 ; loss: 2.555
2018-03-21 20:35:35,555:INFO: Epoch 42/100
2018-03-21 20:36:04,007:INFO: - Train metrics: accuracy: 0.766 ; loss: 0.915
2018-03-21 20:36:05,510:INFO: - Eval metrics : accuracy: 0.604 ; loss: 1.549
2018-03-21 20:36:05,556:INFO: Epoch 43/100
2018-03-21 20:36:34,001:INFO: - Train metrics: accuracy: 0.734 ; loss: 0.941
2018-03-21 20:36:35,487:INFO: - Eval metrics : accuracy: 0.610 ; loss: 1.569
2018-03-21 20:36:35,531:INFO: Epoch 44/100
2018-03-21 20:37:03,934:INFO: - Train metrics: accuracy: 0.755 ; loss: 0.948
2018-03-21 20:37:05,456:INFO: - Eval metrics : accuracy: 0.588 ; loss: 1.630
2018-03-21 20:37:05,497:INFO: Epoch 45/100
2018-03-21 20:37:33,920:INFO: - Train metrics: accuracy: 0.797 ; loss: 0.813
2018-03-21 20:37:35,457:INFO: - Eval metrics : accuracy: 0.604 ; loss: 1.605
2018-03-21 20:37:35,499:INFO: Epoch 46/100
2018-03-21 20:38:03,907:INFO: - Train metrics: accuracy: 0.750 ; loss: 0.851
2018-03-21 20:38:05,385:INFO: - Eval metrics : accuracy: 0.599 ; loss: 1.615
2018-03-21 20:38:05,427:INFO: Epoch 47/100
2018-03-21 20:38:33,858:INFO: - Train metrics: accuracy: 0.734 ; loss: 0.935
2018-03-21 20:38:35,338:INFO: - Eval metrics : accuracy: 0.605 ; loss: 1.549
2018-03-21 20:38:35,381:INFO: Epoch 48/100
2018-03-21 20:39:03,810:INFO: - Train metrics: accuracy: 0.792 ; loss: 0.797
2018-03-21 20:39:05,313:INFO: - Eval metrics : accuracy: 0.547 ; loss: 1.828
2018-03-21 20:39:05,354:INFO: Epoch 49/100
2018-03-21 20:39:33,890:INFO: - Train metrics: accuracy: 0.781 ; loss: 0.843
2018-03-21 20:39:35,371:INFO: - Eval metrics : accuracy: 0.559 ; loss: 1.828
2018-03-21 20:39:35,413:INFO: Epoch 50/100
2018-03-21 20:40:03,867:INFO: - Train metrics: accuracy: 0.771 ; loss: 0.829
2018-03-21 20:40:05,347:INFO: - Eval metrics : accuracy: 0.617 ; loss: 1.525
2018-03-21 20:40:05,400:INFO: Epoch 51/100
2018-03-21 20:40:33,804:INFO: - Train metrics: accuracy: 0.818 ; loss: 0.748
2018-03-21 20:40:35,280:INFO: - Eval metrics : accuracy: 0.486 ; loss: 2.167
2018-03-21 20:40:35,323:INFO: Epoch 52/100
2018-03-21 20:41:03,781:INFO: - Train metrics: accuracy: 0.781 ; loss: 0.895
2018-03-21 20:41:05,285:INFO: - Eval metrics : accuracy: 0.396 ; loss: 2.721
2018-03-21 20:41:05,328:INFO: Epoch 53/100
2018-03-21 20:41:33,757:INFO: - Train metrics: accuracy: 0.745 ; loss: 0.899
2018-03-21 20:41:35,261:INFO: - Eval metrics : accuracy: 0.548 ; loss: 1.894
2018-03-21 20:41:35,300:INFO: Epoch 54/100
2018-03-21 20:42:03,753:INFO: - Train metrics: accuracy: 0.729 ; loss: 0.847
2018-03-21 20:42:05,273:INFO: - Eval metrics : accuracy: 0.358 ; loss: 2.929
2018-03-21 20:42:05,321:INFO: Epoch 55/100
2018-03-21 20:42:33,721:INFO: - Train metrics: accuracy: 0.797 ; loss: 0.840
2018-03-21 20:42:35,209:INFO: - Eval metrics : accuracy: 0.541 ; loss: 1.871
2018-03-21 20:42:35,253:INFO: Epoch 56/100
2018-03-21 20:43:03,603:INFO: - Train metrics: accuracy: 0.760 ; loss: 0.833
2018-03-21 20:43:05,073:INFO: - Eval metrics : accuracy: 0.609 ; loss: 1.599
2018-03-21 20:43:05,119:INFO: Epoch 57/100
2018-03-21 20:43:33,486:INFO: - Train metrics: accuracy: 0.755 ; loss: 0.803
2018-03-21 20:43:34,943:INFO: - Eval metrics : accuracy: 0.562 ; loss: 1.778
2018-03-21 20:43:34,980:INFO: Epoch 58/100
2018-03-21 20:44:03,384:INFO: - Train metrics: accuracy: 0.776 ; loss: 0.741
2018-03-21 20:44:04,864:INFO: - Eval metrics : accuracy: 0.601 ; loss: 1.632
2018-03-21 20:44:04,926:INFO: Epoch 59/100
2018-03-21 20:44:33,228:INFO: - Train metrics: accuracy: 0.771 ; loss: 0.920
2018-03-21 20:44:34,711:INFO: - Eval metrics : accuracy: 0.543 ; loss: 1.888
2018-03-21 20:44:34,756:INFO: Epoch 60/100
2018-03-21 20:45:03,163:INFO: - Train metrics: accuracy: 0.781 ; loss: 0.773
2018-03-21 20:45:04,679:INFO: - Eval metrics : accuracy: 0.607 ; loss: 1.615
2018-03-21 20:45:04,722:INFO: Epoch 61/100
2018-03-21 20:45:33,125:INFO: - Train metrics: accuracy: 0.839 ; loss: 0.688
2018-03-21 20:45:34,652:INFO: - Eval metrics : accuracy: 0.581 ; loss: 1.699
2018-03-21 20:45:34,713:INFO: Epoch 62/100
2018-03-21 20:46:03,142:INFO: - Train metrics: accuracy: 0.839 ; loss: 0.682
2018-03-21 20:46:04,651:INFO: - Eval metrics : accuracy: 0.490 ; loss: 2.232
2018-03-21 20:46:04,706:INFO: Epoch 63/100
2018-03-21 20:46:33,064:INFO: - Train metrics: accuracy: 0.760 ; loss: 0.775
2018-03-21 20:46:34,540:INFO: - Eval metrics : accuracy: 0.603 ; loss: 1.605
2018-03-21 20:46:34,583:INFO: Epoch 64/100
2018-03-21 20:47:02,995:INFO: - Train metrics: accuracy: 0.698 ; loss: 0.985
2018-03-21 20:47:04,457:INFO: - Eval metrics : accuracy: 0.597 ; loss: 1.637
2018-03-21 20:47:04,510:INFO: Epoch 65/100
2018-03-21 20:47:32,881:INFO: - Train metrics: accuracy: 0.818 ; loss: 0.713
2018-03-21 20:47:34,355:INFO: - Eval metrics : accuracy: 0.604 ; loss: 1.613
2018-03-21 20:47:34,392:INFO: Epoch 66/100
2018-03-21 20:48:02,749:INFO: - Train metrics: accuracy: 0.792 ; loss: 0.758
2018-03-21 20:48:04,230:INFO: - Eval metrics : accuracy: 0.608 ; loss: 1.636
2018-03-21 20:48:04,272:INFO: Epoch 67/100
2018-03-21 20:48:32,636:INFO: - Train metrics: accuracy: 0.802 ; loss: 0.750
2018-03-21 20:48:34,134:INFO: - Eval metrics : accuracy: 0.580 ; loss: 1.780
2018-03-21 20:48:34,171:INFO: Epoch 68/100
2018-03-21 20:49:02,623:INFO: - Train metrics: accuracy: 0.797 ; loss: 0.691
2018-03-21 20:49:04,143:INFO: - Eval metrics : accuracy: 0.516 ; loss: 2.077
2018-03-21 20:49:04,187:INFO: Epoch 69/100
2018-03-21 20:49:32,576:INFO: - Train metrics: accuracy: 0.792 ; loss: 0.729
2018-03-21 20:49:34,074:INFO: - Eval metrics : accuracy: 0.318 ; loss: 3.225
2018-03-21 20:49:34,111:INFO: Epoch 70/100
2018-03-21 20:50:02,442:INFO: - Train metrics: accuracy: 0.839 ; loss: 0.632
2018-03-21 20:50:03,909:INFO: - Eval metrics : accuracy: 0.616 ; loss: 1.577
2018-03-21 20:50:03,947:INFO: Epoch 71/100
2018-03-21 20:50:32,338:INFO: - Train metrics: accuracy: 0.792 ; loss: 0.699
2018-03-21 20:50:33,817:INFO: - Eval metrics : accuracy: 0.515 ; loss: 2.006
2018-03-21 20:50:33,874:INFO: Epoch 72/100
2018-03-21 20:51:02,236:INFO: - Train metrics: accuracy: 0.823 ; loss: 0.674
2018-03-21 20:51:03,729:INFO: - Eval metrics : accuracy: 0.583 ; loss: 1.731
2018-03-21 20:51:03,773:INFO: Epoch 73/100
2018-03-21 20:51:32,109:INFO: - Train metrics: accuracy: 0.802 ; loss: 0.737
2018-03-21 20:51:33,564:INFO: - Eval metrics : accuracy: 0.457 ; loss: 2.392
2018-03-21 20:51:33,609:INFO: Epoch 74/100
2018-03-21 20:52:02,006:INFO: - Train metrics: accuracy: 0.812 ; loss: 0.632
2018-03-21 20:52:03,492:INFO: - Eval metrics : accuracy: 0.592 ; loss: 1.672
2018-03-21 20:52:03,538:INFO: Epoch 75/100
2018-03-21 20:52:31,984:INFO: - Train metrics: accuracy: 0.807 ; loss: 0.672
2018-03-21 20:52:33,478:INFO: - Eval metrics : accuracy: 0.586 ; loss: 1.690
2018-03-21 20:52:33,524:INFO: Epoch 76/100
2018-03-21 20:53:01,872:INFO: - Train metrics: accuracy: 0.854 ; loss: 0.570
2018-03-21 20:53:03,383:INFO: - Eval metrics : accuracy: 0.420 ; loss: 2.483
2018-03-21 20:53:03,425:INFO: Epoch 77/100
2018-03-21 20:53:31,754:INFO: - Train metrics: accuracy: 0.844 ; loss: 0.697
2018-03-21 20:53:33,219:INFO: - Eval metrics : accuracy: 0.534 ; loss: 1.931
2018-03-21 20:53:33,256:INFO: Epoch 78/100
2018-03-21 20:54:01,541:INFO: - Train metrics: accuracy: 0.807 ; loss: 0.756
2018-03-21 20:54:03,021:INFO: - Eval metrics : accuracy: 0.575 ; loss: 1.748
2018-03-21 20:54:03,064:INFO: Epoch 79/100
2018-03-21 20:54:31,361:INFO: - Train metrics: accuracy: 0.823 ; loss: 0.626
2018-03-21 20:54:32,845:INFO: - Eval metrics : accuracy: 0.584 ; loss: 1.741
2018-03-21 20:54:32,885:INFO: Epoch 80/100
2018-03-21 20:55:01,312:INFO: - Train metrics: accuracy: 0.802 ; loss: 0.765
2018-03-21 20:55:02,818:INFO: - Eval metrics : accuracy: 0.507 ; loss: 2.069
2018-03-21 20:55:02,856:INFO: Epoch 81/100
2018-03-21 20:55:31,196:INFO: - Train metrics: accuracy: 0.823 ; loss: 0.686
2018-03-21 20:55:32,678:INFO: - Eval metrics : accuracy: 0.587 ; loss: 1.748
2018-03-21 20:55:32,724:INFO: Epoch 82/100
2018-03-21 20:56:01,015:INFO: - Train metrics: accuracy: 0.823 ; loss: 0.634
2018-03-21 20:56:02,494:INFO: - Eval metrics : accuracy: 0.594 ; loss: 1.671
2018-03-21 20:56:02,536:INFO: Epoch 83/100
2018-03-21 20:56:30,947:INFO: - Train metrics: accuracy: 0.812 ; loss: 0.621
2018-03-21 20:56:32,454:INFO: - Eval metrics : accuracy: 0.604 ; loss: 1.623
2018-03-21 20:56:32,498:INFO: Epoch 84/100
2018-03-21 20:57:00,802:INFO: - Train metrics: accuracy: 0.823 ; loss: 0.610
2018-03-21 20:57:02,275:INFO: - Eval metrics : accuracy: 0.514 ; loss: 2.004
2018-03-21 20:57:02,311:INFO: Epoch 85/100
2018-03-21 20:57:30,697:INFO: - Train metrics: accuracy: 0.818 ; loss: 0.690
2018-03-21 20:57:32,170:INFO: - Eval metrics : accuracy: 0.603 ; loss: 1.634
2018-03-21 20:57:32,220:INFO: Epoch 86/100
2018-03-21 20:58:00,558:INFO: - Train metrics: accuracy: 0.792 ; loss: 0.723
2018-03-21 20:58:02,048:INFO: - Eval metrics : accuracy: 0.623 ; loss: 1.553
2018-03-21 20:58:02,135:INFO: - Found new best accuracy
2018-03-21 20:58:02,136:INFO: Epoch 87/100
2018-03-21 20:58:30,506:INFO: - Train metrics: accuracy: 0.839 ; loss: 0.658
2018-03-21 20:58:31,977:INFO: - Eval metrics : accuracy: 0.455 ; loss: 2.347
2018-03-21 20:58:32,023:INFO: Epoch 88/100
2018-03-21 20:59:00,304:INFO: - Train metrics: accuracy: 0.849 ; loss: 0.569
2018-03-21 20:59:01,801:INFO: - Eval metrics : accuracy: 0.571 ; loss: 1.744
2018-03-21 20:59:01,846:INFO: Epoch 89/100
2018-03-21 20:59:30,243:INFO: - Train metrics: accuracy: 0.849 ; loss: 0.529
2018-03-21 20:59:31,735:INFO: - Eval metrics : accuracy: 0.500 ; loss: 2.217
2018-03-21 20:59:31,778:INFO: Epoch 90/100
2018-03-21 21:00:00,086:INFO: - Train metrics: accuracy: 0.849 ; loss: 0.648
2018-03-21 21:00:01,575:INFO: - Eval metrics : accuracy: 0.601 ; loss: 1.580
2018-03-21 21:00:01,619:INFO: Epoch 91/100
2018-03-21 21:00:29,947:INFO: - Train metrics: accuracy: 0.818 ; loss: 0.624
2018-03-21 21:00:31,448:INFO: - Eval metrics : accuracy: 0.584 ; loss: 1.702
2018-03-21 21:00:31,495:INFO: Epoch 92/100
2018-03-21 21:00:59,845:INFO: - Train metrics: accuracy: 0.859 ; loss: 0.521
2018-03-21 21:01:01,336:INFO: - Eval metrics : accuracy: 0.596 ; loss: 1.621
2018-03-21 21:01:01,390:INFO: Epoch 93/100
2018-03-21 21:01:29,717:INFO: - Train metrics: accuracy: 0.807 ; loss: 0.738
2018-03-21 21:01:31,200:INFO: - Eval metrics : accuracy: 0.589 ; loss: 1.653
2018-03-21 21:01:31,244:INFO: Epoch 94/100
2018-03-21 21:01:59,536:INFO: - Train metrics: accuracy: 0.880 ; loss: 0.530
2018-03-21 21:02:01,038:INFO: - Eval metrics : accuracy: 0.598 ; loss: 1.630
2018-03-21 21:02:01,082:INFO: Epoch 95/100
2018-03-21 21:02:29,452:INFO: - Train metrics: accuracy: 0.854 ; loss: 0.535
2018-03-21 21:02:30,971:INFO: - Eval metrics : accuracy: 0.591 ; loss: 1.698
2018-03-21 21:02:31,016:INFO: Epoch 96/100
2018-03-21 21:02:59,381:INFO: - Train metrics: accuracy: 0.828 ; loss: 0.655
2018-03-21 21:03:00,879:INFO: - Eval metrics : accuracy: 0.600 ; loss: 1.661
2018-03-21 21:03:00,928:INFO: Epoch 97/100
2018-03-21 21:03:29,298:INFO: - Train metrics: accuracy: 0.833 ; loss: 0.637
2018-03-21 21:03:30,810:INFO: - Eval metrics : accuracy: 0.599 ; loss: 1.610
2018-03-21 21:03:30,854:INFO: Epoch 98/100
2018-03-21 21:03:59,252:INFO: - Train metrics: accuracy: 0.833 ; loss: 0.637
2018-03-21 21:04:00,750:INFO: - Eval metrics : accuracy: 0.547 ; loss: 1.956
2018-03-21 21:04:00,794:INFO: Epoch 99/100
2018-03-21 21:04:29,107:INFO: - Train metrics: accuracy: 0.818 ; loss: 0.603
2018-03-21 21:04:30,608:INFO: - Eval metrics : accuracy: 0.595 ; loss: 1.689
2018-03-21 21:04:30,653:INFO: Epoch 100/100
2018-03-21 21:04:59,078:INFO: - Train metrics: accuracy: 0.859 ; loss: 0.562
2018-03-21 21:05:00,551:INFO: - Eval metrics : accuracy: 0.568 ; loss: 1.761
