2018-03-20 17:49:16,243:INFO: Loading the datasets...
2018-03-20 17:49:16,306:INFO: - done.
2018-03-20 17:49:18,564:INFO: Starting training for 120 epoch(s)
2018-03-20 17:49:18,564:INFO: Epoch 1/120
2018-03-20 17:49:30,867:INFO: - Train metrics: accuracy: 0.012 ; loss: 6.234
2018-03-20 17:49:31,483:INFO: - Eval metrics : accuracy: 0.046 ; loss: 5.528
2018-03-20 17:49:31,499:INFO: - Found new lowest loss
2018-03-20 17:49:31,500:INFO: Epoch 2/120
2018-03-20 17:49:43,098:INFO: - Train metrics: accuracy: 0.035 ; loss: 5.628
2018-03-20 17:49:43,737:INFO: - Eval metrics : accuracy: 0.050 ; loss: 5.286
2018-03-20 17:49:43,766:INFO: - Found new lowest loss
2018-03-20 17:49:43,766:INFO: Epoch 3/120
2018-03-20 17:49:55,343:INFO: - Train metrics: accuracy: 0.074 ; loss: 5.150
2018-03-20 17:49:55,972:INFO: - Eval metrics : accuracy: 0.065 ; loss: 5.109
2018-03-20 17:49:55,998:INFO: - Found new lowest loss
2018-03-20 17:49:55,998:INFO: Epoch 4/120
2018-03-20 17:50:07,584:INFO: - Train metrics: accuracy: 0.086 ; loss: 4.820
2018-03-20 17:50:08,215:INFO: - Eval metrics : accuracy: 0.020 ; loss: 6.184
2018-03-20 17:50:08,230:INFO: Epoch 5/120
2018-03-20 17:50:19,840:INFO: - Train metrics: accuracy: 0.203 ; loss: 4.177
2018-03-20 17:50:20,457:INFO: - Eval metrics : accuracy: 0.139 ; loss: 4.464
2018-03-20 17:50:20,485:INFO: - Found new lowest loss
2018-03-20 17:50:20,486:INFO: Epoch 6/120
2018-03-20 17:50:32,091:INFO: - Train metrics: accuracy: 0.207 ; loss: 3.898
2018-03-20 17:50:32,707:INFO: - Eval metrics : accuracy: 0.197 ; loss: 4.090
2018-03-20 17:50:32,736:INFO: - Found new lowest loss
2018-03-20 17:50:32,737:INFO: Epoch 7/120
2018-03-20 17:50:44,320:INFO: - Train metrics: accuracy: 0.223 ; loss: 3.752
2018-03-20 17:50:44,976:INFO: - Eval metrics : accuracy: 0.021 ; loss: 6.841
2018-03-20 17:50:44,997:INFO: Epoch 8/120
2018-03-20 17:50:56,585:INFO: - Train metrics: accuracy: 0.262 ; loss: 3.442
2018-03-20 17:50:57,208:INFO: - Eval metrics : accuracy: 0.106 ; loss: 4.665
2018-03-20 17:50:57,233:INFO: Epoch 9/120
2018-03-20 17:51:08,865:INFO: - Train metrics: accuracy: 0.312 ; loss: 3.192
2018-03-20 17:51:09,493:INFO: - Eval metrics : accuracy: 0.429 ; loss: 2.896
2018-03-20 17:51:09,523:INFO: - Found new lowest loss
2018-03-20 17:51:09,523:INFO: Epoch 10/120
2018-03-20 17:51:21,117:INFO: - Train metrics: accuracy: 0.309 ; loss: 3.217
2018-03-20 17:51:21,742:INFO: - Eval metrics : accuracy: 0.033 ; loss: 7.113
2018-03-20 17:51:21,758:INFO: Epoch 11/120
2018-03-20 17:51:33,364:INFO: - Train metrics: accuracy: 0.410 ; loss: 2.896
2018-03-20 17:51:34,014:INFO: - Eval metrics : accuracy: 0.014 ; loss: 7.202
2018-03-20 17:51:34,037:INFO: Epoch 12/120
2018-03-20 17:51:45,634:INFO: - Train metrics: accuracy: 0.504 ; loss: 2.613
2018-03-20 17:51:46,287:INFO: - Eval metrics : accuracy: 0.196 ; loss: 4.064
2018-03-20 17:51:46,317:INFO: Epoch 13/120
2018-03-20 17:51:57,894:INFO: - Train metrics: accuracy: 0.406 ; loss: 2.822
2018-03-20 17:51:58,510:INFO: - Eval metrics : accuracy: 0.427 ; loss: 2.718
2018-03-20 17:51:58,539:INFO: - Found new lowest loss
2018-03-20 17:51:58,540:INFO: Epoch 14/120
2018-03-20 17:52:10,138:INFO: - Train metrics: accuracy: 0.449 ; loss: 2.612
2018-03-20 17:52:10,798:INFO: - Eval metrics : accuracy: 0.147 ; loss: 4.602
2018-03-20 17:52:10,825:INFO: Epoch 15/120
2018-03-20 17:52:22,402:INFO: - Train metrics: accuracy: 0.438 ; loss: 2.414
2018-03-20 17:52:23,065:INFO: - Eval metrics : accuracy: 0.138 ; loss: 4.702
2018-03-20 17:52:23,093:INFO: Epoch 16/120
2018-03-20 17:52:34,677:INFO: - Train metrics: accuracy: 0.594 ; loss: 2.060
2018-03-20 17:52:35,324:INFO: - Eval metrics : accuracy: 0.309 ; loss: 3.253
2018-03-20 17:52:35,340:INFO: Epoch 17/120
2018-03-20 17:52:46,915:INFO: - Train metrics: accuracy: 0.488 ; loss: 2.254
2018-03-20 17:52:47,557:INFO: - Eval metrics : accuracy: 0.148 ; loss: 4.939
2018-03-20 17:52:47,573:INFO: Epoch 18/120
2018-03-20 17:52:59,154:INFO: - Train metrics: accuracy: 0.551 ; loss: 2.077
2018-03-20 17:52:59,798:INFO: - Eval metrics : accuracy: 0.441 ; loss: 2.567
2018-03-20 17:52:59,828:INFO: - Found new lowest loss
2018-03-20 17:52:59,829:INFO: Epoch 19/120
2018-03-20 17:53:11,405:INFO: - Train metrics: accuracy: 0.562 ; loss: 1.998
2018-03-20 17:53:12,044:INFO: - Eval metrics : accuracy: 0.656 ; loss: 1.682
2018-03-20 17:53:12,083:INFO: - Found new lowest loss
2018-03-20 17:53:12,083:INFO: Epoch 20/120
2018-03-20 17:53:23,594:INFO: - Train metrics: accuracy: 0.562 ; loss: 1.967
2018-03-20 17:53:24,238:INFO: - Eval metrics : accuracy: 0.066 ; loss: 6.415
2018-03-20 17:53:24,254:INFO: Epoch 21/120
2018-03-20 17:53:35,837:INFO: - Train metrics: accuracy: 0.570 ; loss: 1.809
2018-03-20 17:53:36,522:INFO: - Eval metrics : accuracy: 0.345 ; loss: 3.086
2018-03-20 17:53:36,549:INFO: Epoch 22/120
2018-03-20 17:53:48,145:INFO: - Train metrics: accuracy: 0.605 ; loss: 1.829
2018-03-20 17:53:48,792:INFO: - Eval metrics : accuracy: 0.056 ; loss: 6.389
2018-03-20 17:53:48,808:INFO: Epoch 23/120
2018-03-20 17:54:00,382:INFO: - Train metrics: accuracy: 0.598 ; loss: 1.757
2018-03-20 17:54:01,028:INFO: - Eval metrics : accuracy: 0.494 ; loss: 2.197
2018-03-20 17:54:01,057:INFO: Epoch 24/120
2018-03-20 17:54:12,613:INFO: - Train metrics: accuracy: 0.641 ; loss: 1.660
2018-03-20 17:54:13,249:INFO: - Eval metrics : accuracy: 0.158 ; loss: 4.722
2018-03-20 17:54:13,265:INFO: Epoch 25/120
2018-03-20 17:54:24,854:INFO: - Train metrics: accuracy: 0.594 ; loss: 1.683
2018-03-20 17:54:25,493:INFO: - Eval metrics : accuracy: 0.118 ; loss: 4.975
2018-03-20 17:54:25,517:INFO: Epoch 26/120
2018-03-20 17:54:37,113:INFO: - Train metrics: accuracy: 0.629 ; loss: 1.547
2018-03-20 17:54:37,733:INFO: - Eval metrics : accuracy: 0.332 ; loss: 3.191
2018-03-20 17:54:37,748:INFO: Epoch 27/120
2018-03-20 17:54:49,322:INFO: - Train metrics: accuracy: 0.582 ; loss: 1.700
2018-03-20 17:54:49,981:INFO: - Eval metrics : accuracy: 0.283 ; loss: 3.593
2018-03-20 17:54:49,996:INFO: Epoch 28/120
2018-03-20 17:55:01,618:INFO: - Train metrics: accuracy: 0.676 ; loss: 1.420
2018-03-20 17:55:02,266:INFO: - Eval metrics : accuracy: 0.115 ; loss: 6.240
2018-03-20 17:55:02,282:INFO: Epoch 29/120
2018-03-20 17:55:13,857:INFO: - Train metrics: accuracy: 0.629 ; loss: 1.593
2018-03-20 17:55:14,496:INFO: - Eval metrics : accuracy: 0.178 ; loss: 4.476
2018-03-20 17:55:14,513:INFO: Epoch 30/120
2018-03-20 17:55:26,131:INFO: - Train metrics: accuracy: 0.652 ; loss: 1.521
2018-03-20 17:55:26,786:INFO: - Eval metrics : accuracy: 0.284 ; loss: 3.508
2018-03-20 17:55:26,813:INFO: Epoch 31/120
2018-03-20 17:55:38,387:INFO: - Train metrics: accuracy: 0.668 ; loss: 1.428
2018-03-20 17:55:39,030:INFO: - Eval metrics : accuracy: 0.219 ; loss: 4.116
2018-03-20 17:55:39,043:INFO: Epoch 32/120
2018-03-20 17:55:50,659:INFO: - Train metrics: accuracy: 0.652 ; loss: 1.414
2018-03-20 17:55:51,300:INFO: - Eval metrics : accuracy: 0.579 ; loss: 1.885
2018-03-20 17:55:51,316:INFO: Epoch 33/120
2018-03-20 17:56:02,905:INFO: - Train metrics: accuracy: 0.695 ; loss: 1.277
2018-03-20 17:56:03,539:INFO: - Eval metrics : accuracy: 0.688 ; loss: 1.345
2018-03-20 17:56:03,567:INFO: - Found new lowest loss
2018-03-20 17:56:03,568:INFO: Epoch 34/120
2018-03-20 17:56:15,115:INFO: - Train metrics: accuracy: 0.660 ; loss: 1.346
2018-03-20 17:56:15,749:INFO: - Eval metrics : accuracy: 0.275 ; loss: 3.760
2018-03-20 17:56:15,777:INFO: Epoch 35/120
2018-03-20 17:56:27,365:INFO: - Train metrics: accuracy: 0.723 ; loss: 1.162
2018-03-20 17:56:28,017:INFO: - Eval metrics : accuracy: 0.737 ; loss: 1.117
2018-03-20 17:56:28,054:INFO: - Found new lowest loss
2018-03-20 17:56:28,054:INFO: Epoch 36/120
2018-03-20 17:56:39,619:INFO: - Train metrics: accuracy: 0.723 ; loss: 1.179
2018-03-20 17:56:40,277:INFO: - Eval metrics : accuracy: 0.248 ; loss: 4.621
2018-03-20 17:56:40,297:INFO: Epoch 37/120
2018-03-20 17:56:51,884:INFO: - Train metrics: accuracy: 0.699 ; loss: 1.147
2018-03-20 17:56:52,533:INFO: - Eval metrics : accuracy: 0.460 ; loss: 2.465
2018-03-20 17:56:52,561:INFO: Epoch 38/120
2018-03-20 17:57:04,085:INFO: - Train metrics: accuracy: 0.703 ; loss: 1.211
2018-03-20 17:57:04,700:INFO: - Eval metrics : accuracy: 0.177 ; loss: 4.719
2018-03-20 17:57:04,732:INFO: Epoch 39/120
2018-03-20 17:57:16,300:INFO: - Train metrics: accuracy: 0.773 ; loss: 0.988
2018-03-20 17:57:16,930:INFO: - Eval metrics : accuracy: 0.037 ; loss: 8.435
2018-03-20 17:57:16,956:INFO: Epoch 40/120
2018-03-20 17:57:28,497:INFO: - Train metrics: accuracy: 0.742 ; loss: 1.165
2018-03-20 17:57:29,136:INFO: - Eval metrics : accuracy: 0.104 ; loss: 6.673
2018-03-20 17:57:29,149:INFO: Epoch 41/120
2018-03-20 17:57:40,695:INFO: - Train metrics: accuracy: 0.781 ; loss: 0.908
2018-03-20 17:57:41,298:INFO: - Eval metrics : accuracy: 0.233 ; loss: 4.173
2018-03-20 17:57:41,310:INFO: Epoch 42/120
2018-03-20 17:57:52,877:INFO: - Train metrics: accuracy: 0.738 ; loss: 1.136
2018-03-20 17:57:53,540:INFO: - Eval metrics : accuracy: 0.467 ; loss: 2.445
2018-03-20 17:57:53,556:INFO: Epoch 43/120
2018-03-20 17:58:05,150:INFO: - Train metrics: accuracy: 0.766 ; loss: 1.061
2018-03-20 17:58:05,786:INFO: - Eval metrics : accuracy: 0.115 ; loss: 5.950
2018-03-20 17:58:05,813:INFO: Epoch 44/120
2018-03-20 17:58:17,399:INFO: - Train metrics: accuracy: 0.754 ; loss: 1.089
2018-03-20 17:58:18,041:INFO: - Eval metrics : accuracy: 0.301 ; loss: 3.638
2018-03-20 17:58:18,057:INFO: Epoch 45/120
2018-03-20 17:58:29,659:INFO: - Train metrics: accuracy: 0.719 ; loss: 1.139
2018-03-20 17:58:30,318:INFO: - Eval metrics : accuracy: 0.335 ; loss: 3.252
2018-03-20 17:58:30,345:INFO: Epoch 46/120
2018-03-20 17:58:41,925:INFO: - Train metrics: accuracy: 0.770 ; loss: 1.011
2018-03-20 17:58:42,564:INFO: - Eval metrics : accuracy: 0.436 ; loss: 2.605
2018-03-20 17:58:42,597:INFO: Epoch 47/120
2018-03-20 17:58:54,150:INFO: - Train metrics: accuracy: 0.746 ; loss: 1.064
2018-03-20 17:58:54,805:INFO: - Eval metrics : accuracy: 0.031 ; loss: 12.498
2018-03-20 17:58:54,821:INFO: Epoch 48/120
2018-03-20 17:59:06,375:INFO: - Train metrics: accuracy: 0.797 ; loss: 0.886
2018-03-20 17:59:07,019:INFO: - Eval metrics : accuracy: 0.682 ; loss: 1.276
2018-03-20 17:59:07,037:INFO: Epoch 49/120
2018-03-20 17:59:18,605:INFO: - Train metrics: accuracy: 0.812 ; loss: 0.818
2018-03-20 17:59:19,248:INFO: - Eval metrics : accuracy: 0.254 ; loss: 3.874
2018-03-20 17:59:19,264:INFO: Epoch 50/120
2018-03-20 17:59:30,852:INFO: - Train metrics: accuracy: 0.801 ; loss: 0.843
2018-03-20 17:59:31,505:INFO: - Eval metrics : accuracy: 0.213 ; loss: 5.234
2018-03-20 17:59:31,529:INFO: Epoch 51/120
2018-03-20 17:59:43,091:INFO: - Train metrics: accuracy: 0.816 ; loss: 0.799
2018-03-20 17:59:43,720:INFO: - Eval metrics : accuracy: 0.678 ; loss: 1.355
2018-03-20 17:59:43,736:INFO: Epoch 52/120
2018-03-20 17:59:55,284:INFO: - Train metrics: accuracy: 0.805 ; loss: 0.872
2018-03-20 17:59:55,936:INFO: - Eval metrics : accuracy: 0.092 ; loss: 7.607
2018-03-20 17:59:55,965:INFO: Epoch 53/120
2018-03-20 18:00:07,536:INFO: - Train metrics: accuracy: 0.812 ; loss: 0.789
2018-03-20 18:00:08,200:INFO: - Eval metrics : accuracy: 0.666 ; loss: 1.433
2018-03-20 18:00:08,216:INFO: Epoch 54/120
2018-03-20 18:00:19,770:INFO: - Train metrics: accuracy: 0.773 ; loss: 0.874
2018-03-20 18:00:20,403:INFO: - Eval metrics : accuracy: 0.332 ; loss: 3.871
2018-03-20 18:00:20,420:INFO: Epoch 55/120
2018-03-20 18:00:31,983:INFO: - Train metrics: accuracy: 0.785 ; loss: 0.778
2018-03-20 18:00:32,636:INFO: - Eval metrics : accuracy: 0.355 ; loss: 3.217
2018-03-20 18:00:32,652:INFO: Epoch 56/120
2018-03-20 18:00:44,183:INFO: - Train metrics: accuracy: 0.816 ; loss: 0.845
2018-03-20 18:00:44,807:INFO: - Eval metrics : accuracy: 0.336 ; loss: 3.416
2018-03-20 18:00:44,823:INFO: Epoch 57/120
2018-03-20 18:00:56,401:INFO: - Train metrics: accuracy: 0.852 ; loss: 0.716
2018-03-20 18:00:57,026:INFO: - Eval metrics : accuracy: 0.513 ; loss: 2.137
2018-03-20 18:00:57,041:INFO: Epoch 58/120
2018-03-20 18:01:08,622:INFO: - Train metrics: accuracy: 0.836 ; loss: 0.789
2018-03-20 18:01:09,240:INFO: - Eval metrics : accuracy: 0.099 ; loss: 6.051
2018-03-20 18:01:09,260:INFO: Epoch 59/120
2018-03-20 18:01:20,817:INFO: - Train metrics: accuracy: 0.809 ; loss: 0.798
2018-03-20 18:01:21,451:INFO: - Eval metrics : accuracy: 0.637 ; loss: 1.461
2018-03-20 18:01:21,467:INFO: Epoch 60/120
2018-03-20 18:01:33,026:INFO: - Train metrics: accuracy: 0.863 ; loss: 0.610
2018-03-20 18:01:33,679:INFO: - Eval metrics : accuracy: 0.721 ; loss: 1.095
2018-03-20 18:01:33,707:INFO: - Found new lowest loss
2018-03-20 18:01:33,709:INFO: Epoch 61/120
2018-03-20 18:01:45,276:INFO: - Train metrics: accuracy: 0.844 ; loss: 0.695
2018-03-20 18:01:45,907:INFO: - Eval metrics : accuracy: 0.482 ; loss: 2.651
2018-03-20 18:01:45,925:INFO: Epoch 62/120
2018-03-20 18:01:57,473:INFO: - Train metrics: accuracy: 0.848 ; loss: 0.636
2018-03-20 18:01:58,098:INFO: - Eval metrics : accuracy: 0.719 ; loss: 1.223
2018-03-20 18:01:58,125:INFO: Epoch 63/120
2018-03-20 18:02:09,653:INFO: - Train metrics: accuracy: 0.867 ; loss: 0.590
2018-03-20 18:02:10,297:INFO: - Eval metrics : accuracy: 0.636 ; loss: 1.502
2018-03-20 18:02:10,313:INFO: Epoch 64/120
2018-03-20 18:02:21,897:INFO: - Train metrics: accuracy: 0.785 ; loss: 0.762
2018-03-20 18:02:22,521:INFO: - Eval metrics : accuracy: 0.457 ; loss: 2.637
2018-03-20 18:02:22,545:INFO: Epoch 65/120
2018-03-20 18:02:34,080:INFO: - Train metrics: accuracy: 0.863 ; loss: 0.571
2018-03-20 18:02:34,726:INFO: - Eval metrics : accuracy: 0.835 ; loss: 0.687
2018-03-20 18:02:34,754:INFO: - Found new lowest loss
2018-03-20 18:02:34,755:INFO: Epoch 66/120
2018-03-20 18:02:46,288:INFO: - Train metrics: accuracy: 0.844 ; loss: 0.690
2018-03-20 18:02:46,939:INFO: - Eval metrics : accuracy: 0.259 ; loss: 4.297
2018-03-20 18:02:46,955:INFO: Epoch 67/120
2018-03-20 18:02:58,579:INFO: - Train metrics: accuracy: 0.840 ; loss: 0.623
2018-03-20 18:02:59,198:INFO: - Eval metrics : accuracy: 0.041 ; loss: 8.067
2018-03-20 18:02:59,217:INFO: Epoch 68/120
2018-03-20 18:03:10,800:INFO: - Train metrics: accuracy: 0.863 ; loss: 0.626
2018-03-20 18:03:11,448:INFO: - Eval metrics : accuracy: 0.151 ; loss: 6.474
2018-03-20 18:03:11,464:INFO: Epoch 69/120
2018-03-20 18:03:23,022:INFO: - Train metrics: accuracy: 0.887 ; loss: 0.553
2018-03-20 18:03:23,656:INFO: - Eval metrics : accuracy: 0.413 ; loss: 2.868
2018-03-20 18:03:23,672:INFO: Epoch 70/120
2018-03-20 18:03:35,239:INFO: - Train metrics: accuracy: 0.836 ; loss: 0.663
2018-03-20 18:03:35,891:INFO: - Eval metrics : accuracy: 0.133 ; loss: 6.997
2018-03-20 18:03:35,907:INFO: Epoch 71/120
2018-03-20 18:03:47,441:INFO: - Train metrics: accuracy: 0.855 ; loss: 0.619
2018-03-20 18:03:48,073:INFO: - Eval metrics : accuracy: 0.222 ; loss: 4.708
2018-03-20 18:03:48,093:INFO: Epoch 72/120
2018-03-20 18:03:59,664:INFO: - Train metrics: accuracy: 0.840 ; loss: 0.679
2018-03-20 18:04:00,292:INFO: - Eval metrics : accuracy: 0.553 ; loss: 2.033
2018-03-20 18:04:00,308:INFO: Epoch 73/120
2018-03-20 18:04:11,888:INFO: - Train metrics: accuracy: 0.855 ; loss: 0.587
2018-03-20 18:04:12,518:INFO: - Eval metrics : accuracy: 0.375 ; loss: 3.140
2018-03-20 18:04:12,537:INFO: Epoch 74/120
2018-03-20 18:04:24,123:INFO: - Train metrics: accuracy: 0.855 ; loss: 0.636
2018-03-20 18:04:24,766:INFO: - Eval metrics : accuracy: 0.922 ; loss: 0.382
2018-03-20 18:04:24,803:INFO: - Found new lowest loss
2018-03-20 18:04:24,804:INFO: Epoch 75/120
2018-03-20 18:04:36,295:INFO: - Train metrics: accuracy: 0.840 ; loss: 0.706
2018-03-20 18:04:36,918:INFO: - Eval metrics : accuracy: 0.301 ; loss: 3.867
2018-03-20 18:04:36,945:INFO: Epoch 76/120
2018-03-20 18:04:48,499:INFO: - Train metrics: accuracy: 0.875 ; loss: 0.635
2018-03-20 18:04:49,148:INFO: - Eval metrics : accuracy: 0.249 ; loss: 5.129
2018-03-20 18:04:49,165:INFO: Epoch 77/120
2018-03-20 18:05:00,790:INFO: - Train metrics: accuracy: 0.871 ; loss: 0.577
2018-03-20 18:05:01,434:INFO: - Eval metrics : accuracy: 0.492 ; loss: 2.401
2018-03-20 18:05:01,450:INFO: Epoch 78/120
2018-03-20 18:05:13,007:INFO: - Train metrics: accuracy: 0.844 ; loss: 0.624
2018-03-20 18:05:13,623:INFO: - Eval metrics : accuracy: 0.451 ; loss: 2.456
2018-03-20 18:05:13,639:INFO: Epoch 79/120
2018-03-20 18:05:25,216:INFO: - Train metrics: accuracy: 0.852 ; loss: 0.592
2018-03-20 18:05:25,816:INFO: - Eval metrics : accuracy: 0.219 ; loss: 4.436
2018-03-20 18:05:25,833:INFO: Epoch 80/120
2018-03-20 18:05:37,378:INFO: - Train metrics: accuracy: 0.875 ; loss: 0.569
2018-03-20 18:05:38,014:INFO: - Eval metrics : accuracy: 0.238 ; loss: 4.807
2018-03-20 18:05:38,033:INFO: Epoch 81/120
2018-03-20 18:05:49,615:INFO: - Train metrics: accuracy: 0.879 ; loss: 0.553
2018-03-20 18:05:50,235:INFO: - Eval metrics : accuracy: 0.302 ; loss: 3.727
2018-03-20 18:05:50,247:INFO: Epoch 82/120
2018-03-20 18:06:01,773:INFO: - Train metrics: accuracy: 0.863 ; loss: 0.647
2018-03-20 18:06:02,400:INFO: - Eval metrics : accuracy: 0.199 ; loss: 5.011
2018-03-20 18:06:02,416:INFO: Epoch 83/120
2018-03-20 18:06:13,960:INFO: - Train metrics: accuracy: 0.902 ; loss: 0.497
2018-03-20 18:06:14,596:INFO: - Eval metrics : accuracy: 0.775 ; loss: 0.914
2018-03-20 18:06:14,612:INFO: Epoch 84/120
2018-03-20 18:06:26,189:INFO: - Train metrics: accuracy: 0.875 ; loss: 0.528
2018-03-20 18:06:26,826:INFO: - Eval metrics : accuracy: 0.462 ; loss: 2.541
2018-03-20 18:06:26,845:INFO: Epoch 85/120
2018-03-20 18:06:38,438:INFO: - Train metrics: accuracy: 0.887 ; loss: 0.558
2018-03-20 18:06:39,061:INFO: - Eval metrics : accuracy: 0.570 ; loss: 1.958
2018-03-20 18:06:39,080:INFO: Epoch 86/120
2018-03-20 18:06:50,601:INFO: - Train metrics: accuracy: 0.887 ; loss: 0.542
2018-03-20 18:06:51,228:INFO: - Eval metrics : accuracy: 0.119 ; loss: 7.150
2018-03-20 18:06:51,243:INFO: Epoch 87/120
2018-03-20 18:07:02,791:INFO: - Train metrics: accuracy: 0.852 ; loss: 0.561
2018-03-20 18:07:03,427:INFO: - Eval metrics : accuracy: 0.663 ; loss: 1.446
2018-03-20 18:07:03,445:INFO: Epoch 88/120
2018-03-20 18:07:15,027:INFO: - Train metrics: accuracy: 0.875 ; loss: 0.562
2018-03-20 18:07:15,693:INFO: - Eval metrics : accuracy: 0.657 ; loss: 1.454
2018-03-20 18:07:15,721:INFO: Epoch 89/120
2018-03-20 18:07:27,271:INFO: - Train metrics: accuracy: 0.902 ; loss: 0.494
2018-03-20 18:07:27,916:INFO: - Eval metrics : accuracy: 0.259 ; loss: 4.184
2018-03-20 18:07:27,937:INFO: Epoch 90/120
2018-03-20 18:07:39,487:INFO: - Train metrics: accuracy: 0.887 ; loss: 0.493
2018-03-20 18:07:40,110:INFO: - Eval metrics : accuracy: 0.365 ; loss: 3.267
2018-03-20 18:07:40,129:INFO: Epoch 91/120
2018-03-20 18:07:51,735:INFO: - Train metrics: accuracy: 0.895 ; loss: 0.518
2018-03-20 18:07:52,358:INFO: - Eval metrics : accuracy: 0.799 ; loss: 0.806
2018-03-20 18:07:52,377:INFO: Epoch 92/120
2018-03-20 18:08:03,950:INFO: - Train metrics: accuracy: 0.906 ; loss: 0.503
2018-03-20 18:08:04,575:INFO: - Eval metrics : accuracy: 0.328 ; loss: 3.698
2018-03-20 18:08:04,601:INFO: Epoch 93/120
2018-03-20 18:08:16,103:INFO: - Train metrics: accuracy: 0.906 ; loss: 0.483
2018-03-20 18:08:16,753:INFO: - Eval metrics : accuracy: 0.665 ; loss: 1.423
2018-03-20 18:08:16,769:INFO: Epoch 94/120
2018-03-20 18:08:28,342:INFO: - Train metrics: accuracy: 0.891 ; loss: 0.517
2018-03-20 18:08:28,961:INFO: - Eval metrics : accuracy: 0.935 ; loss: 0.347
2018-03-20 18:08:28,988:INFO: - Found new lowest loss
2018-03-20 18:08:28,989:INFO: Epoch 95/120
2018-03-20 18:08:40,535:INFO: - Train metrics: accuracy: 0.902 ; loss: 0.445
2018-03-20 18:08:41,181:INFO: - Eval metrics : accuracy: 0.428 ; loss: 2.645
2018-03-20 18:08:41,198:INFO: Epoch 96/120
2018-03-20 18:08:52,768:INFO: - Train metrics: accuracy: 0.891 ; loss: 0.438
2018-03-20 18:08:53,397:INFO: - Eval metrics : accuracy: 0.332 ; loss: 3.303
2018-03-20 18:08:53,413:INFO: Epoch 97/120
2018-03-20 18:09:04,969:INFO: - Train metrics: accuracy: 0.879 ; loss: 0.543
2018-03-20 18:09:05,626:INFO: - Eval metrics : accuracy: 0.763 ; loss: 0.973
2018-03-20 18:09:05,645:INFO: Epoch 98/120
2018-03-20 18:09:17,217:INFO: - Train metrics: accuracy: 0.902 ; loss: 0.504
2018-03-20 18:09:17,893:INFO: - Eval metrics : accuracy: 0.077 ; loss: 8.698
2018-03-20 18:09:17,908:INFO: Epoch 99/120
2018-03-20 18:09:29,499:INFO: - Train metrics: accuracy: 0.879 ; loss: 0.513
2018-03-20 18:09:30,114:INFO: - Eval metrics : accuracy: 0.538 ; loss: 2.160
2018-03-20 18:09:30,130:INFO: Epoch 100/120
2018-03-20 18:09:41,695:INFO: - Train metrics: accuracy: 0.895 ; loss: 0.473
2018-03-20 18:09:42,323:INFO: - Eval metrics : accuracy: 0.534 ; loss: 2.185
2018-03-20 18:09:42,339:INFO: Epoch 101/120
2018-03-20 18:09:53,935:INFO: - Train metrics: accuracy: 0.926 ; loss: 0.368
2018-03-20 18:09:54,571:INFO: - Eval metrics : accuracy: 0.345 ; loss: 3.764
2018-03-20 18:09:54,593:INFO: Epoch 102/120
2018-03-20 18:10:06,141:INFO: - Train metrics: accuracy: 0.910 ; loss: 0.426
2018-03-20 18:10:06,768:INFO: - Eval metrics : accuracy: 0.568 ; loss: 1.918
2018-03-20 18:10:06,784:INFO: Epoch 103/120
2018-03-20 18:10:18,320:INFO: - Train metrics: accuracy: 0.934 ; loss: 0.362
2018-03-20 18:10:18,988:INFO: - Eval metrics : accuracy: 0.331 ; loss: 4.030
2018-03-20 18:10:19,000:INFO: Epoch 104/120
2018-03-20 18:10:30,595:INFO: - Train metrics: accuracy: 0.914 ; loss: 0.423
2018-03-20 18:10:31,250:INFO: - Eval metrics : accuracy: 0.388 ; loss: 3.026
2018-03-20 18:10:31,265:INFO: Epoch 105/120
2018-03-20 18:10:42,845:INFO: - Train metrics: accuracy: 0.910 ; loss: 0.422
2018-03-20 18:10:43,464:INFO: - Eval metrics : accuracy: 0.375 ; loss: 3.106
2018-03-20 18:10:43,481:INFO: Epoch 106/120
2018-03-20 18:10:55,017:INFO: - Train metrics: accuracy: 0.910 ; loss: 0.401
2018-03-20 18:10:55,653:INFO: - Eval metrics : accuracy: 0.037 ; loss: 8.642
2018-03-20 18:10:55,669:INFO: Epoch 107/120
2018-03-20 18:11:07,251:INFO: - Train metrics: accuracy: 0.895 ; loss: 0.469
2018-03-20 18:11:07,895:INFO: - Eval metrics : accuracy: 0.273 ; loss: 3.904
2018-03-20 18:11:07,921:INFO: Epoch 108/120
2018-03-20 18:11:19,458:INFO: - Train metrics: accuracy: 0.934 ; loss: 0.418
2018-03-20 18:11:20,114:INFO: - Eval metrics : accuracy: 0.271 ; loss: 3.883
2018-03-20 18:11:20,133:INFO: Epoch 109/120
2018-03-20 18:11:31,723:INFO: - Train metrics: accuracy: 0.914 ; loss: 0.401
2018-03-20 18:11:32,353:INFO: - Eval metrics : accuracy: 0.592 ; loss: 1.731
2018-03-20 18:11:32,369:INFO: Epoch 110/120
2018-03-20 18:11:43,970:INFO: - Train metrics: accuracy: 0.918 ; loss: 0.402
2018-03-20 18:11:44,614:INFO: - Eval metrics : accuracy: 0.580 ; loss: 1.841
2018-03-20 18:11:44,641:INFO: Epoch 111/120
2018-03-20 18:11:56,187:INFO: - Train metrics: accuracy: 0.926 ; loss: 0.396
2018-03-20 18:11:56,815:INFO: - Eval metrics : accuracy: 0.590 ; loss: 1.821
2018-03-20 18:11:56,831:INFO: Epoch 112/120
2018-03-20 18:12:08,361:INFO: - Train metrics: accuracy: 0.922 ; loss: 0.461
2018-03-20 18:12:09,011:INFO: - Eval metrics : accuracy: 0.384 ; loss: 3.434
2018-03-20 18:12:09,037:INFO: Epoch 113/120
2018-03-20 18:12:20,593:INFO: - Train metrics: accuracy: 0.895 ; loss: 0.458
2018-03-20 18:12:21,235:INFO: - Eval metrics : accuracy: 0.437 ; loss: 2.689
2018-03-20 18:12:21,250:INFO: Epoch 114/120
2018-03-20 18:12:32,815:INFO: - Train metrics: accuracy: 0.918 ; loss: 0.385
2018-03-20 18:12:33,485:INFO: - Eval metrics : accuracy: 0.100 ; loss: 7.851
2018-03-20 18:12:33,501:INFO: Epoch 115/120
2018-03-20 18:12:45,114:INFO: - Train metrics: accuracy: 0.926 ; loss: 0.422
2018-03-20 18:12:45,733:INFO: - Eval metrics : accuracy: 0.514 ; loss: 2.322
2018-03-20 18:12:45,749:INFO: Epoch 116/120
2018-03-20 18:12:57,320:INFO: - Train metrics: accuracy: 0.875 ; loss: 0.457
2018-03-20 18:12:57,955:INFO: - Eval metrics : accuracy: 0.632 ; loss: 1.588
2018-03-20 18:12:57,970:INFO: Epoch 117/120
2018-03-20 18:13:09,500:INFO: - Train metrics: accuracy: 0.906 ; loss: 0.451
2018-03-20 18:13:10,118:INFO: - Eval metrics : accuracy: 0.526 ; loss: 2.198
2018-03-20 18:13:10,134:INFO: Epoch 118/120
2018-03-20 18:13:21,684:INFO: - Train metrics: accuracy: 0.898 ; loss: 0.460
2018-03-20 18:13:22,323:INFO: - Eval metrics : accuracy: 0.209 ; loss: 4.751
2018-03-20 18:13:22,340:INFO: Epoch 119/120
2018-03-20 18:13:33,921:INFO: - Train metrics: accuracy: 0.945 ; loss: 0.317
2018-03-20 18:13:34,584:INFO: - Eval metrics : accuracy: 0.592 ; loss: 1.789
2018-03-20 18:13:34,600:INFO: Epoch 120/120
2018-03-20 18:13:46,173:INFO: - Train metrics: accuracy: 0.934 ; loss: 0.398
2018-03-20 18:13:46,826:INFO: - Eval metrics : accuracy: 0.621 ; loss: 1.666
