2018-03-20 06:02:44,707:INFO: Loading the datasets...
2018-03-20 06:02:44,770:INFO: - done.
2018-03-20 06:02:47,000:INFO: Starting training for 40 epoch(s)
2018-03-20 06:02:47,000:INFO: Epoch 1/40
2018-03-20 06:02:58,881:INFO: - Train metrics: accuracy: 0.008 ; loss: 5.769
2018-03-20 06:02:59,520:INFO: - Eval metrics : accuracy: 0.003 ; loss: 6.026
2018-03-20 06:02:59,538:INFO: - Found new lowest loss
2018-03-20 06:02:59,539:INFO: Epoch 2/40
2018-03-20 06:03:10,540:INFO: - Train metrics: accuracy: 0.021 ; loss: 5.280
2018-03-20 06:03:11,196:INFO: - Eval metrics : accuracy: 0.025 ; loss: 5.044
2018-03-20 06:03:11,226:INFO: - Found new lowest loss
2018-03-20 06:03:11,227:INFO: Epoch 3/40
2018-03-20 06:03:22,242:INFO: - Train metrics: accuracy: 0.064 ; loss: 4.967
2018-03-20 06:03:22,878:INFO: - Eval metrics : accuracy: 0.068 ; loss: 4.760
2018-03-20 06:03:22,908:INFO: - Found new lowest loss
2018-03-20 06:03:22,909:INFO: Epoch 4/40
2018-03-20 06:03:33,925:INFO: - Train metrics: accuracy: 0.064 ; loss: 4.678
2018-03-20 06:03:34,527:INFO: - Eval metrics : accuracy: 0.036 ; loss: 5.027
2018-03-20 06:03:34,545:INFO: Epoch 5/40
2018-03-20 06:03:45,583:INFO: - Train metrics: accuracy: 0.123 ; loss: 4.337
2018-03-20 06:03:46,245:INFO: - Eval metrics : accuracy: 0.150 ; loss: 4.275
2018-03-20 06:03:46,272:INFO: - Found new lowest loss
2018-03-20 06:03:46,273:INFO: Epoch 6/40
2018-03-20 06:03:57,292:INFO: - Train metrics: accuracy: 0.146 ; loss: 4.123
2018-03-20 06:03:57,940:INFO: - Eval metrics : accuracy: 0.172 ; loss: 4.061
2018-03-20 06:03:57,969:INFO: - Found new lowest loss
2018-03-20 06:03:57,969:INFO: Epoch 7/40
2018-03-20 06:04:09,000:INFO: - Train metrics: accuracy: 0.176 ; loss: 3.884
2018-03-20 06:04:09,665:INFO: - Eval metrics : accuracy: 0.033 ; loss: 5.473
2018-03-20 06:04:09,691:INFO: Epoch 8/40
2018-03-20 06:04:20,713:INFO: - Train metrics: accuracy: 0.193 ; loss: 3.676
2018-03-20 06:04:21,356:INFO: - Eval metrics : accuracy: 0.268 ; loss: 3.528
2018-03-20 06:04:21,384:INFO: - Found new lowest loss
2018-03-20 06:04:21,385:INFO: Epoch 9/40
2018-03-20 06:04:32,388:INFO: - Train metrics: accuracy: 0.219 ; loss: 3.516
2018-03-20 06:04:33,056:INFO: - Eval metrics : accuracy: 0.212 ; loss: 3.708
2018-03-20 06:04:33,071:INFO: Epoch 10/40
2018-03-20 06:04:44,069:INFO: - Train metrics: accuracy: 0.238 ; loss: 3.394
2018-03-20 06:04:44,715:INFO: - Eval metrics : accuracy: 0.019 ; loss: 6.663
2018-03-20 06:04:44,730:INFO: Epoch 11/40
2018-03-20 06:04:55,751:INFO: - Train metrics: accuracy: 0.271 ; loss: 3.204
2018-03-20 06:04:56,384:INFO: - Eval metrics : accuracy: 0.331 ; loss: 3.033
2018-03-20 06:04:56,412:INFO: - Found new lowest loss
2018-03-20 06:04:56,413:INFO: Epoch 12/40
2018-03-20 06:05:07,401:INFO: - Train metrics: accuracy: 0.309 ; loss: 3.029
2018-03-20 06:05:08,034:INFO: - Eval metrics : accuracy: 0.275 ; loss: 3.355
2018-03-20 06:05:08,053:INFO: Epoch 13/40
2018-03-20 06:05:19,052:INFO: - Train metrics: accuracy: 0.316 ; loss: 3.007
2018-03-20 06:05:19,684:INFO: - Eval metrics : accuracy: 0.309 ; loss: 3.032
2018-03-20 06:05:19,713:INFO: - Found new lowest loss
2018-03-20 06:05:19,714:INFO: Epoch 14/40
2018-03-20 06:05:30,711:INFO: - Train metrics: accuracy: 0.381 ; loss: 2.740
2018-03-20 06:05:31,401:INFO: - Eval metrics : accuracy: 0.114 ; loss: 4.854
2018-03-20 06:05:31,425:INFO: Epoch 15/40
2018-03-20 06:05:42,448:INFO: - Train metrics: accuracy: 0.373 ; loss: 2.586
2018-03-20 06:05:43,118:INFO: - Eval metrics : accuracy: 0.362 ; loss: 2.744
2018-03-20 06:05:43,154:INFO: - Found new lowest loss
2018-03-20 06:05:43,156:INFO: Epoch 16/40
2018-03-20 06:05:54,141:INFO: - Train metrics: accuracy: 0.428 ; loss: 2.350
2018-03-20 06:05:54,800:INFO: - Eval metrics : accuracy: 0.027 ; loss: 6.812
2018-03-20 06:05:54,818:INFO: Epoch 17/40
2018-03-20 06:06:05,829:INFO: - Train metrics: accuracy: 0.422 ; loss: 2.438
2018-03-20 06:06:06,453:INFO: - Eval metrics : accuracy: 0.070 ; loss: 5.128
2018-03-20 06:06:06,477:INFO: Epoch 18/40
2018-03-20 06:06:17,489:INFO: - Train metrics: accuracy: 0.457 ; loss: 2.287
2018-03-20 06:06:18,152:INFO: - Eval metrics : accuracy: 0.210 ; loss: 3.518
2018-03-20 06:06:18,168:INFO: Epoch 19/40
2018-03-20 06:06:29,190:INFO: - Train metrics: accuracy: 0.467 ; loss: 2.202
2018-03-20 06:06:29,824:INFO: - Eval metrics : accuracy: 0.139 ; loss: 4.612
2018-03-20 06:06:29,840:INFO: Epoch 20/40
2018-03-20 06:06:40,866:INFO: - Train metrics: accuracy: 0.441 ; loss: 2.272
2018-03-20 06:06:41,497:INFO: - Eval metrics : accuracy: 0.060 ; loss: 6.438
2018-03-20 06:06:41,517:INFO: Epoch 21/40
2018-03-20 06:06:52,512:INFO: - Train metrics: accuracy: 0.488 ; loss: 2.059
2018-03-20 06:06:53,176:INFO: - Eval metrics : accuracy: 0.024 ; loss: 7.311
2018-03-20 06:06:53,197:INFO: Epoch 22/40
2018-03-20 06:07:04,197:INFO: - Train metrics: accuracy: 0.541 ; loss: 2.001
2018-03-20 06:07:04,834:INFO: - Eval metrics : accuracy: 0.097 ; loss: 5.573
2018-03-20 06:07:04,859:INFO: Epoch 23/40
2018-03-20 06:07:15,862:INFO: - Train metrics: accuracy: 0.531 ; loss: 2.060
2018-03-20 06:07:16,510:INFO: - Eval metrics : accuracy: 0.176 ; loss: 3.824
2018-03-20 06:07:16,537:INFO: Epoch 24/40
2018-03-20 06:07:27,538:INFO: - Train metrics: accuracy: 0.561 ; loss: 1.728
2018-03-20 06:07:28,184:INFO: - Eval metrics : accuracy: 0.052 ; loss: 6.921
2018-03-20 06:07:28,200:INFO: Epoch 25/40
2018-03-20 06:07:39,231:INFO: - Train metrics: accuracy: 0.557 ; loss: 1.712
2018-03-20 06:07:39,863:INFO: - Eval metrics : accuracy: 0.363 ; loss: 2.785
2018-03-20 06:07:39,879:INFO: Epoch 26/40
2018-03-20 06:07:50,857:INFO: - Train metrics: accuracy: 0.586 ; loss: 1.725
2018-03-20 06:07:51,520:INFO: - Eval metrics : accuracy: 0.270 ; loss: 3.282
2018-03-20 06:07:51,549:INFO: Epoch 27/40
2018-03-20 06:08:02,576:INFO: - Train metrics: accuracy: 0.557 ; loss: 1.739
2018-03-20 06:08:03,238:INFO: - Eval metrics : accuracy: 0.531 ; loss: 1.924
2018-03-20 06:08:03,266:INFO: - Found new lowest loss
2018-03-20 06:08:03,266:INFO: Epoch 28/40
2018-03-20 06:08:14,275:INFO: - Train metrics: accuracy: 0.594 ; loss: 1.647
2018-03-20 06:08:14,929:INFO: - Eval metrics : accuracy: 0.074 ; loss: 5.802
2018-03-20 06:08:14,945:INFO: Epoch 29/40
2018-03-20 06:08:25,957:INFO: - Train metrics: accuracy: 0.543 ; loss: 1.718
2018-03-20 06:08:26,596:INFO: - Eval metrics : accuracy: 0.440 ; loss: 2.296
2018-03-20 06:08:26,612:INFO: Epoch 30/40
2018-03-20 06:08:37,635:INFO: - Train metrics: accuracy: 0.557 ; loss: 1.639
2018-03-20 06:08:38,291:INFO: - Eval metrics : accuracy: 0.272 ; loss: 3.323
2018-03-20 06:08:38,317:INFO: Epoch 31/40
2018-03-20 06:08:49,310:INFO: - Train metrics: accuracy: 0.619 ; loss: 1.527
2018-03-20 06:08:49,954:INFO: - Eval metrics : accuracy: 0.099 ; loss: 5.299
2018-03-20 06:08:49,973:INFO: Epoch 32/40
2018-03-20 06:09:00,951:INFO: - Train metrics: accuracy: 0.645 ; loss: 1.493
2018-03-20 06:09:01,605:INFO: - Eval metrics : accuracy: 0.420 ; loss: 2.483
2018-03-20 06:09:01,619:INFO: Epoch 33/40
2018-03-20 06:09:12,657:INFO: - Train metrics: accuracy: 0.615 ; loss: 1.450
2018-03-20 06:09:13,296:INFO: - Eval metrics : accuracy: 0.258 ; loss: 3.502
2018-03-20 06:09:13,308:INFO: Epoch 34/40
2018-03-20 06:09:24,302:INFO: - Train metrics: accuracy: 0.625 ; loss: 1.495
2018-03-20 06:09:24,916:INFO: - Eval metrics : accuracy: 0.354 ; loss: 2.863
2018-03-20 06:09:24,949:INFO: Epoch 35/40
2018-03-20 06:09:35,927:INFO: - Train metrics: accuracy: 0.648 ; loss: 1.415
2018-03-20 06:09:36,584:INFO: - Eval metrics : accuracy: 0.107 ; loss: 5.325
2018-03-20 06:09:36,600:INFO: Epoch 36/40
2018-03-20 06:09:47,609:INFO: - Train metrics: accuracy: 0.623 ; loss: 1.434
2018-03-20 06:09:48,230:INFO: - Eval metrics : accuracy: 0.644 ; loss: 1.359
2018-03-20 06:09:48,258:INFO: - Found new lowest loss
2018-03-20 06:09:48,259:INFO: Epoch 37/40
2018-03-20 06:09:59,249:INFO: - Train metrics: accuracy: 0.674 ; loss: 1.269
2018-03-20 06:09:59,891:INFO: - Eval metrics : accuracy: 0.449 ; loss: 2.302
2018-03-20 06:09:59,917:INFO: Epoch 38/40
2018-03-20 06:10:10,973:INFO: - Train metrics: accuracy: 0.660 ; loss: 1.310
2018-03-20 06:10:11,628:INFO: - Eval metrics : accuracy: 0.239 ; loss: 3.348
2018-03-20 06:10:11,644:INFO: Epoch 39/40
2018-03-20 06:10:22,654:INFO: - Train metrics: accuracy: 0.672 ; loss: 1.259
2018-03-20 06:10:23,304:INFO: - Eval metrics : accuracy: 0.559 ; loss: 1.628
2018-03-20 06:10:23,327:INFO: Epoch 40/40
2018-03-20 06:10:34,330:INFO: - Train metrics: accuracy: 0.676 ; loss: 1.281
2018-03-20 06:10:34,961:INFO: - Eval metrics : accuracy: 0.123 ; loss: 4.893
