2018-03-20 12:57:07,074:INFO: Loading the datasets...
2018-03-20 12:57:07,137:INFO: - done.
2018-03-20 12:57:09,384:INFO: Starting training for 50 epoch(s)
2018-03-20 12:57:09,384:INFO: Epoch 1/50
2018-03-20 12:57:23,274:INFO: - Train metrics: accuracy: 0.027 ; loss: 5.768
2018-03-20 12:57:23,975:INFO: - Eval metrics : accuracy: 0.081 ; loss: 5.148
2018-03-20 12:57:23,992:INFO: - Found new lowest loss
2018-03-20 12:57:23,993:INFO: Epoch 2/50
2018-03-20 12:57:37,312:INFO: - Train metrics: accuracy: 0.098 ; loss: 4.886
2018-03-20 12:57:38,034:INFO: - Eval metrics : accuracy: 0.042 ; loss: 5.507
2018-03-20 12:57:38,047:INFO: Epoch 3/50
2018-03-20 12:57:51,599:INFO: - Train metrics: accuracy: 0.152 ; loss: 4.170
2018-03-20 12:57:52,315:INFO: - Eval metrics : accuracy: 0.024 ; loss: 6.879
2018-03-20 12:57:52,327:INFO: Epoch 4/50
2018-03-20 12:58:05,667:INFO: - Train metrics: accuracy: 0.258 ; loss: 3.704
2018-03-20 12:58:06,408:INFO: - Eval metrics : accuracy: 0.017 ; loss: 6.989
2018-03-20 12:58:06,424:INFO: Epoch 5/50
2018-03-20 12:58:19,996:INFO: - Train metrics: accuracy: 0.301 ; loss: 3.409
2018-03-20 12:58:20,726:INFO: - Eval metrics : accuracy: 0.063 ; loss: 5.139
2018-03-20 12:58:20,754:INFO: - Found new lowest loss
2018-03-20 12:58:20,754:INFO: Epoch 6/50
2018-03-20 12:58:34,218:INFO: - Train metrics: accuracy: 0.352 ; loss: 3.194
2018-03-20 12:58:34,942:INFO: - Eval metrics : accuracy: 0.140 ; loss: 4.625
2018-03-20 12:58:34,968:INFO: - Found new lowest loss
2018-03-20 12:58:34,969:INFO: Epoch 7/50
2018-03-20 12:58:48,138:INFO: - Train metrics: accuracy: 0.301 ; loss: 3.326
2018-03-20 12:58:48,870:INFO: - Eval metrics : accuracy: 0.056 ; loss: 6.473
2018-03-20 12:58:48,889:INFO: Epoch 8/50
2018-03-20 12:59:02,293:INFO: - Train metrics: accuracy: 0.395 ; loss: 2.805
2018-03-20 12:59:03,001:INFO: - Eval metrics : accuracy: 0.107 ; loss: 5.492
2018-03-20 12:59:03,017:INFO: Epoch 9/50
2018-03-20 12:59:16,203:INFO: - Train metrics: accuracy: 0.508 ; loss: 2.392
2018-03-20 12:59:16,907:INFO: - Eval metrics : accuracy: 0.225 ; loss: 3.721
2018-03-20 12:59:16,934:INFO: - Found new lowest loss
2018-03-20 12:59:16,935:INFO: Epoch 10/50
2018-03-20 12:59:30,470:INFO: - Train metrics: accuracy: 0.426 ; loss: 2.560
2018-03-20 12:59:31,187:INFO: - Eval metrics : accuracy: 0.157 ; loss: 4.517
2018-03-20 12:59:31,209:INFO: Epoch 11/50
2018-03-20 12:59:44,618:INFO: - Train metrics: accuracy: 0.441 ; loss: 2.359
2018-03-20 12:59:45,353:INFO: - Eval metrics : accuracy: 0.218 ; loss: 3.818
2018-03-20 12:59:45,373:INFO: Epoch 12/50
2018-03-20 12:59:58,871:INFO: - Train metrics: accuracy: 0.465 ; loss: 2.402
2018-03-20 12:59:59,585:INFO: - Eval metrics : accuracy: 0.103 ; loss: 5.356
2018-03-20 12:59:59,600:INFO: Epoch 13/50
2018-03-20 13:00:12,880:INFO: - Train metrics: accuracy: 0.535 ; loss: 2.171
2018-03-20 13:00:13,603:INFO: - Eval metrics : accuracy: 0.331 ; loss: 3.106
2018-03-20 13:00:13,631:INFO: - Found new lowest loss
2018-03-20 13:00:13,631:INFO: Epoch 14/50
2018-03-20 13:00:27,121:INFO: - Train metrics: accuracy: 0.480 ; loss: 2.102
2018-03-20 13:00:27,821:INFO: - Eval metrics : accuracy: 0.453 ; loss: 2.428
2018-03-20 13:00:27,848:INFO: - Found new lowest loss
2018-03-20 13:00:27,849:INFO: Epoch 15/50
2018-03-20 13:00:41,071:INFO: - Train metrics: accuracy: 0.551 ; loss: 2.011
2018-03-20 13:00:41,764:INFO: - Eval metrics : accuracy: 0.062 ; loss: 6.556
2018-03-20 13:00:41,780:INFO: Epoch 16/50
2018-03-20 13:00:55,288:INFO: - Train metrics: accuracy: 0.539 ; loss: 1.890
2018-03-20 13:00:56,008:INFO: - Eval metrics : accuracy: 0.257 ; loss: 3.554
2018-03-20 13:00:56,023:INFO: Epoch 17/50
2018-03-20 13:01:09,602:INFO: - Train metrics: accuracy: 0.578 ; loss: 1.885
2018-03-20 13:01:10,339:INFO: - Eval metrics : accuracy: 0.227 ; loss: 4.087
2018-03-20 13:01:10,351:INFO: Epoch 18/50
2018-03-20 13:01:23,864:INFO: - Train metrics: accuracy: 0.535 ; loss: 1.909
2018-03-20 13:01:24,577:INFO: - Eval metrics : accuracy: 0.244 ; loss: 3.634
2018-03-20 13:01:24,601:INFO: Epoch 19/50
2018-03-20 13:01:38,063:INFO: - Train metrics: accuracy: 0.609 ; loss: 1.836
2018-03-20 13:01:38,807:INFO: - Eval metrics : accuracy: 0.217 ; loss: 4.122
2018-03-20 13:01:38,832:INFO: Epoch 20/50
2018-03-20 13:01:52,207:INFO: - Train metrics: accuracy: 0.582 ; loss: 1.849
2018-03-20 13:01:52,937:INFO: - Eval metrics : accuracy: 0.352 ; loss: 2.918
2018-03-20 13:01:52,957:INFO: Epoch 21/50
2018-03-20 13:02:06,483:INFO: - Train metrics: accuracy: 0.602 ; loss: 1.628
2018-03-20 13:02:07,202:INFO: - Eval metrics : accuracy: 0.055 ; loss: 8.470
2018-03-20 13:02:07,221:INFO: Epoch 22/50
2018-03-20 13:02:20,690:INFO: - Train metrics: accuracy: 0.621 ; loss: 1.607
2018-03-20 13:02:21,420:INFO: - Eval metrics : accuracy: 0.481 ; loss: 2.386
2018-03-20 13:02:21,448:INFO: - Found new lowest loss
2018-03-20 13:02:21,448:INFO: Epoch 23/50
2018-03-20 13:02:34,890:INFO: - Train metrics: accuracy: 0.590 ; loss: 1.708
2018-03-20 13:02:35,606:INFO: - Eval metrics : accuracy: 0.538 ; loss: 2.064
2018-03-20 13:02:35,632:INFO: - Found new lowest loss
2018-03-20 13:02:35,633:INFO: Epoch 24/50
2018-03-20 13:02:49,037:INFO: - Train metrics: accuracy: 0.621 ; loss: 1.579
2018-03-20 13:02:49,751:INFO: - Eval metrics : accuracy: 0.156 ; loss: 4.935
2018-03-20 13:02:49,777:INFO: Epoch 25/50
2018-03-20 13:03:03,247:INFO: - Train metrics: accuracy: 0.621 ; loss: 1.791
2018-03-20 13:03:03,963:INFO: - Eval metrics : accuracy: 0.558 ; loss: 1.909
2018-03-20 13:03:03,991:INFO: - Found new lowest loss
2018-03-20 13:03:03,992:INFO: Epoch 26/50
2018-03-20 13:03:17,445:INFO: - Train metrics: accuracy: 0.652 ; loss: 1.589
2018-03-20 13:03:18,174:INFO: - Eval metrics : accuracy: 0.738 ; loss: 1.148
2018-03-20 13:03:18,202:INFO: - Found new lowest loss
2018-03-20 13:03:18,203:INFO: Epoch 27/50
2018-03-20 13:03:31,497:INFO: - Train metrics: accuracy: 0.680 ; loss: 1.312
2018-03-20 13:03:32,225:INFO: - Eval metrics : accuracy: 0.353 ; loss: 2.983
2018-03-20 13:03:32,245:INFO: Epoch 28/50
2018-03-20 13:03:45,448:INFO: - Train metrics: accuracy: 0.648 ; loss: 1.621
2018-03-20 13:03:46,166:INFO: - Eval metrics : accuracy: 0.034 ; loss: 10.196
2018-03-20 13:03:46,181:INFO: Epoch 29/50
2018-03-20 13:03:59,398:INFO: - Train metrics: accuracy: 0.660 ; loss: 1.490
2018-03-20 13:04:00,118:INFO: - Eval metrics : accuracy: 0.233 ; loss: 3.939
2018-03-20 13:04:00,130:INFO: Epoch 30/50
2018-03-20 13:04:13,470:INFO: - Train metrics: accuracy: 0.699 ; loss: 1.320
2018-03-20 13:04:14,193:INFO: - Eval metrics : accuracy: 0.633 ; loss: 1.571
2018-03-20 13:04:14,209:INFO: Epoch 31/50
2018-03-20 13:04:27,527:INFO: - Train metrics: accuracy: 0.691 ; loss: 1.378
2018-03-20 13:04:28,263:INFO: - Eval metrics : accuracy: 0.128 ; loss: 5.574
2018-03-20 13:04:28,296:INFO: Epoch 32/50
2018-03-20 13:04:41,601:INFO: - Train metrics: accuracy: 0.656 ; loss: 1.457
2018-03-20 13:04:42,327:INFO: - Eval metrics : accuracy: 0.144 ; loss: 5.578
2018-03-20 13:04:42,343:INFO: Epoch 33/50
2018-03-20 13:04:55,865:INFO: - Train metrics: accuracy: 0.695 ; loss: 1.322
2018-03-20 13:04:56,594:INFO: - Eval metrics : accuracy: 0.524 ; loss: 2.001
2018-03-20 13:04:56,613:INFO: Epoch 34/50
2018-03-20 13:05:09,973:INFO: - Train metrics: accuracy: 0.699 ; loss: 1.249
2018-03-20 13:05:10,682:INFO: - Eval metrics : accuracy: 0.134 ; loss: 5.532
2018-03-20 13:05:10,705:INFO: Epoch 35/50
2018-03-20 13:05:23,885:INFO: - Train metrics: accuracy: 0.641 ; loss: 1.435
2018-03-20 13:05:24,602:INFO: - Eval metrics : accuracy: 0.242 ; loss: 4.077
2018-03-20 13:05:24,621:INFO: Epoch 36/50
2018-03-20 13:05:37,915:INFO: - Train metrics: accuracy: 0.633 ; loss: 1.483
2018-03-20 13:05:38,624:INFO: - Eval metrics : accuracy: 0.125 ; loss: 6.013
2018-03-20 13:05:38,639:INFO: Epoch 37/50
2018-03-20 13:05:51,898:INFO: - Train metrics: accuracy: 0.676 ; loss: 1.309
2018-03-20 13:05:52,592:INFO: - Eval metrics : accuracy: 0.485 ; loss: 2.406
2018-03-20 13:05:52,609:INFO: Epoch 38/50
2018-03-20 13:06:05,859:INFO: - Train metrics: accuracy: 0.645 ; loss: 1.355
2018-03-20 13:06:06,557:INFO: - Eval metrics : accuracy: 0.055 ; loss: 8.488
2018-03-20 13:06:06,573:INFO: Epoch 39/50
2018-03-20 13:06:20,044:INFO: - Train metrics: accuracy: 0.688 ; loss: 1.301
2018-03-20 13:06:20,743:INFO: - Eval metrics : accuracy: 0.173 ; loss: 4.933
2018-03-20 13:06:20,769:INFO: Epoch 40/50
2018-03-20 13:06:34,231:INFO: - Train metrics: accuracy: 0.680 ; loss: 1.241
2018-03-20 13:06:34,953:INFO: - Eval metrics : accuracy: 0.572 ; loss: 1.798
2018-03-20 13:06:34,970:INFO: Epoch 41/50
2018-03-20 13:06:48,177:INFO: - Train metrics: accuracy: 0.680 ; loss: 1.360
2018-03-20 13:06:48,895:INFO: - Eval metrics : accuracy: 0.538 ; loss: 2.058
2018-03-20 13:06:48,907:INFO: Epoch 42/50
2018-03-20 13:07:02,293:INFO: - Train metrics: accuracy: 0.633 ; loss: 1.396
2018-03-20 13:07:03,011:INFO: - Eval metrics : accuracy: 0.266 ; loss: 4.172
2018-03-20 13:07:03,028:INFO: Epoch 43/50
2018-03-20 13:07:16,568:INFO: - Train metrics: accuracy: 0.727 ; loss: 1.150
2018-03-20 13:07:17,276:INFO: - Eval metrics : accuracy: 0.015 ; loss: 13.424
2018-03-20 13:07:17,296:INFO: Epoch 44/50
2018-03-20 13:07:30,752:INFO: - Train metrics: accuracy: 0.703 ; loss: 1.179
2018-03-20 13:07:31,475:INFO: - Eval metrics : accuracy: 0.130 ; loss: 5.262
2018-03-20 13:07:31,501:INFO: Epoch 45/50
2018-03-20 13:07:44,722:INFO: - Train metrics: accuracy: 0.680 ; loss: 1.327
2018-03-20 13:07:45,446:INFO: - Eval metrics : accuracy: 0.336 ; loss: 3.381
2018-03-20 13:07:45,469:INFO: Epoch 46/50
2018-03-20 13:07:58,691:INFO: - Train metrics: accuracy: 0.691 ; loss: 1.269
2018-03-20 13:07:59,442:INFO: - Eval metrics : accuracy: 0.522 ; loss: 2.066
2018-03-20 13:07:59,461:INFO: Epoch 47/50
2018-03-20 13:08:12,687:INFO: - Train metrics: accuracy: 0.730 ; loss: 1.124
2018-03-20 13:08:13,397:INFO: - Eval metrics : accuracy: 0.405 ; loss: 2.752
2018-03-20 13:08:13,413:INFO: Epoch 48/50
2018-03-20 13:08:26,763:INFO: - Train metrics: accuracy: 0.750 ; loss: 1.099
2018-03-20 13:08:27,461:INFO: - Eval metrics : accuracy: 0.191 ; loss: 5.360
2018-03-20 13:08:27,477:INFO: Epoch 49/50
2018-03-20 13:08:40,939:INFO: - Train metrics: accuracy: 0.723 ; loss: 1.193
2018-03-20 13:08:41,613:INFO: - Eval metrics : accuracy: 0.202 ; loss: 5.049
2018-03-20 13:08:41,628:INFO: Epoch 50/50
2018-03-20 13:08:54,839:INFO: - Train metrics: accuracy: 0.723 ; loss: 1.115
2018-03-20 13:08:55,533:INFO: - Eval metrics : accuracy: 0.673 ; loss: 1.391
